[2023-05-07T00:15:15.502+0000] {processor.py:156} INFO - Started process (PID=4521) to work on /opt/airflow/dags/mi_dag.py
[2023-05-07T00:15:15.504+0000] {processor.py:799} INFO - Processing file /opt/airflow/dags/mi_dag.py for tasks to queue
[2023-05-07T00:15:15.505+0000] {logging_mixin.py:149} INFO - [2023-05-07T00:15:15.505+0000] {dagbag.py:541} INFO - Filling up the DagBag from /opt/airflow/dags/mi_dag.py
[2023-05-07T00:15:15.538+0000] {processor.py:809} INFO - DAG(s) dict_keys(['my_dag']) retrieved from /opt/airflow/dags/mi_dag.py
[2023-05-07T00:15:15.617+0000] {logging_mixin.py:149} INFO - [2023-05-07T00:15:15.616+0000] {dag.py:2726} INFO - Sync 1 DAGs
[2023-05-07T00:15:15.645+0000] {logging_mixin.py:149} INFO - [2023-05-07T00:15:15.644+0000] {dag.py:3490} INFO - Setting next_dagrun for my_dag to 2023-05-06T00:00:00+00:00, run_after=2023-05-07T00:00:00+00:00
[2023-05-07T00:15:15.672+0000] {processor.py:178} INFO - Processing /opt/airflow/dags/mi_dag.py took 0.174 seconds
[2023-05-07T00:15:45.814+0000] {processor.py:156} INFO - Started process (PID=4533) to work on /opt/airflow/dags/mi_dag.py
[2023-05-07T00:15:45.817+0000] {processor.py:799} INFO - Processing file /opt/airflow/dags/mi_dag.py for tasks to queue
[2023-05-07T00:15:45.818+0000] {logging_mixin.py:149} INFO - [2023-05-07T00:15:45.818+0000] {dagbag.py:541} INFO - Filling up the DagBag from /opt/airflow/dags/mi_dag.py
[2023-05-07T00:15:45.836+0000] {processor.py:809} INFO - DAG(s) dict_keys(['my_dag']) retrieved from /opt/airflow/dags/mi_dag.py
[2023-05-07T00:15:45.868+0000] {logging_mixin.py:149} INFO - [2023-05-07T00:15:45.868+0000] {dag.py:2726} INFO - Sync 1 DAGs
[2023-05-07T00:15:45.899+0000] {logging_mixin.py:149} INFO - [2023-05-07T00:15:45.898+0000] {dag.py:3490} INFO - Setting next_dagrun for my_dag to 2023-05-06T00:00:00+00:00, run_after=2023-05-07T00:00:00+00:00
[2023-05-07T00:15:45.919+0000] {processor.py:178} INFO - Processing /opt/airflow/dags/mi_dag.py took 0.109 seconds
[2023-05-07T00:16:16.058+0000] {processor.py:156} INFO - Started process (PID=4545) to work on /opt/airflow/dags/mi_dag.py
[2023-05-07T00:16:16.060+0000] {processor.py:799} INFO - Processing file /opt/airflow/dags/mi_dag.py for tasks to queue
[2023-05-07T00:16:16.062+0000] {logging_mixin.py:149} INFO - [2023-05-07T00:16:16.062+0000] {dagbag.py:541} INFO - Filling up the DagBag from /opt/airflow/dags/mi_dag.py
[2023-05-07T00:16:16.079+0000] {processor.py:809} INFO - DAG(s) dict_keys(['my_dag']) retrieved from /opt/airflow/dags/mi_dag.py
[2023-05-07T00:16:16.110+0000] {logging_mixin.py:149} INFO - [2023-05-07T00:16:16.110+0000] {dag.py:2726} INFO - Sync 1 DAGs
[2023-05-07T00:16:16.139+0000] {logging_mixin.py:149} INFO - [2023-05-07T00:16:16.139+0000] {dag.py:3490} INFO - Setting next_dagrun for my_dag to 2023-05-06T00:00:00+00:00, run_after=2023-05-07T00:00:00+00:00
[2023-05-07T00:16:16.160+0000] {processor.py:178} INFO - Processing /opt/airflow/dags/mi_dag.py took 0.106 seconds
[2023-05-07T00:16:46.295+0000] {processor.py:156} INFO - Started process (PID=4557) to work on /opt/airflow/dags/mi_dag.py
[2023-05-07T00:16:46.296+0000] {processor.py:799} INFO - Processing file /opt/airflow/dags/mi_dag.py for tasks to queue
[2023-05-07T00:16:46.298+0000] {logging_mixin.py:149} INFO - [2023-05-07T00:16:46.298+0000] {dagbag.py:541} INFO - Filling up the DagBag from /opt/airflow/dags/mi_dag.py
[2023-05-07T00:16:46.314+0000] {processor.py:809} INFO - DAG(s) dict_keys(['my_dag']) retrieved from /opt/airflow/dags/mi_dag.py
[2023-05-07T00:16:46.347+0000] {logging_mixin.py:149} INFO - [2023-05-07T00:16:46.347+0000] {dag.py:2726} INFO - Sync 1 DAGs
[2023-05-07T00:16:46.384+0000] {logging_mixin.py:149} INFO - [2023-05-07T00:16:46.384+0000] {dag.py:3490} INFO - Setting next_dagrun for my_dag to 2023-05-06T00:00:00+00:00, run_after=2023-05-07T00:00:00+00:00
[2023-05-07T00:16:46.415+0000] {processor.py:178} INFO - Processing /opt/airflow/dags/mi_dag.py took 0.124 seconds
[2023-05-07T00:17:16.556+0000] {processor.py:156} INFO - Started process (PID=4569) to work on /opt/airflow/dags/mi_dag.py
[2023-05-07T00:17:16.558+0000] {processor.py:799} INFO - Processing file /opt/airflow/dags/mi_dag.py for tasks to queue
[2023-05-07T00:17:16.560+0000] {logging_mixin.py:149} INFO - [2023-05-07T00:17:16.560+0000] {dagbag.py:541} INFO - Filling up the DagBag from /opt/airflow/dags/mi_dag.py
[2023-05-07T00:17:16.577+0000] {processor.py:809} INFO - DAG(s) dict_keys(['my_dag']) retrieved from /opt/airflow/dags/mi_dag.py
[2023-05-07T00:17:16.612+0000] {logging_mixin.py:149} INFO - [2023-05-07T00:17:16.612+0000] {dag.py:2726} INFO - Sync 1 DAGs
[2023-05-07T00:17:16.647+0000] {logging_mixin.py:149} INFO - [2023-05-07T00:17:16.646+0000] {dag.py:3490} INFO - Setting next_dagrun for my_dag to 2023-05-06T00:00:00+00:00, run_after=2023-05-07T00:00:00+00:00
[2023-05-07T00:17:16.673+0000] {processor.py:178} INFO - Processing /opt/airflow/dags/mi_dag.py took 0.121 seconds
[2023-05-07T00:17:18.742+0000] {processor.py:156} INFO - Started process (PID=4574) to work on /opt/airflow/dags/mi_dag.py
[2023-05-07T00:17:18.743+0000] {processor.py:799} INFO - Processing file /opt/airflow/dags/mi_dag.py for tasks to queue
[2023-05-07T00:17:18.745+0000] {logging_mixin.py:149} INFO - [2023-05-07T00:17:18.744+0000] {dagbag.py:541} INFO - Filling up the DagBag from /opt/airflow/dags/mi_dag.py
[2023-05-07T00:17:18.780+0000] {logging_mixin.py:149} INFO - [2023-05-07T00:17:18.774+0000] {dagbag.py:350} ERROR - Failed to import: /opt/airflow/dags/mi_dag.py
Traceback (most recent call last):
  File "/home/airflow/.local/lib/python3.7/site-packages/airflow/models/dagbag.py", line 346, in parse
    loader.exec_module(new_module)
  File "<frozen importlib._bootstrap_external>", line 728, in exec_module
  File "<frozen importlib._bootstrap>", line 219, in _call_with_frames_removed
  File "/opt/airflow/dags/mi_dag.py", line 4, in <module>
    from src.extract import read_csv_file
ModuleNotFoundError: No module named 'src'
[2023-05-07T00:17:18.781+0000] {processor.py:811} WARNING - No viable dags retrieved from /opt/airflow/dags/mi_dag.py
[2023-05-07T00:17:18.804+0000] {processor.py:178} INFO - Processing /opt/airflow/dags/mi_dag.py took 0.067 seconds
[2023-05-07T00:17:44.935+0000] {processor.py:156} INFO - Started process (PID=4586) to work on /opt/airflow/dags/mi_dag.py
[2023-05-07T00:17:44.936+0000] {processor.py:799} INFO - Processing file /opt/airflow/dags/mi_dag.py for tasks to queue
[2023-05-07T00:17:44.938+0000] {logging_mixin.py:149} INFO - [2023-05-07T00:17:44.938+0000] {dagbag.py:541} INFO - Filling up the DagBag from /opt/airflow/dags/mi_dag.py
[2023-05-07T00:17:44.971+0000] {logging_mixin.py:149} INFO - [2023-05-07T00:17:44.968+0000] {dagbag.py:350} ERROR - Failed to import: /opt/airflow/dags/mi_dag.py
Traceback (most recent call last):
  File "/home/airflow/.local/lib/python3.7/site-packages/airflow/models/dagbag.py", line 346, in parse
    loader.exec_module(new_module)
  File "<frozen importlib._bootstrap_external>", line 728, in exec_module
  File "<frozen importlib._bootstrap>", line 219, in _call_with_frames_removed
  File "/opt/airflow/dags/mi_dag.py", line 4, in <module>
    from src.extract import read_csv_file
ModuleNotFoundError: No module named 'src'
[2023-05-07T00:17:44.973+0000] {processor.py:811} WARNING - No viable dags retrieved from /opt/airflow/dags/mi_dag.py
[2023-05-07T00:17:44.997+0000] {processor.py:178} INFO - Processing /opt/airflow/dags/mi_dag.py took 0.066 seconds
[2023-05-07T00:18:15.075+0000] {processor.py:156} INFO - Started process (PID=4598) to work on /opt/airflow/dags/mi_dag.py
[2023-05-07T00:18:15.077+0000] {processor.py:799} INFO - Processing file /opt/airflow/dags/mi_dag.py for tasks to queue
[2023-05-07T00:18:15.078+0000] {logging_mixin.py:149} INFO - [2023-05-07T00:18:15.078+0000] {dagbag.py:541} INFO - Filling up the DagBag from /opt/airflow/dags/mi_dag.py
[2023-05-07T00:18:15.094+0000] {logging_mixin.py:149} INFO - [2023-05-07T00:18:15.091+0000] {dagbag.py:350} ERROR - Failed to import: /opt/airflow/dags/mi_dag.py
Traceback (most recent call last):
  File "/home/airflow/.local/lib/python3.7/site-packages/airflow/models/dagbag.py", line 346, in parse
    loader.exec_module(new_module)
  File "<frozen importlib._bootstrap_external>", line 728, in exec_module
  File "<frozen importlib._bootstrap>", line 219, in _call_with_frames_removed
  File "/opt/airflow/dags/mi_dag.py", line 4, in <module>
    from src.extract import read_csv_file
ModuleNotFoundError: No module named 'src'
[2023-05-07T00:18:15.095+0000] {processor.py:811} WARNING - No viable dags retrieved from /opt/airflow/dags/mi_dag.py
[2023-05-07T00:18:15.119+0000] {processor.py:178} INFO - Processing /opt/airflow/dags/mi_dag.py took 0.048 seconds
[2023-05-07T00:18:45.286+0000] {processor.py:156} INFO - Started process (PID=4610) to work on /opt/airflow/dags/mi_dag.py
[2023-05-07T00:18:45.287+0000] {processor.py:799} INFO - Processing file /opt/airflow/dags/mi_dag.py for tasks to queue
[2023-05-07T00:18:45.289+0000] {logging_mixin.py:149} INFO - [2023-05-07T00:18:45.289+0000] {dagbag.py:541} INFO - Filling up the DagBag from /opt/airflow/dags/mi_dag.py
[2023-05-07T00:18:45.302+0000] {logging_mixin.py:149} INFO - [2023-05-07T00:18:45.299+0000] {dagbag.py:350} ERROR - Failed to import: /opt/airflow/dags/mi_dag.py
Traceback (most recent call last):
  File "/home/airflow/.local/lib/python3.7/site-packages/airflow/models/dagbag.py", line 346, in parse
    loader.exec_module(new_module)
  File "<frozen importlib._bootstrap_external>", line 728, in exec_module
  File "<frozen importlib._bootstrap>", line 219, in _call_with_frames_removed
  File "/opt/airflow/dags/mi_dag.py", line 4, in <module>
    from src.extract import read_csv_file
ModuleNotFoundError: No module named 'src'
[2023-05-07T00:18:45.303+0000] {processor.py:811} WARNING - No viable dags retrieved from /opt/airflow/dags/mi_dag.py
[2023-05-07T00:18:45.325+0000] {processor.py:178} INFO - Processing /opt/airflow/dags/mi_dag.py took 0.042 seconds
[2023-05-07T00:19:15.445+0000] {processor.py:156} INFO - Started process (PID=4622) to work on /opt/airflow/dags/mi_dag.py
[2023-05-07T00:19:15.447+0000] {processor.py:799} INFO - Processing file /opt/airflow/dags/mi_dag.py for tasks to queue
[2023-05-07T00:19:15.448+0000] {logging_mixin.py:149} INFO - [2023-05-07T00:19:15.448+0000] {dagbag.py:541} INFO - Filling up the DagBag from /opt/airflow/dags/mi_dag.py
[2023-05-07T00:19:15.471+0000] {logging_mixin.py:149} INFO - [2023-05-07T00:19:15.468+0000] {dagbag.py:350} ERROR - Failed to import: /opt/airflow/dags/mi_dag.py
Traceback (most recent call last):
  File "/home/airflow/.local/lib/python3.7/site-packages/airflow/models/dagbag.py", line 346, in parse
    loader.exec_module(new_module)
  File "<frozen importlib._bootstrap_external>", line 728, in exec_module
  File "<frozen importlib._bootstrap>", line 219, in _call_with_frames_removed
  File "/opt/airflow/dags/mi_dag.py", line 4, in <module>
    from src.extract import read_csv_file
ModuleNotFoundError: No module named 'src'
[2023-05-07T00:19:15.472+0000] {processor.py:811} WARNING - No viable dags retrieved from /opt/airflow/dags/mi_dag.py
[2023-05-07T00:19:15.495+0000] {processor.py:178} INFO - Processing /opt/airflow/dags/mi_dag.py took 0.055 seconds
[2023-05-07T00:19:45.616+0000] {processor.py:156} INFO - Started process (PID=4634) to work on /opt/airflow/dags/mi_dag.py
[2023-05-07T00:19:45.617+0000] {processor.py:799} INFO - Processing file /opt/airflow/dags/mi_dag.py for tasks to queue
[2023-05-07T00:19:45.619+0000] {logging_mixin.py:149} INFO - [2023-05-07T00:19:45.619+0000] {dagbag.py:541} INFO - Filling up the DagBag from /opt/airflow/dags/mi_dag.py
[2023-05-07T00:19:45.633+0000] {logging_mixin.py:149} INFO - [2023-05-07T00:19:45.630+0000] {dagbag.py:350} ERROR - Failed to import: /opt/airflow/dags/mi_dag.py
Traceback (most recent call last):
  File "/home/airflow/.local/lib/python3.7/site-packages/airflow/models/dagbag.py", line 346, in parse
    loader.exec_module(new_module)
  File "<frozen importlib._bootstrap_external>", line 728, in exec_module
  File "<frozen importlib._bootstrap>", line 219, in _call_with_frames_removed
  File "/opt/airflow/dags/mi_dag.py", line 4, in <module>
    from src.extract import read_csv_file
ModuleNotFoundError: No module named 'src'
[2023-05-07T00:19:45.635+0000] {processor.py:811} WARNING - No viable dags retrieved from /opt/airflow/dags/mi_dag.py
[2023-05-07T00:19:45.657+0000] {processor.py:178} INFO - Processing /opt/airflow/dags/mi_dag.py took 0.044 seconds
[2023-05-07T00:20:15.791+0000] {processor.py:156} INFO - Started process (PID=4646) to work on /opt/airflow/dags/mi_dag.py
[2023-05-07T00:20:15.793+0000] {processor.py:799} INFO - Processing file /opt/airflow/dags/mi_dag.py for tasks to queue
[2023-05-07T00:20:15.794+0000] {logging_mixin.py:149} INFO - [2023-05-07T00:20:15.794+0000] {dagbag.py:541} INFO - Filling up the DagBag from /opt/airflow/dags/mi_dag.py
[2023-05-07T00:20:15.805+0000] {logging_mixin.py:149} INFO - [2023-05-07T00:20:15.803+0000] {dagbag.py:350} ERROR - Failed to import: /opt/airflow/dags/mi_dag.py
Traceback (most recent call last):
  File "/home/airflow/.local/lib/python3.7/site-packages/airflow/models/dagbag.py", line 346, in parse
    loader.exec_module(new_module)
  File "<frozen importlib._bootstrap_external>", line 728, in exec_module
  File "<frozen importlib._bootstrap>", line 219, in _call_with_frames_removed
  File "/opt/airflow/dags/mi_dag.py", line 4, in <module>
    from src.extract import read_csv_file
ModuleNotFoundError: No module named 'src'
[2023-05-07T00:20:15.806+0000] {processor.py:811} WARNING - No viable dags retrieved from /opt/airflow/dags/mi_dag.py
[2023-05-07T00:20:15.827+0000] {processor.py:178} INFO - Processing /opt/airflow/dags/mi_dag.py took 0.039 seconds
[2023-05-07T00:20:33.898+0000] {processor.py:156} INFO - Started process (PID=4658) to work on /opt/airflow/dags/mi_dag.py
[2023-05-07T00:20:33.899+0000] {processor.py:799} INFO - Processing file /opt/airflow/dags/mi_dag.py for tasks to queue
[2023-05-07T00:20:33.900+0000] {logging_mixin.py:149} INFO - [2023-05-07T00:20:33.900+0000] {dagbag.py:541} INFO - Filling up the DagBag from /opt/airflow/dags/mi_dag.py
[2023-05-07T00:20:33.928+0000] {logging_mixin.py:149} INFO - [2023-05-07T00:20:33.925+0000] {dagbag.py:350} ERROR - Failed to import: /opt/airflow/dags/mi_dag.py
Traceback (most recent call last):
  File "/home/airflow/.local/lib/python3.7/site-packages/airflow/models/dagbag.py", line 346, in parse
    loader.exec_module(new_module)
  File "<frozen importlib._bootstrap_external>", line 728, in exec_module
  File "<frozen importlib._bootstrap>", line 219, in _call_with_frames_removed
  File "/opt/airflow/dags/mi_dag.py", line 4, in <module>
    from src.extract import read_csv_file
ModuleNotFoundError: No module named 'src'
[2023-05-07T00:20:33.929+0000] {processor.py:811} WARNING - No viable dags retrieved from /opt/airflow/dags/mi_dag.py
[2023-05-07T00:20:33.949+0000] {processor.py:178} INFO - Processing /opt/airflow/dags/mi_dag.py took 0.054 seconds
[2023-05-07T00:21:04.063+0000] {processor.py:156} INFO - Started process (PID=4670) to work on /opt/airflow/dags/mi_dag.py
[2023-05-07T00:21:04.065+0000] {processor.py:799} INFO - Processing file /opt/airflow/dags/mi_dag.py for tasks to queue
[2023-05-07T00:21:04.066+0000] {logging_mixin.py:149} INFO - [2023-05-07T00:21:04.066+0000] {dagbag.py:541} INFO - Filling up the DagBag from /opt/airflow/dags/mi_dag.py
[2023-05-07T00:21:04.078+0000] {logging_mixin.py:149} INFO - [2023-05-07T00:21:04.075+0000] {dagbag.py:350} ERROR - Failed to import: /opt/airflow/dags/mi_dag.py
Traceback (most recent call last):
  File "/home/airflow/.local/lib/python3.7/site-packages/airflow/models/dagbag.py", line 346, in parse
    loader.exec_module(new_module)
  File "<frozen importlib._bootstrap_external>", line 728, in exec_module
  File "<frozen importlib._bootstrap>", line 219, in _call_with_frames_removed
  File "/opt/airflow/dags/mi_dag.py", line 4, in <module>
    from src.extract import read_csv_file
ModuleNotFoundError: No module named 'src'
[2023-05-07T00:21:04.079+0000] {processor.py:811} WARNING - No viable dags retrieved from /opt/airflow/dags/mi_dag.py
[2023-05-07T00:21:04.102+0000] {processor.py:178} INFO - Processing /opt/airflow/dags/mi_dag.py took 0.042 seconds
[2023-05-07T00:23:18.287+0000] {processor.py:156} INFO - Started process (PID=163) to work on /opt/airflow/dags/mi_dag.py
[2023-05-07T00:23:18.289+0000] {processor.py:799} INFO - Processing file /opt/airflow/dags/mi_dag.py for tasks to queue
[2023-05-07T00:23:18.291+0000] {logging_mixin.py:149} INFO - [2023-05-07T00:23:18.290+0000] {dagbag.py:541} INFO - Filling up the DagBag from /opt/airflow/dags/mi_dag.py
[2023-05-07T00:23:18.309+0000] {logging_mixin.py:149} INFO - [2023-05-07T00:23:18.304+0000] {dagbag.py:350} ERROR - Failed to import: /opt/airflow/dags/mi_dag.py
Traceback (most recent call last):
  File "/home/airflow/.local/lib/python3.7/site-packages/airflow/models/dagbag.py", line 346, in parse
    loader.exec_module(new_module)
  File "<frozen importlib._bootstrap_external>", line 728, in exec_module
  File "<frozen importlib._bootstrap>", line 219, in _call_with_frames_removed
  File "/opt/airflow/dags/mi_dag.py", line 4, in <module>
    from src.extract import read_csv_file
ModuleNotFoundError: No module named 'src'
[2023-05-07T00:23:18.311+0000] {processor.py:811} WARNING - No viable dags retrieved from /opt/airflow/dags/mi_dag.py
[2023-05-07T00:23:18.351+0000] {processor.py:178} INFO - Processing /opt/airflow/dags/mi_dag.py took 0.068 seconds
[2023-05-07T00:23:48.517+0000] {processor.py:156} INFO - Started process (PID=176) to work on /opt/airflow/dags/mi_dag.py
[2023-05-07T00:23:48.518+0000] {processor.py:799} INFO - Processing file /opt/airflow/dags/mi_dag.py for tasks to queue
[2023-05-07T00:23:48.521+0000] {logging_mixin.py:149} INFO - [2023-05-07T00:23:48.521+0000] {dagbag.py:541} INFO - Filling up the DagBag from /opt/airflow/dags/mi_dag.py
[2023-05-07T00:23:48.535+0000] {logging_mixin.py:149} INFO - [2023-05-07T00:23:48.531+0000] {dagbag.py:350} ERROR - Failed to import: /opt/airflow/dags/mi_dag.py
Traceback (most recent call last):
  File "/home/airflow/.local/lib/python3.7/site-packages/airflow/models/dagbag.py", line 346, in parse
    loader.exec_module(new_module)
  File "<frozen importlib._bootstrap_external>", line 728, in exec_module
  File "<frozen importlib._bootstrap>", line 219, in _call_with_frames_removed
  File "/opt/airflow/dags/mi_dag.py", line 4, in <module>
    from src.extract import read_csv_file
ModuleNotFoundError: No module named 'src'
[2023-05-07T00:23:48.536+0000] {processor.py:811} WARNING - No viable dags retrieved from /opt/airflow/dags/mi_dag.py
[2023-05-07T00:23:48.613+0000] {processor.py:178} INFO - Processing /opt/airflow/dags/mi_dag.py took 0.099 seconds
[2023-05-07T00:24:18.656+0000] {processor.py:156} INFO - Started process (PID=188) to work on /opt/airflow/dags/mi_dag.py
[2023-05-07T00:24:18.657+0000] {processor.py:799} INFO - Processing file /opt/airflow/dags/mi_dag.py for tasks to queue
[2023-05-07T00:24:18.659+0000] {logging_mixin.py:149} INFO - [2023-05-07T00:24:18.658+0000] {dagbag.py:541} INFO - Filling up the DagBag from /opt/airflow/dags/mi_dag.py
[2023-05-07T00:24:18.670+0000] {logging_mixin.py:149} INFO - [2023-05-07T00:24:18.668+0000] {dagbag.py:350} ERROR - Failed to import: /opt/airflow/dags/mi_dag.py
Traceback (most recent call last):
  File "/home/airflow/.local/lib/python3.7/site-packages/airflow/models/dagbag.py", line 346, in parse
    loader.exec_module(new_module)
  File "<frozen importlib._bootstrap_external>", line 728, in exec_module
  File "<frozen importlib._bootstrap>", line 219, in _call_with_frames_removed
  File "/opt/airflow/dags/mi_dag.py", line 4, in <module>
    from src.extract import read_csv_file
ModuleNotFoundError: No module named 'src'
[2023-05-07T00:24:18.671+0000] {processor.py:811} WARNING - No viable dags retrieved from /opt/airflow/dags/mi_dag.py
[2023-05-07T00:24:18.695+0000] {processor.py:178} INFO - Processing /opt/airflow/dags/mi_dag.py took 0.044 seconds
[2023-05-07T00:24:48.798+0000] {processor.py:156} INFO - Started process (PID=200) to work on /opt/airflow/dags/mi_dag.py
[2023-05-07T00:24:48.800+0000] {processor.py:799} INFO - Processing file /opt/airflow/dags/mi_dag.py for tasks to queue
[2023-05-07T00:24:48.802+0000] {logging_mixin.py:149} INFO - [2023-05-07T00:24:48.802+0000] {dagbag.py:541} INFO - Filling up the DagBag from /opt/airflow/dags/mi_dag.py
[2023-05-07T00:24:48.813+0000] {logging_mixin.py:149} INFO - [2023-05-07T00:24:48.810+0000] {dagbag.py:350} ERROR - Failed to import: /opt/airflow/dags/mi_dag.py
Traceback (most recent call last):
  File "/home/airflow/.local/lib/python3.7/site-packages/airflow/models/dagbag.py", line 346, in parse
    loader.exec_module(new_module)
  File "<frozen importlib._bootstrap_external>", line 728, in exec_module
  File "<frozen importlib._bootstrap>", line 219, in _call_with_frames_removed
  File "/opt/airflow/dags/mi_dag.py", line 4, in <module>
    from src.extract import read_csv_file
ModuleNotFoundError: No module named 'src'
[2023-05-07T00:24:48.814+0000] {processor.py:811} WARNING - No viable dags retrieved from /opt/airflow/dags/mi_dag.py
[2023-05-07T00:24:48.840+0000] {processor.py:178} INFO - Processing /opt/airflow/dags/mi_dag.py took 0.046 seconds
[2023-05-07T00:25:18.968+0000] {processor.py:156} INFO - Started process (PID=212) to work on /opt/airflow/dags/mi_dag.py
[2023-05-07T00:25:18.970+0000] {processor.py:799} INFO - Processing file /opt/airflow/dags/mi_dag.py for tasks to queue
[2023-05-07T00:25:18.971+0000] {logging_mixin.py:149} INFO - [2023-05-07T00:25:18.971+0000] {dagbag.py:541} INFO - Filling up the DagBag from /opt/airflow/dags/mi_dag.py
[2023-05-07T00:25:18.984+0000] {logging_mixin.py:149} INFO - [2023-05-07T00:25:18.978+0000] {dagbag.py:350} ERROR - Failed to import: /opt/airflow/dags/mi_dag.py
Traceback (most recent call last):
  File "/home/airflow/.local/lib/python3.7/site-packages/airflow/models/dagbag.py", line 346, in parse
    loader.exec_module(new_module)
  File "<frozen importlib._bootstrap_external>", line 728, in exec_module
  File "<frozen importlib._bootstrap>", line 219, in _call_with_frames_removed
  File "/opt/airflow/dags/mi_dag.py", line 4, in <module>
    from src.extract import read_csv_file
ModuleNotFoundError: No module named 'src'
[2023-05-07T00:25:18.985+0000] {processor.py:811} WARNING - No viable dags retrieved from /opt/airflow/dags/mi_dag.py
[2023-05-07T00:25:19.014+0000] {processor.py:178} INFO - Processing /opt/airflow/dags/mi_dag.py took 0.049 seconds
[2023-05-07T00:25:49.109+0000] {processor.py:156} INFO - Started process (PID=224) to work on /opt/airflow/dags/mi_dag.py
[2023-05-07T00:25:49.110+0000] {processor.py:799} INFO - Processing file /opt/airflow/dags/mi_dag.py for tasks to queue
[2023-05-07T00:25:49.111+0000] {logging_mixin.py:149} INFO - [2023-05-07T00:25:49.111+0000] {dagbag.py:541} INFO - Filling up the DagBag from /opt/airflow/dags/mi_dag.py
[2023-05-07T00:25:49.120+0000] {logging_mixin.py:149} INFO - [2023-05-07T00:25:49.118+0000] {dagbag.py:350} ERROR - Failed to import: /opt/airflow/dags/mi_dag.py
Traceback (most recent call last):
  File "/home/airflow/.local/lib/python3.7/site-packages/airflow/models/dagbag.py", line 346, in parse
    loader.exec_module(new_module)
  File "<frozen importlib._bootstrap_external>", line 728, in exec_module
  File "<frozen importlib._bootstrap>", line 219, in _call_with_frames_removed
  File "/opt/airflow/dags/mi_dag.py", line 4, in <module>
    from src.extract import read_csv_file
ModuleNotFoundError: No module named 'src'
[2023-05-07T00:25:49.121+0000] {processor.py:811} WARNING - No viable dags retrieved from /opt/airflow/dags/mi_dag.py
[2023-05-07T00:25:49.147+0000] {processor.py:178} INFO - Processing /opt/airflow/dags/mi_dag.py took 0.041 seconds
[2023-05-07T00:26:19.275+0000] {processor.py:156} INFO - Started process (PID=236) to work on /opt/airflow/dags/mi_dag.py
[2023-05-07T00:26:19.276+0000] {processor.py:799} INFO - Processing file /opt/airflow/dags/mi_dag.py for tasks to queue
[2023-05-07T00:26:19.277+0000] {logging_mixin.py:149} INFO - [2023-05-07T00:26:19.277+0000] {dagbag.py:541} INFO - Filling up the DagBag from /opt/airflow/dags/mi_dag.py
[2023-05-07T00:26:19.287+0000] {logging_mixin.py:149} INFO - [2023-05-07T00:26:19.284+0000] {dagbag.py:350} ERROR - Failed to import: /opt/airflow/dags/mi_dag.py
Traceback (most recent call last):
  File "/home/airflow/.local/lib/python3.7/site-packages/airflow/models/dagbag.py", line 346, in parse
    loader.exec_module(new_module)
  File "<frozen importlib._bootstrap_external>", line 728, in exec_module
  File "<frozen importlib._bootstrap>", line 219, in _call_with_frames_removed
  File "/opt/airflow/dags/mi_dag.py", line 4, in <module>
    from src.extract import read_csv_file
ModuleNotFoundError: No module named 'src'
[2023-05-07T00:26:19.289+0000] {processor.py:811} WARNING - No viable dags retrieved from /opt/airflow/dags/mi_dag.py
[2023-05-07T00:26:19.310+0000] {processor.py:178} INFO - Processing /opt/airflow/dags/mi_dag.py took 0.038 seconds
[2023-05-07T00:26:32.359+0000] {processor.py:156} INFO - Started process (PID=241) to work on /opt/airflow/dags/mi_dag.py
[2023-05-07T00:26:32.361+0000] {processor.py:799} INFO - Processing file /opt/airflow/dags/mi_dag.py for tasks to queue
[2023-05-07T00:26:32.362+0000] {logging_mixin.py:149} INFO - [2023-05-07T00:26:32.362+0000] {dagbag.py:541} INFO - Filling up the DagBag from /opt/airflow/dags/mi_dag.py
[2023-05-07T00:26:32.394+0000] {logging_mixin.py:149} INFO - [2023-05-07T00:26:32.390+0000] {dagbag.py:350} ERROR - Failed to import: /opt/airflow/dags/mi_dag.py
Traceback (most recent call last):
  File "/home/airflow/.local/lib/python3.7/site-packages/airflow/models/dagbag.py", line 346, in parse
    loader.exec_module(new_module)
  File "<frozen importlib._bootstrap_external>", line 728, in exec_module
  File "<frozen importlib._bootstrap>", line 219, in _call_with_frames_removed
  File "/opt/airflow/dags/mi_dag.py", line 4, in <module>
    from src.extract import read_csv_file
ModuleNotFoundError: No module named 'src'
[2023-05-07T00:26:32.395+0000] {processor.py:811} WARNING - No viable dags retrieved from /opt/airflow/dags/mi_dag.py
[2023-05-07T00:26:32.418+0000] {processor.py:178} INFO - Processing /opt/airflow/dags/mi_dag.py took 0.062 seconds
[2023-05-07T00:27:02.519+0000] {processor.py:156} INFO - Started process (PID=253) to work on /opt/airflow/dags/mi_dag.py
[2023-05-07T00:27:02.521+0000] {processor.py:799} INFO - Processing file /opt/airflow/dags/mi_dag.py for tasks to queue
[2023-05-07T00:27:02.522+0000] {logging_mixin.py:149} INFO - [2023-05-07T00:27:02.522+0000] {dagbag.py:541} INFO - Filling up the DagBag from /opt/airflow/dags/mi_dag.py
[2023-05-07T00:27:02.534+0000] {logging_mixin.py:149} INFO - [2023-05-07T00:27:02.530+0000] {dagbag.py:350} ERROR - Failed to import: /opt/airflow/dags/mi_dag.py
Traceback (most recent call last):
  File "/home/airflow/.local/lib/python3.7/site-packages/airflow/models/dagbag.py", line 346, in parse
    loader.exec_module(new_module)
  File "<frozen importlib._bootstrap_external>", line 728, in exec_module
  File "<frozen importlib._bootstrap>", line 219, in _call_with_frames_removed
  File "/opt/airflow/dags/mi_dag.py", line 4, in <module>
    from src.extract import read_csv_file
ModuleNotFoundError: No module named 'src'
[2023-05-07T00:27:02.536+0000] {processor.py:811} WARNING - No viable dags retrieved from /opt/airflow/dags/mi_dag.py
[2023-05-07T00:27:02.560+0000] {processor.py:178} INFO - Processing /opt/airflow/dags/mi_dag.py took 0.045 seconds
