[2023-05-06T20:55:28.066+0000] {processor.py:156} INFO - Started process (PID=172) to work on /home/airflow/.local/lib/python3.7/site-packages/airflow/example_dags/example_branch_labels.py
[2023-05-06T20:55:28.068+0000] {processor.py:799} INFO - Processing file /home/airflow/.local/lib/python3.7/site-packages/airflow/example_dags/example_branch_labels.py for tasks to queue
[2023-05-06T20:55:28.073+0000] {logging_mixin.py:149} INFO - [2023-05-06T20:55:28.072+0000] {dagbag.py:541} INFO - Filling up the DagBag from /home/airflow/.local/lib/python3.7/site-packages/airflow/example_dags/example_branch_labels.py
[2023-05-06T20:55:28.094+0000] {processor.py:809} INFO - DAG(s) dict_keys(['example_branch_labels']) retrieved from /home/airflow/.local/lib/python3.7/site-packages/airflow/example_dags/example_branch_labels.py
[2023-05-06T20:55:28.124+0000] {logging_mixin.py:149} INFO - [2023-05-06T20:55:28.124+0000] {dag.py:2726} INFO - Sync 1 DAGs
[2023-05-06T20:55:28.173+0000] {logging_mixin.py:149} INFO - [2023-05-06T20:55:28.173+0000] {dag.py:3490} INFO - Setting next_dagrun for example_branch_labels to 2023-05-05T00:00:00+00:00, run_after=2023-05-06T00:00:00+00:00
[2023-05-06T20:55:28.211+0000] {processor.py:178} INFO - Processing /home/airflow/.local/lib/python3.7/site-packages/airflow/example_dags/example_branch_labels.py took 0.151 seconds
[2023-05-06T20:55:58.878+0000] {processor.py:156} INFO - Started process (PID=410) to work on /home/airflow/.local/lib/python3.7/site-packages/airflow/example_dags/example_branch_labels.py
[2023-05-06T20:55:58.880+0000] {processor.py:799} INFO - Processing file /home/airflow/.local/lib/python3.7/site-packages/airflow/example_dags/example_branch_labels.py for tasks to queue
[2023-05-06T20:55:58.882+0000] {logging_mixin.py:149} INFO - [2023-05-06T20:55:58.882+0000] {dagbag.py:541} INFO - Filling up the DagBag from /home/airflow/.local/lib/python3.7/site-packages/airflow/example_dags/example_branch_labels.py
[2023-05-06T20:55:58.894+0000] {processor.py:809} INFO - DAG(s) dict_keys(['example_branch_labels']) retrieved from /home/airflow/.local/lib/python3.7/site-packages/airflow/example_dags/example_branch_labels.py
[2023-05-06T20:55:58.933+0000] {logging_mixin.py:149} INFO - [2023-05-06T20:55:58.933+0000] {dag.py:2726} INFO - Sync 1 DAGs
[2023-05-06T20:55:58.981+0000] {logging_mixin.py:149} INFO - [2023-05-06T20:55:58.980+0000] {dag.py:3490} INFO - Setting next_dagrun for example_branch_labels to 2023-05-05T00:00:00+00:00, run_after=2023-05-06T00:00:00+00:00
[2023-05-06T20:55:59.191+0000] {processor.py:178} INFO - Processing /home/airflow/.local/lib/python3.7/site-packages/airflow/example_dags/example_branch_labels.py took 0.318 seconds
[2023-05-06T20:56:29.940+0000] {processor.py:156} INFO - Started process (PID=650) to work on /home/airflow/.local/lib/python3.7/site-packages/airflow/example_dags/example_branch_labels.py
[2023-05-06T20:56:29.942+0000] {processor.py:799} INFO - Processing file /home/airflow/.local/lib/python3.7/site-packages/airflow/example_dags/example_branch_labels.py for tasks to queue
[2023-05-06T20:56:29.946+0000] {logging_mixin.py:149} INFO - [2023-05-06T20:56:29.945+0000] {dagbag.py:541} INFO - Filling up the DagBag from /home/airflow/.local/lib/python3.7/site-packages/airflow/example_dags/example_branch_labels.py
[2023-05-06T20:56:29.970+0000] {processor.py:809} INFO - DAG(s) dict_keys(['example_branch_labels']) retrieved from /home/airflow/.local/lib/python3.7/site-packages/airflow/example_dags/example_branch_labels.py
[2023-05-06T20:56:30.208+0000] {logging_mixin.py:149} INFO - [2023-05-06T20:56:30.208+0000] {dag.py:2726} INFO - Sync 1 DAGs
[2023-05-06T20:56:30.247+0000] {logging_mixin.py:149} INFO - [2023-05-06T20:56:30.247+0000] {dag.py:3490} INFO - Setting next_dagrun for example_branch_labels to 2023-05-05T00:00:00+00:00, run_after=2023-05-06T00:00:00+00:00
[2023-05-06T20:56:30.279+0000] {processor.py:178} INFO - Processing /home/airflow/.local/lib/python3.7/site-packages/airflow/example_dags/example_branch_labels.py took 0.348 seconds
[2023-05-06T20:57:00.457+0000] {processor.py:156} INFO - Started process (PID=886) to work on /home/airflow/.local/lib/python3.7/site-packages/airflow/example_dags/example_branch_labels.py
[2023-05-06T20:57:00.459+0000] {processor.py:799} INFO - Processing file /home/airflow/.local/lib/python3.7/site-packages/airflow/example_dags/example_branch_labels.py for tasks to queue
[2023-05-06T20:57:00.462+0000] {logging_mixin.py:149} INFO - [2023-05-06T20:57:00.462+0000] {dagbag.py:541} INFO - Filling up the DagBag from /home/airflow/.local/lib/python3.7/site-packages/airflow/example_dags/example_branch_labels.py
[2023-05-06T20:57:00.472+0000] {processor.py:809} INFO - DAG(s) dict_keys(['example_branch_labels']) retrieved from /home/airflow/.local/lib/python3.7/site-packages/airflow/example_dags/example_branch_labels.py
[2023-05-06T20:57:00.517+0000] {logging_mixin.py:149} INFO - [2023-05-06T20:57:00.517+0000] {dag.py:2726} INFO - Sync 1 DAGs
[2023-05-06T20:57:00.559+0000] {logging_mixin.py:149} INFO - [2023-05-06T20:57:00.559+0000] {dag.py:3490} INFO - Setting next_dagrun for example_branch_labels to 2023-05-05T00:00:00+00:00, run_after=2023-05-06T00:00:00+00:00
[2023-05-06T20:57:00.587+0000] {processor.py:178} INFO - Processing /home/airflow/.local/lib/python3.7/site-packages/airflow/example_dags/example_branch_labels.py took 0.134 seconds
[2023-05-06T20:57:30.898+0000] {processor.py:156} INFO - Started process (PID=1124) to work on /home/airflow/.local/lib/python3.7/site-packages/airflow/example_dags/example_branch_labels.py
[2023-05-06T20:57:30.901+0000] {processor.py:799} INFO - Processing file /home/airflow/.local/lib/python3.7/site-packages/airflow/example_dags/example_branch_labels.py for tasks to queue
[2023-05-06T20:57:30.904+0000] {logging_mixin.py:149} INFO - [2023-05-06T20:57:30.904+0000] {dagbag.py:541} INFO - Filling up the DagBag from /home/airflow/.local/lib/python3.7/site-packages/airflow/example_dags/example_branch_labels.py
[2023-05-06T20:57:30.922+0000] {processor.py:809} INFO - DAG(s) dict_keys(['example_branch_labels']) retrieved from /home/airflow/.local/lib/python3.7/site-packages/airflow/example_dags/example_branch_labels.py
[2023-05-06T20:57:30.951+0000] {logging_mixin.py:149} INFO - [2023-05-06T20:57:30.950+0000] {dag.py:2726} INFO - Sync 1 DAGs
[2023-05-06T20:57:31.086+0000] {logging_mixin.py:149} INFO - [2023-05-06T20:57:31.085+0000] {dag.py:3490} INFO - Setting next_dagrun for example_branch_labels to 2023-05-05T00:00:00+00:00, run_after=2023-05-06T00:00:00+00:00
[2023-05-06T20:57:31.135+0000] {processor.py:178} INFO - Processing /home/airflow/.local/lib/python3.7/site-packages/airflow/example_dags/example_branch_labels.py took 0.243 seconds
[2023-05-06T20:58:01.333+0000] {processor.py:156} INFO - Started process (PID=1362) to work on /home/airflow/.local/lib/python3.7/site-packages/airflow/example_dags/example_branch_labels.py
[2023-05-06T20:58:01.335+0000] {processor.py:799} INFO - Processing file /home/airflow/.local/lib/python3.7/site-packages/airflow/example_dags/example_branch_labels.py for tasks to queue
[2023-05-06T20:58:01.337+0000] {logging_mixin.py:149} INFO - [2023-05-06T20:58:01.336+0000] {dagbag.py:541} INFO - Filling up the DagBag from /home/airflow/.local/lib/python3.7/site-packages/airflow/example_dags/example_branch_labels.py
[2023-05-06T20:58:01.357+0000] {processor.py:809} INFO - DAG(s) dict_keys(['example_branch_labels']) retrieved from /home/airflow/.local/lib/python3.7/site-packages/airflow/example_dags/example_branch_labels.py
[2023-05-06T20:58:01.388+0000] {logging_mixin.py:149} INFO - [2023-05-06T20:58:01.388+0000] {dag.py:2726} INFO - Sync 1 DAGs
[2023-05-06T20:58:01.425+0000] {logging_mixin.py:149} INFO - [2023-05-06T20:58:01.425+0000] {dag.py:3490} INFO - Setting next_dagrun for example_branch_labels to 2023-05-05T00:00:00+00:00, run_after=2023-05-06T00:00:00+00:00
[2023-05-06T20:58:01.473+0000] {processor.py:178} INFO - Processing /home/airflow/.local/lib/python3.7/site-packages/airflow/example_dags/example_branch_labels.py took 0.143 seconds
[2023-05-06T20:58:31.625+0000] {processor.py:156} INFO - Started process (PID=1601) to work on /home/airflow/.local/lib/python3.7/site-packages/airflow/example_dags/example_branch_labels.py
[2023-05-06T20:58:31.627+0000] {processor.py:799} INFO - Processing file /home/airflow/.local/lib/python3.7/site-packages/airflow/example_dags/example_branch_labels.py for tasks to queue
[2023-05-06T20:58:31.628+0000] {logging_mixin.py:149} INFO - [2023-05-06T20:58:31.628+0000] {dagbag.py:541} INFO - Filling up the DagBag from /home/airflow/.local/lib/python3.7/site-packages/airflow/example_dags/example_branch_labels.py
[2023-05-06T20:58:31.639+0000] {processor.py:809} INFO - DAG(s) dict_keys(['example_branch_labels']) retrieved from /home/airflow/.local/lib/python3.7/site-packages/airflow/example_dags/example_branch_labels.py
[2023-05-06T20:58:31.673+0000] {logging_mixin.py:149} INFO - [2023-05-06T20:58:31.673+0000] {dag.py:2726} INFO - Sync 1 DAGs
[2023-05-06T20:58:31.711+0000] {logging_mixin.py:149} INFO - [2023-05-06T20:58:31.711+0000] {dag.py:3490} INFO - Setting next_dagrun for example_branch_labels to 2023-05-05T00:00:00+00:00, run_after=2023-05-06T00:00:00+00:00
[2023-05-06T20:58:31.742+0000] {processor.py:178} INFO - Processing /home/airflow/.local/lib/python3.7/site-packages/airflow/example_dags/example_branch_labels.py took 0.121 seconds
[2023-05-06T20:59:01.867+0000] {processor.py:156} INFO - Started process (PID=1839) to work on /home/airflow/.local/lib/python3.7/site-packages/airflow/example_dags/example_branch_labels.py
[2023-05-06T20:59:01.869+0000] {processor.py:799} INFO - Processing file /home/airflow/.local/lib/python3.7/site-packages/airflow/example_dags/example_branch_labels.py for tasks to queue
[2023-05-06T20:59:01.871+0000] {logging_mixin.py:149} INFO - [2023-05-06T20:59:01.871+0000] {dagbag.py:541} INFO - Filling up the DagBag from /home/airflow/.local/lib/python3.7/site-packages/airflow/example_dags/example_branch_labels.py
[2023-05-06T20:59:01.881+0000] {processor.py:809} INFO - DAG(s) dict_keys(['example_branch_labels']) retrieved from /home/airflow/.local/lib/python3.7/site-packages/airflow/example_dags/example_branch_labels.py
[2023-05-06T20:59:01.930+0000] {logging_mixin.py:149} INFO - [2023-05-06T20:59:01.930+0000] {dag.py:2726} INFO - Sync 1 DAGs
[2023-05-06T20:59:01.985+0000] {logging_mixin.py:149} INFO - [2023-05-06T20:59:01.985+0000] {dag.py:3490} INFO - Setting next_dagrun for example_branch_labels to 2023-05-05T00:00:00+00:00, run_after=2023-05-06T00:00:00+00:00
[2023-05-06T20:59:02.025+0000] {processor.py:178} INFO - Processing /home/airflow/.local/lib/python3.7/site-packages/airflow/example_dags/example_branch_labels.py took 0.162 seconds
[2023-05-06T20:59:32.940+0000] {processor.py:156} INFO - Started process (PID=2077) to work on /home/airflow/.local/lib/python3.7/site-packages/airflow/example_dags/example_branch_labels.py
[2023-05-06T20:59:32.941+0000] {processor.py:799} INFO - Processing file /home/airflow/.local/lib/python3.7/site-packages/airflow/example_dags/example_branch_labels.py for tasks to queue
[2023-05-06T20:59:32.944+0000] {logging_mixin.py:149} INFO - [2023-05-06T20:59:32.944+0000] {dagbag.py:541} INFO - Filling up the DagBag from /home/airflow/.local/lib/python3.7/site-packages/airflow/example_dags/example_branch_labels.py
[2023-05-06T20:59:32.954+0000] {processor.py:809} INFO - DAG(s) dict_keys(['example_branch_labels']) retrieved from /home/airflow/.local/lib/python3.7/site-packages/airflow/example_dags/example_branch_labels.py
[2023-05-06T20:59:32.991+0000] {logging_mixin.py:149} INFO - [2023-05-06T20:59:32.991+0000] {dag.py:2726} INFO - Sync 1 DAGs
[2023-05-06T20:59:33.031+0000] {logging_mixin.py:149} INFO - [2023-05-06T20:59:33.031+0000] {dag.py:3490} INFO - Setting next_dagrun for example_branch_labels to 2023-05-05T00:00:00+00:00, run_after=2023-05-06T00:00:00+00:00
[2023-05-06T20:59:33.060+0000] {processor.py:178} INFO - Processing /home/airflow/.local/lib/python3.7/site-packages/airflow/example_dags/example_branch_labels.py took 0.125 seconds
[2023-05-06T21:00:03.268+0000] {processor.py:156} INFO - Started process (PID=2315) to work on /home/airflow/.local/lib/python3.7/site-packages/airflow/example_dags/example_branch_labels.py
[2023-05-06T21:00:03.272+0000] {processor.py:799} INFO - Processing file /home/airflow/.local/lib/python3.7/site-packages/airflow/example_dags/example_branch_labels.py for tasks to queue
[2023-05-06T21:00:03.274+0000] {logging_mixin.py:149} INFO - [2023-05-06T21:00:03.274+0000] {dagbag.py:541} INFO - Filling up the DagBag from /home/airflow/.local/lib/python3.7/site-packages/airflow/example_dags/example_branch_labels.py
[2023-05-06T21:00:03.284+0000] {processor.py:809} INFO - DAG(s) dict_keys(['example_branch_labels']) retrieved from /home/airflow/.local/lib/python3.7/site-packages/airflow/example_dags/example_branch_labels.py
[2023-05-06T21:00:03.302+0000] {logging_mixin.py:149} INFO - [2023-05-06T21:00:03.302+0000] {dag.py:2726} INFO - Sync 1 DAGs
[2023-05-06T21:00:03.342+0000] {logging_mixin.py:149} INFO - [2023-05-06T21:00:03.342+0000] {dag.py:3490} INFO - Setting next_dagrun for example_branch_labels to 2023-05-05T00:00:00+00:00, run_after=2023-05-06T00:00:00+00:00
[2023-05-06T21:00:03.381+0000] {processor.py:178} INFO - Processing /home/airflow/.local/lib/python3.7/site-packages/airflow/example_dags/example_branch_labels.py took 0.117 seconds
[2023-05-06T21:00:33.656+0000] {processor.py:156} INFO - Started process (PID=2553) to work on /home/airflow/.local/lib/python3.7/site-packages/airflow/example_dags/example_branch_labels.py
[2023-05-06T21:00:33.658+0000] {processor.py:799} INFO - Processing file /home/airflow/.local/lib/python3.7/site-packages/airflow/example_dags/example_branch_labels.py for tasks to queue
[2023-05-06T21:00:33.659+0000] {logging_mixin.py:149} INFO - [2023-05-06T21:00:33.659+0000] {dagbag.py:541} INFO - Filling up the DagBag from /home/airflow/.local/lib/python3.7/site-packages/airflow/example_dags/example_branch_labels.py
[2023-05-06T21:00:33.670+0000] {processor.py:809} INFO - DAG(s) dict_keys(['example_branch_labels']) retrieved from /home/airflow/.local/lib/python3.7/site-packages/airflow/example_dags/example_branch_labels.py
[2023-05-06T21:00:33.705+0000] {logging_mixin.py:149} INFO - [2023-05-06T21:00:33.705+0000] {dag.py:2726} INFO - Sync 1 DAGs
[2023-05-06T21:00:33.747+0000] {logging_mixin.py:149} INFO - [2023-05-06T21:00:33.747+0000] {dag.py:3490} INFO - Setting next_dagrun for example_branch_labels to 2023-05-05T00:00:00+00:00, run_after=2023-05-06T00:00:00+00:00
[2023-05-06T21:00:33.775+0000] {processor.py:178} INFO - Processing /home/airflow/.local/lib/python3.7/site-packages/airflow/example_dags/example_branch_labels.py took 0.122 seconds
[2023-05-06T21:01:04.263+0000] {processor.py:156} INFO - Started process (PID=2791) to work on /home/airflow/.local/lib/python3.7/site-packages/airflow/example_dags/example_branch_labels.py
[2023-05-06T21:01:04.265+0000] {processor.py:799} INFO - Processing file /home/airflow/.local/lib/python3.7/site-packages/airflow/example_dags/example_branch_labels.py for tasks to queue
[2023-05-06T21:01:04.267+0000] {logging_mixin.py:149} INFO - [2023-05-06T21:01:04.266+0000] {dagbag.py:541} INFO - Filling up the DagBag from /home/airflow/.local/lib/python3.7/site-packages/airflow/example_dags/example_branch_labels.py
[2023-05-06T21:01:04.280+0000] {processor.py:809} INFO - DAG(s) dict_keys(['example_branch_labels']) retrieved from /home/airflow/.local/lib/python3.7/site-packages/airflow/example_dags/example_branch_labels.py
[2023-05-06T21:01:04.313+0000] {logging_mixin.py:149} INFO - [2023-05-06T21:01:04.313+0000] {dag.py:2726} INFO - Sync 1 DAGs
[2023-05-06T21:01:04.350+0000] {logging_mixin.py:149} INFO - [2023-05-06T21:01:04.350+0000] {dag.py:3490} INFO - Setting next_dagrun for example_branch_labels to 2023-05-05T00:00:00+00:00, run_after=2023-05-06T00:00:00+00:00
[2023-05-06T21:01:04.390+0000] {processor.py:178} INFO - Processing /home/airflow/.local/lib/python3.7/site-packages/airflow/example_dags/example_branch_labels.py took 0.132 seconds
[2023-05-06T21:01:34.850+0000] {processor.py:156} INFO - Started process (PID=3029) to work on /home/airflow/.local/lib/python3.7/site-packages/airflow/example_dags/example_branch_labels.py
[2023-05-06T21:01:34.853+0000] {processor.py:799} INFO - Processing file /home/airflow/.local/lib/python3.7/site-packages/airflow/example_dags/example_branch_labels.py for tasks to queue
[2023-05-06T21:01:34.855+0000] {logging_mixin.py:149} INFO - [2023-05-06T21:01:34.855+0000] {dagbag.py:541} INFO - Filling up the DagBag from /home/airflow/.local/lib/python3.7/site-packages/airflow/example_dags/example_branch_labels.py
[2023-05-06T21:01:34.874+0000] {processor.py:809} INFO - DAG(s) dict_keys(['example_branch_labels']) retrieved from /home/airflow/.local/lib/python3.7/site-packages/airflow/example_dags/example_branch_labels.py
[2023-05-06T21:01:34.943+0000] {logging_mixin.py:149} INFO - [2023-05-06T21:01:34.943+0000] {dag.py:2726} INFO - Sync 1 DAGs
[2023-05-06T21:01:35.027+0000] {logging_mixin.py:149} INFO - [2023-05-06T21:01:35.027+0000] {dag.py:3490} INFO - Setting next_dagrun for example_branch_labels to 2023-05-05T00:00:00+00:00, run_after=2023-05-06T00:00:00+00:00
[2023-05-06T21:01:35.081+0000] {processor.py:178} INFO - Processing /home/airflow/.local/lib/python3.7/site-packages/airflow/example_dags/example_branch_labels.py took 0.239 seconds
[2023-05-06T21:02:05.583+0000] {processor.py:156} INFO - Started process (PID=3267) to work on /home/airflow/.local/lib/python3.7/site-packages/airflow/example_dags/example_branch_labels.py
[2023-05-06T21:02:05.585+0000] {processor.py:799} INFO - Processing file /home/airflow/.local/lib/python3.7/site-packages/airflow/example_dags/example_branch_labels.py for tasks to queue
[2023-05-06T21:02:05.587+0000] {logging_mixin.py:149} INFO - [2023-05-06T21:02:05.587+0000] {dagbag.py:541} INFO - Filling up the DagBag from /home/airflow/.local/lib/python3.7/site-packages/airflow/example_dags/example_branch_labels.py
[2023-05-06T21:02:05.598+0000] {processor.py:809} INFO - DAG(s) dict_keys(['example_branch_labels']) retrieved from /home/airflow/.local/lib/python3.7/site-packages/airflow/example_dags/example_branch_labels.py
[2023-05-06T21:02:05.633+0000] {logging_mixin.py:149} INFO - [2023-05-06T21:02:05.633+0000] {dag.py:2726} INFO - Sync 1 DAGs
[2023-05-06T21:02:05.677+0000] {logging_mixin.py:149} INFO - [2023-05-06T21:02:05.677+0000] {dag.py:3490} INFO - Setting next_dagrun for example_branch_labels to 2023-05-05T00:00:00+00:00, run_after=2023-05-06T00:00:00+00:00
[2023-05-06T21:02:05.706+0000] {processor.py:178} INFO - Processing /home/airflow/.local/lib/python3.7/site-packages/airflow/example_dags/example_branch_labels.py took 0.126 seconds
[2023-05-06T21:02:35.782+0000] {processor.py:156} INFO - Started process (PID=3502) to work on /home/airflow/.local/lib/python3.7/site-packages/airflow/example_dags/example_branch_labels.py
[2023-05-06T21:02:35.784+0000] {processor.py:799} INFO - Processing file /home/airflow/.local/lib/python3.7/site-packages/airflow/example_dags/example_branch_labels.py for tasks to queue
[2023-05-06T21:02:35.785+0000] {logging_mixin.py:149} INFO - [2023-05-06T21:02:35.785+0000] {dagbag.py:541} INFO - Filling up the DagBag from /home/airflow/.local/lib/python3.7/site-packages/airflow/example_dags/example_branch_labels.py
[2023-05-06T21:02:35.796+0000] {processor.py:809} INFO - DAG(s) dict_keys(['example_branch_labels']) retrieved from /home/airflow/.local/lib/python3.7/site-packages/airflow/example_dags/example_branch_labels.py
[2023-05-06T21:02:35.827+0000] {logging_mixin.py:149} INFO - [2023-05-06T21:02:35.827+0000] {dag.py:2726} INFO - Sync 1 DAGs
[2023-05-06T21:02:35.865+0000] {logging_mixin.py:149} INFO - [2023-05-06T21:02:35.865+0000] {dag.py:3490} INFO - Setting next_dagrun for example_branch_labels to 2023-05-05T00:00:00+00:00, run_after=2023-05-06T00:00:00+00:00
[2023-05-06T21:02:35.892+0000] {processor.py:178} INFO - Processing /home/airflow/.local/lib/python3.7/site-packages/airflow/example_dags/example_branch_labels.py took 0.113 seconds
[2023-05-06T21:03:06.088+0000] {processor.py:156} INFO - Started process (PID=3740) to work on /home/airflow/.local/lib/python3.7/site-packages/airflow/example_dags/example_branch_labels.py
[2023-05-06T21:03:06.091+0000] {processor.py:799} INFO - Processing file /home/airflow/.local/lib/python3.7/site-packages/airflow/example_dags/example_branch_labels.py for tasks to queue
[2023-05-06T21:03:06.093+0000] {logging_mixin.py:149} INFO - [2023-05-06T21:03:06.092+0000] {dagbag.py:541} INFO - Filling up the DagBag from /home/airflow/.local/lib/python3.7/site-packages/airflow/example_dags/example_branch_labels.py
[2023-05-06T21:03:06.103+0000] {processor.py:809} INFO - DAG(s) dict_keys(['example_branch_labels']) retrieved from /home/airflow/.local/lib/python3.7/site-packages/airflow/example_dags/example_branch_labels.py
[2023-05-06T21:03:06.136+0000] {logging_mixin.py:149} INFO - [2023-05-06T21:03:06.135+0000] {dag.py:2726} INFO - Sync 1 DAGs
[2023-05-06T21:03:06.170+0000] {logging_mixin.py:149} INFO - [2023-05-06T21:03:06.169+0000] {dag.py:3490} INFO - Setting next_dagrun for example_branch_labels to 2023-05-05T00:00:00+00:00, run_after=2023-05-06T00:00:00+00:00
[2023-05-06T21:03:06.201+0000] {processor.py:178} INFO - Processing /home/airflow/.local/lib/python3.7/site-packages/airflow/example_dags/example_branch_labels.py took 0.116 seconds
[2023-05-06T21:03:36.945+0000] {processor.py:156} INFO - Started process (PID=3981) to work on /home/airflow/.local/lib/python3.7/site-packages/airflow/example_dags/example_branch_labels.py
[2023-05-06T21:03:36.947+0000] {processor.py:799} INFO - Processing file /home/airflow/.local/lib/python3.7/site-packages/airflow/example_dags/example_branch_labels.py for tasks to queue
[2023-05-06T21:03:36.949+0000] {logging_mixin.py:149} INFO - [2023-05-06T21:03:36.949+0000] {dagbag.py:541} INFO - Filling up the DagBag from /home/airflow/.local/lib/python3.7/site-packages/airflow/example_dags/example_branch_labels.py
[2023-05-06T21:03:36.960+0000] {processor.py:809} INFO - DAG(s) dict_keys(['example_branch_labels']) retrieved from /home/airflow/.local/lib/python3.7/site-packages/airflow/example_dags/example_branch_labels.py
[2023-05-06T21:03:37.003+0000] {logging_mixin.py:149} INFO - [2023-05-06T21:03:37.003+0000] {dag.py:2726} INFO - Sync 1 DAGs
[2023-05-06T21:03:37.046+0000] {logging_mixin.py:149} INFO - [2023-05-06T21:03:37.046+0000] {dag.py:3490} INFO - Setting next_dagrun for example_branch_labels to 2023-05-05T00:00:00+00:00, run_after=2023-05-06T00:00:00+00:00
[2023-05-06T21:03:37.078+0000] {processor.py:178} INFO - Processing /home/airflow/.local/lib/python3.7/site-packages/airflow/example_dags/example_branch_labels.py took 0.136 seconds
[2023-05-06T21:04:07.697+0000] {processor.py:156} INFO - Started process (PID=4219) to work on /home/airflow/.local/lib/python3.7/site-packages/airflow/example_dags/example_branch_labels.py
[2023-05-06T21:04:07.699+0000] {processor.py:799} INFO - Processing file /home/airflow/.local/lib/python3.7/site-packages/airflow/example_dags/example_branch_labels.py for tasks to queue
[2023-05-06T21:04:07.700+0000] {logging_mixin.py:149} INFO - [2023-05-06T21:04:07.700+0000] {dagbag.py:541} INFO - Filling up the DagBag from /home/airflow/.local/lib/python3.7/site-packages/airflow/example_dags/example_branch_labels.py
[2023-05-06T21:04:07.712+0000] {processor.py:809} INFO - DAG(s) dict_keys(['example_branch_labels']) retrieved from /home/airflow/.local/lib/python3.7/site-packages/airflow/example_dags/example_branch_labels.py
[2023-05-06T21:04:07.749+0000] {logging_mixin.py:149} INFO - [2023-05-06T21:04:07.748+0000] {dag.py:2726} INFO - Sync 1 DAGs
[2023-05-06T21:04:07.790+0000] {logging_mixin.py:149} INFO - [2023-05-06T21:04:07.790+0000] {dag.py:3490} INFO - Setting next_dagrun for example_branch_labels to 2023-05-05T00:00:00+00:00, run_after=2023-05-06T00:00:00+00:00
[2023-05-06T21:04:07.821+0000] {processor.py:178} INFO - Processing /home/airflow/.local/lib/python3.7/site-packages/airflow/example_dags/example_branch_labels.py took 0.128 seconds
[2023-05-06T21:04:38.536+0000] {processor.py:156} INFO - Started process (PID=4457) to work on /home/airflow/.local/lib/python3.7/site-packages/airflow/example_dags/example_branch_labels.py
[2023-05-06T21:04:38.539+0000] {processor.py:799} INFO - Processing file /home/airflow/.local/lib/python3.7/site-packages/airflow/example_dags/example_branch_labels.py for tasks to queue
[2023-05-06T21:04:38.540+0000] {logging_mixin.py:149} INFO - [2023-05-06T21:04:38.540+0000] {dagbag.py:541} INFO - Filling up the DagBag from /home/airflow/.local/lib/python3.7/site-packages/airflow/example_dags/example_branch_labels.py
[2023-05-06T21:04:38.551+0000] {processor.py:809} INFO - DAG(s) dict_keys(['example_branch_labels']) retrieved from /home/airflow/.local/lib/python3.7/site-packages/airflow/example_dags/example_branch_labels.py
[2023-05-06T21:04:38.583+0000] {logging_mixin.py:149} INFO - [2023-05-06T21:04:38.583+0000] {dag.py:2726} INFO - Sync 1 DAGs
[2023-05-06T21:04:38.623+0000] {logging_mixin.py:149} INFO - [2023-05-06T21:04:38.623+0000] {dag.py:3490} INFO - Setting next_dagrun for example_branch_labels to 2023-05-05T00:00:00+00:00, run_after=2023-05-06T00:00:00+00:00
[2023-05-06T21:04:38.654+0000] {processor.py:178} INFO - Processing /home/airflow/.local/lib/python3.7/site-packages/airflow/example_dags/example_branch_labels.py took 0.123 seconds
[2023-05-06T21:05:09.294+0000] {processor.py:156} INFO - Started process (PID=4695) to work on /home/airflow/.local/lib/python3.7/site-packages/airflow/example_dags/example_branch_labels.py
[2023-05-06T21:05:09.296+0000] {processor.py:799} INFO - Processing file /home/airflow/.local/lib/python3.7/site-packages/airflow/example_dags/example_branch_labels.py for tasks to queue
[2023-05-06T21:05:09.298+0000] {logging_mixin.py:149} INFO - [2023-05-06T21:05:09.297+0000] {dagbag.py:541} INFO - Filling up the DagBag from /home/airflow/.local/lib/python3.7/site-packages/airflow/example_dags/example_branch_labels.py
[2023-05-06T21:05:09.309+0000] {processor.py:809} INFO - DAG(s) dict_keys(['example_branch_labels']) retrieved from /home/airflow/.local/lib/python3.7/site-packages/airflow/example_dags/example_branch_labels.py
[2023-05-06T21:05:09.343+0000] {logging_mixin.py:149} INFO - [2023-05-06T21:05:09.343+0000] {dag.py:2726} INFO - Sync 1 DAGs
[2023-05-06T21:05:09.380+0000] {logging_mixin.py:149} INFO - [2023-05-06T21:05:09.380+0000] {dag.py:3490} INFO - Setting next_dagrun for example_branch_labels to 2023-05-05T00:00:00+00:00, run_after=2023-05-06T00:00:00+00:00
[2023-05-06T21:05:09.413+0000] {processor.py:178} INFO - Processing /home/airflow/.local/lib/python3.7/site-packages/airflow/example_dags/example_branch_labels.py took 0.122 seconds
[2023-05-06T21:05:39.667+0000] {processor.py:156} INFO - Started process (PID=4933) to work on /home/airflow/.local/lib/python3.7/site-packages/airflow/example_dags/example_branch_labels.py
[2023-05-06T21:05:39.669+0000] {processor.py:799} INFO - Processing file /home/airflow/.local/lib/python3.7/site-packages/airflow/example_dags/example_branch_labels.py for tasks to queue
[2023-05-06T21:05:39.670+0000] {logging_mixin.py:149} INFO - [2023-05-06T21:05:39.670+0000] {dagbag.py:541} INFO - Filling up the DagBag from /home/airflow/.local/lib/python3.7/site-packages/airflow/example_dags/example_branch_labels.py
[2023-05-06T21:05:39.682+0000] {processor.py:809} INFO - DAG(s) dict_keys(['example_branch_labels']) retrieved from /home/airflow/.local/lib/python3.7/site-packages/airflow/example_dags/example_branch_labels.py
[2023-05-06T21:05:39.720+0000] {logging_mixin.py:149} INFO - [2023-05-06T21:05:39.720+0000] {dag.py:2726} INFO - Sync 1 DAGs
[2023-05-06T21:05:39.765+0000] {logging_mixin.py:149} INFO - [2023-05-06T21:05:39.765+0000] {dag.py:3490} INFO - Setting next_dagrun for example_branch_labels to 2023-05-05T00:00:00+00:00, run_after=2023-05-06T00:00:00+00:00
[2023-05-06T21:05:39.796+0000] {processor.py:178} INFO - Processing /home/airflow/.local/lib/python3.7/site-packages/airflow/example_dags/example_branch_labels.py took 0.134 seconds
[2023-05-06T21:06:10.365+0000] {processor.py:156} INFO - Started process (PID=5171) to work on /home/airflow/.local/lib/python3.7/site-packages/airflow/example_dags/example_branch_labels.py
[2023-05-06T21:06:10.368+0000] {processor.py:799} INFO - Processing file /home/airflow/.local/lib/python3.7/site-packages/airflow/example_dags/example_branch_labels.py for tasks to queue
[2023-05-06T21:06:10.370+0000] {logging_mixin.py:149} INFO - [2023-05-06T21:06:10.370+0000] {dagbag.py:541} INFO - Filling up the DagBag from /home/airflow/.local/lib/python3.7/site-packages/airflow/example_dags/example_branch_labels.py
[2023-05-06T21:06:10.384+0000] {processor.py:809} INFO - DAG(s) dict_keys(['example_branch_labels']) retrieved from /home/airflow/.local/lib/python3.7/site-packages/airflow/example_dags/example_branch_labels.py
[2023-05-06T21:06:10.435+0000] {logging_mixin.py:149} INFO - [2023-05-06T21:06:10.435+0000] {dag.py:2726} INFO - Sync 1 DAGs
[2023-05-06T21:06:10.610+0000] {logging_mixin.py:149} INFO - [2023-05-06T21:06:10.609+0000] {dag.py:3490} INFO - Setting next_dagrun for example_branch_labels to 2023-05-05T00:00:00+00:00, run_after=2023-05-06T00:00:00+00:00
[2023-05-06T21:06:10.972+0000] {processor.py:178} INFO - Processing /home/airflow/.local/lib/python3.7/site-packages/airflow/example_dags/example_branch_labels.py took 0.612 seconds
[2023-05-06T21:06:41.736+0000] {processor.py:156} INFO - Started process (PID=5410) to work on /home/airflow/.local/lib/python3.7/site-packages/airflow/example_dags/example_branch_labels.py
[2023-05-06T21:06:41.738+0000] {processor.py:799} INFO - Processing file /home/airflow/.local/lib/python3.7/site-packages/airflow/example_dags/example_branch_labels.py for tasks to queue
[2023-05-06T21:06:41.739+0000] {logging_mixin.py:149} INFO - [2023-05-06T21:06:41.739+0000] {dagbag.py:541} INFO - Filling up the DagBag from /home/airflow/.local/lib/python3.7/site-packages/airflow/example_dags/example_branch_labels.py
[2023-05-06T21:06:41.752+0000] {processor.py:809} INFO - DAG(s) dict_keys(['example_branch_labels']) retrieved from /home/airflow/.local/lib/python3.7/site-packages/airflow/example_dags/example_branch_labels.py
[2023-05-06T21:06:41.770+0000] {logging_mixin.py:149} INFO - [2023-05-06T21:06:41.770+0000] {dag.py:2726} INFO - Sync 1 DAGs
[2023-05-06T21:06:41.812+0000] {logging_mixin.py:149} INFO - [2023-05-06T21:06:41.812+0000] {dag.py:3490} INFO - Setting next_dagrun for example_branch_labels to 2023-05-05T00:00:00+00:00, run_after=2023-05-06T00:00:00+00:00
[2023-05-06T21:06:41.843+0000] {processor.py:178} INFO - Processing /home/airflow/.local/lib/python3.7/site-packages/airflow/example_dags/example_branch_labels.py took 0.111 seconds
[2023-05-06T21:07:12.190+0000] {processor.py:156} INFO - Started process (PID=5648) to work on /home/airflow/.local/lib/python3.7/site-packages/airflow/example_dags/example_branch_labels.py
[2023-05-06T21:07:12.193+0000] {processor.py:799} INFO - Processing file /home/airflow/.local/lib/python3.7/site-packages/airflow/example_dags/example_branch_labels.py for tasks to queue
[2023-05-06T21:07:12.195+0000] {logging_mixin.py:149} INFO - [2023-05-06T21:07:12.195+0000] {dagbag.py:541} INFO - Filling up the DagBag from /home/airflow/.local/lib/python3.7/site-packages/airflow/example_dags/example_branch_labels.py
[2023-05-06T21:07:12.207+0000] {processor.py:809} INFO - DAG(s) dict_keys(['example_branch_labels']) retrieved from /home/airflow/.local/lib/python3.7/site-packages/airflow/example_dags/example_branch_labels.py
[2023-05-06T21:07:12.243+0000] {logging_mixin.py:149} INFO - [2023-05-06T21:07:12.243+0000] {dag.py:2726} INFO - Sync 1 DAGs
[2023-05-06T21:07:12.285+0000] {logging_mixin.py:149} INFO - [2023-05-06T21:07:12.285+0000] {dag.py:3490} INFO - Setting next_dagrun for example_branch_labels to 2023-05-05T00:00:00+00:00, run_after=2023-05-06T00:00:00+00:00
[2023-05-06T21:07:12.312+0000] {processor.py:178} INFO - Processing /home/airflow/.local/lib/python3.7/site-packages/airflow/example_dags/example_branch_labels.py took 0.127 seconds
