[2023-05-06T20:55:32.774+0000] {processor.py:156} INFO - Started process (PID=362) to work on /home/airflow/.local/lib/python3.7/site-packages/airflow/example_dags/example_xcomargs.py
[2023-05-06T20:55:32.776+0000] {processor.py:799} INFO - Processing file /home/airflow/.local/lib/python3.7/site-packages/airflow/example_dags/example_xcomargs.py for tasks to queue
[2023-05-06T20:55:32.778+0000] {logging_mixin.py:149} INFO - [2023-05-06T20:55:32.777+0000] {dagbag.py:541} INFO - Filling up the DagBag from /home/airflow/.local/lib/python3.7/site-packages/airflow/example_dags/example_xcomargs.py
[2023-05-06T20:55:32.788+0000] {processor.py:809} INFO - DAG(s) dict_keys(['example_xcom_args', 'example_xcom_args_with_operators']) retrieved from /home/airflow/.local/lib/python3.7/site-packages/airflow/example_dags/example_xcomargs.py
[2023-05-06T20:55:32.808+0000] {logging_mixin.py:149} INFO - [2023-05-06T20:55:32.807+0000] {dag.py:2726} INFO - Sync 2 DAGs
[2023-05-06T20:55:32.845+0000] {logging_mixin.py:149} INFO - [2023-05-06T20:55:32.845+0000] {dag.py:3490} INFO - Setting next_dagrun for example_xcom_args to None, run_after=None
[2023-05-06T20:55:32.850+0000] {logging_mixin.py:149} INFO - [2023-05-06T20:55:32.850+0000] {dag.py:3490} INFO - Setting next_dagrun for example_xcom_args_with_operators to None, run_after=None
[2023-05-06T20:55:32.890+0000] {processor.py:178} INFO - Processing /home/airflow/.local/lib/python3.7/site-packages/airflow/example_dags/example_xcomargs.py took 0.119 seconds
[2023-05-06T20:56:06.858+0000] {processor.py:156} INFO - Started process (PID=602) to work on /home/airflow/.local/lib/python3.7/site-packages/airflow/example_dags/example_xcomargs.py
[2023-05-06T20:56:06.859+0000] {processor.py:799} INFO - Processing file /home/airflow/.local/lib/python3.7/site-packages/airflow/example_dags/example_xcomargs.py for tasks to queue
[2023-05-06T20:56:06.861+0000] {logging_mixin.py:149} INFO - [2023-05-06T20:56:06.861+0000] {dagbag.py:541} INFO - Filling up the DagBag from /home/airflow/.local/lib/python3.7/site-packages/airflow/example_dags/example_xcomargs.py
[2023-05-06T20:56:06.875+0000] {processor.py:809} INFO - DAG(s) dict_keys(['example_xcom_args', 'example_xcom_args_with_operators']) retrieved from /home/airflow/.local/lib/python3.7/site-packages/airflow/example_dags/example_xcomargs.py
[2023-05-06T20:56:06.923+0000] {logging_mixin.py:149} INFO - [2023-05-06T20:56:06.923+0000] {dag.py:2726} INFO - Sync 2 DAGs
[2023-05-06T20:56:07.139+0000] {logging_mixin.py:149} INFO - [2023-05-06T20:56:07.139+0000] {dag.py:3490} INFO - Setting next_dagrun for example_xcom_args to None, run_after=None
[2023-05-06T20:56:07.147+0000] {logging_mixin.py:149} INFO - [2023-05-06T20:56:07.147+0000] {dag.py:3490} INFO - Setting next_dagrun for example_xcom_args_with_operators to None, run_after=None
[2023-05-06T20:56:07.174+0000] {processor.py:178} INFO - Processing /home/airflow/.local/lib/python3.7/site-packages/airflow/example_dags/example_xcomargs.py took 0.320 seconds
[2023-05-06T20:56:37.777+0000] {processor.py:156} INFO - Started process (PID=843) to work on /home/airflow/.local/lib/python3.7/site-packages/airflow/example_dags/example_xcomargs.py
[2023-05-06T20:56:37.779+0000] {processor.py:799} INFO - Processing file /home/airflow/.local/lib/python3.7/site-packages/airflow/example_dags/example_xcomargs.py for tasks to queue
[2023-05-06T20:56:37.781+0000] {logging_mixin.py:149} INFO - [2023-05-06T20:56:37.781+0000] {dagbag.py:541} INFO - Filling up the DagBag from /home/airflow/.local/lib/python3.7/site-packages/airflow/example_dags/example_xcomargs.py
[2023-05-06T20:56:37.793+0000] {processor.py:809} INFO - DAG(s) dict_keys(['example_xcom_args', 'example_xcom_args_with_operators']) retrieved from /home/airflow/.local/lib/python3.7/site-packages/airflow/example_dags/example_xcomargs.py
[2023-05-06T20:56:37.847+0000] {logging_mixin.py:149} INFO - [2023-05-06T20:56:37.847+0000] {dag.py:2726} INFO - Sync 2 DAGs
[2023-05-06T20:56:37.889+0000] {logging_mixin.py:149} INFO - [2023-05-06T20:56:37.889+0000] {dag.py:3490} INFO - Setting next_dagrun for example_xcom_args to None, run_after=None
[2023-05-06T20:56:37.899+0000] {logging_mixin.py:149} INFO - [2023-05-06T20:56:37.899+0000] {dag.py:3490} INFO - Setting next_dagrun for example_xcom_args_with_operators to None, run_after=None
[2023-05-06T20:56:37.942+0000] {processor.py:178} INFO - Processing /home/airflow/.local/lib/python3.7/site-packages/airflow/example_dags/example_xcomargs.py took 0.170 seconds
[2023-05-06T20:57:08.712+0000] {processor.py:156} INFO - Started process (PID=1076) to work on /home/airflow/.local/lib/python3.7/site-packages/airflow/example_dags/example_xcomargs.py
[2023-05-06T20:57:08.714+0000] {processor.py:799} INFO - Processing file /home/airflow/.local/lib/python3.7/site-packages/airflow/example_dags/example_xcomargs.py for tasks to queue
[2023-05-06T20:57:08.716+0000] {logging_mixin.py:149} INFO - [2023-05-06T20:57:08.716+0000] {dagbag.py:541} INFO - Filling up the DagBag from /home/airflow/.local/lib/python3.7/site-packages/airflow/example_dags/example_xcomargs.py
[2023-05-06T20:57:08.729+0000] {processor.py:809} INFO - DAG(s) dict_keys(['example_xcom_args', 'example_xcom_args_with_operators']) retrieved from /home/airflow/.local/lib/python3.7/site-packages/airflow/example_dags/example_xcomargs.py
[2023-05-06T20:57:08.766+0000] {logging_mixin.py:149} INFO - [2023-05-06T20:57:08.766+0000] {dag.py:2726} INFO - Sync 2 DAGs
[2023-05-06T20:57:08.804+0000] {logging_mixin.py:149} INFO - [2023-05-06T20:57:08.804+0000] {dag.py:3490} INFO - Setting next_dagrun for example_xcom_args to None, run_after=None
[2023-05-06T20:57:08.811+0000] {logging_mixin.py:149} INFO - [2023-05-06T20:57:08.811+0000] {dag.py:3490} INFO - Setting next_dagrun for example_xcom_args_with_operators to None, run_after=None
[2023-05-06T20:57:08.834+0000] {processor.py:178} INFO - Processing /home/airflow/.local/lib/python3.7/site-packages/airflow/example_dags/example_xcomargs.py took 0.126 seconds
[2023-05-06T20:57:39.376+0000] {processor.py:156} INFO - Started process (PID=1314) to work on /home/airflow/.local/lib/python3.7/site-packages/airflow/example_dags/example_xcomargs.py
[2023-05-06T20:57:39.379+0000] {processor.py:799} INFO - Processing file /home/airflow/.local/lib/python3.7/site-packages/airflow/example_dags/example_xcomargs.py for tasks to queue
[2023-05-06T20:57:39.381+0000] {logging_mixin.py:149} INFO - [2023-05-06T20:57:39.380+0000] {dagbag.py:541} INFO - Filling up the DagBag from /home/airflow/.local/lib/python3.7/site-packages/airflow/example_dags/example_xcomargs.py
[2023-05-06T20:57:39.395+0000] {processor.py:809} INFO - DAG(s) dict_keys(['example_xcom_args_with_operators', 'example_xcom_args']) retrieved from /home/airflow/.local/lib/python3.7/site-packages/airflow/example_dags/example_xcomargs.py
[2023-05-06T20:57:39.422+0000] {logging_mixin.py:149} INFO - [2023-05-06T20:57:39.422+0000] {dag.py:2726} INFO - Sync 2 DAGs
[2023-05-06T20:57:39.488+0000] {logging_mixin.py:149} INFO - [2023-05-06T20:57:39.487+0000] {dag.py:3490} INFO - Setting next_dagrun for example_xcom_args to None, run_after=None
[2023-05-06T20:57:39.498+0000] {logging_mixin.py:149} INFO - [2023-05-06T20:57:39.498+0000] {dag.py:3490} INFO - Setting next_dagrun for example_xcom_args_with_operators to None, run_after=None
[2023-05-06T20:57:39.551+0000] {processor.py:178} INFO - Processing /home/airflow/.local/lib/python3.7/site-packages/airflow/example_dags/example_xcomargs.py took 0.180 seconds
[2023-05-06T20:58:09.715+0000] {processor.py:156} INFO - Started process (PID=1549) to work on /home/airflow/.local/lib/python3.7/site-packages/airflow/example_dags/example_xcomargs.py
[2023-05-06T20:58:09.717+0000] {processor.py:799} INFO - Processing file /home/airflow/.local/lib/python3.7/site-packages/airflow/example_dags/example_xcomargs.py for tasks to queue
[2023-05-06T20:58:09.718+0000] {logging_mixin.py:149} INFO - [2023-05-06T20:58:09.718+0000] {dagbag.py:541} INFO - Filling up the DagBag from /home/airflow/.local/lib/python3.7/site-packages/airflow/example_dags/example_xcomargs.py
[2023-05-06T20:58:09.733+0000] {processor.py:809} INFO - DAG(s) dict_keys(['example_xcom_args_with_operators', 'example_xcom_args']) retrieved from /home/airflow/.local/lib/python3.7/site-packages/airflow/example_dags/example_xcomargs.py
[2023-05-06T20:58:09.774+0000] {logging_mixin.py:149} INFO - [2023-05-06T20:58:09.773+0000] {dag.py:2726} INFO - Sync 2 DAGs
[2023-05-06T20:58:09.812+0000] {logging_mixin.py:149} INFO - [2023-05-06T20:58:09.812+0000] {dag.py:3490} INFO - Setting next_dagrun for example_xcom_args to None, run_after=None
[2023-05-06T20:58:09.819+0000] {logging_mixin.py:149} INFO - [2023-05-06T20:58:09.819+0000] {dag.py:3490} INFO - Setting next_dagrun for example_xcom_args_with_operators to None, run_after=None
[2023-05-06T20:58:09.854+0000] {processor.py:178} INFO - Processing /home/airflow/.local/lib/python3.7/site-packages/airflow/example_dags/example_xcomargs.py took 0.144 seconds
[2023-05-06T20:58:40.735+0000] {processor.py:156} INFO - Started process (PID=1791) to work on /home/airflow/.local/lib/python3.7/site-packages/airflow/example_dags/example_xcomargs.py
[2023-05-06T20:58:40.737+0000] {processor.py:799} INFO - Processing file /home/airflow/.local/lib/python3.7/site-packages/airflow/example_dags/example_xcomargs.py for tasks to queue
[2023-05-06T20:58:40.739+0000] {logging_mixin.py:149} INFO - [2023-05-06T20:58:40.739+0000] {dagbag.py:541} INFO - Filling up the DagBag from /home/airflow/.local/lib/python3.7/site-packages/airflow/example_dags/example_xcomargs.py
[2023-05-06T20:58:40.751+0000] {processor.py:809} INFO - DAG(s) dict_keys(['example_xcom_args', 'example_xcom_args_with_operators']) retrieved from /home/airflow/.local/lib/python3.7/site-packages/airflow/example_dags/example_xcomargs.py
[2023-05-06T20:58:40.788+0000] {logging_mixin.py:149} INFO - [2023-05-06T20:58:40.788+0000] {dag.py:2726} INFO - Sync 2 DAGs
[2023-05-06T20:58:40.824+0000] {logging_mixin.py:149} INFO - [2023-05-06T20:58:40.824+0000] {dag.py:3490} INFO - Setting next_dagrun for example_xcom_args to None, run_after=None
[2023-05-06T20:58:40.832+0000] {logging_mixin.py:149} INFO - [2023-05-06T20:58:40.832+0000] {dag.py:3490} INFO - Setting next_dagrun for example_xcom_args_with_operators to None, run_after=None
[2023-05-06T20:58:40.860+0000] {processor.py:178} INFO - Processing /home/airflow/.local/lib/python3.7/site-packages/airflow/example_dags/example_xcomargs.py took 0.130 seconds
[2023-05-06T20:59:11.765+0000] {processor.py:156} INFO - Started process (PID=2029) to work on /home/airflow/.local/lib/python3.7/site-packages/airflow/example_dags/example_xcomargs.py
[2023-05-06T20:59:11.767+0000] {processor.py:799} INFO - Processing file /home/airflow/.local/lib/python3.7/site-packages/airflow/example_dags/example_xcomargs.py for tasks to queue
[2023-05-06T20:59:11.769+0000] {logging_mixin.py:149} INFO - [2023-05-06T20:59:11.769+0000] {dagbag.py:541} INFO - Filling up the DagBag from /home/airflow/.local/lib/python3.7/site-packages/airflow/example_dags/example_xcomargs.py
[2023-05-06T20:59:11.781+0000] {processor.py:809} INFO - DAG(s) dict_keys(['example_xcom_args', 'example_xcom_args_with_operators']) retrieved from /home/airflow/.local/lib/python3.7/site-packages/airflow/example_dags/example_xcomargs.py
[2023-05-06T20:59:11.823+0000] {logging_mixin.py:149} INFO - [2023-05-06T20:59:11.823+0000] {dag.py:2726} INFO - Sync 2 DAGs
[2023-05-06T20:59:11.872+0000] {logging_mixin.py:149} INFO - [2023-05-06T20:59:11.872+0000] {dag.py:3490} INFO - Setting next_dagrun for example_xcom_args to None, run_after=None
[2023-05-06T20:59:11.881+0000] {logging_mixin.py:149} INFO - [2023-05-06T20:59:11.881+0000] {dag.py:3490} INFO - Setting next_dagrun for example_xcom_args_with_operators to None, run_after=None
[2023-05-06T20:59:11.917+0000] {processor.py:178} INFO - Processing /home/airflow/.local/lib/python3.7/site-packages/airflow/example_dags/example_xcomargs.py took 0.156 seconds
[2023-05-06T20:59:42.688+0000] {processor.py:156} INFO - Started process (PID=2267) to work on /home/airflow/.local/lib/python3.7/site-packages/airflow/example_dags/example_xcomargs.py
[2023-05-06T20:59:42.691+0000] {processor.py:799} INFO - Processing file /home/airflow/.local/lib/python3.7/site-packages/airflow/example_dags/example_xcomargs.py for tasks to queue
[2023-05-06T20:59:42.694+0000] {logging_mixin.py:149} INFO - [2023-05-06T20:59:42.694+0000] {dagbag.py:541} INFO - Filling up the DagBag from /home/airflow/.local/lib/python3.7/site-packages/airflow/example_dags/example_xcomargs.py
[2023-05-06T20:59:42.707+0000] {processor.py:809} INFO - DAG(s) dict_keys(['example_xcom_args_with_operators', 'example_xcom_args']) retrieved from /home/airflow/.local/lib/python3.7/site-packages/airflow/example_dags/example_xcomargs.py
[2023-05-06T20:59:42.746+0000] {logging_mixin.py:149} INFO - [2023-05-06T20:59:42.746+0000] {dag.py:2726} INFO - Sync 2 DAGs
[2023-05-06T20:59:42.787+0000] {logging_mixin.py:149} INFO - [2023-05-06T20:59:42.786+0000] {dag.py:3490} INFO - Setting next_dagrun for example_xcom_args to None, run_after=None
[2023-05-06T20:59:42.792+0000] {logging_mixin.py:149} INFO - [2023-05-06T20:59:42.792+0000] {dag.py:3490} INFO - Setting next_dagrun for example_xcom_args_with_operators to None, run_after=None
[2023-05-06T20:59:43.481+0000] {processor.py:178} INFO - Processing /home/airflow/.local/lib/python3.7/site-packages/airflow/example_dags/example_xcomargs.py took 0.797 seconds
[2023-05-06T21:00:13.849+0000] {processor.py:156} INFO - Started process (PID=2502) to work on /home/airflow/.local/lib/python3.7/site-packages/airflow/example_dags/example_xcomargs.py
[2023-05-06T21:00:13.851+0000] {processor.py:799} INFO - Processing file /home/airflow/.local/lib/python3.7/site-packages/airflow/example_dags/example_xcomargs.py for tasks to queue
[2023-05-06T21:00:13.852+0000] {logging_mixin.py:149} INFO - [2023-05-06T21:00:13.852+0000] {dagbag.py:541} INFO - Filling up the DagBag from /home/airflow/.local/lib/python3.7/site-packages/airflow/example_dags/example_xcomargs.py
[2023-05-06T21:00:13.863+0000] {processor.py:809} INFO - DAG(s) dict_keys(['example_xcom_args_with_operators', 'example_xcom_args']) retrieved from /home/airflow/.local/lib/python3.7/site-packages/airflow/example_dags/example_xcomargs.py
[2023-05-06T21:00:13.881+0000] {logging_mixin.py:149} INFO - [2023-05-06T21:00:13.881+0000] {dag.py:2726} INFO - Sync 2 DAGs
[2023-05-06T21:00:13.925+0000] {logging_mixin.py:149} INFO - [2023-05-06T21:00:13.925+0000] {dag.py:3490} INFO - Setting next_dagrun for example_xcom_args to None, run_after=None
[2023-05-06T21:00:13.931+0000] {logging_mixin.py:149} INFO - [2023-05-06T21:00:13.931+0000] {dag.py:3490} INFO - Setting next_dagrun for example_xcom_args_with_operators to None, run_after=None
[2023-05-06T21:00:13.966+0000] {processor.py:178} INFO - Processing /home/airflow/.local/lib/python3.7/site-packages/airflow/example_dags/example_xcomargs.py took 0.122 seconds
[2023-05-06T21:00:44.529+0000] {processor.py:156} INFO - Started process (PID=2740) to work on /home/airflow/.local/lib/python3.7/site-packages/airflow/example_dags/example_xcomargs.py
[2023-05-06T21:00:44.531+0000] {processor.py:799} INFO - Processing file /home/airflow/.local/lib/python3.7/site-packages/airflow/example_dags/example_xcomargs.py for tasks to queue
[2023-05-06T21:00:44.533+0000] {logging_mixin.py:149} INFO - [2023-05-06T21:00:44.532+0000] {dagbag.py:541} INFO - Filling up the DagBag from /home/airflow/.local/lib/python3.7/site-packages/airflow/example_dags/example_xcomargs.py
[2023-05-06T21:00:44.543+0000] {processor.py:809} INFO - DAG(s) dict_keys(['example_xcom_args_with_operators', 'example_xcom_args']) retrieved from /home/airflow/.local/lib/python3.7/site-packages/airflow/example_dags/example_xcomargs.py
[2023-05-06T21:00:44.579+0000] {logging_mixin.py:149} INFO - [2023-05-06T21:00:44.579+0000] {dag.py:2726} INFO - Sync 2 DAGs
[2023-05-06T21:00:44.622+0000] {logging_mixin.py:149} INFO - [2023-05-06T21:00:44.622+0000] {dag.py:3490} INFO - Setting next_dagrun for example_xcom_args to None, run_after=None
[2023-05-06T21:00:44.628+0000] {logging_mixin.py:149} INFO - [2023-05-06T21:00:44.628+0000] {dag.py:3490} INFO - Setting next_dagrun for example_xcom_args_with_operators to None, run_after=None
[2023-05-06T21:00:44.657+0000] {processor.py:178} INFO - Processing /home/airflow/.local/lib/python3.7/site-packages/airflow/example_dags/example_xcomargs.py took 0.132 seconds
[2023-05-06T21:01:14.955+0000] {processor.py:156} INFO - Started process (PID=2978) to work on /home/airflow/.local/lib/python3.7/site-packages/airflow/example_dags/example_xcomargs.py
[2023-05-06T21:01:14.957+0000] {processor.py:799} INFO - Processing file /home/airflow/.local/lib/python3.7/site-packages/airflow/example_dags/example_xcomargs.py for tasks to queue
[2023-05-06T21:01:14.959+0000] {logging_mixin.py:149} INFO - [2023-05-06T21:01:14.958+0000] {dagbag.py:541} INFO - Filling up the DagBag from /home/airflow/.local/lib/python3.7/site-packages/airflow/example_dags/example_xcomargs.py
[2023-05-06T21:01:14.975+0000] {processor.py:809} INFO - DAG(s) dict_keys(['example_xcom_args', 'example_xcom_args_with_operators']) retrieved from /home/airflow/.local/lib/python3.7/site-packages/airflow/example_dags/example_xcomargs.py
[2023-05-06T21:01:15.029+0000] {logging_mixin.py:149} INFO - [2023-05-06T21:01:15.028+0000] {dag.py:2726} INFO - Sync 2 DAGs
[2023-05-06T21:01:15.080+0000] {logging_mixin.py:149} INFO - [2023-05-06T21:01:15.079+0000] {dag.py:3490} INFO - Setting next_dagrun for example_xcom_args to None, run_after=None
[2023-05-06T21:01:15.088+0000] {logging_mixin.py:149} INFO - [2023-05-06T21:01:15.087+0000] {dag.py:3490} INFO - Setting next_dagrun for example_xcom_args_with_operators to None, run_after=None
[2023-05-06T21:01:15.128+0000] {processor.py:178} INFO - Processing /home/airflow/.local/lib/python3.7/site-packages/airflow/example_dags/example_xcomargs.py took 0.181 seconds
[2023-05-06T21:01:45.564+0000] {processor.py:156} INFO - Started process (PID=3216) to work on /home/airflow/.local/lib/python3.7/site-packages/airflow/example_dags/example_xcomargs.py
[2023-05-06T21:01:45.566+0000] {processor.py:799} INFO - Processing file /home/airflow/.local/lib/python3.7/site-packages/airflow/example_dags/example_xcomargs.py for tasks to queue
[2023-05-06T21:01:45.569+0000] {logging_mixin.py:149} INFO - [2023-05-06T21:01:45.568+0000] {dagbag.py:541} INFO - Filling up the DagBag from /home/airflow/.local/lib/python3.7/site-packages/airflow/example_dags/example_xcomargs.py
[2023-05-06T21:01:45.582+0000] {processor.py:809} INFO - DAG(s) dict_keys(['example_xcom_args_with_operators', 'example_xcom_args']) retrieved from /home/airflow/.local/lib/python3.7/site-packages/airflow/example_dags/example_xcomargs.py
[2023-05-06T21:01:45.636+0000] {logging_mixin.py:149} INFO - [2023-05-06T21:01:45.635+0000] {dag.py:2726} INFO - Sync 2 DAGs
[2023-05-06T21:01:45.712+0000] {logging_mixin.py:149} INFO - [2023-05-06T21:01:45.712+0000] {dag.py:3490} INFO - Setting next_dagrun for example_xcom_args to None, run_after=None
[2023-05-06T21:01:45.733+0000] {logging_mixin.py:149} INFO - [2023-05-06T21:01:45.733+0000] {dag.py:3490} INFO - Setting next_dagrun for example_xcom_args_with_operators to None, run_after=None
[2023-05-06T21:01:45.791+0000] {processor.py:178} INFO - Processing /home/airflow/.local/lib/python3.7/site-packages/airflow/example_dags/example_xcomargs.py took 0.231 seconds
[2023-05-06T21:02:15.904+0000] {processor.py:156} INFO - Started process (PID=3464) to work on /home/airflow/.local/lib/python3.7/site-packages/airflow/example_dags/example_xcomargs.py
[2023-05-06T21:02:15.906+0000] {processor.py:799} INFO - Processing file /home/airflow/.local/lib/python3.7/site-packages/airflow/example_dags/example_xcomargs.py for tasks to queue
[2023-05-06T21:02:15.907+0000] {logging_mixin.py:149} INFO - [2023-05-06T21:02:15.907+0000] {dagbag.py:541} INFO - Filling up the DagBag from /home/airflow/.local/lib/python3.7/site-packages/airflow/example_dags/example_xcomargs.py
[2023-05-06T21:02:15.920+0000] {processor.py:809} INFO - DAG(s) dict_keys(['example_xcom_args_with_operators', 'example_xcom_args']) retrieved from /home/airflow/.local/lib/python3.7/site-packages/airflow/example_dags/example_xcomargs.py
[2023-05-06T21:02:15.969+0000] {logging_mixin.py:149} INFO - [2023-05-06T21:02:15.969+0000] {dag.py:2726} INFO - Sync 2 DAGs
[2023-05-06T21:02:16.011+0000] {logging_mixin.py:149} INFO - [2023-05-06T21:02:16.010+0000] {dag.py:3490} INFO - Setting next_dagrun for example_xcom_args to None, run_after=None
[2023-05-06T21:02:16.015+0000] {logging_mixin.py:149} INFO - [2023-05-06T21:02:16.015+0000] {dag.py:3490} INFO - Setting next_dagrun for example_xcom_args_with_operators to None, run_after=None
[2023-05-06T21:02:16.040+0000] {processor.py:178} INFO - Processing /home/airflow/.local/lib/python3.7/site-packages/airflow/example_dags/example_xcomargs.py took 0.140 seconds
[2023-05-06T21:02:46.250+0000] {processor.py:156} INFO - Started process (PID=3692) to work on /home/airflow/.local/lib/python3.7/site-packages/airflow/example_dags/example_xcomargs.py
[2023-05-06T21:02:46.252+0000] {processor.py:799} INFO - Processing file /home/airflow/.local/lib/python3.7/site-packages/airflow/example_dags/example_xcomargs.py for tasks to queue
[2023-05-06T21:02:46.253+0000] {logging_mixin.py:149} INFO - [2023-05-06T21:02:46.253+0000] {dagbag.py:541} INFO - Filling up the DagBag from /home/airflow/.local/lib/python3.7/site-packages/airflow/example_dags/example_xcomargs.py
[2023-05-06T21:02:46.265+0000] {processor.py:809} INFO - DAG(s) dict_keys(['example_xcom_args', 'example_xcom_args_with_operators']) retrieved from /home/airflow/.local/lib/python3.7/site-packages/airflow/example_dags/example_xcomargs.py
[2023-05-06T21:02:46.311+0000] {logging_mixin.py:149} INFO - [2023-05-06T21:02:46.311+0000] {dag.py:2726} INFO - Sync 2 DAGs
[2023-05-06T21:02:46.354+0000] {logging_mixin.py:149} INFO - [2023-05-06T21:02:46.354+0000] {dag.py:3490} INFO - Setting next_dagrun for example_xcom_args to None, run_after=None
[2023-05-06T21:02:46.362+0000] {logging_mixin.py:149} INFO - [2023-05-06T21:02:46.361+0000] {dag.py:3490} INFO - Setting next_dagrun for example_xcom_args_with_operators to None, run_after=None
[2023-05-06T21:02:46.391+0000] {processor.py:178} INFO - Processing /home/airflow/.local/lib/python3.7/site-packages/airflow/example_dags/example_xcomargs.py took 0.148 seconds
[2023-05-06T21:03:17.114+0000] {processor.py:156} INFO - Started process (PID=3930) to work on /home/airflow/.local/lib/python3.7/site-packages/airflow/example_dags/example_xcomargs.py
[2023-05-06T21:03:17.116+0000] {processor.py:799} INFO - Processing file /home/airflow/.local/lib/python3.7/site-packages/airflow/example_dags/example_xcomargs.py for tasks to queue
[2023-05-06T21:03:17.117+0000] {logging_mixin.py:149} INFO - [2023-05-06T21:03:17.117+0000] {dagbag.py:541} INFO - Filling up the DagBag from /home/airflow/.local/lib/python3.7/site-packages/airflow/example_dags/example_xcomargs.py
[2023-05-06T21:03:17.129+0000] {processor.py:809} INFO - DAG(s) dict_keys(['example_xcom_args', 'example_xcom_args_with_operators']) retrieved from /home/airflow/.local/lib/python3.7/site-packages/airflow/example_dags/example_xcomargs.py
[2023-05-06T21:03:17.174+0000] {logging_mixin.py:149} INFO - [2023-05-06T21:03:17.174+0000] {dag.py:2726} INFO - Sync 2 DAGs
[2023-05-06T21:03:17.216+0000] {logging_mixin.py:149} INFO - [2023-05-06T21:03:17.216+0000] {dag.py:3490} INFO - Setting next_dagrun for example_xcom_args to None, run_after=None
[2023-05-06T21:03:17.222+0000] {logging_mixin.py:149} INFO - [2023-05-06T21:03:17.222+0000] {dag.py:3490} INFO - Setting next_dagrun for example_xcom_args_with_operators to None, run_after=None
[2023-05-06T21:03:17.252+0000] {processor.py:178} INFO - Processing /home/airflow/.local/lib/python3.7/site-packages/airflow/example_dags/example_xcomargs.py took 0.142 seconds
[2023-05-06T21:03:47.822+0000] {processor.py:156} INFO - Started process (PID=4168) to work on /home/airflow/.local/lib/python3.7/site-packages/airflow/example_dags/example_xcomargs.py
[2023-05-06T21:03:47.824+0000] {processor.py:799} INFO - Processing file /home/airflow/.local/lib/python3.7/site-packages/airflow/example_dags/example_xcomargs.py for tasks to queue
[2023-05-06T21:03:47.825+0000] {logging_mixin.py:149} INFO - [2023-05-06T21:03:47.825+0000] {dagbag.py:541} INFO - Filling up the DagBag from /home/airflow/.local/lib/python3.7/site-packages/airflow/example_dags/example_xcomargs.py
[2023-05-06T21:03:47.837+0000] {processor.py:809} INFO - DAG(s) dict_keys(['example_xcom_args', 'example_xcom_args_with_operators']) retrieved from /home/airflow/.local/lib/python3.7/site-packages/airflow/example_dags/example_xcomargs.py
[2023-05-06T21:03:47.882+0000] {logging_mixin.py:149} INFO - [2023-05-06T21:03:47.882+0000] {dag.py:2726} INFO - Sync 2 DAGs
[2023-05-06T21:03:47.923+0000] {logging_mixin.py:149} INFO - [2023-05-06T21:03:47.923+0000] {dag.py:3490} INFO - Setting next_dagrun for example_xcom_args to None, run_after=None
[2023-05-06T21:03:47.930+0000] {logging_mixin.py:149} INFO - [2023-05-06T21:03:47.930+0000] {dag.py:3490} INFO - Setting next_dagrun for example_xcom_args_with_operators to None, run_after=None
[2023-05-06T21:03:47.961+0000] {processor.py:178} INFO - Processing /home/airflow/.local/lib/python3.7/site-packages/airflow/example_dags/example_xcomargs.py took 0.143 seconds
[2023-05-06T21:04:18.704+0000] {processor.py:156} INFO - Started process (PID=4406) to work on /home/airflow/.local/lib/python3.7/site-packages/airflow/example_dags/example_xcomargs.py
[2023-05-06T21:04:18.706+0000] {processor.py:799} INFO - Processing file /home/airflow/.local/lib/python3.7/site-packages/airflow/example_dags/example_xcomargs.py for tasks to queue
[2023-05-06T21:04:18.707+0000] {logging_mixin.py:149} INFO - [2023-05-06T21:04:18.707+0000] {dagbag.py:541} INFO - Filling up the DagBag from /home/airflow/.local/lib/python3.7/site-packages/airflow/example_dags/example_xcomargs.py
[2023-05-06T21:04:18.718+0000] {processor.py:809} INFO - DAG(s) dict_keys(['example_xcom_args', 'example_xcom_args_with_operators']) retrieved from /home/airflow/.local/lib/python3.7/site-packages/airflow/example_dags/example_xcomargs.py
[2023-05-06T21:04:18.760+0000] {logging_mixin.py:149} INFO - [2023-05-06T21:04:18.760+0000] {dag.py:2726} INFO - Sync 2 DAGs
[2023-05-06T21:04:18.802+0000] {logging_mixin.py:149} INFO - [2023-05-06T21:04:18.801+0000] {dag.py:3490} INFO - Setting next_dagrun for example_xcom_args to None, run_after=None
[2023-05-06T21:04:18.808+0000] {logging_mixin.py:149} INFO - [2023-05-06T21:04:18.808+0000] {dag.py:3490} INFO - Setting next_dagrun for example_xcom_args_with_operators to None, run_after=None
[2023-05-06T21:04:18.839+0000] {processor.py:178} INFO - Processing /home/airflow/.local/lib/python3.7/site-packages/airflow/example_dags/example_xcomargs.py took 0.140 seconds
[2023-05-06T21:04:49.507+0000] {processor.py:156} INFO - Started process (PID=4644) to work on /home/airflow/.local/lib/python3.7/site-packages/airflow/example_dags/example_xcomargs.py
[2023-05-06T21:04:49.508+0000] {processor.py:799} INFO - Processing file /home/airflow/.local/lib/python3.7/site-packages/airflow/example_dags/example_xcomargs.py for tasks to queue
[2023-05-06T21:04:49.510+0000] {logging_mixin.py:149} INFO - [2023-05-06T21:04:49.509+0000] {dagbag.py:541} INFO - Filling up the DagBag from /home/airflow/.local/lib/python3.7/site-packages/airflow/example_dags/example_xcomargs.py
[2023-05-06T21:04:49.520+0000] {processor.py:809} INFO - DAG(s) dict_keys(['example_xcom_args', 'example_xcom_args_with_operators']) retrieved from /home/airflow/.local/lib/python3.7/site-packages/airflow/example_dags/example_xcomargs.py
[2023-05-06T21:04:49.559+0000] {logging_mixin.py:149} INFO - [2023-05-06T21:04:49.559+0000] {dag.py:2726} INFO - Sync 2 DAGs
[2023-05-06T21:04:49.598+0000] {logging_mixin.py:149} INFO - [2023-05-06T21:04:49.598+0000] {dag.py:3490} INFO - Setting next_dagrun for example_xcom_args to None, run_after=None
[2023-05-06T21:04:49.606+0000] {logging_mixin.py:149} INFO - [2023-05-06T21:04:49.605+0000] {dag.py:3490} INFO - Setting next_dagrun for example_xcom_args_with_operators to None, run_after=None
[2023-05-06T21:04:49.635+0000] {processor.py:178} INFO - Processing /home/airflow/.local/lib/python3.7/site-packages/airflow/example_dags/example_xcomargs.py took 0.132 seconds
[2023-05-06T21:05:19.896+0000] {processor.py:156} INFO - Started process (PID=4882) to work on /home/airflow/.local/lib/python3.7/site-packages/airflow/example_dags/example_xcomargs.py
[2023-05-06T21:05:19.898+0000] {processor.py:799} INFO - Processing file /home/airflow/.local/lib/python3.7/site-packages/airflow/example_dags/example_xcomargs.py for tasks to queue
[2023-05-06T21:05:19.899+0000] {logging_mixin.py:149} INFO - [2023-05-06T21:05:19.899+0000] {dagbag.py:541} INFO - Filling up the DagBag from /home/airflow/.local/lib/python3.7/site-packages/airflow/example_dags/example_xcomargs.py
[2023-05-06T21:05:19.909+0000] {processor.py:809} INFO - DAG(s) dict_keys(['example_xcom_args', 'example_xcom_args_with_operators']) retrieved from /home/airflow/.local/lib/python3.7/site-packages/airflow/example_dags/example_xcomargs.py
[2023-05-06T21:05:19.951+0000] {logging_mixin.py:149} INFO - [2023-05-06T21:05:19.951+0000] {dag.py:2726} INFO - Sync 2 DAGs
[2023-05-06T21:05:19.990+0000] {logging_mixin.py:149} INFO - [2023-05-06T21:05:19.990+0000] {dag.py:3490} INFO - Setting next_dagrun for example_xcom_args to None, run_after=None
[2023-05-06T21:05:19.997+0000] {logging_mixin.py:149} INFO - [2023-05-06T21:05:19.997+0000] {dag.py:3490} INFO - Setting next_dagrun for example_xcom_args_with_operators to None, run_after=None
[2023-05-06T21:05:20.027+0000] {processor.py:178} INFO - Processing /home/airflow/.local/lib/python3.7/site-packages/airflow/example_dags/example_xcomargs.py took 0.134 seconds
[2023-05-06T21:05:50.487+0000] {processor.py:156} INFO - Started process (PID=5120) to work on /home/airflow/.local/lib/python3.7/site-packages/airflow/example_dags/example_xcomargs.py
[2023-05-06T21:05:50.488+0000] {processor.py:799} INFO - Processing file /home/airflow/.local/lib/python3.7/site-packages/airflow/example_dags/example_xcomargs.py for tasks to queue
[2023-05-06T21:05:50.489+0000] {logging_mixin.py:149} INFO - [2023-05-06T21:05:50.489+0000] {dagbag.py:541} INFO - Filling up the DagBag from /home/airflow/.local/lib/python3.7/site-packages/airflow/example_dags/example_xcomargs.py
[2023-05-06T21:05:50.501+0000] {processor.py:809} INFO - DAG(s) dict_keys(['example_xcom_args', 'example_xcom_args_with_operators']) retrieved from /home/airflow/.local/lib/python3.7/site-packages/airflow/example_dags/example_xcomargs.py
[2023-05-06T21:05:50.544+0000] {logging_mixin.py:149} INFO - [2023-05-06T21:05:50.543+0000] {dag.py:2726} INFO - Sync 2 DAGs
[2023-05-06T21:05:50.592+0000] {logging_mixin.py:149} INFO - [2023-05-06T21:05:50.591+0000] {dag.py:3490} INFO - Setting next_dagrun for example_xcom_args to None, run_after=None
[2023-05-06T21:05:50.597+0000] {logging_mixin.py:149} INFO - [2023-05-06T21:05:50.597+0000] {dag.py:3490} INFO - Setting next_dagrun for example_xcom_args_with_operators to None, run_after=None
[2023-05-06T21:05:50.633+0000] {processor.py:178} INFO - Processing /home/airflow/.local/lib/python3.7/site-packages/airflow/example_dags/example_xcomargs.py took 0.151 seconds
[2023-05-06T21:06:21.003+0000] {processor.py:156} INFO - Started process (PID=5366) to work on /home/airflow/.local/lib/python3.7/site-packages/airflow/example_dags/example_xcomargs.py
[2023-05-06T21:06:21.005+0000] {processor.py:799} INFO - Processing file /home/airflow/.local/lib/python3.7/site-packages/airflow/example_dags/example_xcomargs.py for tasks to queue
[2023-05-06T21:06:21.007+0000] {logging_mixin.py:149} INFO - [2023-05-06T21:06:21.006+0000] {dagbag.py:541} INFO - Filling up the DagBag from /home/airflow/.local/lib/python3.7/site-packages/airflow/example_dags/example_xcomargs.py
[2023-05-06T21:06:21.016+0000] {processor.py:809} INFO - DAG(s) dict_keys(['example_xcom_args_with_operators', 'example_xcom_args']) retrieved from /home/airflow/.local/lib/python3.7/site-packages/airflow/example_dags/example_xcomargs.py
[2023-05-06T21:06:21.035+0000] {logging_mixin.py:149} INFO - [2023-05-06T21:06:21.035+0000] {dag.py:2726} INFO - Sync 2 DAGs
[2023-05-06T21:06:21.079+0000] {logging_mixin.py:149} INFO - [2023-05-06T21:06:21.079+0000] {dag.py:3490} INFO - Setting next_dagrun for example_xcom_args to None, run_after=None
[2023-05-06T21:06:21.086+0000] {logging_mixin.py:149} INFO - [2023-05-06T21:06:21.085+0000] {dag.py:3490} INFO - Setting next_dagrun for example_xcom_args_with_operators to None, run_after=None
[2023-05-06T21:06:21.112+0000] {processor.py:178} INFO - Processing /home/airflow/.local/lib/python3.7/site-packages/airflow/example_dags/example_xcomargs.py took 0.112 seconds
[2023-05-06T21:06:51.206+0000] {processor.py:156} INFO - Started process (PID=5604) to work on /home/airflow/.local/lib/python3.7/site-packages/airflow/example_dags/example_xcomargs.py
[2023-05-06T21:06:51.207+0000] {processor.py:799} INFO - Processing file /home/airflow/.local/lib/python3.7/site-packages/airflow/example_dags/example_xcomargs.py for tasks to queue
[2023-05-06T21:06:51.209+0000] {logging_mixin.py:149} INFO - [2023-05-06T21:06:51.209+0000] {dagbag.py:541} INFO - Filling up the DagBag from /home/airflow/.local/lib/python3.7/site-packages/airflow/example_dags/example_xcomargs.py
[2023-05-06T21:06:51.231+0000] {processor.py:809} INFO - DAG(s) dict_keys(['example_xcom_args_with_operators', 'example_xcom_args']) retrieved from /home/airflow/.local/lib/python3.7/site-packages/airflow/example_dags/example_xcomargs.py
[2023-05-06T21:06:51.288+0000] {logging_mixin.py:149} INFO - [2023-05-06T21:06:51.288+0000] {dag.py:2726} INFO - Sync 2 DAGs
[2023-05-06T21:06:51.339+0000] {logging_mixin.py:149} INFO - [2023-05-06T21:06:51.339+0000] {dag.py:3490} INFO - Setting next_dagrun for example_xcom_args to None, run_after=None
[2023-05-06T21:06:51.345+0000] {logging_mixin.py:149} INFO - [2023-05-06T21:06:51.345+0000] {dag.py:3490} INFO - Setting next_dagrun for example_xcom_args_with_operators to None, run_after=None
[2023-05-06T21:06:51.380+0000] {processor.py:178} INFO - Processing /home/airflow/.local/lib/python3.7/site-packages/airflow/example_dags/example_xcomargs.py took 0.178 seconds
[2023-05-06T21:07:21.480+0000] {processor.py:156} INFO - Started process (PID=5852) to work on /home/airflow/.local/lib/python3.7/site-packages/airflow/example_dags/example_xcomargs.py
[2023-05-06T21:07:21.481+0000] {processor.py:799} INFO - Processing file /home/airflow/.local/lib/python3.7/site-packages/airflow/example_dags/example_xcomargs.py for tasks to queue
[2023-05-06T21:07:21.483+0000] {logging_mixin.py:149} INFO - [2023-05-06T21:07:21.482+0000] {dagbag.py:541} INFO - Filling up the DagBag from /home/airflow/.local/lib/python3.7/site-packages/airflow/example_dags/example_xcomargs.py
[2023-05-06T21:07:21.492+0000] {processor.py:809} INFO - DAG(s) dict_keys(['example_xcom_args', 'example_xcom_args_with_operators']) retrieved from /home/airflow/.local/lib/python3.7/site-packages/airflow/example_dags/example_xcomargs.py
[2023-05-06T21:07:21.528+0000] {logging_mixin.py:149} INFO - [2023-05-06T21:07:21.528+0000] {dag.py:2726} INFO - Sync 2 DAGs
[2023-05-06T21:07:21.560+0000] {logging_mixin.py:149} INFO - [2023-05-06T21:07:21.560+0000] {dag.py:3490} INFO - Setting next_dagrun for example_xcom_args to None, run_after=None
[2023-05-06T21:07:21.566+0000] {logging_mixin.py:149} INFO - [2023-05-06T21:07:21.566+0000] {dag.py:3490} INFO - Setting next_dagrun for example_xcom_args_with_operators to None, run_after=None
[2023-05-06T21:07:21.588+0000] {processor.py:178} INFO - Processing /home/airflow/.local/lib/python3.7/site-packages/airflow/example_dags/example_xcomargs.py took 0.112 seconds
