[2023-05-06T20:55:32.335+0000] {processor.py:156} INFO - Started process (PID=347) to work on /home/airflow/.local/lib/python3.7/site-packages/airflow/example_dags/example_latest_only_with_trigger.py
[2023-05-06T20:55:32.338+0000] {processor.py:799} INFO - Processing file /home/airflow/.local/lib/python3.7/site-packages/airflow/example_dags/example_latest_only_with_trigger.py for tasks to queue
[2023-05-06T20:55:32.340+0000] {logging_mixin.py:149} INFO - [2023-05-06T20:55:32.340+0000] {dagbag.py:541} INFO - Filling up the DagBag from /home/airflow/.local/lib/python3.7/site-packages/airflow/example_dags/example_latest_only_with_trigger.py
[2023-05-06T20:55:32.359+0000] {processor.py:809} INFO - DAG(s) dict_keys(['latest_only_with_trigger']) retrieved from /home/airflow/.local/lib/python3.7/site-packages/airflow/example_dags/example_latest_only_with_trigger.py
[2023-05-06T20:55:32.376+0000] {logging_mixin.py:149} INFO - [2023-05-06T20:55:32.375+0000] {dag.py:2726} INFO - Sync 1 DAGs
[2023-05-06T20:55:32.422+0000] {logging_mixin.py:149} INFO - [2023-05-06T20:55:32.422+0000] {dag.py:3490} INFO - Setting next_dagrun for latest_only_with_trigger to 2023-05-06T16:55:32.421926+00:00, run_after=2023-05-06T20:55:32.421926+00:00
[2023-05-06T20:55:32.465+0000] {processor.py:178} INFO - Processing /home/airflow/.local/lib/python3.7/site-packages/airflow/example_dags/example_latest_only_with_trigger.py took 0.134 seconds
[2023-05-06T20:56:06.144+0000] {processor.py:156} INFO - Started process (PID=587) to work on /home/airflow/.local/lib/python3.7/site-packages/airflow/example_dags/example_latest_only_with_trigger.py
[2023-05-06T20:56:06.146+0000] {processor.py:799} INFO - Processing file /home/airflow/.local/lib/python3.7/site-packages/airflow/example_dags/example_latest_only_with_trigger.py for tasks to queue
[2023-05-06T20:56:06.148+0000] {logging_mixin.py:149} INFO - [2023-05-06T20:56:06.148+0000] {dagbag.py:541} INFO - Filling up the DagBag from /home/airflow/.local/lib/python3.7/site-packages/airflow/example_dags/example_latest_only_with_trigger.py
[2023-05-06T20:56:06.154+0000] {processor.py:809} INFO - DAG(s) dict_keys(['latest_only_with_trigger']) retrieved from /home/airflow/.local/lib/python3.7/site-packages/airflow/example_dags/example_latest_only_with_trigger.py
[2023-05-06T20:56:06.193+0000] {logging_mixin.py:149} INFO - [2023-05-06T20:56:06.192+0000] {dag.py:2726} INFO - Sync 1 DAGs
[2023-05-06T20:56:06.403+0000] {logging_mixin.py:149} INFO - [2023-05-06T20:56:06.403+0000] {dag.py:3490} INFO - Setting next_dagrun for latest_only_with_trigger to 2023-05-06T16:56:06.403247+00:00, run_after=2023-05-06T20:56:06.403247+00:00
[2023-05-06T20:56:06.433+0000] {processor.py:178} INFO - Processing /home/airflow/.local/lib/python3.7/site-packages/airflow/example_dags/example_latest_only_with_trigger.py took 0.294 seconds
[2023-05-06T20:56:37.166+0000] {processor.py:156} INFO - Started process (PID=823) to work on /home/airflow/.local/lib/python3.7/site-packages/airflow/example_dags/example_latest_only_with_trigger.py
[2023-05-06T20:56:37.169+0000] {processor.py:799} INFO - Processing file /home/airflow/.local/lib/python3.7/site-packages/airflow/example_dags/example_latest_only_with_trigger.py for tasks to queue
[2023-05-06T20:56:37.171+0000] {logging_mixin.py:149} INFO - [2023-05-06T20:56:37.170+0000] {dagbag.py:541} INFO - Filling up the DagBag from /home/airflow/.local/lib/python3.7/site-packages/airflow/example_dags/example_latest_only_with_trigger.py
[2023-05-06T20:56:37.359+0000] {processor.py:809} INFO - DAG(s) dict_keys(['latest_only_with_trigger']) retrieved from /home/airflow/.local/lib/python3.7/site-packages/airflow/example_dags/example_latest_only_with_trigger.py
[2023-05-06T20:56:37.395+0000] {logging_mixin.py:149} INFO - [2023-05-06T20:56:37.395+0000] {dag.py:2726} INFO - Sync 1 DAGs
[2023-05-06T20:56:37.427+0000] {logging_mixin.py:149} INFO - [2023-05-06T20:56:37.427+0000] {dag.py:3490} INFO - Setting next_dagrun for latest_only_with_trigger to 2023-05-06T16:56:37.427315+00:00, run_after=2023-05-06T20:56:37.427315+00:00
[2023-05-06T20:56:37.458+0000] {processor.py:178} INFO - Processing /home/airflow/.local/lib/python3.7/site-packages/airflow/example_dags/example_latest_only_with_trigger.py took 0.300 seconds
[2023-05-06T20:57:07.533+0000] {processor.py:156} INFO - Started process (PID=1063) to work on /home/airflow/.local/lib/python3.7/site-packages/airflow/example_dags/example_latest_only_with_trigger.py
[2023-05-06T20:57:07.534+0000] {processor.py:799} INFO - Processing file /home/airflow/.local/lib/python3.7/site-packages/airflow/example_dags/example_latest_only_with_trigger.py for tasks to queue
[2023-05-06T20:57:07.536+0000] {logging_mixin.py:149} INFO - [2023-05-06T20:57:07.536+0000] {dagbag.py:541} INFO - Filling up the DagBag from /home/airflow/.local/lib/python3.7/site-packages/airflow/example_dags/example_latest_only_with_trigger.py
[2023-05-06T20:57:07.543+0000] {processor.py:809} INFO - DAG(s) dict_keys(['latest_only_with_trigger']) retrieved from /home/airflow/.local/lib/python3.7/site-packages/airflow/example_dags/example_latest_only_with_trigger.py
[2023-05-06T20:57:07.575+0000] {logging_mixin.py:149} INFO - [2023-05-06T20:57:07.575+0000] {dag.py:2726} INFO - Sync 1 DAGs
[2023-05-06T20:57:07.609+0000] {logging_mixin.py:149} INFO - [2023-05-06T20:57:07.608+0000] {dag.py:3490} INFO - Setting next_dagrun for latest_only_with_trigger to 2023-05-06T16:57:07.608553+00:00, run_after=2023-05-06T20:57:07.608553+00:00
[2023-05-06T20:57:07.635+0000] {processor.py:178} INFO - Processing /home/airflow/.local/lib/python3.7/site-packages/airflow/example_dags/example_latest_only_with_trigger.py took 0.105 seconds
[2023-05-06T20:57:38.075+0000] {processor.py:156} INFO - Started process (PID=1299) to work on /home/airflow/.local/lib/python3.7/site-packages/airflow/example_dags/example_latest_only_with_trigger.py
[2023-05-06T20:57:38.078+0000] {processor.py:799} INFO - Processing file /home/airflow/.local/lib/python3.7/site-packages/airflow/example_dags/example_latest_only_with_trigger.py for tasks to queue
[2023-05-06T20:57:38.080+0000] {logging_mixin.py:149} INFO - [2023-05-06T20:57:38.080+0000] {dagbag.py:541} INFO - Filling up the DagBag from /home/airflow/.local/lib/python3.7/site-packages/airflow/example_dags/example_latest_only_with_trigger.py
[2023-05-06T20:57:38.094+0000] {processor.py:809} INFO - DAG(s) dict_keys(['latest_only_with_trigger']) retrieved from /home/airflow/.local/lib/python3.7/site-packages/airflow/example_dags/example_latest_only_with_trigger.py
[2023-05-06T20:57:38.124+0000] {logging_mixin.py:149} INFO - [2023-05-06T20:57:38.124+0000] {dag.py:2726} INFO - Sync 1 DAGs
[2023-05-06T20:57:38.165+0000] {logging_mixin.py:149} INFO - [2023-05-06T20:57:38.164+0000] {dag.py:3490} INFO - Setting next_dagrun for latest_only_with_trigger to 2023-05-06T16:57:38.164567+00:00, run_after=2023-05-06T20:57:38.164567+00:00
[2023-05-06T20:57:38.195+0000] {processor.py:178} INFO - Processing /home/airflow/.local/lib/python3.7/site-packages/airflow/example_dags/example_latest_only_with_trigger.py took 0.136 seconds
[2023-05-06T20:58:08.557+0000] {processor.py:156} INFO - Started process (PID=1539) to work on /home/airflow/.local/lib/python3.7/site-packages/airflow/example_dags/example_latest_only_with_trigger.py
[2023-05-06T20:58:08.559+0000] {processor.py:799} INFO - Processing file /home/airflow/.local/lib/python3.7/site-packages/airflow/example_dags/example_latest_only_with_trigger.py for tasks to queue
[2023-05-06T20:58:08.560+0000] {logging_mixin.py:149} INFO - [2023-05-06T20:58:08.560+0000] {dagbag.py:541} INFO - Filling up the DagBag from /home/airflow/.local/lib/python3.7/site-packages/airflow/example_dags/example_latest_only_with_trigger.py
[2023-05-06T20:58:08.574+0000] {processor.py:809} INFO - DAG(s) dict_keys(['latest_only_with_trigger']) retrieved from /home/airflow/.local/lib/python3.7/site-packages/airflow/example_dags/example_latest_only_with_trigger.py
[2023-05-06T20:58:08.603+0000] {logging_mixin.py:149} INFO - [2023-05-06T20:58:08.603+0000] {dag.py:2726} INFO - Sync 1 DAGs
[2023-05-06T20:58:08.639+0000] {logging_mixin.py:149} INFO - [2023-05-06T20:58:08.639+0000] {dag.py:3490} INFO - Setting next_dagrun for latest_only_with_trigger to 2023-05-06T16:58:08.638906+00:00, run_after=2023-05-06T20:58:08.638906+00:00
[2023-05-06T20:58:08.669+0000] {processor.py:178} INFO - Processing /home/airflow/.local/lib/python3.7/site-packages/airflow/example_dags/example_latest_only_with_trigger.py took 0.117 seconds
[2023-05-06T20:58:39.489+0000] {processor.py:156} INFO - Started process (PID=1776) to work on /home/airflow/.local/lib/python3.7/site-packages/airflow/example_dags/example_latest_only_with_trigger.py
[2023-05-06T20:58:39.490+0000] {processor.py:799} INFO - Processing file /home/airflow/.local/lib/python3.7/site-packages/airflow/example_dags/example_latest_only_with_trigger.py for tasks to queue
[2023-05-06T20:58:39.492+0000] {logging_mixin.py:149} INFO - [2023-05-06T20:58:39.492+0000] {dagbag.py:541} INFO - Filling up the DagBag from /home/airflow/.local/lib/python3.7/site-packages/airflow/example_dags/example_latest_only_with_trigger.py
[2023-05-06T20:58:39.500+0000] {processor.py:809} INFO - DAG(s) dict_keys(['latest_only_with_trigger']) retrieved from /home/airflow/.local/lib/python3.7/site-packages/airflow/example_dags/example_latest_only_with_trigger.py
[2023-05-06T20:58:39.538+0000] {logging_mixin.py:149} INFO - [2023-05-06T20:58:39.537+0000] {dag.py:2726} INFO - Sync 1 DAGs
[2023-05-06T20:58:39.574+0000] {logging_mixin.py:149} INFO - [2023-05-06T20:58:39.573+0000] {dag.py:3490} INFO - Setting next_dagrun for latest_only_with_trigger to 2023-05-06T16:58:39.573664+00:00, run_after=2023-05-06T20:58:39.573664+00:00
[2023-05-06T20:58:39.606+0000] {processor.py:178} INFO - Processing /home/airflow/.local/lib/python3.7/site-packages/airflow/example_dags/example_latest_only_with_trigger.py took 0.121 seconds
[2023-05-06T20:59:10.562+0000] {processor.py:156} INFO - Started process (PID=2014) to work on /home/airflow/.local/lib/python3.7/site-packages/airflow/example_dags/example_latest_only_with_trigger.py
[2023-05-06T20:59:10.565+0000] {processor.py:799} INFO - Processing file /home/airflow/.local/lib/python3.7/site-packages/airflow/example_dags/example_latest_only_with_trigger.py for tasks to queue
[2023-05-06T20:59:10.567+0000] {logging_mixin.py:149} INFO - [2023-05-06T20:59:10.567+0000] {dagbag.py:541} INFO - Filling up the DagBag from /home/airflow/.local/lib/python3.7/site-packages/airflow/example_dags/example_latest_only_with_trigger.py
[2023-05-06T20:59:10.576+0000] {processor.py:809} INFO - DAG(s) dict_keys(['latest_only_with_trigger']) retrieved from /home/airflow/.local/lib/python3.7/site-packages/airflow/example_dags/example_latest_only_with_trigger.py
[2023-05-06T20:59:10.620+0000] {logging_mixin.py:149} INFO - [2023-05-06T20:59:10.619+0000] {dag.py:2726} INFO - Sync 1 DAGs
[2023-05-06T20:59:10.660+0000] {logging_mixin.py:149} INFO - [2023-05-06T20:59:10.660+0000] {dag.py:3490} INFO - Setting next_dagrun for latest_only_with_trigger to 2023-05-06T16:59:10.660090+00:00, run_after=2023-05-06T20:59:10.660090+00:00
[2023-05-06T20:59:10.687+0000] {processor.py:178} INFO - Processing /home/airflow/.local/lib/python3.7/site-packages/airflow/example_dags/example_latest_only_with_trigger.py took 0.129 seconds
[2023-05-06T20:59:41.483+0000] {processor.py:156} INFO - Started process (PID=2252) to work on /home/airflow/.local/lib/python3.7/site-packages/airflow/example_dags/example_latest_only_with_trigger.py
[2023-05-06T20:59:41.486+0000] {processor.py:799} INFO - Processing file /home/airflow/.local/lib/python3.7/site-packages/airflow/example_dags/example_latest_only_with_trigger.py for tasks to queue
[2023-05-06T20:59:41.488+0000] {logging_mixin.py:149} INFO - [2023-05-06T20:59:41.488+0000] {dagbag.py:541} INFO - Filling up the DagBag from /home/airflow/.local/lib/python3.7/site-packages/airflow/example_dags/example_latest_only_with_trigger.py
[2023-05-06T20:59:41.498+0000] {processor.py:809} INFO - DAG(s) dict_keys(['latest_only_with_trigger']) retrieved from /home/airflow/.local/lib/python3.7/site-packages/airflow/example_dags/example_latest_only_with_trigger.py
[2023-05-06T20:59:41.540+0000] {logging_mixin.py:149} INFO - [2023-05-06T20:59:41.539+0000] {dag.py:2726} INFO - Sync 1 DAGs
[2023-05-06T20:59:41.590+0000] {logging_mixin.py:149} INFO - [2023-05-06T20:59:41.590+0000] {dag.py:3490} INFO - Setting next_dagrun for latest_only_with_trigger to 2023-05-06T16:59:41.590391+00:00, run_after=2023-05-06T20:59:41.590391+00:00
[2023-05-06T20:59:41.623+0000] {processor.py:178} INFO - Processing /home/airflow/.local/lib/python3.7/site-packages/airflow/example_dags/example_latest_only_with_trigger.py took 0.143 seconds
[2023-05-06T21:00:11.694+0000] {processor.py:156} INFO - Started process (PID=2492) to work on /home/airflow/.local/lib/python3.7/site-packages/airflow/example_dags/example_latest_only_with_trigger.py
[2023-05-06T21:00:11.696+0000] {processor.py:799} INFO - Processing file /home/airflow/.local/lib/python3.7/site-packages/airflow/example_dags/example_latest_only_with_trigger.py for tasks to queue
[2023-05-06T21:00:11.698+0000] {logging_mixin.py:149} INFO - [2023-05-06T21:00:11.697+0000] {dagbag.py:541} INFO - Filling up the DagBag from /home/airflow/.local/lib/python3.7/site-packages/airflow/example_dags/example_latest_only_with_trigger.py
[2023-05-06T21:00:11.705+0000] {processor.py:809} INFO - DAG(s) dict_keys(['latest_only_with_trigger']) retrieved from /home/airflow/.local/lib/python3.7/site-packages/airflow/example_dags/example_latest_only_with_trigger.py
[2023-05-06T21:00:11.721+0000] {logging_mixin.py:149} INFO - [2023-05-06T21:00:11.721+0000] {dag.py:2726} INFO - Sync 1 DAGs
[2023-05-06T21:00:11.757+0000] {logging_mixin.py:149} INFO - [2023-05-06T21:00:11.757+0000] {dag.py:3490} INFO - Setting next_dagrun for latest_only_with_trigger to 2023-05-06T17:00:11.757334+00:00, run_after=2023-05-06T21:00:11.757334+00:00
[2023-05-06T21:00:11.786+0000] {processor.py:178} INFO - Processing /home/airflow/.local/lib/python3.7/site-packages/airflow/example_dags/example_latest_only_with_trigger.py took 0.095 seconds
[2023-05-06T21:00:42.354+0000] {processor.py:156} INFO - Started process (PID=2728) to work on /home/airflow/.local/lib/python3.7/site-packages/airflow/example_dags/example_latest_only_with_trigger.py
[2023-05-06T21:00:42.357+0000] {processor.py:799} INFO - Processing file /home/airflow/.local/lib/python3.7/site-packages/airflow/example_dags/example_latest_only_with_trigger.py for tasks to queue
[2023-05-06T21:00:42.359+0000] {logging_mixin.py:149} INFO - [2023-05-06T21:00:42.358+0000] {dagbag.py:541} INFO - Filling up the DagBag from /home/airflow/.local/lib/python3.7/site-packages/airflow/example_dags/example_latest_only_with_trigger.py
[2023-05-06T21:00:42.369+0000] {processor.py:809} INFO - DAG(s) dict_keys(['latest_only_with_trigger']) retrieved from /home/airflow/.local/lib/python3.7/site-packages/airflow/example_dags/example_latest_only_with_trigger.py
[2023-05-06T21:00:42.404+0000] {logging_mixin.py:149} INFO - [2023-05-06T21:00:42.404+0000] {dag.py:2726} INFO - Sync 1 DAGs
[2023-05-06T21:00:42.443+0000] {logging_mixin.py:149} INFO - [2023-05-06T21:00:42.443+0000] {dag.py:3490} INFO - Setting next_dagrun for latest_only_with_trigger to 2023-05-06T17:00:42.443276+00:00, run_after=2023-05-06T21:00:42.443276+00:00
[2023-05-06T21:00:42.473+0000] {processor.py:178} INFO - Processing /home/airflow/.local/lib/python3.7/site-packages/airflow/example_dags/example_latest_only_with_trigger.py took 0.123 seconds
[2023-05-06T21:01:12.761+0000] {processor.py:156} INFO - Started process (PID=2966) to work on /home/airflow/.local/lib/python3.7/site-packages/airflow/example_dags/example_latest_only_with_trigger.py
[2023-05-06T21:01:12.764+0000] {processor.py:799} INFO - Processing file /home/airflow/.local/lib/python3.7/site-packages/airflow/example_dags/example_latest_only_with_trigger.py for tasks to queue
[2023-05-06T21:01:12.765+0000] {logging_mixin.py:149} INFO - [2023-05-06T21:01:12.765+0000] {dagbag.py:541} INFO - Filling up the DagBag from /home/airflow/.local/lib/python3.7/site-packages/airflow/example_dags/example_latest_only_with_trigger.py
[2023-05-06T21:01:12.773+0000] {processor.py:809} INFO - DAG(s) dict_keys(['latest_only_with_trigger']) retrieved from /home/airflow/.local/lib/python3.7/site-packages/airflow/example_dags/example_latest_only_with_trigger.py
[2023-05-06T21:01:12.809+0000] {logging_mixin.py:149} INFO - [2023-05-06T21:01:12.809+0000] {dag.py:2726} INFO - Sync 1 DAGs
[2023-05-06T21:01:12.850+0000] {logging_mixin.py:149} INFO - [2023-05-06T21:01:12.850+0000] {dag.py:3490} INFO - Setting next_dagrun for latest_only_with_trigger to 2023-05-06T17:01:12.849686+00:00, run_after=2023-05-06T21:01:12.849686+00:00
[2023-05-06T21:01:12.882+0000] {processor.py:178} INFO - Processing /home/airflow/.local/lib/python3.7/site-packages/airflow/example_dags/example_latest_only_with_trigger.py took 0.125 seconds
[2023-05-06T21:01:43.389+0000] {processor.py:156} INFO - Started process (PID=3206) to work on /home/airflow/.local/lib/python3.7/site-packages/airflow/example_dags/example_latest_only_with_trigger.py
[2023-05-06T21:01:43.391+0000] {processor.py:799} INFO - Processing file /home/airflow/.local/lib/python3.7/site-packages/airflow/example_dags/example_latest_only_with_trigger.py for tasks to queue
[2023-05-06T21:01:43.393+0000] {logging_mixin.py:149} INFO - [2023-05-06T21:01:43.393+0000] {dagbag.py:541} INFO - Filling up the DagBag from /home/airflow/.local/lib/python3.7/site-packages/airflow/example_dags/example_latest_only_with_trigger.py
[2023-05-06T21:01:43.403+0000] {processor.py:809} INFO - DAG(s) dict_keys(['latest_only_with_trigger']) retrieved from /home/airflow/.local/lib/python3.7/site-packages/airflow/example_dags/example_latest_only_with_trigger.py
[2023-05-06T21:01:43.436+0000] {logging_mixin.py:149} INFO - [2023-05-06T21:01:43.436+0000] {dag.py:2726} INFO - Sync 1 DAGs
[2023-05-06T21:01:43.471+0000] {logging_mixin.py:149} INFO - [2023-05-06T21:01:43.471+0000] {dag.py:3490} INFO - Setting next_dagrun for latest_only_with_trigger to 2023-05-06T17:01:43.471511+00:00, run_after=2023-05-06T21:01:43.471511+00:00
[2023-05-06T21:01:43.497+0000] {processor.py:178} INFO - Processing /home/airflow/.local/lib/python3.7/site-packages/airflow/example_dags/example_latest_only_with_trigger.py took 0.112 seconds
[2023-05-06T21:02:13.612+0000] {processor.py:156} INFO - Started process (PID=3442) to work on /home/airflow/.local/lib/python3.7/site-packages/airflow/example_dags/example_latest_only_with_trigger.py
[2023-05-06T21:02:13.614+0000] {processor.py:799} INFO - Processing file /home/airflow/.local/lib/python3.7/site-packages/airflow/example_dags/example_latest_only_with_trigger.py for tasks to queue
[2023-05-06T21:02:13.615+0000] {logging_mixin.py:149} INFO - [2023-05-06T21:02:13.615+0000] {dagbag.py:541} INFO - Filling up the DagBag from /home/airflow/.local/lib/python3.7/site-packages/airflow/example_dags/example_latest_only_with_trigger.py
[2023-05-06T21:02:13.623+0000] {processor.py:809} INFO - DAG(s) dict_keys(['latest_only_with_trigger']) retrieved from /home/airflow/.local/lib/python3.7/site-packages/airflow/example_dags/example_latest_only_with_trigger.py
[2023-05-06T21:02:13.657+0000] {logging_mixin.py:149} INFO - [2023-05-06T21:02:13.657+0000] {dag.py:2726} INFO - Sync 1 DAGs
[2023-05-06T21:02:13.703+0000] {logging_mixin.py:149} INFO - [2023-05-06T21:02:13.703+0000] {dag.py:3490} INFO - Setting next_dagrun for latest_only_with_trigger to 2023-05-06T17:02:13.703317+00:00, run_after=2023-05-06T21:02:13.703317+00:00
[2023-05-06T21:02:13.740+0000] {processor.py:178} INFO - Processing /home/airflow/.local/lib/python3.7/site-packages/airflow/example_dags/example_latest_only_with_trigger.py took 0.132 seconds
[2023-05-06T21:02:44.067+0000] {processor.py:156} INFO - Started process (PID=3680) to work on /home/airflow/.local/lib/python3.7/site-packages/airflow/example_dags/example_latest_only_with_trigger.py
[2023-05-06T21:02:44.068+0000] {processor.py:799} INFO - Processing file /home/airflow/.local/lib/python3.7/site-packages/airflow/example_dags/example_latest_only_with_trigger.py for tasks to queue
[2023-05-06T21:02:44.070+0000] {logging_mixin.py:149} INFO - [2023-05-06T21:02:44.070+0000] {dagbag.py:541} INFO - Filling up the DagBag from /home/airflow/.local/lib/python3.7/site-packages/airflow/example_dags/example_latest_only_with_trigger.py
[2023-05-06T21:02:44.079+0000] {processor.py:809} INFO - DAG(s) dict_keys(['latest_only_with_trigger']) retrieved from /home/airflow/.local/lib/python3.7/site-packages/airflow/example_dags/example_latest_only_with_trigger.py
[2023-05-06T21:02:44.119+0000] {logging_mixin.py:149} INFO - [2023-05-06T21:02:44.119+0000] {dag.py:2726} INFO - Sync 1 DAGs
[2023-05-06T21:02:44.158+0000] {logging_mixin.py:149} INFO - [2023-05-06T21:02:44.158+0000] {dag.py:3490} INFO - Setting next_dagrun for latest_only_with_trigger to 2023-05-06T17:02:44.158123+00:00, run_after=2023-05-06T21:02:44.158123+00:00
[2023-05-06T21:02:44.186+0000] {processor.py:178} INFO - Processing /home/airflow/.local/lib/python3.7/site-packages/airflow/example_dags/example_latest_only_with_trigger.py took 0.123 seconds
[2023-05-06T21:03:14.906+0000] {processor.py:156} INFO - Started process (PID=3918) to work on /home/airflow/.local/lib/python3.7/site-packages/airflow/example_dags/example_latest_only_with_trigger.py
[2023-05-06T21:03:14.908+0000] {processor.py:799} INFO - Processing file /home/airflow/.local/lib/python3.7/site-packages/airflow/example_dags/example_latest_only_with_trigger.py for tasks to queue
[2023-05-06T21:03:14.909+0000] {logging_mixin.py:149} INFO - [2023-05-06T21:03:14.909+0000] {dagbag.py:541} INFO - Filling up the DagBag from /home/airflow/.local/lib/python3.7/site-packages/airflow/example_dags/example_latest_only_with_trigger.py
[2023-05-06T21:03:14.916+0000] {processor.py:809} INFO - DAG(s) dict_keys(['latest_only_with_trigger']) retrieved from /home/airflow/.local/lib/python3.7/site-packages/airflow/example_dags/example_latest_only_with_trigger.py
[2023-05-06T21:03:14.969+0000] {logging_mixin.py:149} INFO - [2023-05-06T21:03:14.968+0000] {dag.py:2726} INFO - Sync 1 DAGs
[2023-05-06T21:03:15.019+0000] {logging_mixin.py:149} INFO - [2023-05-06T21:03:15.019+0000] {dag.py:3490} INFO - Setting next_dagrun for latest_only_with_trigger to 2023-05-06T17:03:15.019023+00:00, run_after=2023-05-06T21:03:15.019023+00:00
[2023-05-06T21:03:15.052+0000] {processor.py:178} INFO - Processing /home/airflow/.local/lib/python3.7/site-packages/airflow/example_dags/example_latest_only_with_trigger.py took 0.152 seconds
[2023-05-06T21:03:45.626+0000] {processor.py:156} INFO - Started process (PID=4156) to work on /home/airflow/.local/lib/python3.7/site-packages/airflow/example_dags/example_latest_only_with_trigger.py
[2023-05-06T21:03:45.627+0000] {processor.py:799} INFO - Processing file /home/airflow/.local/lib/python3.7/site-packages/airflow/example_dags/example_latest_only_with_trigger.py for tasks to queue
[2023-05-06T21:03:45.629+0000] {logging_mixin.py:149} INFO - [2023-05-06T21:03:45.629+0000] {dagbag.py:541} INFO - Filling up the DagBag from /home/airflow/.local/lib/python3.7/site-packages/airflow/example_dags/example_latest_only_with_trigger.py
[2023-05-06T21:03:45.638+0000] {processor.py:809} INFO - DAG(s) dict_keys(['latest_only_with_trigger']) retrieved from /home/airflow/.local/lib/python3.7/site-packages/airflow/example_dags/example_latest_only_with_trigger.py
[2023-05-06T21:03:45.679+0000] {logging_mixin.py:149} INFO - [2023-05-06T21:03:45.679+0000] {dag.py:2726} INFO - Sync 1 DAGs
[2023-05-06T21:03:45.724+0000] {logging_mixin.py:149} INFO - [2023-05-06T21:03:45.724+0000] {dag.py:3490} INFO - Setting next_dagrun for latest_only_with_trigger to 2023-05-06T17:03:45.723978+00:00, run_after=2023-05-06T21:03:45.723978+00:00
[2023-05-06T21:03:45.760+0000] {processor.py:178} INFO - Processing /home/airflow/.local/lib/python3.7/site-packages/airflow/example_dags/example_latest_only_with_trigger.py took 0.137 seconds
[2023-05-06T21:04:16.526+0000] {processor.py:156} INFO - Started process (PID=4394) to work on /home/airflow/.local/lib/python3.7/site-packages/airflow/example_dags/example_latest_only_with_trigger.py
[2023-05-06T21:04:16.527+0000] {processor.py:799} INFO - Processing file /home/airflow/.local/lib/python3.7/site-packages/airflow/example_dags/example_latest_only_with_trigger.py for tasks to queue
[2023-05-06T21:04:16.531+0000] {logging_mixin.py:149} INFO - [2023-05-06T21:04:16.531+0000] {dagbag.py:541} INFO - Filling up the DagBag from /home/airflow/.local/lib/python3.7/site-packages/airflow/example_dags/example_latest_only_with_trigger.py
[2023-05-06T21:04:16.540+0000] {processor.py:809} INFO - DAG(s) dict_keys(['latest_only_with_trigger']) retrieved from /home/airflow/.local/lib/python3.7/site-packages/airflow/example_dags/example_latest_only_with_trigger.py
[2023-05-06T21:04:16.579+0000] {logging_mixin.py:149} INFO - [2023-05-06T21:04:16.579+0000] {dag.py:2726} INFO - Sync 1 DAGs
[2023-05-06T21:04:16.617+0000] {logging_mixin.py:149} INFO - [2023-05-06T21:04:16.617+0000] {dag.py:3490} INFO - Setting next_dagrun for latest_only_with_trigger to 2023-05-06T17:04:16.616787+00:00, run_after=2023-05-06T21:04:16.616787+00:00
[2023-05-06T21:04:16.645+0000] {processor.py:178} INFO - Processing /home/airflow/.local/lib/python3.7/site-packages/airflow/example_dags/example_latest_only_with_trigger.py took 0.123 seconds
[2023-05-06T21:04:47.323+0000] {processor.py:156} INFO - Started process (PID=4632) to work on /home/airflow/.local/lib/python3.7/site-packages/airflow/example_dags/example_latest_only_with_trigger.py
[2023-05-06T21:04:47.325+0000] {processor.py:799} INFO - Processing file /home/airflow/.local/lib/python3.7/site-packages/airflow/example_dags/example_latest_only_with_trigger.py for tasks to queue
[2023-05-06T21:04:47.326+0000] {logging_mixin.py:149} INFO - [2023-05-06T21:04:47.326+0000] {dagbag.py:541} INFO - Filling up the DagBag from /home/airflow/.local/lib/python3.7/site-packages/airflow/example_dags/example_latest_only_with_trigger.py
[2023-05-06T21:04:47.334+0000] {processor.py:809} INFO - DAG(s) dict_keys(['latest_only_with_trigger']) retrieved from /home/airflow/.local/lib/python3.7/site-packages/airflow/example_dags/example_latest_only_with_trigger.py
[2023-05-06T21:04:47.372+0000] {logging_mixin.py:149} INFO - [2023-05-06T21:04:47.372+0000] {dag.py:2726} INFO - Sync 1 DAGs
[2023-05-06T21:04:47.413+0000] {logging_mixin.py:149} INFO - [2023-05-06T21:04:47.413+0000] {dag.py:3490} INFO - Setting next_dagrun for latest_only_with_trigger to 2023-05-06T17:04:47.413054+00:00, run_after=2023-05-06T21:04:47.413054+00:00
[2023-05-06T21:04:47.451+0000] {processor.py:178} INFO - Processing /home/airflow/.local/lib/python3.7/site-packages/airflow/example_dags/example_latest_only_with_trigger.py took 0.132 seconds
[2023-05-06T21:05:17.713+0000] {processor.py:156} INFO - Started process (PID=4870) to work on /home/airflow/.local/lib/python3.7/site-packages/airflow/example_dags/example_latest_only_with_trigger.py
[2023-05-06T21:05:17.715+0000] {processor.py:799} INFO - Processing file /home/airflow/.local/lib/python3.7/site-packages/airflow/example_dags/example_latest_only_with_trigger.py for tasks to queue
[2023-05-06T21:05:17.718+0000] {logging_mixin.py:149} INFO - [2023-05-06T21:05:17.717+0000] {dagbag.py:541} INFO - Filling up the DagBag from /home/airflow/.local/lib/python3.7/site-packages/airflow/example_dags/example_latest_only_with_trigger.py
[2023-05-06T21:05:17.735+0000] {processor.py:809} INFO - DAG(s) dict_keys(['latest_only_with_trigger']) retrieved from /home/airflow/.local/lib/python3.7/site-packages/airflow/example_dags/example_latest_only_with_trigger.py
[2023-05-06T21:05:17.766+0000] {logging_mixin.py:149} INFO - [2023-05-06T21:05:17.766+0000] {dag.py:2726} INFO - Sync 1 DAGs
[2023-05-06T21:05:17.808+0000] {logging_mixin.py:149} INFO - [2023-05-06T21:05:17.808+0000] {dag.py:3490} INFO - Setting next_dagrun for latest_only_with_trigger to 2023-05-06T17:05:17.808062+00:00, run_after=2023-05-06T21:05:17.808062+00:00
[2023-05-06T21:05:17.838+0000] {processor.py:178} INFO - Processing /home/airflow/.local/lib/python3.7/site-packages/airflow/example_dags/example_latest_only_with_trigger.py took 0.129 seconds
[2023-05-06T21:05:48.319+0000] {processor.py:156} INFO - Started process (PID=5108) to work on /home/airflow/.local/lib/python3.7/site-packages/airflow/example_dags/example_latest_only_with_trigger.py
[2023-05-06T21:05:48.322+0000] {processor.py:799} INFO - Processing file /home/airflow/.local/lib/python3.7/site-packages/airflow/example_dags/example_latest_only_with_trigger.py for tasks to queue
[2023-05-06T21:05:48.323+0000] {logging_mixin.py:149} INFO - [2023-05-06T21:05:48.323+0000] {dagbag.py:541} INFO - Filling up the DagBag from /home/airflow/.local/lib/python3.7/site-packages/airflow/example_dags/example_latest_only_with_trigger.py
[2023-05-06T21:05:48.330+0000] {processor.py:809} INFO - DAG(s) dict_keys(['latest_only_with_trigger']) retrieved from /home/airflow/.local/lib/python3.7/site-packages/airflow/example_dags/example_latest_only_with_trigger.py
[2023-05-06T21:05:48.365+0000] {logging_mixin.py:149} INFO - [2023-05-06T21:05:48.365+0000] {dag.py:2726} INFO - Sync 1 DAGs
[2023-05-06T21:05:48.401+0000] {logging_mixin.py:149} INFO - [2023-05-06T21:05:48.401+0000] {dag.py:3490} INFO - Setting next_dagrun for latest_only_with_trigger to 2023-05-06T17:05:48.401336+00:00, run_after=2023-05-06T21:05:48.401336+00:00
[2023-05-06T21:05:48.431+0000] {processor.py:178} INFO - Processing /home/airflow/.local/lib/python3.7/site-packages/airflow/example_dags/example_latest_only_with_trigger.py took 0.116 seconds
[2023-05-06T21:06:18.978+0000] {processor.py:156} INFO - Started process (PID=5348) to work on /home/airflow/.local/lib/python3.7/site-packages/airflow/example_dags/example_latest_only_with_trigger.py
[2023-05-06T21:06:18.980+0000] {processor.py:799} INFO - Processing file /home/airflow/.local/lib/python3.7/site-packages/airflow/example_dags/example_latest_only_with_trigger.py for tasks to queue
[2023-05-06T21:06:18.982+0000] {logging_mixin.py:149} INFO - [2023-05-06T21:06:18.982+0000] {dagbag.py:541} INFO - Filling up the DagBag from /home/airflow/.local/lib/python3.7/site-packages/airflow/example_dags/example_latest_only_with_trigger.py
[2023-05-06T21:06:18.991+0000] {processor.py:809} INFO - DAG(s) dict_keys(['latest_only_with_trigger']) retrieved from /home/airflow/.local/lib/python3.7/site-packages/airflow/example_dags/example_latest_only_with_trigger.py
[2023-05-06T21:06:19.011+0000] {logging_mixin.py:149} INFO - [2023-05-06T21:06:19.011+0000] {dag.py:2726} INFO - Sync 1 DAGs
[2023-05-06T21:06:19.050+0000] {logging_mixin.py:149} INFO - [2023-05-06T21:06:19.050+0000] {dag.py:3490} INFO - Setting next_dagrun for latest_only_with_trigger to 2023-05-06T17:06:19.049797+00:00, run_after=2023-05-06T21:06:19.049797+00:00
[2023-05-06T21:06:19.093+0000] {processor.py:178} INFO - Processing /home/airflow/.local/lib/python3.7/site-packages/airflow/example_dags/example_latest_only_with_trigger.py took 0.119 seconds
[2023-05-06T21:06:49.818+0000] {processor.py:156} INFO - Started process (PID=5585) to work on /home/airflow/.local/lib/python3.7/site-packages/airflow/example_dags/example_latest_only_with_trigger.py
[2023-05-06T21:06:49.820+0000] {processor.py:799} INFO - Processing file /home/airflow/.local/lib/python3.7/site-packages/airflow/example_dags/example_latest_only_with_trigger.py for tasks to queue
[2023-05-06T21:06:49.822+0000] {logging_mixin.py:149} INFO - [2023-05-06T21:06:49.822+0000] {dagbag.py:541} INFO - Filling up the DagBag from /home/airflow/.local/lib/python3.7/site-packages/airflow/example_dags/example_latest_only_with_trigger.py
[2023-05-06T21:06:49.832+0000] {processor.py:809} INFO - DAG(s) dict_keys(['latest_only_with_trigger']) retrieved from /home/airflow/.local/lib/python3.7/site-packages/airflow/example_dags/example_latest_only_with_trigger.py
[2023-05-06T21:06:49.874+0000] {logging_mixin.py:149} INFO - [2023-05-06T21:06:49.873+0000] {dag.py:2726} INFO - Sync 1 DAGs
[2023-05-06T21:06:49.921+0000] {logging_mixin.py:149} INFO - [2023-05-06T21:06:49.921+0000] {dag.py:3490} INFO - Setting next_dagrun for latest_only_with_trigger to 2023-05-06T17:06:49.920979+00:00, run_after=2023-05-06T21:06:49.920979+00:00
[2023-05-06T21:06:49.958+0000] {processor.py:178} INFO - Processing /home/airflow/.local/lib/python3.7/site-packages/airflow/example_dags/example_latest_only_with_trigger.py took 0.145 seconds
[2023-05-06T21:07:20.028+0000] {processor.py:156} INFO - Started process (PID=5818) to work on /home/airflow/.local/lib/python3.7/site-packages/airflow/example_dags/example_latest_only_with_trigger.py
[2023-05-06T21:07:20.031+0000] {processor.py:799} INFO - Processing file /home/airflow/.local/lib/python3.7/site-packages/airflow/example_dags/example_latest_only_with_trigger.py for tasks to queue
[2023-05-06T21:07:20.034+0000] {logging_mixin.py:149} INFO - [2023-05-06T21:07:20.034+0000] {dagbag.py:541} INFO - Filling up the DagBag from /home/airflow/.local/lib/python3.7/site-packages/airflow/example_dags/example_latest_only_with_trigger.py
[2023-05-06T21:07:20.043+0000] {processor.py:809} INFO - DAG(s) dict_keys(['latest_only_with_trigger']) retrieved from /home/airflow/.local/lib/python3.7/site-packages/airflow/example_dags/example_latest_only_with_trigger.py
[2023-05-06T21:07:20.077+0000] {logging_mixin.py:149} INFO - [2023-05-06T21:07:20.077+0000] {dag.py:2726} INFO - Sync 1 DAGs
[2023-05-06T21:07:20.113+0000] {logging_mixin.py:149} INFO - [2023-05-06T21:07:20.113+0000] {dag.py:3490} INFO - Setting next_dagrun for latest_only_with_trigger to 2023-05-06T17:07:20.113369+00:00, run_after=2023-05-06T21:07:20.113369+00:00
[2023-05-06T21:07:20.142+0000] {processor.py:178} INFO - Processing /home/airflow/.local/lib/python3.7/site-packages/airflow/example_dags/example_latest_only_with_trigger.py took 0.117 seconds
