[2023-05-06T20:55:30.058+0000] {processor.py:156} INFO - Started process (PID=232) to work on /home/airflow/.local/lib/python3.7/site-packages/airflow/example_dags/example_external_task_marker_dag.py
[2023-05-06T20:55:30.060+0000] {processor.py:799} INFO - Processing file /home/airflow/.local/lib/python3.7/site-packages/airflow/example_dags/example_external_task_marker_dag.py for tasks to queue
[2023-05-06T20:55:30.062+0000] {logging_mixin.py:149} INFO - [2023-05-06T20:55:30.062+0000] {dagbag.py:541} INFO - Filling up the DagBag from /home/airflow/.local/lib/python3.7/site-packages/airflow/example_dags/example_external_task_marker_dag.py
[2023-05-06T20:55:30.072+0000] {processor.py:809} INFO - DAG(s) dict_keys(['example_external_task_marker_parent', 'example_external_task_marker_child']) retrieved from /home/airflow/.local/lib/python3.7/site-packages/airflow/example_dags/example_external_task_marker_dag.py
[2023-05-06T20:55:30.095+0000] {logging_mixin.py:149} INFO - [2023-05-06T20:55:30.095+0000] {dag.py:2726} INFO - Sync 2 DAGs
[2023-05-06T20:55:30.145+0000] {logging_mixin.py:149} INFO - [2023-05-06T20:55:30.145+0000] {dag.py:3490} INFO - Setting next_dagrun for example_external_task_marker_child to None, run_after=None
[2023-05-06T20:55:30.151+0000] {logging_mixin.py:149} INFO - [2023-05-06T20:55:30.151+0000] {dag.py:3490} INFO - Setting next_dagrun for example_external_task_marker_parent to None, run_after=None
[2023-05-06T20:55:30.176+0000] {processor.py:178} INFO - Processing /home/airflow/.local/lib/python3.7/site-packages/airflow/example_dags/example_external_task_marker_dag.py took 0.123 seconds
[2023-05-06T20:56:00.997+0000] {processor.py:156} INFO - Started process (PID=470) to work on /home/airflow/.local/lib/python3.7/site-packages/airflow/example_dags/example_external_task_marker_dag.py
[2023-05-06T20:56:00.999+0000] {processor.py:799} INFO - Processing file /home/airflow/.local/lib/python3.7/site-packages/airflow/example_dags/example_external_task_marker_dag.py for tasks to queue
[2023-05-06T20:56:01.001+0000] {logging_mixin.py:149} INFO - [2023-05-06T20:56:01.001+0000] {dagbag.py:541} INFO - Filling up the DagBag from /home/airflow/.local/lib/python3.7/site-packages/airflow/example_dags/example_external_task_marker_dag.py
[2023-05-06T20:56:01.007+0000] {processor.py:809} INFO - DAG(s) dict_keys(['example_external_task_marker_parent', 'example_external_task_marker_child']) retrieved from /home/airflow/.local/lib/python3.7/site-packages/airflow/example_dags/example_external_task_marker_dag.py
[2023-05-06T20:56:01.248+0000] {logging_mixin.py:149} INFO - [2023-05-06T20:56:01.248+0000] {dag.py:2726} INFO - Sync 2 DAGs
[2023-05-06T20:56:01.286+0000] {logging_mixin.py:149} INFO - [2023-05-06T20:56:01.286+0000] {dag.py:3490} INFO - Setting next_dagrun for example_external_task_marker_child to None, run_after=None
[2023-05-06T20:56:01.292+0000] {logging_mixin.py:149} INFO - [2023-05-06T20:56:01.292+0000] {dag.py:3490} INFO - Setting next_dagrun for example_external_task_marker_parent to None, run_after=None
[2023-05-06T20:56:01.324+0000] {processor.py:178} INFO - Processing /home/airflow/.local/lib/python3.7/site-packages/airflow/example_dags/example_external_task_marker_dag.py took 0.332 seconds
[2023-05-06T20:56:31.993+0000] {processor.py:156} INFO - Started process (PID=708) to work on /home/airflow/.local/lib/python3.7/site-packages/airflow/example_dags/example_external_task_marker_dag.py
[2023-05-06T20:56:31.995+0000] {processor.py:799} INFO - Processing file /home/airflow/.local/lib/python3.7/site-packages/airflow/example_dags/example_external_task_marker_dag.py for tasks to queue
[2023-05-06T20:56:31.996+0000] {logging_mixin.py:149} INFO - [2023-05-06T20:56:31.996+0000] {dagbag.py:541} INFO - Filling up the DagBag from /home/airflow/.local/lib/python3.7/site-packages/airflow/example_dags/example_external_task_marker_dag.py
[2023-05-06T20:56:32.004+0000] {processor.py:809} INFO - DAG(s) dict_keys(['example_external_task_marker_parent', 'example_external_task_marker_child']) retrieved from /home/airflow/.local/lib/python3.7/site-packages/airflow/example_dags/example_external_task_marker_dag.py
[2023-05-06T20:56:32.199+0000] {logging_mixin.py:149} INFO - [2023-05-06T20:56:32.198+0000] {dag.py:2726} INFO - Sync 2 DAGs
[2023-05-06T20:56:32.240+0000] {logging_mixin.py:149} INFO - [2023-05-06T20:56:32.240+0000] {dag.py:3490} INFO - Setting next_dagrun for example_external_task_marker_child to None, run_after=None
[2023-05-06T20:56:32.248+0000] {logging_mixin.py:149} INFO - [2023-05-06T20:56:32.248+0000] {dag.py:3490} INFO - Setting next_dagrun for example_external_task_marker_parent to None, run_after=None
[2023-05-06T20:56:32.277+0000] {processor.py:178} INFO - Processing /home/airflow/.local/lib/python3.7/site-packages/airflow/example_dags/example_external_task_marker_dag.py took 0.288 seconds
[2023-05-06T20:57:02.416+0000] {processor.py:156} INFO - Started process (PID=941) to work on /home/airflow/.local/lib/python3.7/site-packages/airflow/example_dags/example_external_task_marker_dag.py
[2023-05-06T20:57:02.418+0000] {processor.py:799} INFO - Processing file /home/airflow/.local/lib/python3.7/site-packages/airflow/example_dags/example_external_task_marker_dag.py for tasks to queue
[2023-05-06T20:57:02.420+0000] {logging_mixin.py:149} INFO - [2023-05-06T20:57:02.419+0000] {dagbag.py:541} INFO - Filling up the DagBag from /home/airflow/.local/lib/python3.7/site-packages/airflow/example_dags/example_external_task_marker_dag.py
[2023-05-06T20:57:02.427+0000] {processor.py:809} INFO - DAG(s) dict_keys(['example_external_task_marker_child', 'example_external_task_marker_parent']) retrieved from /home/airflow/.local/lib/python3.7/site-packages/airflow/example_dags/example_external_task_marker_dag.py
[2023-05-06T20:57:02.468+0000] {logging_mixin.py:149} INFO - [2023-05-06T20:57:02.468+0000] {dag.py:2726} INFO - Sync 2 DAGs
[2023-05-06T20:57:02.511+0000] {logging_mixin.py:149} INFO - [2023-05-06T20:57:02.511+0000] {dag.py:3490} INFO - Setting next_dagrun for example_external_task_marker_child to None, run_after=None
[2023-05-06T20:57:02.518+0000] {logging_mixin.py:149} INFO - [2023-05-06T20:57:02.517+0000] {dag.py:3490} INFO - Setting next_dagrun for example_external_task_marker_parent to None, run_after=None
[2023-05-06T20:57:02.546+0000] {processor.py:178} INFO - Processing /home/airflow/.local/lib/python3.7/site-packages/airflow/example_dags/example_external_task_marker_dag.py took 0.134 seconds
[2023-05-06T20:57:32.881+0000] {processor.py:156} INFO - Started process (PID=1179) to work on /home/airflow/.local/lib/python3.7/site-packages/airflow/example_dags/example_external_task_marker_dag.py
[2023-05-06T20:57:32.884+0000] {processor.py:799} INFO - Processing file /home/airflow/.local/lib/python3.7/site-packages/airflow/example_dags/example_external_task_marker_dag.py for tasks to queue
[2023-05-06T20:57:32.886+0000] {logging_mixin.py:149} INFO - [2023-05-06T20:57:32.885+0000] {dagbag.py:541} INFO - Filling up the DagBag from /home/airflow/.local/lib/python3.7/site-packages/airflow/example_dags/example_external_task_marker_dag.py
[2023-05-06T20:57:32.896+0000] {processor.py:809} INFO - DAG(s) dict_keys(['example_external_task_marker_child', 'example_external_task_marker_parent']) retrieved from /home/airflow/.local/lib/python3.7/site-packages/airflow/example_dags/example_external_task_marker_dag.py
[2023-05-06T20:57:32.923+0000] {logging_mixin.py:149} INFO - [2023-05-06T20:57:32.922+0000] {dag.py:2726} INFO - Sync 2 DAGs
[2023-05-06T20:57:32.969+0000] {logging_mixin.py:149} INFO - [2023-05-06T20:57:32.969+0000] {dag.py:3490} INFO - Setting next_dagrun for example_external_task_marker_child to None, run_after=None
[2023-05-06T20:57:32.978+0000] {logging_mixin.py:149} INFO - [2023-05-06T20:57:32.978+0000] {dag.py:3490} INFO - Setting next_dagrun for example_external_task_marker_parent to None, run_after=None
[2023-05-06T20:57:33.017+0000] {processor.py:178} INFO - Processing /home/airflow/.local/lib/python3.7/site-packages/airflow/example_dags/example_external_task_marker_dag.py took 0.141 seconds
[2023-05-06T20:58:03.687+0000] {processor.py:156} INFO - Started process (PID=1419) to work on /home/airflow/.local/lib/python3.7/site-packages/airflow/example_dags/example_external_task_marker_dag.py
[2023-05-06T20:58:03.689+0000] {processor.py:799} INFO - Processing file /home/airflow/.local/lib/python3.7/site-packages/airflow/example_dags/example_external_task_marker_dag.py for tasks to queue
[2023-05-06T20:58:03.690+0000] {logging_mixin.py:149} INFO - [2023-05-06T20:58:03.690+0000] {dagbag.py:541} INFO - Filling up the DagBag from /home/airflow/.local/lib/python3.7/site-packages/airflow/example_dags/example_external_task_marker_dag.py
[2023-05-06T20:58:03.697+0000] {processor.py:809} INFO - DAG(s) dict_keys(['example_external_task_marker_child', 'example_external_task_marker_parent']) retrieved from /home/airflow/.local/lib/python3.7/site-packages/airflow/example_dags/example_external_task_marker_dag.py
[2023-05-06T20:58:03.789+0000] {logging_mixin.py:149} INFO - [2023-05-06T20:58:03.789+0000] {dag.py:2726} INFO - Sync 2 DAGs
[2023-05-06T20:58:03.826+0000] {logging_mixin.py:149} INFO - [2023-05-06T20:58:03.826+0000] {dag.py:3490} INFO - Setting next_dagrun for example_external_task_marker_child to None, run_after=None
[2023-05-06T20:58:03.832+0000] {logging_mixin.py:149} INFO - [2023-05-06T20:58:03.831+0000] {dag.py:3490} INFO - Setting next_dagrun for example_external_task_marker_parent to None, run_after=None
[2023-05-06T20:58:03.857+0000] {processor.py:178} INFO - Processing /home/airflow/.local/lib/python3.7/site-packages/airflow/example_dags/example_external_task_marker_dag.py took 0.175 seconds
[2023-05-06T20:58:34.708+0000] {processor.py:156} INFO - Started process (PID=1658) to work on /home/airflow/.local/lib/python3.7/site-packages/airflow/example_dags/example_external_task_marker_dag.py
[2023-05-06T20:58:34.710+0000] {processor.py:799} INFO - Processing file /home/airflow/.local/lib/python3.7/site-packages/airflow/example_dags/example_external_task_marker_dag.py for tasks to queue
[2023-05-06T20:58:34.711+0000] {logging_mixin.py:149} INFO - [2023-05-06T20:58:34.711+0000] {dagbag.py:541} INFO - Filling up the DagBag from /home/airflow/.local/lib/python3.7/site-packages/airflow/example_dags/example_external_task_marker_dag.py
[2023-05-06T20:58:34.719+0000] {processor.py:809} INFO - DAG(s) dict_keys(['example_external_task_marker_parent', 'example_external_task_marker_child']) retrieved from /home/airflow/.local/lib/python3.7/site-packages/airflow/example_dags/example_external_task_marker_dag.py
[2023-05-06T20:58:34.759+0000] {logging_mixin.py:149} INFO - [2023-05-06T20:58:34.758+0000] {dag.py:2726} INFO - Sync 2 DAGs
[2023-05-06T20:58:34.797+0000] {logging_mixin.py:149} INFO - [2023-05-06T20:58:34.797+0000] {dag.py:3490} INFO - Setting next_dagrun for example_external_task_marker_child to None, run_after=None
[2023-05-06T20:58:34.804+0000] {logging_mixin.py:149} INFO - [2023-05-06T20:58:34.804+0000] {dag.py:3490} INFO - Setting next_dagrun for example_external_task_marker_parent to None, run_after=None
[2023-05-06T20:58:34.831+0000] {processor.py:178} INFO - Processing /home/airflow/.local/lib/python3.7/site-packages/airflow/example_dags/example_external_task_marker_dag.py took 0.130 seconds
[2023-05-06T20:59:05.144+0000] {processor.py:156} INFO - Started process (PID=1896) to work on /home/airflow/.local/lib/python3.7/site-packages/airflow/example_dags/example_external_task_marker_dag.py
[2023-05-06T20:59:05.146+0000] {processor.py:799} INFO - Processing file /home/airflow/.local/lib/python3.7/site-packages/airflow/example_dags/example_external_task_marker_dag.py for tasks to queue
[2023-05-06T20:59:05.147+0000] {logging_mixin.py:149} INFO - [2023-05-06T20:59:05.147+0000] {dagbag.py:541} INFO - Filling up the DagBag from /home/airflow/.local/lib/python3.7/site-packages/airflow/example_dags/example_external_task_marker_dag.py
[2023-05-06T20:59:05.155+0000] {processor.py:809} INFO - DAG(s) dict_keys(['example_external_task_marker_parent', 'example_external_task_marker_child']) retrieved from /home/airflow/.local/lib/python3.7/site-packages/airflow/example_dags/example_external_task_marker_dag.py
[2023-05-06T20:59:05.195+0000] {logging_mixin.py:149} INFO - [2023-05-06T20:59:05.195+0000] {dag.py:2726} INFO - Sync 2 DAGs
[2023-05-06T20:59:05.234+0000] {logging_mixin.py:149} INFO - [2023-05-06T20:59:05.234+0000] {dag.py:3490} INFO - Setting next_dagrun for example_external_task_marker_child to None, run_after=None
[2023-05-06T20:59:05.239+0000] {logging_mixin.py:149} INFO - [2023-05-06T20:59:05.239+0000] {dag.py:3490} INFO - Setting next_dagrun for example_external_task_marker_parent to None, run_after=None
[2023-05-06T20:59:05.265+0000] {processor.py:178} INFO - Processing /home/airflow/.local/lib/python3.7/site-packages/airflow/example_dags/example_external_task_marker_dag.py took 0.123 seconds
[2023-05-06T20:59:35.342+0000] {processor.py:156} INFO - Started process (PID=2132) to work on /home/airflow/.local/lib/python3.7/site-packages/airflow/example_dags/example_external_task_marker_dag.py
[2023-05-06T20:59:35.344+0000] {processor.py:799} INFO - Processing file /home/airflow/.local/lib/python3.7/site-packages/airflow/example_dags/example_external_task_marker_dag.py for tasks to queue
[2023-05-06T20:59:35.346+0000] {logging_mixin.py:149} INFO - [2023-05-06T20:59:35.346+0000] {dagbag.py:541} INFO - Filling up the DagBag from /home/airflow/.local/lib/python3.7/site-packages/airflow/example_dags/example_external_task_marker_dag.py
[2023-05-06T20:59:35.354+0000] {processor.py:809} INFO - DAG(s) dict_keys(['example_external_task_marker_child', 'example_external_task_marker_parent']) retrieved from /home/airflow/.local/lib/python3.7/site-packages/airflow/example_dags/example_external_task_marker_dag.py
[2023-05-06T20:59:35.401+0000] {logging_mixin.py:149} INFO - [2023-05-06T20:59:35.401+0000] {dag.py:2726} INFO - Sync 2 DAGs
[2023-05-06T20:59:35.439+0000] {logging_mixin.py:149} INFO - [2023-05-06T20:59:35.439+0000] {dag.py:3490} INFO - Setting next_dagrun for example_external_task_marker_child to None, run_after=None
[2023-05-06T20:59:35.445+0000] {logging_mixin.py:149} INFO - [2023-05-06T20:59:35.445+0000] {dag.py:3490} INFO - Setting next_dagrun for example_external_task_marker_parent to None, run_after=None
[2023-05-06T20:59:35.472+0000] {processor.py:178} INFO - Processing /home/airflow/.local/lib/python3.7/site-packages/airflow/example_dags/example_external_task_marker_dag.py took 0.134 seconds
[2023-05-06T21:00:06.373+0000] {processor.py:156} INFO - Started process (PID=2370) to work on /home/airflow/.local/lib/python3.7/site-packages/airflow/example_dags/example_external_task_marker_dag.py
[2023-05-06T21:00:06.375+0000] {processor.py:799} INFO - Processing file /home/airflow/.local/lib/python3.7/site-packages/airflow/example_dags/example_external_task_marker_dag.py for tasks to queue
[2023-05-06T21:00:06.377+0000] {logging_mixin.py:149} INFO - [2023-05-06T21:00:06.377+0000] {dagbag.py:541} INFO - Filling up the DagBag from /home/airflow/.local/lib/python3.7/site-packages/airflow/example_dags/example_external_task_marker_dag.py
[2023-05-06T21:00:06.387+0000] {processor.py:809} INFO - DAG(s) dict_keys(['example_external_task_marker_child', 'example_external_task_marker_parent']) retrieved from /home/airflow/.local/lib/python3.7/site-packages/airflow/example_dags/example_external_task_marker_dag.py
[2023-05-06T21:00:06.408+0000] {logging_mixin.py:149} INFO - [2023-05-06T21:00:06.408+0000] {dag.py:2726} INFO - Sync 2 DAGs
[2023-05-06T21:00:06.443+0000] {logging_mixin.py:149} INFO - [2023-05-06T21:00:06.443+0000] {dag.py:3490} INFO - Setting next_dagrun for example_external_task_marker_child to None, run_after=None
[2023-05-06T21:00:06.449+0000] {logging_mixin.py:149} INFO - [2023-05-06T21:00:06.449+0000] {dag.py:3490} INFO - Setting next_dagrun for example_external_task_marker_parent to None, run_after=None
[2023-05-06T21:00:06.478+0000] {processor.py:178} INFO - Processing /home/airflow/.local/lib/python3.7/site-packages/airflow/example_dags/example_external_task_marker_dag.py took 0.109 seconds
[2023-05-06T21:00:36.645+0000] {processor.py:156} INFO - Started process (PID=2608) to work on /home/airflow/.local/lib/python3.7/site-packages/airflow/example_dags/example_external_task_marker_dag.py
[2023-05-06T21:00:36.648+0000] {processor.py:799} INFO - Processing file /home/airflow/.local/lib/python3.7/site-packages/airflow/example_dags/example_external_task_marker_dag.py for tasks to queue
[2023-05-06T21:00:36.650+0000] {logging_mixin.py:149} INFO - [2023-05-06T21:00:36.650+0000] {dagbag.py:541} INFO - Filling up the DagBag from /home/airflow/.local/lib/python3.7/site-packages/airflow/example_dags/example_external_task_marker_dag.py
[2023-05-06T21:00:36.658+0000] {processor.py:809} INFO - DAG(s) dict_keys(['example_external_task_marker_parent', 'example_external_task_marker_child']) retrieved from /home/airflow/.local/lib/python3.7/site-packages/airflow/example_dags/example_external_task_marker_dag.py
[2023-05-06T21:00:36.755+0000] {logging_mixin.py:149} INFO - [2023-05-06T21:00:36.754+0000] {dag.py:2726} INFO - Sync 2 DAGs
[2023-05-06T21:00:36.793+0000] {logging_mixin.py:149} INFO - [2023-05-06T21:00:36.792+0000] {dag.py:3490} INFO - Setting next_dagrun for example_external_task_marker_child to None, run_after=None
[2023-05-06T21:00:36.800+0000] {logging_mixin.py:149} INFO - [2023-05-06T21:00:36.800+0000] {dag.py:3490} INFO - Setting next_dagrun for example_external_task_marker_parent to None, run_after=None
[2023-05-06T21:00:36.832+0000] {processor.py:178} INFO - Processing /home/airflow/.local/lib/python3.7/site-packages/airflow/example_dags/example_external_task_marker_dag.py took 0.191 seconds
[2023-05-06T21:01:07.143+0000] {processor.py:156} INFO - Started process (PID=2846) to work on /home/airflow/.local/lib/python3.7/site-packages/airflow/example_dags/example_external_task_marker_dag.py
[2023-05-06T21:01:07.144+0000] {processor.py:799} INFO - Processing file /home/airflow/.local/lib/python3.7/site-packages/airflow/example_dags/example_external_task_marker_dag.py for tasks to queue
[2023-05-06T21:01:07.145+0000] {logging_mixin.py:149} INFO - [2023-05-06T21:01:07.145+0000] {dagbag.py:541} INFO - Filling up the DagBag from /home/airflow/.local/lib/python3.7/site-packages/airflow/example_dags/example_external_task_marker_dag.py
[2023-05-06T21:01:07.152+0000] {processor.py:809} INFO - DAG(s) dict_keys(['example_external_task_marker_parent', 'example_external_task_marker_child']) retrieved from /home/airflow/.local/lib/python3.7/site-packages/airflow/example_dags/example_external_task_marker_dag.py
[2023-05-06T21:01:07.188+0000] {logging_mixin.py:149} INFO - [2023-05-06T21:01:07.188+0000] {dag.py:2726} INFO - Sync 2 DAGs
[2023-05-06T21:01:07.223+0000] {logging_mixin.py:149} INFO - [2023-05-06T21:01:07.223+0000] {dag.py:3490} INFO - Setting next_dagrun for example_external_task_marker_child to None, run_after=None
[2023-05-06T21:01:07.229+0000] {logging_mixin.py:149} INFO - [2023-05-06T21:01:07.229+0000] {dag.py:3490} INFO - Setting next_dagrun for example_external_task_marker_parent to None, run_after=None
[2023-05-06T21:01:07.252+0000] {processor.py:178} INFO - Processing /home/airflow/.local/lib/python3.7/site-packages/airflow/example_dags/example_external_task_marker_dag.py took 0.113 seconds
[2023-05-06T21:01:38.087+0000] {processor.py:156} INFO - Started process (PID=3084) to work on /home/airflow/.local/lib/python3.7/site-packages/airflow/example_dags/example_external_task_marker_dag.py
[2023-05-06T21:01:38.089+0000] {processor.py:799} INFO - Processing file /home/airflow/.local/lib/python3.7/site-packages/airflow/example_dags/example_external_task_marker_dag.py for tasks to queue
[2023-05-06T21:01:38.091+0000] {logging_mixin.py:149} INFO - [2023-05-06T21:01:38.090+0000] {dagbag.py:541} INFO - Filling up the DagBag from /home/airflow/.local/lib/python3.7/site-packages/airflow/example_dags/example_external_task_marker_dag.py
[2023-05-06T21:01:38.101+0000] {processor.py:809} INFO - DAG(s) dict_keys(['example_external_task_marker_child', 'example_external_task_marker_parent']) retrieved from /home/airflow/.local/lib/python3.7/site-packages/airflow/example_dags/example_external_task_marker_dag.py
[2023-05-06T21:01:38.145+0000] {logging_mixin.py:149} INFO - [2023-05-06T21:01:38.144+0000] {dag.py:2726} INFO - Sync 2 DAGs
[2023-05-06T21:01:38.186+0000] {logging_mixin.py:149} INFO - [2023-05-06T21:01:38.186+0000] {dag.py:3490} INFO - Setting next_dagrun for example_external_task_marker_child to None, run_after=None
[2023-05-06T21:01:38.194+0000] {logging_mixin.py:149} INFO - [2023-05-06T21:01:38.193+0000] {dag.py:3490} INFO - Setting next_dagrun for example_external_task_marker_parent to None, run_after=None
[2023-05-06T21:01:38.219+0000] {processor.py:178} INFO - Processing /home/airflow/.local/lib/python3.7/site-packages/airflow/example_dags/example_external_task_marker_dag.py took 0.136 seconds
[2023-05-06T21:02:08.616+0000] {processor.py:156} INFO - Started process (PID=3322) to work on /home/airflow/.local/lib/python3.7/site-packages/airflow/example_dags/example_external_task_marker_dag.py
[2023-05-06T21:02:08.619+0000] {processor.py:799} INFO - Processing file /home/airflow/.local/lib/python3.7/site-packages/airflow/example_dags/example_external_task_marker_dag.py for tasks to queue
[2023-05-06T21:02:08.621+0000] {logging_mixin.py:149} INFO - [2023-05-06T21:02:08.621+0000] {dagbag.py:541} INFO - Filling up the DagBag from /home/airflow/.local/lib/python3.7/site-packages/airflow/example_dags/example_external_task_marker_dag.py
[2023-05-06T21:02:08.628+0000] {processor.py:809} INFO - DAG(s) dict_keys(['example_external_task_marker_child', 'example_external_task_marker_parent']) retrieved from /home/airflow/.local/lib/python3.7/site-packages/airflow/example_dags/example_external_task_marker_dag.py
[2023-05-06T21:02:08.671+0000] {logging_mixin.py:149} INFO - [2023-05-06T21:02:08.671+0000] {dag.py:2726} INFO - Sync 2 DAGs
[2023-05-06T21:02:08.708+0000] {logging_mixin.py:149} INFO - [2023-05-06T21:02:08.708+0000] {dag.py:3490} INFO - Setting next_dagrun for example_external_task_marker_child to None, run_after=None
[2023-05-06T21:02:08.716+0000] {logging_mixin.py:149} INFO - [2023-05-06T21:02:08.716+0000] {dag.py:3490} INFO - Setting next_dagrun for example_external_task_marker_parent to None, run_after=None
[2023-05-06T21:02:08.741+0000] {processor.py:178} INFO - Processing /home/airflow/.local/lib/python3.7/site-packages/airflow/example_dags/example_external_task_marker_dag.py took 0.129 seconds
[2023-05-06T21:02:38.841+0000] {processor.py:156} INFO - Started process (PID=3560) to work on /home/airflow/.local/lib/python3.7/site-packages/airflow/example_dags/example_external_task_marker_dag.py
[2023-05-06T21:02:38.843+0000] {processor.py:799} INFO - Processing file /home/airflow/.local/lib/python3.7/site-packages/airflow/example_dags/example_external_task_marker_dag.py for tasks to queue
[2023-05-06T21:02:38.845+0000] {logging_mixin.py:149} INFO - [2023-05-06T21:02:38.845+0000] {dagbag.py:541} INFO - Filling up the DagBag from /home/airflow/.local/lib/python3.7/site-packages/airflow/example_dags/example_external_task_marker_dag.py
[2023-05-06T21:02:38.854+0000] {processor.py:809} INFO - DAG(s) dict_keys(['example_external_task_marker_parent', 'example_external_task_marker_child']) retrieved from /home/airflow/.local/lib/python3.7/site-packages/airflow/example_dags/example_external_task_marker_dag.py
[2023-05-06T21:02:38.893+0000] {logging_mixin.py:149} INFO - [2023-05-06T21:02:38.892+0000] {dag.py:2726} INFO - Sync 2 DAGs
[2023-05-06T21:02:38.929+0000] {logging_mixin.py:149} INFO - [2023-05-06T21:02:38.929+0000] {dag.py:3490} INFO - Setting next_dagrun for example_external_task_marker_child to None, run_after=None
[2023-05-06T21:02:38.935+0000] {logging_mixin.py:149} INFO - [2023-05-06T21:02:38.935+0000] {dag.py:3490} INFO - Setting next_dagrun for example_external_task_marker_parent to None, run_after=None
[2023-05-06T21:02:38.967+0000] {processor.py:178} INFO - Processing /home/airflow/.local/lib/python3.7/site-packages/airflow/example_dags/example_external_task_marker_dag.py took 0.129 seconds
[2023-05-06T21:03:09.131+0000] {processor.py:156} INFO - Started process (PID=3798) to work on /home/airflow/.local/lib/python3.7/site-packages/airflow/example_dags/example_external_task_marker_dag.py
[2023-05-06T21:03:09.134+0000] {processor.py:799} INFO - Processing file /home/airflow/.local/lib/python3.7/site-packages/airflow/example_dags/example_external_task_marker_dag.py for tasks to queue
[2023-05-06T21:03:09.136+0000] {logging_mixin.py:149} INFO - [2023-05-06T21:03:09.136+0000] {dagbag.py:541} INFO - Filling up the DagBag from /home/airflow/.local/lib/python3.7/site-packages/airflow/example_dags/example_external_task_marker_dag.py
[2023-05-06T21:03:09.143+0000] {processor.py:809} INFO - DAG(s) dict_keys(['example_external_task_marker_child', 'example_external_task_marker_parent']) retrieved from /home/airflow/.local/lib/python3.7/site-packages/airflow/example_dags/example_external_task_marker_dag.py
[2023-05-06T21:03:09.181+0000] {logging_mixin.py:149} INFO - [2023-05-06T21:03:09.181+0000] {dag.py:2726} INFO - Sync 2 DAGs
[2023-05-06T21:03:09.219+0000] {logging_mixin.py:149} INFO - [2023-05-06T21:03:09.219+0000] {dag.py:3490} INFO - Setting next_dagrun for example_external_task_marker_child to None, run_after=None
[2023-05-06T21:03:09.227+0000] {logging_mixin.py:149} INFO - [2023-05-06T21:03:09.226+0000] {dag.py:3490} INFO - Setting next_dagrun for example_external_task_marker_parent to None, run_after=None
[2023-05-06T21:03:09.253+0000] {processor.py:178} INFO - Processing /home/airflow/.local/lib/python3.7/site-packages/airflow/example_dags/example_external_task_marker_dag.py took 0.127 seconds
[2023-05-06T21:03:39.998+0000] {processor.py:156} INFO - Started process (PID=4036) to work on /home/airflow/.local/lib/python3.7/site-packages/airflow/example_dags/example_external_task_marker_dag.py
[2023-05-06T21:03:40.000+0000] {processor.py:799} INFO - Processing file /home/airflow/.local/lib/python3.7/site-packages/airflow/example_dags/example_external_task_marker_dag.py for tasks to queue
[2023-05-06T21:03:40.001+0000] {logging_mixin.py:149} INFO - [2023-05-06T21:03:40.001+0000] {dagbag.py:541} INFO - Filling up the DagBag from /home/airflow/.local/lib/python3.7/site-packages/airflow/example_dags/example_external_task_marker_dag.py
[2023-05-06T21:03:40.010+0000] {processor.py:809} INFO - DAG(s) dict_keys(['example_external_task_marker_child', 'example_external_task_marker_parent']) retrieved from /home/airflow/.local/lib/python3.7/site-packages/airflow/example_dags/example_external_task_marker_dag.py
[2023-05-06T21:03:40.050+0000] {logging_mixin.py:149} INFO - [2023-05-06T21:03:40.050+0000] {dag.py:2726} INFO - Sync 2 DAGs
[2023-05-06T21:03:40.090+0000] {logging_mixin.py:149} INFO - [2023-05-06T21:03:40.090+0000] {dag.py:3490} INFO - Setting next_dagrun for example_external_task_marker_child to None, run_after=None
[2023-05-06T21:03:40.098+0000] {logging_mixin.py:149} INFO - [2023-05-06T21:03:40.097+0000] {dag.py:3490} INFO - Setting next_dagrun for example_external_task_marker_parent to None, run_after=None
[2023-05-06T21:03:40.125+0000] {processor.py:178} INFO - Processing /home/airflow/.local/lib/python3.7/site-packages/airflow/example_dags/example_external_task_marker_dag.py took 0.131 seconds
[2023-05-06T21:04:10.679+0000] {processor.py:156} INFO - Started process (PID=4274) to work on /home/airflow/.local/lib/python3.7/site-packages/airflow/example_dags/example_external_task_marker_dag.py
[2023-05-06T21:04:10.681+0000] {processor.py:799} INFO - Processing file /home/airflow/.local/lib/python3.7/site-packages/airflow/example_dags/example_external_task_marker_dag.py for tasks to queue
[2023-05-06T21:04:10.682+0000] {logging_mixin.py:149} INFO - [2023-05-06T21:04:10.682+0000] {dagbag.py:541} INFO - Filling up the DagBag from /home/airflow/.local/lib/python3.7/site-packages/airflow/example_dags/example_external_task_marker_dag.py
[2023-05-06T21:04:10.691+0000] {processor.py:809} INFO - DAG(s) dict_keys(['example_external_task_marker_child', 'example_external_task_marker_parent']) retrieved from /home/airflow/.local/lib/python3.7/site-packages/airflow/example_dags/example_external_task_marker_dag.py
[2023-05-06T21:04:10.735+0000] {logging_mixin.py:149} INFO - [2023-05-06T21:04:10.735+0000] {dag.py:2726} INFO - Sync 2 DAGs
[2023-05-06T21:04:10.776+0000] {logging_mixin.py:149} INFO - [2023-05-06T21:04:10.776+0000] {dag.py:3490} INFO - Setting next_dagrun for example_external_task_marker_child to None, run_after=None
[2023-05-06T21:04:10.783+0000] {logging_mixin.py:149} INFO - [2023-05-06T21:04:10.783+0000] {dag.py:3490} INFO - Setting next_dagrun for example_external_task_marker_parent to None, run_after=None
[2023-05-06T21:04:11.016+0000] {processor.py:178} INFO - Processing /home/airflow/.local/lib/python3.7/site-packages/airflow/example_dags/example_external_task_marker_dag.py took 0.342 seconds
[2023-05-06T21:04:41.466+0000] {processor.py:156} INFO - Started process (PID=4512) to work on /home/airflow/.local/lib/python3.7/site-packages/airflow/example_dags/example_external_task_marker_dag.py
[2023-05-06T21:04:41.469+0000] {processor.py:799} INFO - Processing file /home/airflow/.local/lib/python3.7/site-packages/airflow/example_dags/example_external_task_marker_dag.py for tasks to queue
[2023-05-06T21:04:41.471+0000] {logging_mixin.py:149} INFO - [2023-05-06T21:04:41.471+0000] {dagbag.py:541} INFO - Filling up the DagBag from /home/airflow/.local/lib/python3.7/site-packages/airflow/example_dags/example_external_task_marker_dag.py
[2023-05-06T21:04:41.477+0000] {processor.py:809} INFO - DAG(s) dict_keys(['example_external_task_marker_child', 'example_external_task_marker_parent']) retrieved from /home/airflow/.local/lib/python3.7/site-packages/airflow/example_dags/example_external_task_marker_dag.py
[2023-05-06T21:04:41.515+0000] {logging_mixin.py:149} INFO - [2023-05-06T21:04:41.515+0000] {dag.py:2726} INFO - Sync 2 DAGs
[2023-05-06T21:04:41.553+0000] {logging_mixin.py:149} INFO - [2023-05-06T21:04:41.553+0000] {dag.py:3490} INFO - Setting next_dagrun for example_external_task_marker_child to None, run_after=None
[2023-05-06T21:04:41.560+0000] {logging_mixin.py:149} INFO - [2023-05-06T21:04:41.560+0000] {dag.py:3490} INFO - Setting next_dagrun for example_external_task_marker_parent to None, run_after=None
[2023-05-06T21:04:41.586+0000] {processor.py:178} INFO - Processing /home/airflow/.local/lib/python3.7/site-packages/airflow/example_dags/example_external_task_marker_dag.py took 0.123 seconds
[2023-05-06T21:05:12.141+0000] {processor.py:156} INFO - Started process (PID=4750) to work on /home/airflow/.local/lib/python3.7/site-packages/airflow/example_dags/example_external_task_marker_dag.py
[2023-05-06T21:05:12.143+0000] {processor.py:799} INFO - Processing file /home/airflow/.local/lib/python3.7/site-packages/airflow/example_dags/example_external_task_marker_dag.py for tasks to queue
[2023-05-06T21:05:12.144+0000] {logging_mixin.py:149} INFO - [2023-05-06T21:05:12.144+0000] {dagbag.py:541} INFO - Filling up the DagBag from /home/airflow/.local/lib/python3.7/site-packages/airflow/example_dags/example_external_task_marker_dag.py
[2023-05-06T21:05:12.152+0000] {processor.py:809} INFO - DAG(s) dict_keys(['example_external_task_marker_parent', 'example_external_task_marker_child']) retrieved from /home/airflow/.local/lib/python3.7/site-packages/airflow/example_dags/example_external_task_marker_dag.py
[2023-05-06T21:05:12.193+0000] {logging_mixin.py:149} INFO - [2023-05-06T21:05:12.193+0000] {dag.py:2726} INFO - Sync 2 DAGs
[2023-05-06T21:05:12.230+0000] {logging_mixin.py:149} INFO - [2023-05-06T21:05:12.229+0000] {dag.py:3490} INFO - Setting next_dagrun for example_external_task_marker_child to None, run_after=None
[2023-05-06T21:05:12.236+0000] {logging_mixin.py:149} INFO - [2023-05-06T21:05:12.236+0000] {dag.py:3490} INFO - Setting next_dagrun for example_external_task_marker_parent to None, run_after=None
[2023-05-06T21:05:12.264+0000] {processor.py:178} INFO - Processing /home/airflow/.local/lib/python3.7/site-packages/airflow/example_dags/example_external_task_marker_dag.py took 0.128 seconds
[2023-05-06T21:05:42.627+0000] {processor.py:156} INFO - Started process (PID=4988) to work on /home/airflow/.local/lib/python3.7/site-packages/airflow/example_dags/example_external_task_marker_dag.py
[2023-05-06T21:05:42.630+0000] {processor.py:799} INFO - Processing file /home/airflow/.local/lib/python3.7/site-packages/airflow/example_dags/example_external_task_marker_dag.py for tasks to queue
[2023-05-06T21:05:42.632+0000] {logging_mixin.py:149} INFO - [2023-05-06T21:05:42.632+0000] {dagbag.py:541} INFO - Filling up the DagBag from /home/airflow/.local/lib/python3.7/site-packages/airflow/example_dags/example_external_task_marker_dag.py
[2023-05-06T21:05:42.642+0000] {processor.py:809} INFO - DAG(s) dict_keys(['example_external_task_marker_parent', 'example_external_task_marker_child']) retrieved from /home/airflow/.local/lib/python3.7/site-packages/airflow/example_dags/example_external_task_marker_dag.py
[2023-05-06T21:05:42.690+0000] {logging_mixin.py:149} INFO - [2023-05-06T21:05:42.689+0000] {dag.py:2726} INFO - Sync 2 DAGs
[2023-05-06T21:05:42.732+0000] {logging_mixin.py:149} INFO - [2023-05-06T21:05:42.732+0000] {dag.py:3490} INFO - Setting next_dagrun for example_external_task_marker_child to None, run_after=None
[2023-05-06T21:05:42.741+0000] {logging_mixin.py:149} INFO - [2023-05-06T21:05:42.741+0000] {dag.py:3490} INFO - Setting next_dagrun for example_external_task_marker_parent to None, run_after=None
[2023-05-06T21:05:42.772+0000] {processor.py:178} INFO - Processing /home/airflow/.local/lib/python3.7/site-packages/airflow/example_dags/example_external_task_marker_dag.py took 0.150 seconds
[2023-05-06T21:06:12.954+0000] {processor.py:156} INFO - Started process (PID=5226) to work on /home/airflow/.local/lib/python3.7/site-packages/airflow/example_dags/example_external_task_marker_dag.py
[2023-05-06T21:06:12.955+0000] {processor.py:799} INFO - Processing file /home/airflow/.local/lib/python3.7/site-packages/airflow/example_dags/example_external_task_marker_dag.py for tasks to queue
[2023-05-06T21:06:12.957+0000] {logging_mixin.py:149} INFO - [2023-05-06T21:06:12.957+0000] {dagbag.py:541} INFO - Filling up the DagBag from /home/airflow/.local/lib/python3.7/site-packages/airflow/example_dags/example_external_task_marker_dag.py
[2023-05-06T21:06:12.964+0000] {processor.py:809} INFO - DAG(s) dict_keys(['example_external_task_marker_child', 'example_external_task_marker_parent']) retrieved from /home/airflow/.local/lib/python3.7/site-packages/airflow/example_dags/example_external_task_marker_dag.py
[2023-05-06T21:06:13.011+0000] {logging_mixin.py:149} INFO - [2023-05-06T21:06:13.011+0000] {dag.py:2726} INFO - Sync 2 DAGs
[2023-05-06T21:06:13.052+0000] {logging_mixin.py:149} INFO - [2023-05-06T21:06:13.052+0000] {dag.py:3490} INFO - Setting next_dagrun for example_external_task_marker_child to None, run_after=None
[2023-05-06T21:06:13.059+0000] {logging_mixin.py:149} INFO - [2023-05-06T21:06:13.059+0000] {dag.py:3490} INFO - Setting next_dagrun for example_external_task_marker_parent to None, run_after=None
[2023-05-06T21:06:13.093+0000] {processor.py:178} INFO - Processing /home/airflow/.local/lib/python3.7/site-packages/airflow/example_dags/example_external_task_marker_dag.py took 0.144 seconds
[2023-05-06T21:06:43.645+0000] {processor.py:156} INFO - Started process (PID=5465) to work on /home/airflow/.local/lib/python3.7/site-packages/airflow/example_dags/example_external_task_marker_dag.py
[2023-05-06T21:06:43.646+0000] {processor.py:799} INFO - Processing file /home/airflow/.local/lib/python3.7/site-packages/airflow/example_dags/example_external_task_marker_dag.py for tasks to queue
[2023-05-06T21:06:43.648+0000] {logging_mixin.py:149} INFO - [2023-05-06T21:06:43.648+0000] {dagbag.py:541} INFO - Filling up the DagBag from /home/airflow/.local/lib/python3.7/site-packages/airflow/example_dags/example_external_task_marker_dag.py
[2023-05-06T21:06:43.656+0000] {processor.py:809} INFO - DAG(s) dict_keys(['example_external_task_marker_child', 'example_external_task_marker_parent']) retrieved from /home/airflow/.local/lib/python3.7/site-packages/airflow/example_dags/example_external_task_marker_dag.py
[2023-05-06T21:06:43.750+0000] {logging_mixin.py:149} INFO - [2023-05-06T21:06:43.750+0000] {dag.py:2726} INFO - Sync 2 DAGs
[2023-05-06T21:06:43.791+0000] {logging_mixin.py:149} INFO - [2023-05-06T21:06:43.790+0000] {dag.py:3490} INFO - Setting next_dagrun for example_external_task_marker_child to None, run_after=None
[2023-05-06T21:06:43.796+0000] {logging_mixin.py:149} INFO - [2023-05-06T21:06:43.796+0000] {dag.py:3490} INFO - Setting next_dagrun for example_external_task_marker_parent to None, run_after=None
[2023-05-06T21:06:43.826+0000] {processor.py:178} INFO - Processing /home/airflow/.local/lib/python3.7/site-packages/airflow/example_dags/example_external_task_marker_dag.py took 0.185 seconds
[2023-05-06T21:07:14.304+0000] {processor.py:156} INFO - Started process (PID=5703) to work on /home/airflow/.local/lib/python3.7/site-packages/airflow/example_dags/example_external_task_marker_dag.py
[2023-05-06T21:07:14.305+0000] {processor.py:799} INFO - Processing file /home/airflow/.local/lib/python3.7/site-packages/airflow/example_dags/example_external_task_marker_dag.py for tasks to queue
[2023-05-06T21:07:14.307+0000] {logging_mixin.py:149} INFO - [2023-05-06T21:07:14.306+0000] {dagbag.py:541} INFO - Filling up the DagBag from /home/airflow/.local/lib/python3.7/site-packages/airflow/example_dags/example_external_task_marker_dag.py
[2023-05-06T21:07:14.315+0000] {processor.py:809} INFO - DAG(s) dict_keys(['example_external_task_marker_child', 'example_external_task_marker_parent']) retrieved from /home/airflow/.local/lib/python3.7/site-packages/airflow/example_dags/example_external_task_marker_dag.py
[2023-05-06T21:07:14.358+0000] {logging_mixin.py:149} INFO - [2023-05-06T21:07:14.357+0000] {dag.py:2726} INFO - Sync 2 DAGs
[2023-05-06T21:07:14.399+0000] {logging_mixin.py:149} INFO - [2023-05-06T21:07:14.398+0000] {dag.py:3490} INFO - Setting next_dagrun for example_external_task_marker_child to None, run_after=None
[2023-05-06T21:07:14.406+0000] {logging_mixin.py:149} INFO - [2023-05-06T21:07:14.406+0000] {dag.py:3490} INFO - Setting next_dagrun for example_external_task_marker_parent to None, run_after=None
[2023-05-06T21:07:14.433+0000] {processor.py:178} INFO - Processing /home/airflow/.local/lib/python3.7/site-packages/airflow/example_dags/example_external_task_marker_dag.py took 0.133 seconds
