[2023-05-06T20:55:32.066+0000] {processor.py:156} INFO - Started process (PID=332) to work on /home/airflow/.local/lib/python3.7/site-packages/airflow/example_dags/example_sensors.py
[2023-05-06T20:55:32.068+0000] {processor.py:799} INFO - Processing file /home/airflow/.local/lib/python3.7/site-packages/airflow/example_dags/example_sensors.py for tasks to queue
[2023-05-06T20:55:32.071+0000] {logging_mixin.py:149} INFO - [2023-05-06T20:55:32.071+0000] {dagbag.py:541} INFO - Filling up the DagBag from /home/airflow/.local/lib/python3.7/site-packages/airflow/example_dags/example_sensors.py
[2023-05-06T20:55:32.095+0000] {processor.py:809} INFO - DAG(s) dict_keys(['example_sensors']) retrieved from /home/airflow/.local/lib/python3.7/site-packages/airflow/example_dags/example_sensors.py
[2023-05-06T20:55:32.116+0000] {logging_mixin.py:149} INFO - [2023-05-06T20:55:32.116+0000] {dag.py:2726} INFO - Sync 1 DAGs
[2023-05-06T20:55:32.165+0000] {logging_mixin.py:149} INFO - [2023-05-06T20:55:32.164+0000] {dag.py:3490} INFO - Setting next_dagrun for example_sensors to None, run_after=None
[2023-05-06T20:55:32.202+0000] {processor.py:178} INFO - Processing /home/airflow/.local/lib/python3.7/site-packages/airflow/example_dags/example_sensors.py took 0.140 seconds
[2023-05-06T20:56:05.445+0000] {processor.py:156} INFO - Started process (PID=572) to work on /home/airflow/.local/lib/python3.7/site-packages/airflow/example_dags/example_sensors.py
[2023-05-06T20:56:05.447+0000] {processor.py:799} INFO - Processing file /home/airflow/.local/lib/python3.7/site-packages/airflow/example_dags/example_sensors.py for tasks to queue
[2023-05-06T20:56:05.448+0000] {logging_mixin.py:149} INFO - [2023-05-06T20:56:05.448+0000] {dagbag.py:541} INFO - Filling up the DagBag from /home/airflow/.local/lib/python3.7/site-packages/airflow/example_dags/example_sensors.py
[2023-05-06T20:56:05.463+0000] {processor.py:809} INFO - DAG(s) dict_keys(['example_sensors']) retrieved from /home/airflow/.local/lib/python3.7/site-packages/airflow/example_dags/example_sensors.py
[2023-05-06T20:56:05.506+0000] {logging_mixin.py:149} INFO - [2023-05-06T20:56:05.506+0000] {dag.py:2726} INFO - Sync 1 DAGs
[2023-05-06T20:56:05.696+0000] {logging_mixin.py:149} INFO - [2023-05-06T20:56:05.696+0000] {dag.py:3490} INFO - Setting next_dagrun for example_sensors to None, run_after=None
[2023-05-06T20:56:05.729+0000] {processor.py:178} INFO - Processing /home/airflow/.local/lib/python3.7/site-packages/airflow/example_dags/example_sensors.py took 0.288 seconds
[2023-05-06T20:56:36.488+0000] {processor.py:156} INFO - Started process (PID=808) to work on /home/airflow/.local/lib/python3.7/site-packages/airflow/example_dags/example_sensors.py
[2023-05-06T20:56:36.489+0000] {processor.py:799} INFO - Processing file /home/airflow/.local/lib/python3.7/site-packages/airflow/example_dags/example_sensors.py for tasks to queue
[2023-05-06T20:56:36.491+0000] {logging_mixin.py:149} INFO - [2023-05-06T20:56:36.490+0000] {dagbag.py:541} INFO - Filling up the DagBag from /home/airflow/.local/lib/python3.7/site-packages/airflow/example_dags/example_sensors.py
[2023-05-06T20:56:36.646+0000] {processor.py:809} INFO - DAG(s) dict_keys(['example_sensors']) retrieved from /home/airflow/.local/lib/python3.7/site-packages/airflow/example_dags/example_sensors.py
[2023-05-06T20:56:36.681+0000] {logging_mixin.py:149} INFO - [2023-05-06T20:56:36.681+0000] {dag.py:2726} INFO - Sync 1 DAGs
[2023-05-06T20:56:36.727+0000] {logging_mixin.py:149} INFO - [2023-05-06T20:56:36.727+0000] {dag.py:3490} INFO - Setting next_dagrun for example_sensors to None, run_after=None
[2023-05-06T20:56:36.771+0000] {processor.py:178} INFO - Processing /home/airflow/.local/lib/python3.7/site-packages/airflow/example_dags/example_sensors.py took 0.287 seconds
[2023-05-06T20:57:06.950+0000] {processor.py:156} INFO - Started process (PID=1046) to work on /home/airflow/.local/lib/python3.7/site-packages/airflow/example_dags/example_sensors.py
[2023-05-06T20:57:06.952+0000] {processor.py:799} INFO - Processing file /home/airflow/.local/lib/python3.7/site-packages/airflow/example_dags/example_sensors.py for tasks to queue
[2023-05-06T20:57:06.954+0000] {logging_mixin.py:149} INFO - [2023-05-06T20:57:06.954+0000] {dagbag.py:541} INFO - Filling up the DagBag from /home/airflow/.local/lib/python3.7/site-packages/airflow/example_dags/example_sensors.py
[2023-05-06T20:57:06.969+0000] {processor.py:809} INFO - DAG(s) dict_keys(['example_sensors']) retrieved from /home/airflow/.local/lib/python3.7/site-packages/airflow/example_dags/example_sensors.py
[2023-05-06T20:57:07.010+0000] {logging_mixin.py:149} INFO - [2023-05-06T20:57:07.010+0000] {dag.py:2726} INFO - Sync 1 DAGs
[2023-05-06T20:57:07.046+0000] {logging_mixin.py:149} INFO - [2023-05-06T20:57:07.046+0000] {dag.py:3490} INFO - Setting next_dagrun for example_sensors to None, run_after=None
[2023-05-06T20:57:07.076+0000] {processor.py:178} INFO - Processing /home/airflow/.local/lib/python3.7/site-packages/airflow/example_dags/example_sensors.py took 0.129 seconds
[2023-05-06T20:57:37.611+0000] {processor.py:156} INFO - Started process (PID=1284) to work on /home/airflow/.local/lib/python3.7/site-packages/airflow/example_dags/example_sensors.py
[2023-05-06T20:57:37.613+0000] {processor.py:799} INFO - Processing file /home/airflow/.local/lib/python3.7/site-packages/airflow/example_dags/example_sensors.py for tasks to queue
[2023-05-06T20:57:37.615+0000] {logging_mixin.py:149} INFO - [2023-05-06T20:57:37.615+0000] {dagbag.py:541} INFO - Filling up the DagBag from /home/airflow/.local/lib/python3.7/site-packages/airflow/example_dags/example_sensors.py
[2023-05-06T20:57:37.631+0000] {processor.py:809} INFO - DAG(s) dict_keys(['example_sensors']) retrieved from /home/airflow/.local/lib/python3.7/site-packages/airflow/example_dags/example_sensors.py
[2023-05-06T20:57:37.657+0000] {logging_mixin.py:149} INFO - [2023-05-06T20:57:37.657+0000] {dag.py:2726} INFO - Sync 1 DAGs
[2023-05-06T20:57:37.701+0000] {logging_mixin.py:149} INFO - [2023-05-06T20:57:37.701+0000] {dag.py:3490} INFO - Setting next_dagrun for example_sensors to None, run_after=None
[2023-05-06T20:57:37.738+0000] {processor.py:178} INFO - Processing /home/airflow/.local/lib/python3.7/site-packages/airflow/example_dags/example_sensors.py took 0.132 seconds
[2023-05-06T20:58:08.056+0000] {processor.py:156} INFO - Started process (PID=1517) to work on /home/airflow/.local/lib/python3.7/site-packages/airflow/example_dags/example_sensors.py
[2023-05-06T20:58:08.057+0000] {processor.py:799} INFO - Processing file /home/airflow/.local/lib/python3.7/site-packages/airflow/example_dags/example_sensors.py for tasks to queue
[2023-05-06T20:58:08.059+0000] {logging_mixin.py:149} INFO - [2023-05-06T20:58:08.058+0000] {dagbag.py:541} INFO - Filling up the DagBag from /home/airflow/.local/lib/python3.7/site-packages/airflow/example_dags/example_sensors.py
[2023-05-06T20:58:08.073+0000] {processor.py:809} INFO - DAG(s) dict_keys(['example_sensors']) retrieved from /home/airflow/.local/lib/python3.7/site-packages/airflow/example_dags/example_sensors.py
[2023-05-06T20:58:08.119+0000] {logging_mixin.py:149} INFO - [2023-05-06T20:58:08.119+0000] {dag.py:2726} INFO - Sync 1 DAGs
[2023-05-06T20:58:08.153+0000] {logging_mixin.py:149} INFO - [2023-05-06T20:58:08.153+0000] {dag.py:3490} INFO - Setting next_dagrun for example_sensors to None, run_after=None
[2023-05-06T20:58:08.181+0000] {processor.py:178} INFO - Processing /home/airflow/.local/lib/python3.7/site-packages/airflow/example_dags/example_sensors.py took 0.129 seconds
[2023-05-06T20:58:39.134+0000] {processor.py:156} INFO - Started process (PID=1761) to work on /home/airflow/.local/lib/python3.7/site-packages/airflow/example_dags/example_sensors.py
[2023-05-06T20:58:39.136+0000] {processor.py:799} INFO - Processing file /home/airflow/.local/lib/python3.7/site-packages/airflow/example_dags/example_sensors.py for tasks to queue
[2023-05-06T20:58:39.138+0000] {logging_mixin.py:149} INFO - [2023-05-06T20:58:39.138+0000] {dagbag.py:541} INFO - Filling up the DagBag from /home/airflow/.local/lib/python3.7/site-packages/airflow/example_dags/example_sensors.py
[2023-05-06T20:58:39.155+0000] {processor.py:809} INFO - DAG(s) dict_keys(['example_sensors']) retrieved from /home/airflow/.local/lib/python3.7/site-packages/airflow/example_dags/example_sensors.py
[2023-05-06T20:58:39.207+0000] {logging_mixin.py:149} INFO - [2023-05-06T20:58:39.207+0000] {dag.py:2726} INFO - Sync 1 DAGs
[2023-05-06T20:58:39.262+0000] {logging_mixin.py:149} INFO - [2023-05-06T20:58:39.262+0000] {dag.py:3490} INFO - Setting next_dagrun for example_sensors to None, run_after=None
[2023-05-06T20:58:39.302+0000] {processor.py:178} INFO - Processing /home/airflow/.local/lib/python3.7/site-packages/airflow/example_dags/example_sensors.py took 0.174 seconds
[2023-05-06T20:59:10.242+0000] {processor.py:156} INFO - Started process (PID=1999) to work on /home/airflow/.local/lib/python3.7/site-packages/airflow/example_dags/example_sensors.py
[2023-05-06T20:59:10.244+0000] {processor.py:799} INFO - Processing file /home/airflow/.local/lib/python3.7/site-packages/airflow/example_dags/example_sensors.py for tasks to queue
[2023-05-06T20:59:10.246+0000] {logging_mixin.py:149} INFO - [2023-05-06T20:59:10.246+0000] {dagbag.py:541} INFO - Filling up the DagBag from /home/airflow/.local/lib/python3.7/site-packages/airflow/example_dags/example_sensors.py
[2023-05-06T20:59:10.258+0000] {processor.py:809} INFO - DAG(s) dict_keys(['example_sensors']) retrieved from /home/airflow/.local/lib/python3.7/site-packages/airflow/example_dags/example_sensors.py
[2023-05-06T20:59:10.308+0000] {logging_mixin.py:149} INFO - [2023-05-06T20:59:10.307+0000] {dag.py:2726} INFO - Sync 1 DAGs
[2023-05-06T20:59:10.354+0000] {logging_mixin.py:149} INFO - [2023-05-06T20:59:10.354+0000] {dag.py:3490} INFO - Setting next_dagrun for example_sensors to None, run_after=None
[2023-05-06T20:59:10.391+0000] {processor.py:178} INFO - Processing /home/airflow/.local/lib/python3.7/site-packages/airflow/example_dags/example_sensors.py took 0.152 seconds
[2023-05-06T20:59:41.084+0000] {processor.py:156} INFO - Started process (PID=2237) to work on /home/airflow/.local/lib/python3.7/site-packages/airflow/example_dags/example_sensors.py
[2023-05-06T20:59:41.086+0000] {processor.py:799} INFO - Processing file /home/airflow/.local/lib/python3.7/site-packages/airflow/example_dags/example_sensors.py for tasks to queue
[2023-05-06T20:59:41.087+0000] {logging_mixin.py:149} INFO - [2023-05-06T20:59:41.087+0000] {dagbag.py:541} INFO - Filling up the DagBag from /home/airflow/.local/lib/python3.7/site-packages/airflow/example_dags/example_sensors.py
[2023-05-06T20:59:41.107+0000] {processor.py:809} INFO - DAG(s) dict_keys(['example_sensors']) retrieved from /home/airflow/.local/lib/python3.7/site-packages/airflow/example_dags/example_sensors.py
[2023-05-06T20:59:41.150+0000] {logging_mixin.py:149} INFO - [2023-05-06T20:59:41.150+0000] {dag.py:2726} INFO - Sync 1 DAGs
[2023-05-06T20:59:41.193+0000] {logging_mixin.py:149} INFO - [2023-05-06T20:59:41.193+0000] {dag.py:3490} INFO - Setting next_dagrun for example_sensors to None, run_after=None
[2023-05-06T20:59:41.237+0000] {processor.py:178} INFO - Processing /home/airflow/.local/lib/python3.7/site-packages/airflow/example_dags/example_sensors.py took 0.157 seconds
[2023-05-06T21:00:11.341+0000] {processor.py:156} INFO - Started process (PID=2475) to work on /home/airflow/.local/lib/python3.7/site-packages/airflow/example_dags/example_sensors.py
[2023-05-06T21:00:11.342+0000] {processor.py:799} INFO - Processing file /home/airflow/.local/lib/python3.7/site-packages/airflow/example_dags/example_sensors.py for tasks to queue
[2023-05-06T21:00:11.344+0000] {logging_mixin.py:149} INFO - [2023-05-06T21:00:11.343+0000] {dagbag.py:541} INFO - Filling up the DagBag from /home/airflow/.local/lib/python3.7/site-packages/airflow/example_dags/example_sensors.py
[2023-05-06T21:00:11.355+0000] {processor.py:809} INFO - DAG(s) dict_keys(['example_sensors']) retrieved from /home/airflow/.local/lib/python3.7/site-packages/airflow/example_dags/example_sensors.py
[2023-05-06T21:00:11.372+0000] {logging_mixin.py:149} INFO - [2023-05-06T21:00:11.372+0000] {dag.py:2726} INFO - Sync 1 DAGs
[2023-05-06T21:00:11.409+0000] {logging_mixin.py:149} INFO - [2023-05-06T21:00:11.409+0000] {dag.py:3490} INFO - Setting next_dagrun for example_sensors to None, run_after=None
[2023-05-06T21:00:11.439+0000] {processor.py:178} INFO - Processing /home/airflow/.local/lib/python3.7/site-packages/airflow/example_dags/example_sensors.py took 0.102 seconds
[2023-05-06T21:00:41.986+0000] {processor.py:156} INFO - Started process (PID=2713) to work on /home/airflow/.local/lib/python3.7/site-packages/airflow/example_dags/example_sensors.py
[2023-05-06T21:00:41.987+0000] {processor.py:799} INFO - Processing file /home/airflow/.local/lib/python3.7/site-packages/airflow/example_dags/example_sensors.py for tasks to queue
[2023-05-06T21:00:41.989+0000] {logging_mixin.py:149} INFO - [2023-05-06T21:00:41.989+0000] {dagbag.py:541} INFO - Filling up the DagBag from /home/airflow/.local/lib/python3.7/site-packages/airflow/example_dags/example_sensors.py
[2023-05-06T21:00:42.004+0000] {processor.py:809} INFO - DAG(s) dict_keys(['example_sensors']) retrieved from /home/airflow/.local/lib/python3.7/site-packages/airflow/example_dags/example_sensors.py
[2023-05-06T21:00:42.042+0000] {logging_mixin.py:149} INFO - [2023-05-06T21:00:42.042+0000] {dag.py:2726} INFO - Sync 1 DAGs
[2023-05-06T21:00:42.077+0000] {logging_mixin.py:149} INFO - [2023-05-06T21:00:42.077+0000] {dag.py:3490} INFO - Setting next_dagrun for example_sensors to None, run_after=None
[2023-05-06T21:00:42.112+0000] {processor.py:178} INFO - Processing /home/airflow/.local/lib/python3.7/site-packages/airflow/example_dags/example_sensors.py took 0.130 seconds
[2023-05-06T21:01:12.467+0000] {processor.py:156} INFO - Started process (PID=2951) to work on /home/airflow/.local/lib/python3.7/site-packages/airflow/example_dags/example_sensors.py
[2023-05-06T21:01:12.470+0000] {processor.py:799} INFO - Processing file /home/airflow/.local/lib/python3.7/site-packages/airflow/example_dags/example_sensors.py for tasks to queue
[2023-05-06T21:01:12.471+0000] {logging_mixin.py:149} INFO - [2023-05-06T21:01:12.471+0000] {dagbag.py:541} INFO - Filling up the DagBag from /home/airflow/.local/lib/python3.7/site-packages/airflow/example_dags/example_sensors.py
[2023-05-06T21:01:12.487+0000] {processor.py:809} INFO - DAG(s) dict_keys(['example_sensors']) retrieved from /home/airflow/.local/lib/python3.7/site-packages/airflow/example_dags/example_sensors.py
[2023-05-06T21:01:12.529+0000] {logging_mixin.py:149} INFO - [2023-05-06T21:01:12.529+0000] {dag.py:2726} INFO - Sync 1 DAGs
[2023-05-06T21:01:12.573+0000] {logging_mixin.py:149} INFO - [2023-05-06T21:01:12.572+0000] {dag.py:3490} INFO - Setting next_dagrun for example_sensors to None, run_after=None
[2023-05-06T21:01:12.608+0000] {processor.py:178} INFO - Processing /home/airflow/.local/lib/python3.7/site-packages/airflow/example_dags/example_sensors.py took 0.145 seconds
[2023-05-06T21:01:43.022+0000] {processor.py:156} INFO - Started process (PID=3191) to work on /home/airflow/.local/lib/python3.7/site-packages/airflow/example_dags/example_sensors.py
[2023-05-06T21:01:43.024+0000] {processor.py:799} INFO - Processing file /home/airflow/.local/lib/python3.7/site-packages/airflow/example_dags/example_sensors.py for tasks to queue
[2023-05-06T21:01:43.025+0000] {logging_mixin.py:149} INFO - [2023-05-06T21:01:43.025+0000] {dagbag.py:541} INFO - Filling up the DagBag from /home/airflow/.local/lib/python3.7/site-packages/airflow/example_dags/example_sensors.py
[2023-05-06T21:01:43.039+0000] {processor.py:809} INFO - DAG(s) dict_keys(['example_sensors']) retrieved from /home/airflow/.local/lib/python3.7/site-packages/airflow/example_dags/example_sensors.py
[2023-05-06T21:01:43.079+0000] {logging_mixin.py:149} INFO - [2023-05-06T21:01:43.079+0000] {dag.py:2726} INFO - Sync 1 DAGs
[2023-05-06T21:01:43.117+0000] {logging_mixin.py:149} INFO - [2023-05-06T21:01:43.116+0000] {dag.py:3490} INFO - Setting next_dagrun for example_sensors to None, run_after=None
[2023-05-06T21:01:43.150+0000] {processor.py:178} INFO - Processing /home/airflow/.local/lib/python3.7/site-packages/airflow/example_dags/example_sensors.py took 0.131 seconds
[2023-05-06T21:02:13.254+0000] {processor.py:156} INFO - Started process (PID=3427) to work on /home/airflow/.local/lib/python3.7/site-packages/airflow/example_dags/example_sensors.py
[2023-05-06T21:02:13.256+0000] {processor.py:799} INFO - Processing file /home/airflow/.local/lib/python3.7/site-packages/airflow/example_dags/example_sensors.py for tasks to queue
[2023-05-06T21:02:13.259+0000] {logging_mixin.py:149} INFO - [2023-05-06T21:02:13.259+0000] {dagbag.py:541} INFO - Filling up the DagBag from /home/airflow/.local/lib/python3.7/site-packages/airflow/example_dags/example_sensors.py
[2023-05-06T21:02:13.274+0000] {processor.py:809} INFO - DAG(s) dict_keys(['example_sensors']) retrieved from /home/airflow/.local/lib/python3.7/site-packages/airflow/example_dags/example_sensors.py
[2023-05-06T21:02:13.317+0000] {logging_mixin.py:149} INFO - [2023-05-06T21:02:13.316+0000] {dag.py:2726} INFO - Sync 1 DAGs
[2023-05-06T21:02:13.354+0000] {logging_mixin.py:149} INFO - [2023-05-06T21:02:13.353+0000] {dag.py:3490} INFO - Setting next_dagrun for example_sensors to None, run_after=None
[2023-05-06T21:02:13.384+0000] {processor.py:178} INFO - Processing /home/airflow/.local/lib/python3.7/site-packages/airflow/example_dags/example_sensors.py took 0.135 seconds
[2023-05-06T21:02:43.755+0000] {processor.py:156} INFO - Started process (PID=3665) to work on /home/airflow/.local/lib/python3.7/site-packages/airflow/example_dags/example_sensors.py
[2023-05-06T21:02:43.756+0000] {processor.py:799} INFO - Processing file /home/airflow/.local/lib/python3.7/site-packages/airflow/example_dags/example_sensors.py for tasks to queue
[2023-05-06T21:02:43.758+0000] {logging_mixin.py:149} INFO - [2023-05-06T21:02:43.758+0000] {dagbag.py:541} INFO - Filling up the DagBag from /home/airflow/.local/lib/python3.7/site-packages/airflow/example_dags/example_sensors.py
[2023-05-06T21:02:43.775+0000] {processor.py:809} INFO - DAG(s) dict_keys(['example_sensors']) retrieved from /home/airflow/.local/lib/python3.7/site-packages/airflow/example_dags/example_sensors.py
[2023-05-06T21:02:43.817+0000] {logging_mixin.py:149} INFO - [2023-05-06T21:02:43.817+0000] {dag.py:2726} INFO - Sync 1 DAGs
[2023-05-06T21:02:43.858+0000] {logging_mixin.py:149} INFO - [2023-05-06T21:02:43.858+0000] {dag.py:3490} INFO - Setting next_dagrun for example_sensors to None, run_after=None
[2023-05-06T21:02:43.889+0000] {processor.py:178} INFO - Processing /home/airflow/.local/lib/python3.7/site-packages/airflow/example_dags/example_sensors.py took 0.139 seconds
[2023-05-06T21:03:14.605+0000] {processor.py:156} INFO - Started process (PID=3903) to work on /home/airflow/.local/lib/python3.7/site-packages/airflow/example_dags/example_sensors.py
[2023-05-06T21:03:14.607+0000] {processor.py:799} INFO - Processing file /home/airflow/.local/lib/python3.7/site-packages/airflow/example_dags/example_sensors.py for tasks to queue
[2023-05-06T21:03:14.608+0000] {logging_mixin.py:149} INFO - [2023-05-06T21:03:14.608+0000] {dagbag.py:541} INFO - Filling up the DagBag from /home/airflow/.local/lib/python3.7/site-packages/airflow/example_dags/example_sensors.py
[2023-05-06T21:03:14.622+0000] {processor.py:809} INFO - DAG(s) dict_keys(['example_sensors']) retrieved from /home/airflow/.local/lib/python3.7/site-packages/airflow/example_dags/example_sensors.py
[2023-05-06T21:03:14.664+0000] {logging_mixin.py:149} INFO - [2023-05-06T21:03:14.664+0000] {dag.py:2726} INFO - Sync 1 DAGs
[2023-05-06T21:03:14.712+0000] {logging_mixin.py:149} INFO - [2023-05-06T21:03:14.712+0000] {dag.py:3490} INFO - Setting next_dagrun for example_sensors to None, run_after=None
[2023-05-06T21:03:14.749+0000] {processor.py:178} INFO - Processing /home/airflow/.local/lib/python3.7/site-packages/airflow/example_dags/example_sensors.py took 0.148 seconds
[2023-05-06T21:03:45.322+0000] {processor.py:156} INFO - Started process (PID=4141) to work on /home/airflow/.local/lib/python3.7/site-packages/airflow/example_dags/example_sensors.py
[2023-05-06T21:03:45.326+0000] {processor.py:799} INFO - Processing file /home/airflow/.local/lib/python3.7/site-packages/airflow/example_dags/example_sensors.py for tasks to queue
[2023-05-06T21:03:45.327+0000] {logging_mixin.py:149} INFO - [2023-05-06T21:03:45.327+0000] {dagbag.py:541} INFO - Filling up the DagBag from /home/airflow/.local/lib/python3.7/site-packages/airflow/example_dags/example_sensors.py
[2023-05-06T21:03:45.341+0000] {processor.py:809} INFO - DAG(s) dict_keys(['example_sensors']) retrieved from /home/airflow/.local/lib/python3.7/site-packages/airflow/example_dags/example_sensors.py
[2023-05-06T21:03:45.383+0000] {logging_mixin.py:149} INFO - [2023-05-06T21:03:45.382+0000] {dag.py:2726} INFO - Sync 1 DAGs
[2023-05-06T21:03:45.423+0000] {logging_mixin.py:149} INFO - [2023-05-06T21:03:45.423+0000] {dag.py:3490} INFO - Setting next_dagrun for example_sensors to None, run_after=None
[2023-05-06T21:03:45.456+0000] {processor.py:178} INFO - Processing /home/airflow/.local/lib/python3.7/site-packages/airflow/example_dags/example_sensors.py took 0.137 seconds
[2023-05-06T21:04:16.202+0000] {processor.py:156} INFO - Started process (PID=4379) to work on /home/airflow/.local/lib/python3.7/site-packages/airflow/example_dags/example_sensors.py
[2023-05-06T21:04:16.204+0000] {processor.py:799} INFO - Processing file /home/airflow/.local/lib/python3.7/site-packages/airflow/example_dags/example_sensors.py for tasks to queue
[2023-05-06T21:04:16.205+0000] {logging_mixin.py:149} INFO - [2023-05-06T21:04:16.205+0000] {dagbag.py:541} INFO - Filling up the DagBag from /home/airflow/.local/lib/python3.7/site-packages/airflow/example_dags/example_sensors.py
[2023-05-06T21:04:16.222+0000] {processor.py:809} INFO - DAG(s) dict_keys(['example_sensors']) retrieved from /home/airflow/.local/lib/python3.7/site-packages/airflow/example_dags/example_sensors.py
[2023-05-06T21:04:16.260+0000] {logging_mixin.py:149} INFO - [2023-05-06T21:04:16.260+0000] {dag.py:2726} INFO - Sync 1 DAGs
[2023-05-06T21:04:16.302+0000] {logging_mixin.py:149} INFO - [2023-05-06T21:04:16.302+0000] {dag.py:3490} INFO - Setting next_dagrun for example_sensors to None, run_after=None
[2023-05-06T21:04:16.337+0000] {processor.py:178} INFO - Processing /home/airflow/.local/lib/python3.7/site-packages/airflow/example_dags/example_sensors.py took 0.138 seconds
[2023-05-06T21:04:47.001+0000] {processor.py:156} INFO - Started process (PID=4617) to work on /home/airflow/.local/lib/python3.7/site-packages/airflow/example_dags/example_sensors.py
[2023-05-06T21:04:47.004+0000] {processor.py:799} INFO - Processing file /home/airflow/.local/lib/python3.7/site-packages/airflow/example_dags/example_sensors.py for tasks to queue
[2023-05-06T21:04:47.006+0000] {logging_mixin.py:149} INFO - [2023-05-06T21:04:47.005+0000] {dagbag.py:541} INFO - Filling up the DagBag from /home/airflow/.local/lib/python3.7/site-packages/airflow/example_dags/example_sensors.py
[2023-05-06T21:04:47.020+0000] {processor.py:809} INFO - DAG(s) dict_keys(['example_sensors']) retrieved from /home/airflow/.local/lib/python3.7/site-packages/airflow/example_dags/example_sensors.py
[2023-05-06T21:04:47.070+0000] {logging_mixin.py:149} INFO - [2023-05-06T21:04:47.070+0000] {dag.py:2726} INFO - Sync 1 DAGs
[2023-05-06T21:04:47.123+0000] {logging_mixin.py:149} INFO - [2023-05-06T21:04:47.123+0000] {dag.py:3490} INFO - Setting next_dagrun for example_sensors to None, run_after=None
[2023-05-06T21:04:47.157+0000] {processor.py:178} INFO - Processing /home/airflow/.local/lib/python3.7/site-packages/airflow/example_dags/example_sensors.py took 0.160 seconds
[2023-05-06T21:05:17.357+0000] {processor.py:156} INFO - Started process (PID=4855) to work on /home/airflow/.local/lib/python3.7/site-packages/airflow/example_dags/example_sensors.py
[2023-05-06T21:05:17.359+0000] {processor.py:799} INFO - Processing file /home/airflow/.local/lib/python3.7/site-packages/airflow/example_dags/example_sensors.py for tasks to queue
[2023-05-06T21:05:17.360+0000] {logging_mixin.py:149} INFO - [2023-05-06T21:05:17.360+0000] {dagbag.py:541} INFO - Filling up the DagBag from /home/airflow/.local/lib/python3.7/site-packages/airflow/example_dags/example_sensors.py
[2023-05-06T21:05:17.373+0000] {processor.py:809} INFO - DAG(s) dict_keys(['example_sensors']) retrieved from /home/airflow/.local/lib/python3.7/site-packages/airflow/example_dags/example_sensors.py
[2023-05-06T21:05:17.413+0000] {logging_mixin.py:149} INFO - [2023-05-06T21:05:17.412+0000] {dag.py:2726} INFO - Sync 1 DAGs
[2023-05-06T21:05:17.447+0000] {logging_mixin.py:149} INFO - [2023-05-06T21:05:17.447+0000] {dag.py:3490} INFO - Setting next_dagrun for example_sensors to None, run_after=None
[2023-05-06T21:05:17.472+0000] {processor.py:178} INFO - Processing /home/airflow/.local/lib/python3.7/site-packages/airflow/example_dags/example_sensors.py took 0.120 seconds
[2023-05-06T21:05:48.030+0000] {processor.py:156} INFO - Started process (PID=5093) to work on /home/airflow/.local/lib/python3.7/site-packages/airflow/example_dags/example_sensors.py
[2023-05-06T21:05:48.032+0000] {processor.py:799} INFO - Processing file /home/airflow/.local/lib/python3.7/site-packages/airflow/example_dags/example_sensors.py for tasks to queue
[2023-05-06T21:05:48.034+0000] {logging_mixin.py:149} INFO - [2023-05-06T21:05:48.033+0000] {dagbag.py:541} INFO - Filling up the DagBag from /home/airflow/.local/lib/python3.7/site-packages/airflow/example_dags/example_sensors.py
[2023-05-06T21:05:48.045+0000] {processor.py:809} INFO - DAG(s) dict_keys(['example_sensors']) retrieved from /home/airflow/.local/lib/python3.7/site-packages/airflow/example_dags/example_sensors.py
[2023-05-06T21:05:48.082+0000] {logging_mixin.py:149} INFO - [2023-05-06T21:05:48.081+0000] {dag.py:2726} INFO - Sync 1 DAGs
[2023-05-06T21:05:48.124+0000] {logging_mixin.py:149} INFO - [2023-05-06T21:05:48.124+0000] {dag.py:3490} INFO - Setting next_dagrun for example_sensors to None, run_after=None
[2023-05-06T21:05:48.157+0000] {processor.py:178} INFO - Processing /home/airflow/.local/lib/python3.7/site-packages/airflow/example_dags/example_sensors.py took 0.131 seconds
[2023-05-06T21:06:18.647+0000] {processor.py:156} INFO - Started process (PID=5333) to work on /home/airflow/.local/lib/python3.7/site-packages/airflow/example_dags/example_sensors.py
[2023-05-06T21:06:18.649+0000] {processor.py:799} INFO - Processing file /home/airflow/.local/lib/python3.7/site-packages/airflow/example_dags/example_sensors.py for tasks to queue
[2023-05-06T21:06:18.651+0000] {logging_mixin.py:149} INFO - [2023-05-06T21:06:18.651+0000] {dagbag.py:541} INFO - Filling up the DagBag from /home/airflow/.local/lib/python3.7/site-packages/airflow/example_dags/example_sensors.py
[2023-05-06T21:06:18.668+0000] {processor.py:809} INFO - DAG(s) dict_keys(['example_sensors']) retrieved from /home/airflow/.local/lib/python3.7/site-packages/airflow/example_dags/example_sensors.py
[2023-05-06T21:06:18.689+0000] {logging_mixin.py:149} INFO - [2023-05-06T21:06:18.689+0000] {dag.py:2726} INFO - Sync 1 DAGs
[2023-05-06T21:06:18.727+0000] {logging_mixin.py:149} INFO - [2023-05-06T21:06:18.726+0000] {dag.py:3490} INFO - Setting next_dagrun for example_sensors to None, run_after=None
[2023-05-06T21:06:18.768+0000] {processor.py:178} INFO - Processing /home/airflow/.local/lib/python3.7/site-packages/airflow/example_dags/example_sensors.py took 0.126 seconds
[2023-05-06T21:06:49.325+0000] {processor.py:156} INFO - Started process (PID=5570) to work on /home/airflow/.local/lib/python3.7/site-packages/airflow/example_dags/example_sensors.py
[2023-05-06T21:06:49.328+0000] {processor.py:799} INFO - Processing file /home/airflow/.local/lib/python3.7/site-packages/airflow/example_dags/example_sensors.py for tasks to queue
[2023-05-06T21:06:49.330+0000] {logging_mixin.py:149} INFO - [2023-05-06T21:06:49.330+0000] {dagbag.py:541} INFO - Filling up the DagBag from /home/airflow/.local/lib/python3.7/site-packages/airflow/example_dags/example_sensors.py
[2023-05-06T21:06:49.354+0000] {processor.py:809} INFO - DAG(s) dict_keys(['example_sensors']) retrieved from /home/airflow/.local/lib/python3.7/site-packages/airflow/example_dags/example_sensors.py
[2023-05-06T21:06:49.437+0000] {logging_mixin.py:149} INFO - [2023-05-06T21:06:49.436+0000] {dag.py:2726} INFO - Sync 1 DAGs
[2023-05-06T21:06:49.506+0000] {logging_mixin.py:149} INFO - [2023-05-06T21:06:49.505+0000] {dag.py:3490} INFO - Setting next_dagrun for example_sensors to None, run_after=None
[2023-05-06T21:06:49.543+0000] {processor.py:178} INFO - Processing /home/airflow/.local/lib/python3.7/site-packages/airflow/example_dags/example_sensors.py took 0.225 seconds
[2023-05-06T21:07:19.609+0000] {processor.py:156} INFO - Started process (PID=5805) to work on /home/airflow/.local/lib/python3.7/site-packages/airflow/example_dags/example_sensors.py
[2023-05-06T21:07:19.611+0000] {processor.py:799} INFO - Processing file /home/airflow/.local/lib/python3.7/site-packages/airflow/example_dags/example_sensors.py for tasks to queue
[2023-05-06T21:07:19.612+0000] {logging_mixin.py:149} INFO - [2023-05-06T21:07:19.612+0000] {dagbag.py:541} INFO - Filling up the DagBag from /home/airflow/.local/lib/python3.7/site-packages/airflow/example_dags/example_sensors.py
[2023-05-06T21:07:19.624+0000] {processor.py:809} INFO - DAG(s) dict_keys(['example_sensors']) retrieved from /home/airflow/.local/lib/python3.7/site-packages/airflow/example_dags/example_sensors.py
[2023-05-06T21:07:19.660+0000] {logging_mixin.py:149} INFO - [2023-05-06T21:07:19.660+0000] {dag.py:2726} INFO - Sync 1 DAGs
[2023-05-06T21:07:19.692+0000] {logging_mixin.py:149} INFO - [2023-05-06T21:07:19.692+0000] {dag.py:3490} INFO - Setting next_dagrun for example_sensors to None, run_after=None
[2023-05-06T21:07:19.722+0000] {processor.py:178} INFO - Processing /home/airflow/.local/lib/python3.7/site-packages/airflow/example_dags/example_sensors.py took 0.116 seconds
