[2023-05-06T20:55:31.538+0000] {processor.py:156} INFO - Started process (PID=307) to work on /home/airflow/.local/lib/python3.7/site-packages/airflow/example_dags/example_complex.py
[2023-05-06T20:55:31.540+0000] {processor.py:799} INFO - Processing file /home/airflow/.local/lib/python3.7/site-packages/airflow/example_dags/example_complex.py for tasks to queue
[2023-05-06T20:55:31.541+0000] {logging_mixin.py:149} INFO - [2023-05-06T20:55:31.541+0000] {dagbag.py:541} INFO - Filling up the DagBag from /home/airflow/.local/lib/python3.7/site-packages/airflow/example_dags/example_complex.py
[2023-05-06T20:55:31.561+0000] {logging_mixin.py:149} INFO - [2023-05-06T20:55:31.561+0000] {taskmixin.py:211} WARNING - Dependency <Task(BashOperator): create_entry_group>, delete_entry_group already registered for DAG: example_complex
[2023-05-06T20:55:31.562+0000] {logging_mixin.py:149} INFO - [2023-05-06T20:55:31.562+0000] {taskmixin.py:211} WARNING - Dependency <Task(BashOperator): delete_entry_group>, create_entry_group already registered for DAG: example_complex
[2023-05-06T20:55:31.564+0000] {logging_mixin.py:149} INFO - [2023-05-06T20:55:31.563+0000] {taskmixin.py:211} WARNING - Dependency <Task(BashOperator): create_entry_gcs>, delete_entry already registered for DAG: example_complex
[2023-05-06T20:55:31.565+0000] {logging_mixin.py:149} INFO - [2023-05-06T20:55:31.565+0000] {taskmixin.py:211} WARNING - Dependency <Task(BashOperator): delete_entry>, create_entry_gcs already registered for DAG: example_complex
[2023-05-06T20:55:31.566+0000] {logging_mixin.py:149} INFO - [2023-05-06T20:55:31.566+0000] {taskmixin.py:211} WARNING - Dependency <Task(BashOperator): create_tag>, delete_tag already registered for DAG: example_complex
[2023-05-06T20:55:31.567+0000] {logging_mixin.py:149} INFO - [2023-05-06T20:55:31.566+0000] {taskmixin.py:211} WARNING - Dependency <Task(BashOperator): delete_tag>, create_tag already registered for DAG: example_complex
[2023-05-06T20:55:31.569+0000] {processor.py:809} INFO - DAG(s) dict_keys(['example_complex']) retrieved from /home/airflow/.local/lib/python3.7/site-packages/airflow/example_dags/example_complex.py
[2023-05-06T20:55:31.586+0000] {logging_mixin.py:149} INFO - [2023-05-06T20:55:31.586+0000] {dag.py:2726} INFO - Sync 1 DAGs
[2023-05-06T20:55:31.630+0000] {logging_mixin.py:149} INFO - [2023-05-06T20:55:31.630+0000] {dag.py:3490} INFO - Setting next_dagrun for example_complex to None, run_after=None
[2023-05-06T20:55:31.672+0000] {processor.py:178} INFO - Processing /home/airflow/.local/lib/python3.7/site-packages/airflow/example_dags/example_complex.py took 0.139 seconds
[2023-05-06T20:56:03.917+0000] {processor.py:156} INFO - Started process (PID=545) to work on /home/airflow/.local/lib/python3.7/site-packages/airflow/example_dags/example_complex.py
[2023-05-06T20:56:03.919+0000] {processor.py:799} INFO - Processing file /home/airflow/.local/lib/python3.7/site-packages/airflow/example_dags/example_complex.py for tasks to queue
[2023-05-06T20:56:03.921+0000] {logging_mixin.py:149} INFO - [2023-05-06T20:56:03.920+0000] {dagbag.py:541} INFO - Filling up the DagBag from /home/airflow/.local/lib/python3.7/site-packages/airflow/example_dags/example_complex.py
[2023-05-06T20:56:03.936+0000] {logging_mixin.py:149} INFO - [2023-05-06T20:56:03.935+0000] {taskmixin.py:211} WARNING - Dependency <Task(BashOperator): create_entry_group>, delete_entry_group already registered for DAG: example_complex
[2023-05-06T20:56:03.937+0000] {logging_mixin.py:149} INFO - [2023-05-06T20:56:03.937+0000] {taskmixin.py:211} WARNING - Dependency <Task(BashOperator): delete_entry_group>, create_entry_group already registered for DAG: example_complex
[2023-05-06T20:56:03.938+0000] {logging_mixin.py:149} INFO - [2023-05-06T20:56:03.938+0000] {taskmixin.py:211} WARNING - Dependency <Task(BashOperator): create_entry_gcs>, delete_entry already registered for DAG: example_complex
[2023-05-06T20:56:03.939+0000] {logging_mixin.py:149} INFO - [2023-05-06T20:56:03.938+0000] {taskmixin.py:211} WARNING - Dependency <Task(BashOperator): delete_entry>, create_entry_gcs already registered for DAG: example_complex
[2023-05-06T20:56:03.940+0000] {logging_mixin.py:149} INFO - [2023-05-06T20:56:03.940+0000] {taskmixin.py:211} WARNING - Dependency <Task(BashOperator): create_tag>, delete_tag already registered for DAG: example_complex
[2023-05-06T20:56:03.941+0000] {logging_mixin.py:149} INFO - [2023-05-06T20:56:03.941+0000] {taskmixin.py:211} WARNING - Dependency <Task(BashOperator): delete_tag>, create_tag already registered for DAG: example_complex
[2023-05-06T20:56:03.944+0000] {processor.py:809} INFO - DAG(s) dict_keys(['example_complex']) retrieved from /home/airflow/.local/lib/python3.7/site-packages/airflow/example_dags/example_complex.py
[2023-05-06T20:56:03.999+0000] {logging_mixin.py:149} INFO - [2023-05-06T20:56:03.999+0000] {dag.py:2726} INFO - Sync 1 DAGs
[2023-05-06T20:56:04.191+0000] {logging_mixin.py:149} INFO - [2023-05-06T20:56:04.191+0000] {dag.py:3490} INFO - Setting next_dagrun for example_complex to None, run_after=None
[2023-05-06T20:56:04.231+0000] {processor.py:178} INFO - Processing /home/airflow/.local/lib/python3.7/site-packages/airflow/example_dags/example_complex.py took 0.319 seconds
[2023-05-06T20:56:35.410+0000] {processor.py:156} INFO - Started process (PID=785) to work on /home/airflow/.local/lib/python3.7/site-packages/airflow/example_dags/example_complex.py
[2023-05-06T20:56:35.412+0000] {processor.py:799} INFO - Processing file /home/airflow/.local/lib/python3.7/site-packages/airflow/example_dags/example_complex.py for tasks to queue
[2023-05-06T20:56:35.413+0000] {logging_mixin.py:149} INFO - [2023-05-06T20:56:35.413+0000] {dagbag.py:541} INFO - Filling up the DagBag from /home/airflow/.local/lib/python3.7/site-packages/airflow/example_dags/example_complex.py
[2023-05-06T20:56:35.603+0000] {logging_mixin.py:149} INFO - [2023-05-06T20:56:35.603+0000] {taskmixin.py:211} WARNING - Dependency <Task(BashOperator): create_entry_group>, delete_entry_group already registered for DAG: example_complex
[2023-05-06T20:56:35.605+0000] {logging_mixin.py:149} INFO - [2023-05-06T20:56:35.605+0000] {taskmixin.py:211} WARNING - Dependency <Task(BashOperator): delete_entry_group>, create_entry_group already registered for DAG: example_complex
[2023-05-06T20:56:35.606+0000] {logging_mixin.py:149} INFO - [2023-05-06T20:56:35.606+0000] {taskmixin.py:211} WARNING - Dependency <Task(BashOperator): create_entry_gcs>, delete_entry already registered for DAG: example_complex
[2023-05-06T20:56:35.607+0000] {logging_mixin.py:149} INFO - [2023-05-06T20:56:35.606+0000] {taskmixin.py:211} WARNING - Dependency <Task(BashOperator): delete_entry>, create_entry_gcs already registered for DAG: example_complex
[2023-05-06T20:56:35.608+0000] {logging_mixin.py:149} INFO - [2023-05-06T20:56:35.608+0000] {taskmixin.py:211} WARNING - Dependency <Task(BashOperator): create_tag>, delete_tag already registered for DAG: example_complex
[2023-05-06T20:56:35.609+0000] {logging_mixin.py:149} INFO - [2023-05-06T20:56:35.609+0000] {taskmixin.py:211} WARNING - Dependency <Task(BashOperator): delete_tag>, create_tag already registered for DAG: example_complex
[2023-05-06T20:56:35.612+0000] {processor.py:809} INFO - DAG(s) dict_keys(['example_complex']) retrieved from /home/airflow/.local/lib/python3.7/site-packages/airflow/example_dags/example_complex.py
[2023-05-06T20:56:35.661+0000] {logging_mixin.py:149} INFO - [2023-05-06T20:56:35.660+0000] {dag.py:2726} INFO - Sync 1 DAGs
[2023-05-06T20:56:35.697+0000] {logging_mixin.py:149} INFO - [2023-05-06T20:56:35.697+0000] {dag.py:3490} INFO - Setting next_dagrun for example_complex to None, run_after=None
[2023-05-06T20:56:35.916+0000] {processor.py:178} INFO - Processing /home/airflow/.local/lib/python3.7/site-packages/airflow/example_dags/example_complex.py took 0.509 seconds
[2023-05-06T20:57:06.584+0000] {processor.py:156} INFO - Started process (PID=1028) to work on /home/airflow/.local/lib/python3.7/site-packages/airflow/example_dags/example_complex.py
[2023-05-06T20:57:06.586+0000] {processor.py:799} INFO - Processing file /home/airflow/.local/lib/python3.7/site-packages/airflow/example_dags/example_complex.py for tasks to queue
[2023-05-06T20:57:06.588+0000] {logging_mixin.py:149} INFO - [2023-05-06T20:57:06.588+0000] {dagbag.py:541} INFO - Filling up the DagBag from /home/airflow/.local/lib/python3.7/site-packages/airflow/example_dags/example_complex.py
[2023-05-06T20:57:06.602+0000] {logging_mixin.py:149} INFO - [2023-05-06T20:57:06.602+0000] {taskmixin.py:211} WARNING - Dependency <Task(BashOperator): create_entry_group>, delete_entry_group already registered for DAG: example_complex
[2023-05-06T20:57:06.603+0000] {logging_mixin.py:149} INFO - [2023-05-06T20:57:06.603+0000] {taskmixin.py:211} WARNING - Dependency <Task(BashOperator): delete_entry_group>, create_entry_group already registered for DAG: example_complex
[2023-05-06T20:57:06.604+0000] {logging_mixin.py:149} INFO - [2023-05-06T20:57:06.604+0000] {taskmixin.py:211} WARNING - Dependency <Task(BashOperator): create_entry_gcs>, delete_entry already registered for DAG: example_complex
[2023-05-06T20:57:06.605+0000] {logging_mixin.py:149} INFO - [2023-05-06T20:57:06.605+0000] {taskmixin.py:211} WARNING - Dependency <Task(BashOperator): delete_entry>, create_entry_gcs already registered for DAG: example_complex
[2023-05-06T20:57:06.606+0000] {logging_mixin.py:149} INFO - [2023-05-06T20:57:06.606+0000] {taskmixin.py:211} WARNING - Dependency <Task(BashOperator): create_tag>, delete_tag already registered for DAG: example_complex
[2023-05-06T20:57:06.607+0000] {logging_mixin.py:149} INFO - [2023-05-06T20:57:06.606+0000] {taskmixin.py:211} WARNING - Dependency <Task(BashOperator): delete_tag>, create_tag already registered for DAG: example_complex
[2023-05-06T20:57:06.610+0000] {processor.py:809} INFO - DAG(s) dict_keys(['example_complex']) retrieved from /home/airflow/.local/lib/python3.7/site-packages/airflow/example_dags/example_complex.py
[2023-05-06T20:57:06.657+0000] {logging_mixin.py:149} INFO - [2023-05-06T20:57:06.657+0000] {dag.py:2726} INFO - Sync 1 DAGs
[2023-05-06T20:57:06.694+0000] {logging_mixin.py:149} INFO - [2023-05-06T20:57:06.694+0000] {dag.py:3490} INFO - Setting next_dagrun for example_complex to None, run_after=None
[2023-05-06T20:57:06.724+0000] {processor.py:178} INFO - Processing /home/airflow/.local/lib/python3.7/site-packages/airflow/example_dags/example_complex.py took 0.146 seconds
[2023-05-06T20:57:36.985+0000] {processor.py:156} INFO - Started process (PID=1261) to work on /home/airflow/.local/lib/python3.7/site-packages/airflow/example_dags/example_complex.py
[2023-05-06T20:57:36.987+0000] {processor.py:799} INFO - Processing file /home/airflow/.local/lib/python3.7/site-packages/airflow/example_dags/example_complex.py for tasks to queue
[2023-05-06T20:57:36.990+0000] {logging_mixin.py:149} INFO - [2023-05-06T20:57:36.990+0000] {dagbag.py:541} INFO - Filling up the DagBag from /home/airflow/.local/lib/python3.7/site-packages/airflow/example_dags/example_complex.py
[2023-05-06T20:57:37.015+0000] {logging_mixin.py:149} INFO - [2023-05-06T20:57:37.014+0000] {taskmixin.py:211} WARNING - Dependency <Task(BashOperator): create_entry_group>, delete_entry_group already registered for DAG: example_complex
[2023-05-06T20:57:37.017+0000] {logging_mixin.py:149} INFO - [2023-05-06T20:57:37.016+0000] {taskmixin.py:211} WARNING - Dependency <Task(BashOperator): delete_entry_group>, create_entry_group already registered for DAG: example_complex
[2023-05-06T20:57:37.019+0000] {logging_mixin.py:149} INFO - [2023-05-06T20:57:37.018+0000] {taskmixin.py:211} WARNING - Dependency <Task(BashOperator): create_entry_gcs>, delete_entry already registered for DAG: example_complex
[2023-05-06T20:57:37.021+0000] {logging_mixin.py:149} INFO - [2023-05-06T20:57:37.020+0000] {taskmixin.py:211} WARNING - Dependency <Task(BashOperator): delete_entry>, create_entry_gcs already registered for DAG: example_complex
[2023-05-06T20:57:37.022+0000] {logging_mixin.py:149} INFO - [2023-05-06T20:57:37.022+0000] {taskmixin.py:211} WARNING - Dependency <Task(BashOperator): create_tag>, delete_tag already registered for DAG: example_complex
[2023-05-06T20:57:37.025+0000] {logging_mixin.py:149} INFO - [2023-05-06T20:57:37.025+0000] {taskmixin.py:211} WARNING - Dependency <Task(BashOperator): delete_tag>, create_tag already registered for DAG: example_complex
[2023-05-06T20:57:37.031+0000] {processor.py:809} INFO - DAG(s) dict_keys(['example_complex']) retrieved from /home/airflow/.local/lib/python3.7/site-packages/airflow/example_dags/example_complex.py
[2023-05-06T20:57:37.061+0000] {logging_mixin.py:149} INFO - [2023-05-06T20:57:37.061+0000] {dag.py:2726} INFO - Sync 1 DAGs
[2023-05-06T20:57:37.117+0000] {logging_mixin.py:149} INFO - [2023-05-06T20:57:37.116+0000] {dag.py:3490} INFO - Setting next_dagrun for example_complex to None, run_after=None
[2023-05-06T20:57:37.152+0000] {processor.py:178} INFO - Processing /home/airflow/.local/lib/python3.7/site-packages/airflow/example_dags/example_complex.py took 0.173 seconds
[2023-05-06T20:58:07.639+0000] {processor.py:156} INFO - Started process (PID=1499) to work on /home/airflow/.local/lib/python3.7/site-packages/airflow/example_dags/example_complex.py
[2023-05-06T20:58:07.640+0000] {processor.py:799} INFO - Processing file /home/airflow/.local/lib/python3.7/site-packages/airflow/example_dags/example_complex.py for tasks to queue
[2023-05-06T20:58:07.642+0000] {logging_mixin.py:149} INFO - [2023-05-06T20:58:07.642+0000] {dagbag.py:541} INFO - Filling up the DagBag from /home/airflow/.local/lib/python3.7/site-packages/airflow/example_dags/example_complex.py
[2023-05-06T20:58:07.659+0000] {logging_mixin.py:149} INFO - [2023-05-06T20:58:07.658+0000] {taskmixin.py:211} WARNING - Dependency <Task(BashOperator): create_entry_group>, delete_entry_group already registered for DAG: example_complex
[2023-05-06T20:58:07.661+0000] {logging_mixin.py:149} INFO - [2023-05-06T20:58:07.660+0000] {taskmixin.py:211} WARNING - Dependency <Task(BashOperator): delete_entry_group>, create_entry_group already registered for DAG: example_complex
[2023-05-06T20:58:07.662+0000] {logging_mixin.py:149} INFO - [2023-05-06T20:58:07.662+0000] {taskmixin.py:211} WARNING - Dependency <Task(BashOperator): create_entry_gcs>, delete_entry already registered for DAG: example_complex
[2023-05-06T20:58:07.663+0000] {logging_mixin.py:149} INFO - [2023-05-06T20:58:07.663+0000] {taskmixin.py:211} WARNING - Dependency <Task(BashOperator): delete_entry>, create_entry_gcs already registered for DAG: example_complex
[2023-05-06T20:58:07.664+0000] {logging_mixin.py:149} INFO - [2023-05-06T20:58:07.664+0000] {taskmixin.py:211} WARNING - Dependency <Task(BashOperator): create_tag>, delete_tag already registered for DAG: example_complex
[2023-05-06T20:58:07.665+0000] {logging_mixin.py:149} INFO - [2023-05-06T20:58:07.665+0000] {taskmixin.py:211} WARNING - Dependency <Task(BashOperator): delete_tag>, create_tag already registered for DAG: example_complex
[2023-05-06T20:58:07.669+0000] {processor.py:809} INFO - DAG(s) dict_keys(['example_complex']) retrieved from /home/airflow/.local/lib/python3.7/site-packages/airflow/example_dags/example_complex.py
[2023-05-06T20:58:07.712+0000] {logging_mixin.py:149} INFO - [2023-05-06T20:58:07.712+0000] {dag.py:2726} INFO - Sync 1 DAGs
[2023-05-06T20:58:07.750+0000] {logging_mixin.py:149} INFO - [2023-05-06T20:58:07.750+0000] {dag.py:3490} INFO - Setting next_dagrun for example_complex to None, run_after=None
[2023-05-06T20:58:07.778+0000] {processor.py:178} INFO - Processing /home/airflow/.local/lib/python3.7/site-packages/airflow/example_dags/example_complex.py took 0.142 seconds
[2023-05-06T20:58:38.473+0000] {processor.py:156} INFO - Started process (PID=1736) to work on /home/airflow/.local/lib/python3.7/site-packages/airflow/example_dags/example_complex.py
[2023-05-06T20:58:38.474+0000] {processor.py:799} INFO - Processing file /home/airflow/.local/lib/python3.7/site-packages/airflow/example_dags/example_complex.py for tasks to queue
[2023-05-06T20:58:38.476+0000] {logging_mixin.py:149} INFO - [2023-05-06T20:58:38.476+0000] {dagbag.py:541} INFO - Filling up the DagBag from /home/airflow/.local/lib/python3.7/site-packages/airflow/example_dags/example_complex.py
[2023-05-06T20:58:38.491+0000] {logging_mixin.py:149} INFO - [2023-05-06T20:58:38.490+0000] {taskmixin.py:211} WARNING - Dependency <Task(BashOperator): create_entry_group>, delete_entry_group already registered for DAG: example_complex
[2023-05-06T20:58:38.493+0000] {logging_mixin.py:149} INFO - [2023-05-06T20:58:38.493+0000] {taskmixin.py:211} WARNING - Dependency <Task(BashOperator): delete_entry_group>, create_entry_group already registered for DAG: example_complex
[2023-05-06T20:58:38.495+0000] {logging_mixin.py:149} INFO - [2023-05-06T20:58:38.495+0000] {taskmixin.py:211} WARNING - Dependency <Task(BashOperator): create_entry_gcs>, delete_entry already registered for DAG: example_complex
[2023-05-06T20:58:38.496+0000] {logging_mixin.py:149} INFO - [2023-05-06T20:58:38.496+0000] {taskmixin.py:211} WARNING - Dependency <Task(BashOperator): delete_entry>, create_entry_gcs already registered for DAG: example_complex
[2023-05-06T20:58:38.497+0000] {logging_mixin.py:149} INFO - [2023-05-06T20:58:38.497+0000] {taskmixin.py:211} WARNING - Dependency <Task(BashOperator): create_tag>, delete_tag already registered for DAG: example_complex
[2023-05-06T20:58:38.498+0000] {logging_mixin.py:149} INFO - [2023-05-06T20:58:38.498+0000] {taskmixin.py:211} WARNING - Dependency <Task(BashOperator): delete_tag>, create_tag already registered for DAG: example_complex
[2023-05-06T20:58:38.501+0000] {processor.py:809} INFO - DAG(s) dict_keys(['example_complex']) retrieved from /home/airflow/.local/lib/python3.7/site-packages/airflow/example_dags/example_complex.py
[2023-05-06T20:58:38.553+0000] {logging_mixin.py:149} INFO - [2023-05-06T20:58:38.552+0000] {dag.py:2726} INFO - Sync 1 DAGs
[2023-05-06T20:58:38.595+0000] {logging_mixin.py:149} INFO - [2023-05-06T20:58:38.595+0000] {dag.py:3490} INFO - Setting next_dagrun for example_complex to None, run_after=None
[2023-05-06T20:58:38.635+0000] {processor.py:178} INFO - Processing /home/airflow/.local/lib/python3.7/site-packages/airflow/example_dags/example_complex.py took 0.167 seconds
[2023-05-06T20:59:09.701+0000] {processor.py:156} INFO - Started process (PID=1976) to work on /home/airflow/.local/lib/python3.7/site-packages/airflow/example_dags/example_complex.py
[2023-05-06T20:59:09.702+0000] {processor.py:799} INFO - Processing file /home/airflow/.local/lib/python3.7/site-packages/airflow/example_dags/example_complex.py for tasks to queue
[2023-05-06T20:59:09.703+0000] {logging_mixin.py:149} INFO - [2023-05-06T20:59:09.703+0000] {dagbag.py:541} INFO - Filling up the DagBag from /home/airflow/.local/lib/python3.7/site-packages/airflow/example_dags/example_complex.py
[2023-05-06T20:59:09.718+0000] {logging_mixin.py:149} INFO - [2023-05-06T20:59:09.718+0000] {taskmixin.py:211} WARNING - Dependency <Task(BashOperator): create_entry_group>, delete_entry_group already registered for DAG: example_complex
[2023-05-06T20:59:09.719+0000] {logging_mixin.py:149} INFO - [2023-05-06T20:59:09.719+0000] {taskmixin.py:211} WARNING - Dependency <Task(BashOperator): delete_entry_group>, create_entry_group already registered for DAG: example_complex
[2023-05-06T20:59:09.720+0000] {logging_mixin.py:149} INFO - [2023-05-06T20:59:09.720+0000] {taskmixin.py:211} WARNING - Dependency <Task(BashOperator): create_entry_gcs>, delete_entry already registered for DAG: example_complex
[2023-05-06T20:59:09.721+0000] {logging_mixin.py:149} INFO - [2023-05-06T20:59:09.721+0000] {taskmixin.py:211} WARNING - Dependency <Task(BashOperator): delete_entry>, create_entry_gcs already registered for DAG: example_complex
[2023-05-06T20:59:09.722+0000] {logging_mixin.py:149} INFO - [2023-05-06T20:59:09.722+0000] {taskmixin.py:211} WARNING - Dependency <Task(BashOperator): create_tag>, delete_tag already registered for DAG: example_complex
[2023-05-06T20:59:09.723+0000] {logging_mixin.py:149} INFO - [2023-05-06T20:59:09.723+0000] {taskmixin.py:211} WARNING - Dependency <Task(BashOperator): delete_tag>, create_tag already registered for DAG: example_complex
[2023-05-06T20:59:09.728+0000] {processor.py:809} INFO - DAG(s) dict_keys(['example_complex']) retrieved from /home/airflow/.local/lib/python3.7/site-packages/airflow/example_dags/example_complex.py
[2023-05-06T20:59:09.777+0000] {logging_mixin.py:149} INFO - [2023-05-06T20:59:09.777+0000] {dag.py:2726} INFO - Sync 1 DAGs
[2023-05-06T20:59:09.813+0000] {logging_mixin.py:149} INFO - [2023-05-06T20:59:09.813+0000] {dag.py:3490} INFO - Setting next_dagrun for example_complex to None, run_after=None
[2023-05-06T20:59:09.850+0000] {processor.py:178} INFO - Processing /home/airflow/.local/lib/python3.7/site-packages/airflow/example_dags/example_complex.py took 0.153 seconds
[2023-05-06T20:59:40.517+0000] {processor.py:156} INFO - Started process (PID=2212) to work on /home/airflow/.local/lib/python3.7/site-packages/airflow/example_dags/example_complex.py
[2023-05-06T20:59:40.520+0000] {processor.py:799} INFO - Processing file /home/airflow/.local/lib/python3.7/site-packages/airflow/example_dags/example_complex.py for tasks to queue
[2023-05-06T20:59:40.522+0000] {logging_mixin.py:149} INFO - [2023-05-06T20:59:40.521+0000] {dagbag.py:541} INFO - Filling up the DagBag from /home/airflow/.local/lib/python3.7/site-packages/airflow/example_dags/example_complex.py
[2023-05-06T20:59:40.537+0000] {logging_mixin.py:149} INFO - [2023-05-06T20:59:40.537+0000] {taskmixin.py:211} WARNING - Dependency <Task(BashOperator): create_entry_group>, delete_entry_group already registered for DAG: example_complex
[2023-05-06T20:59:40.538+0000] {logging_mixin.py:149} INFO - [2023-05-06T20:59:40.538+0000] {taskmixin.py:211} WARNING - Dependency <Task(BashOperator): delete_entry_group>, create_entry_group already registered for DAG: example_complex
[2023-05-06T20:59:40.539+0000] {logging_mixin.py:149} INFO - [2023-05-06T20:59:40.539+0000] {taskmixin.py:211} WARNING - Dependency <Task(BashOperator): create_entry_gcs>, delete_entry already registered for DAG: example_complex
[2023-05-06T20:59:40.540+0000] {logging_mixin.py:149} INFO - [2023-05-06T20:59:40.540+0000] {taskmixin.py:211} WARNING - Dependency <Task(BashOperator): delete_entry>, create_entry_gcs already registered for DAG: example_complex
[2023-05-06T20:59:40.542+0000] {logging_mixin.py:149} INFO - [2023-05-06T20:59:40.542+0000] {taskmixin.py:211} WARNING - Dependency <Task(BashOperator): create_tag>, delete_tag already registered for DAG: example_complex
[2023-05-06T20:59:40.543+0000] {logging_mixin.py:149} INFO - [2023-05-06T20:59:40.543+0000] {taskmixin.py:211} WARNING - Dependency <Task(BashOperator): delete_tag>, create_tag already registered for DAG: example_complex
[2023-05-06T20:59:40.546+0000] {processor.py:809} INFO - DAG(s) dict_keys(['example_complex']) retrieved from /home/airflow/.local/lib/python3.7/site-packages/airflow/example_dags/example_complex.py
[2023-05-06T20:59:40.602+0000] {logging_mixin.py:149} INFO - [2023-05-06T20:59:40.602+0000] {dag.py:2726} INFO - Sync 1 DAGs
[2023-05-06T20:59:40.662+0000] {logging_mixin.py:149} INFO - [2023-05-06T20:59:40.662+0000] {dag.py:3490} INFO - Setting next_dagrun for example_complex to None, run_after=None
[2023-05-06T20:59:40.698+0000] {processor.py:178} INFO - Processing /home/airflow/.local/lib/python3.7/site-packages/airflow/example_dags/example_complex.py took 0.185 seconds
[2023-05-06T21:00:10.855+0000] {processor.py:156} INFO - Started process (PID=2452) to work on /home/airflow/.local/lib/python3.7/site-packages/airflow/example_dags/example_complex.py
[2023-05-06T21:00:10.857+0000] {processor.py:799} INFO - Processing file /home/airflow/.local/lib/python3.7/site-packages/airflow/example_dags/example_complex.py for tasks to queue
[2023-05-06T21:00:10.859+0000] {logging_mixin.py:149} INFO - [2023-05-06T21:00:10.859+0000] {dagbag.py:541} INFO - Filling up the DagBag from /home/airflow/.local/lib/python3.7/site-packages/airflow/example_dags/example_complex.py
[2023-05-06T21:00:10.872+0000] {logging_mixin.py:149} INFO - [2023-05-06T21:00:10.872+0000] {taskmixin.py:211} WARNING - Dependency <Task(BashOperator): create_entry_group>, delete_entry_group already registered for DAG: example_complex
[2023-05-06T21:00:10.874+0000] {logging_mixin.py:149} INFO - [2023-05-06T21:00:10.874+0000] {taskmixin.py:211} WARNING - Dependency <Task(BashOperator): delete_entry_group>, create_entry_group already registered for DAG: example_complex
[2023-05-06T21:00:10.875+0000] {logging_mixin.py:149} INFO - [2023-05-06T21:00:10.875+0000] {taskmixin.py:211} WARNING - Dependency <Task(BashOperator): create_entry_gcs>, delete_entry already registered for DAG: example_complex
[2023-05-06T21:00:10.876+0000] {logging_mixin.py:149} INFO - [2023-05-06T21:00:10.875+0000] {taskmixin.py:211} WARNING - Dependency <Task(BashOperator): delete_entry>, create_entry_gcs already registered for DAG: example_complex
[2023-05-06T21:00:10.877+0000] {logging_mixin.py:149} INFO - [2023-05-06T21:00:10.876+0000] {taskmixin.py:211} WARNING - Dependency <Task(BashOperator): create_tag>, delete_tag already registered for DAG: example_complex
[2023-05-06T21:00:10.877+0000] {logging_mixin.py:149} INFO - [2023-05-06T21:00:10.877+0000] {taskmixin.py:211} WARNING - Dependency <Task(BashOperator): delete_tag>, create_tag already registered for DAG: example_complex
[2023-05-06T21:00:10.880+0000] {processor.py:809} INFO - DAG(s) dict_keys(['example_complex']) retrieved from /home/airflow/.local/lib/python3.7/site-packages/airflow/example_dags/example_complex.py
[2023-05-06T21:00:10.897+0000] {logging_mixin.py:149} INFO - [2023-05-06T21:00:10.897+0000] {dag.py:2726} INFO - Sync 1 DAGs
[2023-05-06T21:00:10.931+0000] {logging_mixin.py:149} INFO - [2023-05-06T21:00:10.931+0000] {dag.py:3490} INFO - Setting next_dagrun for example_complex to None, run_after=None
[2023-05-06T21:00:10.961+0000] {processor.py:178} INFO - Processing /home/airflow/.local/lib/python3.7/site-packages/airflow/example_dags/example_complex.py took 0.110 seconds
[2023-05-06T21:00:41.418+0000] {processor.py:156} INFO - Started process (PID=2690) to work on /home/airflow/.local/lib/python3.7/site-packages/airflow/example_dags/example_complex.py
[2023-05-06T21:00:41.421+0000] {processor.py:799} INFO - Processing file /home/airflow/.local/lib/python3.7/site-packages/airflow/example_dags/example_complex.py for tasks to queue
[2023-05-06T21:00:41.424+0000] {logging_mixin.py:149} INFO - [2023-05-06T21:00:41.423+0000] {dagbag.py:541} INFO - Filling up the DagBag from /home/airflow/.local/lib/python3.7/site-packages/airflow/example_dags/example_complex.py
[2023-05-06T21:00:41.456+0000] {logging_mixin.py:149} INFO - [2023-05-06T21:00:41.455+0000] {taskmixin.py:211} WARNING - Dependency <Task(BashOperator): create_entry_group>, delete_entry_group already registered for DAG: example_complex
[2023-05-06T21:00:41.459+0000] {logging_mixin.py:149} INFO - [2023-05-06T21:00:41.457+0000] {taskmixin.py:211} WARNING - Dependency <Task(BashOperator): delete_entry_group>, create_entry_group already registered for DAG: example_complex
[2023-05-06T21:00:41.461+0000] {logging_mixin.py:149} INFO - [2023-05-06T21:00:41.461+0000] {taskmixin.py:211} WARNING - Dependency <Task(BashOperator): create_entry_gcs>, delete_entry already registered for DAG: example_complex
[2023-05-06T21:00:41.465+0000] {logging_mixin.py:149} INFO - [2023-05-06T21:00:41.465+0000] {taskmixin.py:211} WARNING - Dependency <Task(BashOperator): delete_entry>, create_entry_gcs already registered for DAG: example_complex
[2023-05-06T21:00:41.469+0000] {logging_mixin.py:149} INFO - [2023-05-06T21:00:41.469+0000] {taskmixin.py:211} WARNING - Dependency <Task(BashOperator): create_tag>, delete_tag already registered for DAG: example_complex
[2023-05-06T21:00:41.471+0000] {logging_mixin.py:149} INFO - [2023-05-06T21:00:41.471+0000] {taskmixin.py:211} WARNING - Dependency <Task(BashOperator): delete_tag>, create_tag already registered for DAG: example_complex
[2023-05-06T21:00:41.475+0000] {processor.py:809} INFO - DAG(s) dict_keys(['example_complex']) retrieved from /home/airflow/.local/lib/python3.7/site-packages/airflow/example_dags/example_complex.py
[2023-05-06T21:00:41.548+0000] {logging_mixin.py:149} INFO - [2023-05-06T21:00:41.548+0000] {dag.py:2726} INFO - Sync 1 DAGs
[2023-05-06T21:00:41.591+0000] {logging_mixin.py:149} INFO - [2023-05-06T21:00:41.591+0000] {dag.py:3490} INFO - Setting next_dagrun for example_complex to None, run_after=None
[2023-05-06T21:00:41.629+0000] {processor.py:178} INFO - Processing /home/airflow/.local/lib/python3.7/site-packages/airflow/example_dags/example_complex.py took 0.217 seconds
[2023-05-06T21:01:11.915+0000] {processor.py:156} INFO - Started process (PID=2928) to work on /home/airflow/.local/lib/python3.7/site-packages/airflow/example_dags/example_complex.py
[2023-05-06T21:01:11.917+0000] {processor.py:799} INFO - Processing file /home/airflow/.local/lib/python3.7/site-packages/airflow/example_dags/example_complex.py for tasks to queue
[2023-05-06T21:01:11.919+0000] {logging_mixin.py:149} INFO - [2023-05-06T21:01:11.919+0000] {dagbag.py:541} INFO - Filling up the DagBag from /home/airflow/.local/lib/python3.7/site-packages/airflow/example_dags/example_complex.py
[2023-05-06T21:01:11.935+0000] {logging_mixin.py:149} INFO - [2023-05-06T21:01:11.935+0000] {taskmixin.py:211} WARNING - Dependency <Task(BashOperator): create_entry_group>, delete_entry_group already registered for DAG: example_complex
[2023-05-06T21:01:11.937+0000] {logging_mixin.py:149} INFO - [2023-05-06T21:01:11.936+0000] {taskmixin.py:211} WARNING - Dependency <Task(BashOperator): delete_entry_group>, create_entry_group already registered for DAG: example_complex
[2023-05-06T21:01:11.938+0000] {logging_mixin.py:149} INFO - [2023-05-06T21:01:11.938+0000] {taskmixin.py:211} WARNING - Dependency <Task(BashOperator): create_entry_gcs>, delete_entry already registered for DAG: example_complex
[2023-05-06T21:01:11.939+0000] {logging_mixin.py:149} INFO - [2023-05-06T21:01:11.938+0000] {taskmixin.py:211} WARNING - Dependency <Task(BashOperator): delete_entry>, create_entry_gcs already registered for DAG: example_complex
[2023-05-06T21:01:11.940+0000] {logging_mixin.py:149} INFO - [2023-05-06T21:01:11.940+0000] {taskmixin.py:211} WARNING - Dependency <Task(BashOperator): create_tag>, delete_tag already registered for DAG: example_complex
[2023-05-06T21:01:11.941+0000] {logging_mixin.py:149} INFO - [2023-05-06T21:01:11.940+0000] {taskmixin.py:211} WARNING - Dependency <Task(BashOperator): delete_tag>, create_tag already registered for DAG: example_complex
[2023-05-06T21:01:11.943+0000] {processor.py:809} INFO - DAG(s) dict_keys(['example_complex']) retrieved from /home/airflow/.local/lib/python3.7/site-packages/airflow/example_dags/example_complex.py
[2023-05-06T21:01:11.989+0000] {logging_mixin.py:149} INFO - [2023-05-06T21:01:11.989+0000] {dag.py:2726} INFO - Sync 1 DAGs
[2023-05-06T21:01:12.024+0000] {logging_mixin.py:149} INFO - [2023-05-06T21:01:12.023+0000] {dag.py:3490} INFO - Setting next_dagrun for example_complex to None, run_after=None
[2023-05-06T21:01:12.056+0000] {processor.py:178} INFO - Processing /home/airflow/.local/lib/python3.7/site-packages/airflow/example_dags/example_complex.py took 0.146 seconds
[2023-05-06T21:01:42.172+0000] {processor.py:156} INFO - Started process (PID=3166) to work on /home/airflow/.local/lib/python3.7/site-packages/airflow/example_dags/example_complex.py
[2023-05-06T21:01:42.174+0000] {processor.py:799} INFO - Processing file /home/airflow/.local/lib/python3.7/site-packages/airflow/example_dags/example_complex.py for tasks to queue
[2023-05-06T21:01:42.175+0000] {logging_mixin.py:149} INFO - [2023-05-06T21:01:42.175+0000] {dagbag.py:541} INFO - Filling up the DagBag from /home/airflow/.local/lib/python3.7/site-packages/airflow/example_dags/example_complex.py
[2023-05-06T21:01:42.190+0000] {logging_mixin.py:149} INFO - [2023-05-06T21:01:42.190+0000] {taskmixin.py:211} WARNING - Dependency <Task(BashOperator): create_entry_group>, delete_entry_group already registered for DAG: example_complex
[2023-05-06T21:01:42.191+0000] {logging_mixin.py:149} INFO - [2023-05-06T21:01:42.191+0000] {taskmixin.py:211} WARNING - Dependency <Task(BashOperator): delete_entry_group>, create_entry_group already registered for DAG: example_complex
[2023-05-06T21:01:42.194+0000] {logging_mixin.py:149} INFO - [2023-05-06T21:01:42.193+0000] {taskmixin.py:211} WARNING - Dependency <Task(BashOperator): create_entry_gcs>, delete_entry already registered for DAG: example_complex
[2023-05-06T21:01:42.195+0000] {logging_mixin.py:149} INFO - [2023-05-06T21:01:42.195+0000] {taskmixin.py:211} WARNING - Dependency <Task(BashOperator): delete_entry>, create_entry_gcs already registered for DAG: example_complex
[2023-05-06T21:01:42.196+0000] {logging_mixin.py:149} INFO - [2023-05-06T21:01:42.196+0000] {taskmixin.py:211} WARNING - Dependency <Task(BashOperator): create_tag>, delete_tag already registered for DAG: example_complex
[2023-05-06T21:01:42.197+0000] {logging_mixin.py:149} INFO - [2023-05-06T21:01:42.197+0000] {taskmixin.py:211} WARNING - Dependency <Task(BashOperator): delete_tag>, create_tag already registered for DAG: example_complex
[2023-05-06T21:01:42.200+0000] {processor.py:809} INFO - DAG(s) dict_keys(['example_complex']) retrieved from /home/airflow/.local/lib/python3.7/site-packages/airflow/example_dags/example_complex.py
[2023-05-06T21:01:42.249+0000] {logging_mixin.py:149} INFO - [2023-05-06T21:01:42.249+0000] {dag.py:2726} INFO - Sync 1 DAGs
[2023-05-06T21:01:42.284+0000] {logging_mixin.py:149} INFO - [2023-05-06T21:01:42.284+0000] {dag.py:3490} INFO - Setting next_dagrun for example_complex to None, run_after=None
[2023-05-06T21:01:42.316+0000] {processor.py:178} INFO - Processing /home/airflow/.local/lib/python3.7/site-packages/airflow/example_dags/example_complex.py took 0.147 seconds
[2023-05-06T21:02:12.722+0000] {processor.py:156} INFO - Started process (PID=3404) to work on /home/airflow/.local/lib/python3.7/site-packages/airflow/example_dags/example_complex.py
[2023-05-06T21:02:12.725+0000] {processor.py:799} INFO - Processing file /home/airflow/.local/lib/python3.7/site-packages/airflow/example_dags/example_complex.py for tasks to queue
[2023-05-06T21:02:12.727+0000] {logging_mixin.py:149} INFO - [2023-05-06T21:02:12.726+0000] {dagbag.py:541} INFO - Filling up the DagBag from /home/airflow/.local/lib/python3.7/site-packages/airflow/example_dags/example_complex.py
[2023-05-06T21:02:12.740+0000] {logging_mixin.py:149} INFO - [2023-05-06T21:02:12.740+0000] {taskmixin.py:211} WARNING - Dependency <Task(BashOperator): create_entry_group>, delete_entry_group already registered for DAG: example_complex
[2023-05-06T21:02:12.741+0000] {logging_mixin.py:149} INFO - [2023-05-06T21:02:12.741+0000] {taskmixin.py:211} WARNING - Dependency <Task(BashOperator): delete_entry_group>, create_entry_group already registered for DAG: example_complex
[2023-05-06T21:02:12.742+0000] {logging_mixin.py:149} INFO - [2023-05-06T21:02:12.742+0000] {taskmixin.py:211} WARNING - Dependency <Task(BashOperator): create_entry_gcs>, delete_entry already registered for DAG: example_complex
[2023-05-06T21:02:12.743+0000] {logging_mixin.py:149} INFO - [2023-05-06T21:02:12.743+0000] {taskmixin.py:211} WARNING - Dependency <Task(BashOperator): delete_entry>, create_entry_gcs already registered for DAG: example_complex
[2023-05-06T21:02:12.744+0000] {logging_mixin.py:149} INFO - [2023-05-06T21:02:12.744+0000] {taskmixin.py:211} WARNING - Dependency <Task(BashOperator): create_tag>, delete_tag already registered for DAG: example_complex
[2023-05-06T21:02:12.745+0000] {logging_mixin.py:149} INFO - [2023-05-06T21:02:12.745+0000] {taskmixin.py:211} WARNING - Dependency <Task(BashOperator): delete_tag>, create_tag already registered for DAG: example_complex
[2023-05-06T21:02:12.747+0000] {processor.py:809} INFO - DAG(s) dict_keys(['example_complex']) retrieved from /home/airflow/.local/lib/python3.7/site-packages/airflow/example_dags/example_complex.py
[2023-05-06T21:02:12.794+0000] {logging_mixin.py:149} INFO - [2023-05-06T21:02:12.794+0000] {dag.py:2726} INFO - Sync 1 DAGs
[2023-05-06T21:02:12.826+0000] {logging_mixin.py:149} INFO - [2023-05-06T21:02:12.826+0000] {dag.py:3490} INFO - Setting next_dagrun for example_complex to None, run_after=None
[2023-05-06T21:02:12.855+0000] {processor.py:178} INFO - Processing /home/airflow/.local/lib/python3.7/site-packages/airflow/example_dags/example_complex.py took 0.136 seconds
[2023-05-06T21:02:43.147+0000] {processor.py:156} INFO - Started process (PID=3642) to work on /home/airflow/.local/lib/python3.7/site-packages/airflow/example_dags/example_complex.py
[2023-05-06T21:02:43.149+0000] {processor.py:799} INFO - Processing file /home/airflow/.local/lib/python3.7/site-packages/airflow/example_dags/example_complex.py for tasks to queue
[2023-05-06T21:02:43.150+0000] {logging_mixin.py:149} INFO - [2023-05-06T21:02:43.150+0000] {dagbag.py:541} INFO - Filling up the DagBag from /home/airflow/.local/lib/python3.7/site-packages/airflow/example_dags/example_complex.py
[2023-05-06T21:02:43.166+0000] {logging_mixin.py:149} INFO - [2023-05-06T21:02:43.165+0000] {taskmixin.py:211} WARNING - Dependency <Task(BashOperator): create_entry_group>, delete_entry_group already registered for DAG: example_complex
[2023-05-06T21:02:43.167+0000] {logging_mixin.py:149} INFO - [2023-05-06T21:02:43.167+0000] {taskmixin.py:211} WARNING - Dependency <Task(BashOperator): delete_entry_group>, create_entry_group already registered for DAG: example_complex
[2023-05-06T21:02:43.168+0000] {logging_mixin.py:149} INFO - [2023-05-06T21:02:43.168+0000] {taskmixin.py:211} WARNING - Dependency <Task(BashOperator): create_entry_gcs>, delete_entry already registered for DAG: example_complex
[2023-05-06T21:02:43.169+0000] {logging_mixin.py:149} INFO - [2023-05-06T21:02:43.169+0000] {taskmixin.py:211} WARNING - Dependency <Task(BashOperator): delete_entry>, create_entry_gcs already registered for DAG: example_complex
[2023-05-06T21:02:43.170+0000] {logging_mixin.py:149} INFO - [2023-05-06T21:02:43.170+0000] {taskmixin.py:211} WARNING - Dependency <Task(BashOperator): create_tag>, delete_tag already registered for DAG: example_complex
[2023-05-06T21:02:43.171+0000] {logging_mixin.py:149} INFO - [2023-05-06T21:02:43.171+0000] {taskmixin.py:211} WARNING - Dependency <Task(BashOperator): delete_tag>, create_tag already registered for DAG: example_complex
[2023-05-06T21:02:43.174+0000] {processor.py:809} INFO - DAG(s) dict_keys(['example_complex']) retrieved from /home/airflow/.local/lib/python3.7/site-packages/airflow/example_dags/example_complex.py
[2023-05-06T21:02:43.223+0000] {logging_mixin.py:149} INFO - [2023-05-06T21:02:43.222+0000] {dag.py:2726} INFO - Sync 1 DAGs
[2023-05-06T21:02:43.259+0000] {logging_mixin.py:149} INFO - [2023-05-06T21:02:43.259+0000] {dag.py:3490} INFO - Setting next_dagrun for example_complex to None, run_after=None
[2023-05-06T21:02:43.288+0000] {processor.py:178} INFO - Processing /home/airflow/.local/lib/python3.7/site-packages/airflow/example_dags/example_complex.py took 0.144 seconds
[2023-05-06T21:03:14.057+0000] {processor.py:156} INFO - Started process (PID=3880) to work on /home/airflow/.local/lib/python3.7/site-packages/airflow/example_dags/example_complex.py
[2023-05-06T21:03:14.058+0000] {processor.py:799} INFO - Processing file /home/airflow/.local/lib/python3.7/site-packages/airflow/example_dags/example_complex.py for tasks to queue
[2023-05-06T21:03:14.060+0000] {logging_mixin.py:149} INFO - [2023-05-06T21:03:14.060+0000] {dagbag.py:541} INFO - Filling up the DagBag from /home/airflow/.local/lib/python3.7/site-packages/airflow/example_dags/example_complex.py
[2023-05-06T21:03:14.075+0000] {logging_mixin.py:149} INFO - [2023-05-06T21:03:14.075+0000] {taskmixin.py:211} WARNING - Dependency <Task(BashOperator): create_entry_group>, delete_entry_group already registered for DAG: example_complex
[2023-05-06T21:03:14.076+0000] {logging_mixin.py:149} INFO - [2023-05-06T21:03:14.076+0000] {taskmixin.py:211} WARNING - Dependency <Task(BashOperator): delete_entry_group>, create_entry_group already registered for DAG: example_complex
[2023-05-06T21:03:14.078+0000] {logging_mixin.py:149} INFO - [2023-05-06T21:03:14.077+0000] {taskmixin.py:211} WARNING - Dependency <Task(BashOperator): create_entry_gcs>, delete_entry already registered for DAG: example_complex
[2023-05-06T21:03:14.080+0000] {logging_mixin.py:149} INFO - [2023-05-06T21:03:14.080+0000] {taskmixin.py:211} WARNING - Dependency <Task(BashOperator): delete_entry>, create_entry_gcs already registered for DAG: example_complex
[2023-05-06T21:03:14.081+0000] {logging_mixin.py:149} INFO - [2023-05-06T21:03:14.081+0000] {taskmixin.py:211} WARNING - Dependency <Task(BashOperator): create_tag>, delete_tag already registered for DAG: example_complex
[2023-05-06T21:03:14.082+0000] {logging_mixin.py:149} INFO - [2023-05-06T21:03:14.081+0000] {taskmixin.py:211} WARNING - Dependency <Task(BashOperator): delete_tag>, create_tag already registered for DAG: example_complex
[2023-05-06T21:03:14.084+0000] {processor.py:809} INFO - DAG(s) dict_keys(['example_complex']) retrieved from /home/airflow/.local/lib/python3.7/site-packages/airflow/example_dags/example_complex.py
[2023-05-06T21:03:14.132+0000] {logging_mixin.py:149} INFO - [2023-05-06T21:03:14.132+0000] {dag.py:2726} INFO - Sync 1 DAGs
[2023-05-06T21:03:14.171+0000] {logging_mixin.py:149} INFO - [2023-05-06T21:03:14.171+0000] {dag.py:3490} INFO - Setting next_dagrun for example_complex to None, run_after=None
[2023-05-06T21:03:14.199+0000] {processor.py:178} INFO - Processing /home/airflow/.local/lib/python3.7/site-packages/airflow/example_dags/example_complex.py took 0.145 seconds
[2023-05-06T21:03:44.760+0000] {processor.py:156} INFO - Started process (PID=4118) to work on /home/airflow/.local/lib/python3.7/site-packages/airflow/example_dags/example_complex.py
[2023-05-06T21:03:44.761+0000] {processor.py:799} INFO - Processing file /home/airflow/.local/lib/python3.7/site-packages/airflow/example_dags/example_complex.py for tasks to queue
[2023-05-06T21:03:44.763+0000] {logging_mixin.py:149} INFO - [2023-05-06T21:03:44.763+0000] {dagbag.py:541} INFO - Filling up the DagBag from /home/airflow/.local/lib/python3.7/site-packages/airflow/example_dags/example_complex.py
[2023-05-06T21:03:44.780+0000] {logging_mixin.py:149} INFO - [2023-05-06T21:03:44.780+0000] {taskmixin.py:211} WARNING - Dependency <Task(BashOperator): create_entry_group>, delete_entry_group already registered for DAG: example_complex
[2023-05-06T21:03:44.781+0000] {logging_mixin.py:149} INFO - [2023-05-06T21:03:44.781+0000] {taskmixin.py:211} WARNING - Dependency <Task(BashOperator): delete_entry_group>, create_entry_group already registered for DAG: example_complex
[2023-05-06T21:03:44.782+0000] {logging_mixin.py:149} INFO - [2023-05-06T21:03:44.782+0000] {taskmixin.py:211} WARNING - Dependency <Task(BashOperator): create_entry_gcs>, delete_entry already registered for DAG: example_complex
[2023-05-06T21:03:44.783+0000] {logging_mixin.py:149} INFO - [2023-05-06T21:03:44.783+0000] {taskmixin.py:211} WARNING - Dependency <Task(BashOperator): delete_entry>, create_entry_gcs already registered for DAG: example_complex
[2023-05-06T21:03:44.784+0000] {logging_mixin.py:149} INFO - [2023-05-06T21:03:44.784+0000] {taskmixin.py:211} WARNING - Dependency <Task(BashOperator): create_tag>, delete_tag already registered for DAG: example_complex
[2023-05-06T21:03:44.784+0000] {logging_mixin.py:149} INFO - [2023-05-06T21:03:44.784+0000] {taskmixin.py:211} WARNING - Dependency <Task(BashOperator): delete_tag>, create_tag already registered for DAG: example_complex
[2023-05-06T21:03:44.787+0000] {processor.py:809} INFO - DAG(s) dict_keys(['example_complex']) retrieved from /home/airflow/.local/lib/python3.7/site-packages/airflow/example_dags/example_complex.py
[2023-05-06T21:03:44.835+0000] {logging_mixin.py:149} INFO - [2023-05-06T21:03:44.835+0000] {dag.py:2726} INFO - Sync 1 DAGs
[2023-05-06T21:03:44.873+0000] {logging_mixin.py:149} INFO - [2023-05-06T21:03:44.873+0000] {dag.py:3490} INFO - Setting next_dagrun for example_complex to None, run_after=None
[2023-05-06T21:03:44.905+0000] {processor.py:178} INFO - Processing /home/airflow/.local/lib/python3.7/site-packages/airflow/example_dags/example_complex.py took 0.149 seconds
[2023-05-06T21:04:15.636+0000] {processor.py:156} INFO - Started process (PID=4356) to work on /home/airflow/.local/lib/python3.7/site-packages/airflow/example_dags/example_complex.py
[2023-05-06T21:04:15.639+0000] {processor.py:799} INFO - Processing file /home/airflow/.local/lib/python3.7/site-packages/airflow/example_dags/example_complex.py for tasks to queue
[2023-05-06T21:04:15.640+0000] {logging_mixin.py:149} INFO - [2023-05-06T21:04:15.640+0000] {dagbag.py:541} INFO - Filling up the DagBag from /home/airflow/.local/lib/python3.7/site-packages/airflow/example_dags/example_complex.py
[2023-05-06T21:04:15.655+0000] {logging_mixin.py:149} INFO - [2023-05-06T21:04:15.655+0000] {taskmixin.py:211} WARNING - Dependency <Task(BashOperator): create_entry_group>, delete_entry_group already registered for DAG: example_complex
[2023-05-06T21:04:15.656+0000] {logging_mixin.py:149} INFO - [2023-05-06T21:04:15.656+0000] {taskmixin.py:211} WARNING - Dependency <Task(BashOperator): delete_entry_group>, create_entry_group already registered for DAG: example_complex
[2023-05-06T21:04:15.657+0000] {logging_mixin.py:149} INFO - [2023-05-06T21:04:15.657+0000] {taskmixin.py:211} WARNING - Dependency <Task(BashOperator): create_entry_gcs>, delete_entry already registered for DAG: example_complex
[2023-05-06T21:04:15.658+0000] {logging_mixin.py:149} INFO - [2023-05-06T21:04:15.658+0000] {taskmixin.py:211} WARNING - Dependency <Task(BashOperator): delete_entry>, create_entry_gcs already registered for DAG: example_complex
[2023-05-06T21:04:15.659+0000] {logging_mixin.py:149} INFO - [2023-05-06T21:04:15.659+0000] {taskmixin.py:211} WARNING - Dependency <Task(BashOperator): create_tag>, delete_tag already registered for DAG: example_complex
[2023-05-06T21:04:15.660+0000] {logging_mixin.py:149} INFO - [2023-05-06T21:04:15.660+0000] {taskmixin.py:211} WARNING - Dependency <Task(BashOperator): delete_tag>, create_tag already registered for DAG: example_complex
[2023-05-06T21:04:15.664+0000] {processor.py:809} INFO - DAG(s) dict_keys(['example_complex']) retrieved from /home/airflow/.local/lib/python3.7/site-packages/airflow/example_dags/example_complex.py
[2023-05-06T21:04:15.717+0000] {logging_mixin.py:149} INFO - [2023-05-06T21:04:15.717+0000] {dag.py:2726} INFO - Sync 1 DAGs
[2023-05-06T21:04:15.758+0000] {logging_mixin.py:149} INFO - [2023-05-06T21:04:15.758+0000] {dag.py:3490} INFO - Setting next_dagrun for example_complex to None, run_after=None
[2023-05-06T21:04:15.788+0000] {processor.py:178} INFO - Processing /home/airflow/.local/lib/python3.7/site-packages/airflow/example_dags/example_complex.py took 0.156 seconds
[2023-05-06T21:04:46.437+0000] {processor.py:156} INFO - Started process (PID=4594) to work on /home/airflow/.local/lib/python3.7/site-packages/airflow/example_dags/example_complex.py
[2023-05-06T21:04:46.439+0000] {processor.py:799} INFO - Processing file /home/airflow/.local/lib/python3.7/site-packages/airflow/example_dags/example_complex.py for tasks to queue
[2023-05-06T21:04:46.440+0000] {logging_mixin.py:149} INFO - [2023-05-06T21:04:46.440+0000] {dagbag.py:541} INFO - Filling up the DagBag from /home/airflow/.local/lib/python3.7/site-packages/airflow/example_dags/example_complex.py
[2023-05-06T21:04:46.458+0000] {logging_mixin.py:149} INFO - [2023-05-06T21:04:46.458+0000] {taskmixin.py:211} WARNING - Dependency <Task(BashOperator): create_entry_group>, delete_entry_group already registered for DAG: example_complex
[2023-05-06T21:04:46.459+0000] {logging_mixin.py:149} INFO - [2023-05-06T21:04:46.459+0000] {taskmixin.py:211} WARNING - Dependency <Task(BashOperator): delete_entry_group>, create_entry_group already registered for DAG: example_complex
[2023-05-06T21:04:46.460+0000] {logging_mixin.py:149} INFO - [2023-05-06T21:04:46.460+0000] {taskmixin.py:211} WARNING - Dependency <Task(BashOperator): create_entry_gcs>, delete_entry already registered for DAG: example_complex
[2023-05-06T21:04:46.461+0000] {logging_mixin.py:149} INFO - [2023-05-06T21:04:46.460+0000] {taskmixin.py:211} WARNING - Dependency <Task(BashOperator): delete_entry>, create_entry_gcs already registered for DAG: example_complex
[2023-05-06T21:04:46.462+0000] {logging_mixin.py:149} INFO - [2023-05-06T21:04:46.462+0000] {taskmixin.py:211} WARNING - Dependency <Task(BashOperator): create_tag>, delete_tag already registered for DAG: example_complex
[2023-05-06T21:04:46.463+0000] {logging_mixin.py:149} INFO - [2023-05-06T21:04:46.463+0000] {taskmixin.py:211} WARNING - Dependency <Task(BashOperator): delete_tag>, create_tag already registered for DAG: example_complex
[2023-05-06T21:04:46.466+0000] {processor.py:809} INFO - DAG(s) dict_keys(['example_complex']) retrieved from /home/airflow/.local/lib/python3.7/site-packages/airflow/example_dags/example_complex.py
[2023-05-06T21:04:46.516+0000] {logging_mixin.py:149} INFO - [2023-05-06T21:04:46.516+0000] {dag.py:2726} INFO - Sync 1 DAGs
[2023-05-06T21:04:46.556+0000] {logging_mixin.py:149} INFO - [2023-05-06T21:04:46.556+0000] {dag.py:3490} INFO - Setting next_dagrun for example_complex to None, run_after=None
[2023-05-06T21:04:46.587+0000] {processor.py:178} INFO - Processing /home/airflow/.local/lib/python3.7/site-packages/airflow/example_dags/example_complex.py took 0.153 seconds
[2023-05-06T21:05:16.824+0000] {processor.py:156} INFO - Started process (PID=4832) to work on /home/airflow/.local/lib/python3.7/site-packages/airflow/example_dags/example_complex.py
[2023-05-06T21:05:16.826+0000] {processor.py:799} INFO - Processing file /home/airflow/.local/lib/python3.7/site-packages/airflow/example_dags/example_complex.py for tasks to queue
[2023-05-06T21:05:16.827+0000] {logging_mixin.py:149} INFO - [2023-05-06T21:05:16.827+0000] {dagbag.py:541} INFO - Filling up the DagBag from /home/airflow/.local/lib/python3.7/site-packages/airflow/example_dags/example_complex.py
[2023-05-06T21:05:16.840+0000] {logging_mixin.py:149} INFO - [2023-05-06T21:05:16.840+0000] {taskmixin.py:211} WARNING - Dependency <Task(BashOperator): create_entry_group>, delete_entry_group already registered for DAG: example_complex
[2023-05-06T21:05:16.841+0000] {logging_mixin.py:149} INFO - [2023-05-06T21:05:16.841+0000] {taskmixin.py:211} WARNING - Dependency <Task(BashOperator): delete_entry_group>, create_entry_group already registered for DAG: example_complex
[2023-05-06T21:05:16.843+0000] {logging_mixin.py:149} INFO - [2023-05-06T21:05:16.842+0000] {taskmixin.py:211} WARNING - Dependency <Task(BashOperator): create_entry_gcs>, delete_entry already registered for DAG: example_complex
[2023-05-06T21:05:16.843+0000] {logging_mixin.py:149} INFO - [2023-05-06T21:05:16.843+0000] {taskmixin.py:211} WARNING - Dependency <Task(BashOperator): delete_entry>, create_entry_gcs already registered for DAG: example_complex
[2023-05-06T21:05:16.845+0000] {logging_mixin.py:149} INFO - [2023-05-06T21:05:16.844+0000] {taskmixin.py:211} WARNING - Dependency <Task(BashOperator): create_tag>, delete_tag already registered for DAG: example_complex
[2023-05-06T21:05:16.845+0000] {logging_mixin.py:149} INFO - [2023-05-06T21:05:16.845+0000] {taskmixin.py:211} WARNING - Dependency <Task(BashOperator): delete_tag>, create_tag already registered for DAG: example_complex
[2023-05-06T21:05:16.849+0000] {processor.py:809} INFO - DAG(s) dict_keys(['example_complex']) retrieved from /home/airflow/.local/lib/python3.7/site-packages/airflow/example_dags/example_complex.py
[2023-05-06T21:05:16.893+0000] {logging_mixin.py:149} INFO - [2023-05-06T21:05:16.893+0000] {dag.py:2726} INFO - Sync 1 DAGs
[2023-05-06T21:05:16.930+0000] {logging_mixin.py:149} INFO - [2023-05-06T21:05:16.930+0000] {dag.py:3490} INFO - Setting next_dagrun for example_complex to None, run_after=None
[2023-05-06T21:05:16.960+0000] {processor.py:178} INFO - Processing /home/airflow/.local/lib/python3.7/site-packages/airflow/example_dags/example_complex.py took 0.140 seconds
[2023-05-06T21:05:47.516+0000] {processor.py:156} INFO - Started process (PID=5070) to work on /home/airflow/.local/lib/python3.7/site-packages/airflow/example_dags/example_complex.py
[2023-05-06T21:05:47.517+0000] {processor.py:799} INFO - Processing file /home/airflow/.local/lib/python3.7/site-packages/airflow/example_dags/example_complex.py for tasks to queue
[2023-05-06T21:05:47.520+0000] {logging_mixin.py:149} INFO - [2023-05-06T21:05:47.520+0000] {dagbag.py:541} INFO - Filling up the DagBag from /home/airflow/.local/lib/python3.7/site-packages/airflow/example_dags/example_complex.py
[2023-05-06T21:05:47.534+0000] {logging_mixin.py:149} INFO - [2023-05-06T21:05:47.534+0000] {taskmixin.py:211} WARNING - Dependency <Task(BashOperator): create_entry_group>, delete_entry_group already registered for DAG: example_complex
[2023-05-06T21:05:47.536+0000] {logging_mixin.py:149} INFO - [2023-05-06T21:05:47.536+0000] {taskmixin.py:211} WARNING - Dependency <Task(BashOperator): delete_entry_group>, create_entry_group already registered for DAG: example_complex
[2023-05-06T21:05:47.537+0000] {logging_mixin.py:149} INFO - [2023-05-06T21:05:47.537+0000] {taskmixin.py:211} WARNING - Dependency <Task(BashOperator): create_entry_gcs>, delete_entry already registered for DAG: example_complex
[2023-05-06T21:05:47.538+0000] {logging_mixin.py:149} INFO - [2023-05-06T21:05:47.538+0000] {taskmixin.py:211} WARNING - Dependency <Task(BashOperator): delete_entry>, create_entry_gcs already registered for DAG: example_complex
[2023-05-06T21:05:47.539+0000] {logging_mixin.py:149} INFO - [2023-05-06T21:05:47.539+0000] {taskmixin.py:211} WARNING - Dependency <Task(BashOperator): create_tag>, delete_tag already registered for DAG: example_complex
[2023-05-06T21:05:47.540+0000] {logging_mixin.py:149} INFO - [2023-05-06T21:05:47.539+0000] {taskmixin.py:211} WARNING - Dependency <Task(BashOperator): delete_tag>, create_tag already registered for DAG: example_complex
[2023-05-06T21:05:47.542+0000] {processor.py:809} INFO - DAG(s) dict_keys(['example_complex']) retrieved from /home/airflow/.local/lib/python3.7/site-packages/airflow/example_dags/example_complex.py
[2023-05-06T21:05:47.587+0000] {logging_mixin.py:149} INFO - [2023-05-06T21:05:47.587+0000] {dag.py:2726} INFO - Sync 1 DAGs
[2023-05-06T21:05:47.624+0000] {logging_mixin.py:149} INFO - [2023-05-06T21:05:47.624+0000] {dag.py:3490} INFO - Setting next_dagrun for example_complex to None, run_after=None
[2023-05-06T21:05:47.651+0000] {processor.py:178} INFO - Processing /home/airflow/.local/lib/python3.7/site-packages/airflow/example_dags/example_complex.py took 0.139 seconds
[2023-05-06T21:06:18.043+0000] {processor.py:156} INFO - Started process (PID=5308) to work on /home/airflow/.local/lib/python3.7/site-packages/airflow/example_dags/example_complex.py
[2023-05-06T21:06:18.045+0000] {processor.py:799} INFO - Processing file /home/airflow/.local/lib/python3.7/site-packages/airflow/example_dags/example_complex.py for tasks to queue
[2023-05-06T21:06:18.047+0000] {logging_mixin.py:149} INFO - [2023-05-06T21:06:18.047+0000] {dagbag.py:541} INFO - Filling up the DagBag from /home/airflow/.local/lib/python3.7/site-packages/airflow/example_dags/example_complex.py
[2023-05-06T21:06:18.062+0000] {logging_mixin.py:149} INFO - [2023-05-06T21:06:18.061+0000] {taskmixin.py:211} WARNING - Dependency <Task(BashOperator): create_entry_group>, delete_entry_group already registered for DAG: example_complex
[2023-05-06T21:06:18.068+0000] {logging_mixin.py:149} INFO - [2023-05-06T21:06:18.068+0000] {taskmixin.py:211} WARNING - Dependency <Task(BashOperator): delete_entry_group>, create_entry_group already registered for DAG: example_complex
[2023-05-06T21:06:18.070+0000] {logging_mixin.py:149} INFO - [2023-05-06T21:06:18.070+0000] {taskmixin.py:211} WARNING - Dependency <Task(BashOperator): create_entry_gcs>, delete_entry already registered for DAG: example_complex
[2023-05-06T21:06:18.073+0000] {logging_mixin.py:149} INFO - [2023-05-06T21:06:18.073+0000] {taskmixin.py:211} WARNING - Dependency <Task(BashOperator): delete_entry>, create_entry_gcs already registered for DAG: example_complex
[2023-05-06T21:06:18.076+0000] {logging_mixin.py:149} INFO - [2023-05-06T21:06:18.075+0000] {taskmixin.py:211} WARNING - Dependency <Task(BashOperator): create_tag>, delete_tag already registered for DAG: example_complex
[2023-05-06T21:06:18.077+0000] {logging_mixin.py:149} INFO - [2023-05-06T21:06:18.077+0000] {taskmixin.py:211} WARNING - Dependency <Task(BashOperator): delete_tag>, create_tag already registered for DAG: example_complex
[2023-05-06T21:06:18.081+0000] {processor.py:809} INFO - DAG(s) dict_keys(['example_complex']) retrieved from /home/airflow/.local/lib/python3.7/site-packages/airflow/example_dags/example_complex.py
[2023-05-06T21:06:18.103+0000] {logging_mixin.py:149} INFO - [2023-05-06T21:06:18.102+0000] {dag.py:2726} INFO - Sync 1 DAGs
[2023-05-06T21:06:18.143+0000] {logging_mixin.py:149} INFO - [2023-05-06T21:06:18.142+0000] {dag.py:3490} INFO - Setting next_dagrun for example_complex to None, run_after=None
[2023-05-06T21:06:18.188+0000] {processor.py:178} INFO - Processing /home/airflow/.local/lib/python3.7/site-packages/airflow/example_dags/example_complex.py took 0.149 seconds
[2023-05-06T21:06:48.714+0000] {processor.py:156} INFO - Started process (PID=5547) to work on /home/airflow/.local/lib/python3.7/site-packages/airflow/example_dags/example_complex.py
[2023-05-06T21:06:48.716+0000] {processor.py:799} INFO - Processing file /home/airflow/.local/lib/python3.7/site-packages/airflow/example_dags/example_complex.py for tasks to queue
[2023-05-06T21:06:48.719+0000] {logging_mixin.py:149} INFO - [2023-05-06T21:06:48.718+0000] {dagbag.py:541} INFO - Filling up the DagBag from /home/airflow/.local/lib/python3.7/site-packages/airflow/example_dags/example_complex.py
[2023-05-06T21:06:48.739+0000] {logging_mixin.py:149} INFO - [2023-05-06T21:06:48.738+0000] {taskmixin.py:211} WARNING - Dependency <Task(BashOperator): create_entry_group>, delete_entry_group already registered for DAG: example_complex
[2023-05-06T21:06:48.740+0000] {logging_mixin.py:149} INFO - [2023-05-06T21:06:48.740+0000] {taskmixin.py:211} WARNING - Dependency <Task(BashOperator): delete_entry_group>, create_entry_group already registered for DAG: example_complex
[2023-05-06T21:06:48.741+0000] {logging_mixin.py:149} INFO - [2023-05-06T21:06:48.741+0000] {taskmixin.py:211} WARNING - Dependency <Task(BashOperator): create_entry_gcs>, delete_entry already registered for DAG: example_complex
[2023-05-06T21:06:48.742+0000] {logging_mixin.py:149} INFO - [2023-05-06T21:06:48.742+0000] {taskmixin.py:211} WARNING - Dependency <Task(BashOperator): delete_entry>, create_entry_gcs already registered for DAG: example_complex
[2023-05-06T21:06:48.743+0000] {logging_mixin.py:149} INFO - [2023-05-06T21:06:48.743+0000] {taskmixin.py:211} WARNING - Dependency <Task(BashOperator): create_tag>, delete_tag already registered for DAG: example_complex
[2023-05-06T21:06:48.745+0000] {logging_mixin.py:149} INFO - [2023-05-06T21:06:48.744+0000] {taskmixin.py:211} WARNING - Dependency <Task(BashOperator): delete_tag>, create_tag already registered for DAG: example_complex
[2023-05-06T21:06:48.749+0000] {processor.py:809} INFO - DAG(s) dict_keys(['example_complex']) retrieved from /home/airflow/.local/lib/python3.7/site-packages/airflow/example_dags/example_complex.py
[2023-05-06T21:06:48.810+0000] {logging_mixin.py:149} INFO - [2023-05-06T21:06:48.810+0000] {dag.py:2726} INFO - Sync 1 DAGs
[2023-05-06T21:06:48.857+0000] {logging_mixin.py:149} INFO - [2023-05-06T21:06:48.856+0000] {dag.py:3490} INFO - Setting next_dagrun for example_complex to None, run_after=None
[2023-05-06T21:06:48.896+0000] {processor.py:178} INFO - Processing /home/airflow/.local/lib/python3.7/site-packages/airflow/example_dags/example_complex.py took 0.188 seconds
[2023-05-06T21:07:19.076+0000] {processor.py:156} INFO - Started process (PID=5785) to work on /home/airflow/.local/lib/python3.7/site-packages/airflow/example_dags/example_complex.py
[2023-05-06T21:07:19.077+0000] {processor.py:799} INFO - Processing file /home/airflow/.local/lib/python3.7/site-packages/airflow/example_dags/example_complex.py for tasks to queue
[2023-05-06T21:07:19.078+0000] {logging_mixin.py:149} INFO - [2023-05-06T21:07:19.078+0000] {dagbag.py:541} INFO - Filling up the DagBag from /home/airflow/.local/lib/python3.7/site-packages/airflow/example_dags/example_complex.py
[2023-05-06T21:07:19.095+0000] {logging_mixin.py:149} INFO - [2023-05-06T21:07:19.095+0000] {taskmixin.py:211} WARNING - Dependency <Task(BashOperator): create_entry_group>, delete_entry_group already registered for DAG: example_complex
[2023-05-06T21:07:19.096+0000] {logging_mixin.py:149} INFO - [2023-05-06T21:07:19.096+0000] {taskmixin.py:211} WARNING - Dependency <Task(BashOperator): delete_entry_group>, create_entry_group already registered for DAG: example_complex
[2023-05-06T21:07:19.098+0000] {logging_mixin.py:149} INFO - [2023-05-06T21:07:19.098+0000] {taskmixin.py:211} WARNING - Dependency <Task(BashOperator): create_entry_gcs>, delete_entry already registered for DAG: example_complex
[2023-05-06T21:07:19.100+0000] {logging_mixin.py:149} INFO - [2023-05-06T21:07:19.099+0000] {taskmixin.py:211} WARNING - Dependency <Task(BashOperator): delete_entry>, create_entry_gcs already registered for DAG: example_complex
[2023-05-06T21:07:19.101+0000] {logging_mixin.py:149} INFO - [2023-05-06T21:07:19.101+0000] {taskmixin.py:211} WARNING - Dependency <Task(BashOperator): create_tag>, delete_tag already registered for DAG: example_complex
[2023-05-06T21:07:19.102+0000] {logging_mixin.py:149} INFO - [2023-05-06T21:07:19.102+0000] {taskmixin.py:211} WARNING - Dependency <Task(BashOperator): delete_tag>, create_tag already registered for DAG: example_complex
[2023-05-06T21:07:19.105+0000] {processor.py:809} INFO - DAG(s) dict_keys(['example_complex']) retrieved from /home/airflow/.local/lib/python3.7/site-packages/airflow/example_dags/example_complex.py
[2023-05-06T21:07:19.156+0000] {logging_mixin.py:149} INFO - [2023-05-06T21:07:19.156+0000] {dag.py:2726} INFO - Sync 1 DAGs
[2023-05-06T21:07:19.192+0000] {logging_mixin.py:149} INFO - [2023-05-06T21:07:19.192+0000] {dag.py:3490} INFO - Setting next_dagrun for example_complex to None, run_after=None
[2023-05-06T21:07:19.221+0000] {processor.py:178} INFO - Processing /home/airflow/.local/lib/python3.7/site-packages/airflow/example_dags/example_complex.py took 0.149 seconds
