[2023-05-06T20:55:28.492+0000] {processor.py:156} INFO - Started process (PID=194) to work on /home/airflow/.local/lib/python3.7/site-packages/airflow/example_dags/example_local_kubernetes_executor.py
[2023-05-06T20:55:28.494+0000] {processor.py:799} INFO - Processing file /home/airflow/.local/lib/python3.7/site-packages/airflow/example_dags/example_local_kubernetes_executor.py for tasks to queue
[2023-05-06T20:55:28.496+0000] {logging_mixin.py:149} INFO - [2023-05-06T20:55:28.496+0000] {dagbag.py:541} INFO - Filling up the DagBag from /home/airflow/.local/lib/python3.7/site-packages/airflow/example_dags/example_local_kubernetes_executor.py
[2023-05-06T20:55:30.086+0000] {processor.py:809} INFO - DAG(s) dict_keys(['example_local_kubernetes_executor']) retrieved from /home/airflow/.local/lib/python3.7/site-packages/airflow/example_dags/example_local_kubernetes_executor.py
[2023-05-06T20:55:30.103+0000] {logging_mixin.py:149} INFO - [2023-05-06T20:55:30.103+0000] {dag.py:2726} INFO - Sync 1 DAGs
[2023-05-06T20:55:30.136+0000] {logging_mixin.py:149} INFO - [2023-05-06T20:55:30.135+0000] {dag.py:3490} INFO - Setting next_dagrun for example_local_kubernetes_executor to None, run_after=None
[2023-05-06T20:55:30.172+0000] {processor.py:178} INFO - Processing /home/airflow/.local/lib/python3.7/site-packages/airflow/example_dags/example_local_kubernetes_executor.py took 1.684 seconds
[2023-05-06T20:56:00.820+0000] {processor.py:156} INFO - Started process (PID=465) to work on /home/airflow/.local/lib/python3.7/site-packages/airflow/example_dags/example_local_kubernetes_executor.py
[2023-05-06T20:56:00.822+0000] {processor.py:799} INFO - Processing file /home/airflow/.local/lib/python3.7/site-packages/airflow/example_dags/example_local_kubernetes_executor.py for tasks to queue
[2023-05-06T20:56:00.825+0000] {logging_mixin.py:149} INFO - [2023-05-06T20:56:00.824+0000] {dagbag.py:541} INFO - Filling up the DagBag from /home/airflow/.local/lib/python3.7/site-packages/airflow/example_dags/example_local_kubernetes_executor.py
[2023-05-06T20:56:01.289+0000] {processor.py:809} INFO - DAG(s) dict_keys(['example_local_kubernetes_executor']) retrieved from /home/airflow/.local/lib/python3.7/site-packages/airflow/example_dags/example_local_kubernetes_executor.py
[2023-05-06T20:56:01.350+0000] {logging_mixin.py:149} INFO - [2023-05-06T20:56:01.349+0000] {dag.py:2726} INFO - Sync 1 DAGs
[2023-05-06T20:56:01.391+0000] {logging_mixin.py:149} INFO - [2023-05-06T20:56:01.390+0000] {dag.py:3490} INFO - Setting next_dagrun for example_local_kubernetes_executor to None, run_after=None
[2023-05-06T20:56:01.422+0000] {processor.py:178} INFO - Processing /home/airflow/.local/lib/python3.7/site-packages/airflow/example_dags/example_local_kubernetes_executor.py took 0.606 seconds
[2023-05-06T20:56:31.810+0000] {processor.py:156} INFO - Started process (PID=703) to work on /home/airflow/.local/lib/python3.7/site-packages/airflow/example_dags/example_local_kubernetes_executor.py
[2023-05-06T20:56:31.812+0000] {processor.py:799} INFO - Processing file /home/airflow/.local/lib/python3.7/site-packages/airflow/example_dags/example_local_kubernetes_executor.py for tasks to queue
[2023-05-06T20:56:31.813+0000] {logging_mixin.py:149} INFO - [2023-05-06T20:56:31.813+0000] {dagbag.py:541} INFO - Filling up the DagBag from /home/airflow/.local/lib/python3.7/site-packages/airflow/example_dags/example_local_kubernetes_executor.py
[2023-05-06T20:56:32.272+0000] {processor.py:809} INFO - DAG(s) dict_keys(['example_local_kubernetes_executor']) retrieved from /home/airflow/.local/lib/python3.7/site-packages/airflow/example_dags/example_local_kubernetes_executor.py
[2023-05-06T20:56:32.324+0000] {logging_mixin.py:149} INFO - [2023-05-06T20:56:32.324+0000] {dag.py:2726} INFO - Sync 1 DAGs
[2023-05-06T20:56:32.362+0000] {logging_mixin.py:149} INFO - [2023-05-06T20:56:32.361+0000] {dag.py:3490} INFO - Setting next_dagrun for example_local_kubernetes_executor to None, run_after=None
[2023-05-06T20:56:32.391+0000] {processor.py:178} INFO - Processing /home/airflow/.local/lib/python3.7/site-packages/airflow/example_dags/example_local_kubernetes_executor.py took 0.584 seconds
[2023-05-06T20:57:02.542+0000] {processor.py:156} INFO - Started process (PID=946) to work on /home/airflow/.local/lib/python3.7/site-packages/airflow/example_dags/example_local_kubernetes_executor.py
[2023-05-06T20:57:02.544+0000] {processor.py:799} INFO - Processing file /home/airflow/.local/lib/python3.7/site-packages/airflow/example_dags/example_local_kubernetes_executor.py for tasks to queue
[2023-05-06T20:57:02.545+0000] {logging_mixin.py:149} INFO - [2023-05-06T20:57:02.545+0000] {dagbag.py:541} INFO - Filling up the DagBag from /home/airflow/.local/lib/python3.7/site-packages/airflow/example_dags/example_local_kubernetes_executor.py
[2023-05-06T20:57:02.793+0000] {processor.py:809} INFO - DAG(s) dict_keys(['example_local_kubernetes_executor']) retrieved from /home/airflow/.local/lib/python3.7/site-packages/airflow/example_dags/example_local_kubernetes_executor.py
[2023-05-06T20:57:02.838+0000] {logging_mixin.py:149} INFO - [2023-05-06T20:57:02.837+0000] {dag.py:2726} INFO - Sync 1 DAGs
[2023-05-06T20:57:02.876+0000] {logging_mixin.py:149} INFO - [2023-05-06T20:57:02.876+0000] {dag.py:3490} INFO - Setting next_dagrun for example_local_kubernetes_executor to None, run_after=None
[2023-05-06T20:57:02.904+0000] {processor.py:178} INFO - Processing /home/airflow/.local/lib/python3.7/site-packages/airflow/example_dags/example_local_kubernetes_executor.py took 0.367 seconds
[2023-05-06T20:57:33.031+0000] {processor.py:156} INFO - Started process (PID=1184) to work on /home/airflow/.local/lib/python3.7/site-packages/airflow/example_dags/example_local_kubernetes_executor.py
[2023-05-06T20:57:33.033+0000] {processor.py:799} INFO - Processing file /home/airflow/.local/lib/python3.7/site-packages/airflow/example_dags/example_local_kubernetes_executor.py for tasks to queue
[2023-05-06T20:57:33.036+0000] {logging_mixin.py:149} INFO - [2023-05-06T20:57:33.035+0000] {dagbag.py:541} INFO - Filling up the DagBag from /home/airflow/.local/lib/python3.7/site-packages/airflow/example_dags/example_local_kubernetes_executor.py
[2023-05-06T20:57:33.312+0000] {processor.py:809} INFO - DAG(s) dict_keys(['example_local_kubernetes_executor']) retrieved from /home/airflow/.local/lib/python3.7/site-packages/airflow/example_dags/example_local_kubernetes_executor.py
[2023-05-06T20:57:33.328+0000] {logging_mixin.py:149} INFO - [2023-05-06T20:57:33.328+0000] {dag.py:2726} INFO - Sync 1 DAGs
[2023-05-06T20:57:33.383+0000] {logging_mixin.py:149} INFO - [2023-05-06T20:57:33.383+0000] {dag.py:3490} INFO - Setting next_dagrun for example_local_kubernetes_executor to None, run_after=None
[2023-05-06T20:57:33.424+0000] {processor.py:178} INFO - Processing /home/airflow/.local/lib/python3.7/site-packages/airflow/example_dags/example_local_kubernetes_executor.py took 0.399 seconds
[2023-05-06T20:58:03.915+0000] {processor.py:156} INFO - Started process (PID=1424) to work on /home/airflow/.local/lib/python3.7/site-packages/airflow/example_dags/example_local_kubernetes_executor.py
[2023-05-06T20:58:03.917+0000] {processor.py:799} INFO - Processing file /home/airflow/.local/lib/python3.7/site-packages/airflow/example_dags/example_local_kubernetes_executor.py for tasks to queue
[2023-05-06T20:58:03.919+0000] {logging_mixin.py:149} INFO - [2023-05-06T20:58:03.919+0000] {dagbag.py:541} INFO - Filling up the DagBag from /home/airflow/.local/lib/python3.7/site-packages/airflow/example_dags/example_local_kubernetes_executor.py
[2023-05-06T20:58:04.416+0000] {processor.py:809} INFO - DAG(s) dict_keys(['example_local_kubernetes_executor']) retrieved from /home/airflow/.local/lib/python3.7/site-packages/airflow/example_dags/example_local_kubernetes_executor.py
[2023-05-06T20:58:04.480+0000] {logging_mixin.py:149} INFO - [2023-05-06T20:58:04.480+0000] {dag.py:2726} INFO - Sync 1 DAGs
[2023-05-06T20:58:04.563+0000] {logging_mixin.py:149} INFO - [2023-05-06T20:58:04.563+0000] {dag.py:3490} INFO - Setting next_dagrun for example_local_kubernetes_executor to None, run_after=None
[2023-05-06T20:58:04.595+0000] {processor.py:178} INFO - Processing /home/airflow/.local/lib/python3.7/site-packages/airflow/example_dags/example_local_kubernetes_executor.py took 0.685 seconds
[2023-05-06T20:58:35.202+0000] {processor.py:156} INFO - Started process (PID=1678) to work on /home/airflow/.local/lib/python3.7/site-packages/airflow/example_dags/example_local_kubernetes_executor.py
[2023-05-06T20:58:35.204+0000] {processor.py:799} INFO - Processing file /home/airflow/.local/lib/python3.7/site-packages/airflow/example_dags/example_local_kubernetes_executor.py for tasks to queue
[2023-05-06T20:58:35.206+0000] {logging_mixin.py:149} INFO - [2023-05-06T20:58:35.205+0000] {dagbag.py:541} INFO - Filling up the DagBag from /home/airflow/.local/lib/python3.7/site-packages/airflow/example_dags/example_local_kubernetes_executor.py
[2023-05-06T20:58:35.466+0000] {processor.py:809} INFO - DAG(s) dict_keys(['example_local_kubernetes_executor']) retrieved from /home/airflow/.local/lib/python3.7/site-packages/airflow/example_dags/example_local_kubernetes_executor.py
[2023-05-06T20:58:35.511+0000] {logging_mixin.py:149} INFO - [2023-05-06T20:58:35.510+0000] {dag.py:2726} INFO - Sync 1 DAGs
[2023-05-06T20:58:35.545+0000] {logging_mixin.py:149} INFO - [2023-05-06T20:58:35.545+0000] {dag.py:3490} INFO - Setting next_dagrun for example_local_kubernetes_executor to None, run_after=None
[2023-05-06T20:58:35.574+0000] {processor.py:178} INFO - Processing /home/airflow/.local/lib/python3.7/site-packages/airflow/example_dags/example_local_kubernetes_executor.py took 0.376 seconds
[2023-05-06T20:59:05.642+0000] {processor.py:156} INFO - Started process (PID=1921) to work on /home/airflow/.local/lib/python3.7/site-packages/airflow/example_dags/example_local_kubernetes_executor.py
[2023-05-06T20:59:05.645+0000] {processor.py:799} INFO - Processing file /home/airflow/.local/lib/python3.7/site-packages/airflow/example_dags/example_local_kubernetes_executor.py for tasks to queue
[2023-05-06T20:59:05.647+0000] {logging_mixin.py:149} INFO - [2023-05-06T20:59:05.647+0000] {dagbag.py:541} INFO - Filling up the DagBag from /home/airflow/.local/lib/python3.7/site-packages/airflow/example_dags/example_local_kubernetes_executor.py
[2023-05-06T20:59:05.889+0000] {processor.py:809} INFO - DAG(s) dict_keys(['example_local_kubernetes_executor']) retrieved from /home/airflow/.local/lib/python3.7/site-packages/airflow/example_dags/example_local_kubernetes_executor.py
[2023-05-06T20:59:05.934+0000] {logging_mixin.py:149} INFO - [2023-05-06T20:59:05.934+0000] {dag.py:2726} INFO - Sync 1 DAGs
[2023-05-06T20:59:05.971+0000] {logging_mixin.py:149} INFO - [2023-05-06T20:59:05.971+0000] {dag.py:3490} INFO - Setting next_dagrun for example_local_kubernetes_executor to None, run_after=None
[2023-05-06T20:59:06.028+0000] {processor.py:178} INFO - Processing /home/airflow/.local/lib/python3.7/site-packages/airflow/example_dags/example_local_kubernetes_executor.py took 0.389 seconds
[2023-05-06T20:59:36.915+0000] {processor.py:156} INFO - Started process (PID=2159) to work on /home/airflow/.local/lib/python3.7/site-packages/airflow/example_dags/example_local_kubernetes_executor.py
[2023-05-06T20:59:36.918+0000] {processor.py:799} INFO - Processing file /home/airflow/.local/lib/python3.7/site-packages/airflow/example_dags/example_local_kubernetes_executor.py for tasks to queue
[2023-05-06T20:59:36.920+0000] {logging_mixin.py:149} INFO - [2023-05-06T20:59:36.920+0000] {dagbag.py:541} INFO - Filling up the DagBag from /home/airflow/.local/lib/python3.7/site-packages/airflow/example_dags/example_local_kubernetes_executor.py
[2023-05-06T20:59:37.629+0000] {processor.py:809} INFO - DAG(s) dict_keys(['example_local_kubernetes_executor']) retrieved from /home/airflow/.local/lib/python3.7/site-packages/airflow/example_dags/example_local_kubernetes_executor.py
[2023-05-06T20:59:37.708+0000] {logging_mixin.py:149} INFO - [2023-05-06T20:59:37.708+0000] {dag.py:2726} INFO - Sync 1 DAGs
[2023-05-06T20:59:37.753+0000] {logging_mixin.py:149} INFO - [2023-05-06T20:59:37.753+0000] {dag.py:3490} INFO - Setting next_dagrun for example_local_kubernetes_executor to None, run_after=None
[2023-05-06T20:59:37.782+0000] {processor.py:178} INFO - Processing /home/airflow/.local/lib/python3.7/site-packages/airflow/example_dags/example_local_kubernetes_executor.py took 0.871 seconds
[2023-05-06T21:00:08.025+0000] {processor.py:156} INFO - Started process (PID=2410) to work on /home/airflow/.local/lib/python3.7/site-packages/airflow/example_dags/example_local_kubernetes_executor.py
[2023-05-06T21:00:08.027+0000] {processor.py:799} INFO - Processing file /home/airflow/.local/lib/python3.7/site-packages/airflow/example_dags/example_local_kubernetes_executor.py for tasks to queue
[2023-05-06T21:00:08.029+0000] {logging_mixin.py:149} INFO - [2023-05-06T21:00:08.029+0000] {dagbag.py:541} INFO - Filling up the DagBag from /home/airflow/.local/lib/python3.7/site-packages/airflow/example_dags/example_local_kubernetes_executor.py
[2023-05-06T21:00:08.293+0000] {processor.py:809} INFO - DAG(s) dict_keys(['example_local_kubernetes_executor']) retrieved from /home/airflow/.local/lib/python3.7/site-packages/airflow/example_dags/example_local_kubernetes_executor.py
[2023-05-06T21:00:08.312+0000] {logging_mixin.py:149} INFO - [2023-05-06T21:00:08.312+0000] {dag.py:2726} INFO - Sync 1 DAGs
[2023-05-06T21:00:08.355+0000] {logging_mixin.py:149} INFO - [2023-05-06T21:00:08.355+0000] {dag.py:3490} INFO - Setting next_dagrun for example_local_kubernetes_executor to None, run_after=None
[2023-05-06T21:00:08.385+0000] {processor.py:178} INFO - Processing /home/airflow/.local/lib/python3.7/site-packages/airflow/example_dags/example_local_kubernetes_executor.py took 0.364 seconds
[2023-05-06T21:00:38.449+0000] {processor.py:156} INFO - Started process (PID=2648) to work on /home/airflow/.local/lib/python3.7/site-packages/airflow/example_dags/example_local_kubernetes_executor.py
[2023-05-06T21:00:38.451+0000] {processor.py:799} INFO - Processing file /home/airflow/.local/lib/python3.7/site-packages/airflow/example_dags/example_local_kubernetes_executor.py for tasks to queue
[2023-05-06T21:00:38.453+0000] {logging_mixin.py:149} INFO - [2023-05-06T21:00:38.452+0000] {dagbag.py:541} INFO - Filling up the DagBag from /home/airflow/.local/lib/python3.7/site-packages/airflow/example_dags/example_local_kubernetes_executor.py
[2023-05-06T21:00:38.710+0000] {processor.py:809} INFO - DAG(s) dict_keys(['example_local_kubernetes_executor']) retrieved from /home/airflow/.local/lib/python3.7/site-packages/airflow/example_dags/example_local_kubernetes_executor.py
[2023-05-06T21:00:38.753+0000] {logging_mixin.py:149} INFO - [2023-05-06T21:00:38.753+0000] {dag.py:2726} INFO - Sync 1 DAGs
[2023-05-06T21:00:38.788+0000] {logging_mixin.py:149} INFO - [2023-05-06T21:00:38.788+0000] {dag.py:3490} INFO - Setting next_dagrun for example_local_kubernetes_executor to None, run_after=None
[2023-05-06T21:00:38.819+0000] {processor.py:178} INFO - Processing /home/airflow/.local/lib/python3.7/site-packages/airflow/example_dags/example_local_kubernetes_executor.py took 0.374 seconds
[2023-05-06T21:01:09.100+0000] {processor.py:156} INFO - Started process (PID=2891) to work on /home/airflow/.local/lib/python3.7/site-packages/airflow/example_dags/example_local_kubernetes_executor.py
[2023-05-06T21:01:09.101+0000] {processor.py:799} INFO - Processing file /home/airflow/.local/lib/python3.7/site-packages/airflow/example_dags/example_local_kubernetes_executor.py for tasks to queue
[2023-05-06T21:01:09.103+0000] {logging_mixin.py:149} INFO - [2023-05-06T21:01:09.103+0000] {dagbag.py:541} INFO - Filling up the DagBag from /home/airflow/.local/lib/python3.7/site-packages/airflow/example_dags/example_local_kubernetes_executor.py
[2023-05-06T21:01:09.354+0000] {processor.py:809} INFO - DAG(s) dict_keys(['example_local_kubernetes_executor']) retrieved from /home/airflow/.local/lib/python3.7/site-packages/airflow/example_dags/example_local_kubernetes_executor.py
[2023-05-06T21:01:09.398+0000] {logging_mixin.py:149} INFO - [2023-05-06T21:01:09.398+0000] {dag.py:2726} INFO - Sync 1 DAGs
[2023-05-06T21:01:09.434+0000] {logging_mixin.py:149} INFO - [2023-05-06T21:01:09.434+0000] {dag.py:3490} INFO - Setting next_dagrun for example_local_kubernetes_executor to None, run_after=None
[2023-05-06T21:01:09.460+0000] {processor.py:178} INFO - Processing /home/airflow/.local/lib/python3.7/site-packages/airflow/example_dags/example_local_kubernetes_executor.py took 0.365 seconds
[2023-05-06T21:01:39.692+0000] {processor.py:156} INFO - Started process (PID=3111) to work on /home/airflow/.local/lib/python3.7/site-packages/airflow/example_dags/example_local_kubernetes_executor.py
[2023-05-06T21:01:39.695+0000] {processor.py:799} INFO - Processing file /home/airflow/.local/lib/python3.7/site-packages/airflow/example_dags/example_local_kubernetes_executor.py for tasks to queue
[2023-05-06T21:01:39.698+0000] {logging_mixin.py:149} INFO - [2023-05-06T21:01:39.698+0000] {dagbag.py:541} INFO - Filling up the DagBag from /home/airflow/.local/lib/python3.7/site-packages/airflow/example_dags/example_local_kubernetes_executor.py
[2023-05-06T21:01:40.106+0000] {processor.py:809} INFO - DAG(s) dict_keys(['example_local_kubernetes_executor']) retrieved from /home/airflow/.local/lib/python3.7/site-packages/airflow/example_dags/example_local_kubernetes_executor.py
[2023-05-06T21:01:40.163+0000] {logging_mixin.py:149} INFO - [2023-05-06T21:01:40.163+0000] {dag.py:2726} INFO - Sync 1 DAGs
[2023-05-06T21:01:40.203+0000] {logging_mixin.py:149} INFO - [2023-05-06T21:01:40.203+0000] {dag.py:3490} INFO - Setting next_dagrun for example_local_kubernetes_executor to None, run_after=None
[2023-05-06T21:01:40.236+0000] {processor.py:178} INFO - Processing /home/airflow/.local/lib/python3.7/site-packages/airflow/example_dags/example_local_kubernetes_executor.py took 0.554 seconds
[2023-05-06T21:02:10.537+0000] {processor.py:156} INFO - Started process (PID=3354) to work on /home/airflow/.local/lib/python3.7/site-packages/airflow/example_dags/example_local_kubernetes_executor.py
[2023-05-06T21:02:10.539+0000] {processor.py:799} INFO - Processing file /home/airflow/.local/lib/python3.7/site-packages/airflow/example_dags/example_local_kubernetes_executor.py for tasks to queue
[2023-05-06T21:02:10.541+0000] {logging_mixin.py:149} INFO - [2023-05-06T21:02:10.540+0000] {dagbag.py:541} INFO - Filling up the DagBag from /home/airflow/.local/lib/python3.7/site-packages/airflow/example_dags/example_local_kubernetes_executor.py
[2023-05-06T21:02:10.813+0000] {processor.py:809} INFO - DAG(s) dict_keys(['example_local_kubernetes_executor']) retrieved from /home/airflow/.local/lib/python3.7/site-packages/airflow/example_dags/example_local_kubernetes_executor.py
[2023-05-06T21:02:10.888+0000] {logging_mixin.py:149} INFO - [2023-05-06T21:02:10.888+0000] {dag.py:2726} INFO - Sync 1 DAGs
[2023-05-06T21:02:11.008+0000] {logging_mixin.py:149} INFO - [2023-05-06T21:02:11.007+0000] {dag.py:3490} INFO - Setting next_dagrun for example_local_kubernetes_executor to None, run_after=None
[2023-05-06T21:02:11.060+0000] {processor.py:178} INFO - Processing /home/airflow/.local/lib/python3.7/site-packages/airflow/example_dags/example_local_kubernetes_executor.py took 0.528 seconds
[2023-05-06T21:02:41.165+0000] {processor.py:156} INFO - Started process (PID=3602) to work on /home/airflow/.local/lib/python3.7/site-packages/airflow/example_dags/example_local_kubernetes_executor.py
[2023-05-06T21:02:41.167+0000] {processor.py:799} INFO - Processing file /home/airflow/.local/lib/python3.7/site-packages/airflow/example_dags/example_local_kubernetes_executor.py for tasks to queue
[2023-05-06T21:02:41.168+0000] {logging_mixin.py:149} INFO - [2023-05-06T21:02:41.168+0000] {dagbag.py:541} INFO - Filling up the DagBag from /home/airflow/.local/lib/python3.7/site-packages/airflow/example_dags/example_local_kubernetes_executor.py
[2023-05-06T21:02:41.399+0000] {processor.py:809} INFO - DAG(s) dict_keys(['example_local_kubernetes_executor']) retrieved from /home/airflow/.local/lib/python3.7/site-packages/airflow/example_dags/example_local_kubernetes_executor.py
[2023-05-06T21:02:41.441+0000] {logging_mixin.py:149} INFO - [2023-05-06T21:02:41.440+0000] {dag.py:2726} INFO - Sync 1 DAGs
[2023-05-06T21:02:41.473+0000] {logging_mixin.py:149} INFO - [2023-05-06T21:02:41.473+0000] {dag.py:3490} INFO - Setting next_dagrun for example_local_kubernetes_executor to None, run_after=None
[2023-05-06T21:02:41.500+0000] {processor.py:178} INFO - Processing /home/airflow/.local/lib/python3.7/site-packages/airflow/example_dags/example_local_kubernetes_executor.py took 0.338 seconds
[2023-05-06T21:03:11.812+0000] {processor.py:156} INFO - Started process (PID=3825) to work on /home/airflow/.local/lib/python3.7/site-packages/airflow/example_dags/example_local_kubernetes_executor.py
[2023-05-06T21:03:11.814+0000] {processor.py:799} INFO - Processing file /home/airflow/.local/lib/python3.7/site-packages/airflow/example_dags/example_local_kubernetes_executor.py for tasks to queue
[2023-05-06T21:03:11.818+0000] {logging_mixin.py:149} INFO - [2023-05-06T21:03:11.817+0000] {dagbag.py:541} INFO - Filling up the DagBag from /home/airflow/.local/lib/python3.7/site-packages/airflow/example_dags/example_local_kubernetes_executor.py
[2023-05-06T21:03:12.083+0000] {processor.py:809} INFO - DAG(s) dict_keys(['example_local_kubernetes_executor']) retrieved from /home/airflow/.local/lib/python3.7/site-packages/airflow/example_dags/example_local_kubernetes_executor.py
[2023-05-06T21:03:12.133+0000] {logging_mixin.py:149} INFO - [2023-05-06T21:03:12.133+0000] {dag.py:2726} INFO - Sync 1 DAGs
[2023-05-06T21:03:12.171+0000] {logging_mixin.py:149} INFO - [2023-05-06T21:03:12.171+0000] {dag.py:3490} INFO - Setting next_dagrun for example_local_kubernetes_executor to None, run_after=None
[2023-05-06T21:03:12.200+0000] {processor.py:178} INFO - Processing /home/airflow/.local/lib/python3.7/site-packages/airflow/example_dags/example_local_kubernetes_executor.py took 0.393 seconds
[2023-05-06T21:03:42.537+0000] {processor.py:156} INFO - Started process (PID=4063) to work on /home/airflow/.local/lib/python3.7/site-packages/airflow/example_dags/example_local_kubernetes_executor.py
[2023-05-06T21:03:42.540+0000] {processor.py:799} INFO - Processing file /home/airflow/.local/lib/python3.7/site-packages/airflow/example_dags/example_local_kubernetes_executor.py for tasks to queue
[2023-05-06T21:03:42.541+0000] {logging_mixin.py:149} INFO - [2023-05-06T21:03:42.541+0000] {dagbag.py:541} INFO - Filling up the DagBag from /home/airflow/.local/lib/python3.7/site-packages/airflow/example_dags/example_local_kubernetes_executor.py
[2023-05-06T21:03:42.807+0000] {processor.py:809} INFO - DAG(s) dict_keys(['example_local_kubernetes_executor']) retrieved from /home/airflow/.local/lib/python3.7/site-packages/airflow/example_dags/example_local_kubernetes_executor.py
[2023-05-06T21:03:42.855+0000] {logging_mixin.py:149} INFO - [2023-05-06T21:03:42.855+0000] {dag.py:2726} INFO - Sync 1 DAGs
[2023-05-06T21:03:42.898+0000] {logging_mixin.py:149} INFO - [2023-05-06T21:03:42.898+0000] {dag.py:3490} INFO - Setting next_dagrun for example_local_kubernetes_executor to None, run_after=None
[2023-05-06T21:03:42.927+0000] {processor.py:178} INFO - Processing /home/airflow/.local/lib/python3.7/site-packages/airflow/example_dags/example_local_kubernetes_executor.py took 0.395 seconds
[2023-05-06T21:04:13.433+0000] {processor.py:156} INFO - Started process (PID=4301) to work on /home/airflow/.local/lib/python3.7/site-packages/airflow/example_dags/example_local_kubernetes_executor.py
[2023-05-06T21:04:13.435+0000] {processor.py:799} INFO - Processing file /home/airflow/.local/lib/python3.7/site-packages/airflow/example_dags/example_local_kubernetes_executor.py for tasks to queue
[2023-05-06T21:04:13.437+0000] {logging_mixin.py:149} INFO - [2023-05-06T21:04:13.437+0000] {dagbag.py:541} INFO - Filling up the DagBag from /home/airflow/.local/lib/python3.7/site-packages/airflow/example_dags/example_local_kubernetes_executor.py
[2023-05-06T21:04:13.691+0000] {processor.py:809} INFO - DAG(s) dict_keys(['example_local_kubernetes_executor']) retrieved from /home/airflow/.local/lib/python3.7/site-packages/airflow/example_dags/example_local_kubernetes_executor.py
[2023-05-06T21:04:13.743+0000] {logging_mixin.py:149} INFO - [2023-05-06T21:04:13.742+0000] {dag.py:2726} INFO - Sync 1 DAGs
[2023-05-06T21:04:13.781+0000] {logging_mixin.py:149} INFO - [2023-05-06T21:04:13.781+0000] {dag.py:3490} INFO - Setting next_dagrun for example_local_kubernetes_executor to None, run_after=None
[2023-05-06T21:04:13.806+0000] {processor.py:178} INFO - Processing /home/airflow/.local/lib/python3.7/site-packages/airflow/example_dags/example_local_kubernetes_executor.py took 0.377 seconds
[2023-05-06T21:04:44.033+0000] {processor.py:156} INFO - Started process (PID=4539) to work on /home/airflow/.local/lib/python3.7/site-packages/airflow/example_dags/example_local_kubernetes_executor.py
[2023-05-06T21:04:44.035+0000] {processor.py:799} INFO - Processing file /home/airflow/.local/lib/python3.7/site-packages/airflow/example_dags/example_local_kubernetes_executor.py for tasks to queue
[2023-05-06T21:04:44.036+0000] {logging_mixin.py:149} INFO - [2023-05-06T21:04:44.036+0000] {dagbag.py:541} INFO - Filling up the DagBag from /home/airflow/.local/lib/python3.7/site-packages/airflow/example_dags/example_local_kubernetes_executor.py
[2023-05-06T21:04:44.369+0000] {processor.py:809} INFO - DAG(s) dict_keys(['example_local_kubernetes_executor']) retrieved from /home/airflow/.local/lib/python3.7/site-packages/airflow/example_dags/example_local_kubernetes_executor.py
[2023-05-06T21:04:44.432+0000] {logging_mixin.py:149} INFO - [2023-05-06T21:04:44.431+0000] {dag.py:2726} INFO - Sync 1 DAGs
[2023-05-06T21:04:44.482+0000] {logging_mixin.py:149} INFO - [2023-05-06T21:04:44.481+0000] {dag.py:3490} INFO - Setting next_dagrun for example_local_kubernetes_executor to None, run_after=None
[2023-05-06T21:04:44.517+0000] {processor.py:178} INFO - Processing /home/airflow/.local/lib/python3.7/site-packages/airflow/example_dags/example_local_kubernetes_executor.py took 0.491 seconds
[2023-05-06T21:05:14.629+0000] {processor.py:156} INFO - Started process (PID=4777) to work on /home/airflow/.local/lib/python3.7/site-packages/airflow/example_dags/example_local_kubernetes_executor.py
[2023-05-06T21:05:14.630+0000] {processor.py:799} INFO - Processing file /home/airflow/.local/lib/python3.7/site-packages/airflow/example_dags/example_local_kubernetes_executor.py for tasks to queue
[2023-05-06T21:05:14.632+0000] {logging_mixin.py:149} INFO - [2023-05-06T21:05:14.632+0000] {dagbag.py:541} INFO - Filling up the DagBag from /home/airflow/.local/lib/python3.7/site-packages/airflow/example_dags/example_local_kubernetes_executor.py
[2023-05-06T21:05:14.895+0000] {processor.py:809} INFO - DAG(s) dict_keys(['example_local_kubernetes_executor']) retrieved from /home/airflow/.local/lib/python3.7/site-packages/airflow/example_dags/example_local_kubernetes_executor.py
[2023-05-06T21:05:14.938+0000] {logging_mixin.py:149} INFO - [2023-05-06T21:05:14.938+0000] {dag.py:2726} INFO - Sync 1 DAGs
[2023-05-06T21:05:14.989+0000] {logging_mixin.py:149} INFO - [2023-05-06T21:05:14.989+0000] {dag.py:3490} INFO - Setting next_dagrun for example_local_kubernetes_executor to None, run_after=None
[2023-05-06T21:05:15.016+0000] {processor.py:178} INFO - Processing /home/airflow/.local/lib/python3.7/site-packages/airflow/example_dags/example_local_kubernetes_executor.py took 0.391 seconds
[2023-05-06T21:05:45.199+0000] {processor.py:156} INFO - Started process (PID=5015) to work on /home/airflow/.local/lib/python3.7/site-packages/airflow/example_dags/example_local_kubernetes_executor.py
[2023-05-06T21:05:45.202+0000] {processor.py:799} INFO - Processing file /home/airflow/.local/lib/python3.7/site-packages/airflow/example_dags/example_local_kubernetes_executor.py for tasks to queue
[2023-05-06T21:05:45.204+0000] {logging_mixin.py:149} INFO - [2023-05-06T21:05:45.204+0000] {dagbag.py:541} INFO - Filling up the DagBag from /home/airflow/.local/lib/python3.7/site-packages/airflow/example_dags/example_local_kubernetes_executor.py
[2023-05-06T21:05:45.530+0000] {processor.py:809} INFO - DAG(s) dict_keys(['example_local_kubernetes_executor']) retrieved from /home/airflow/.local/lib/python3.7/site-packages/airflow/example_dags/example_local_kubernetes_executor.py
[2023-05-06T21:05:45.588+0000] {logging_mixin.py:149} INFO - [2023-05-06T21:05:45.587+0000] {dag.py:2726} INFO - Sync 1 DAGs
[2023-05-06T21:05:45.630+0000] {logging_mixin.py:149} INFO - [2023-05-06T21:05:45.630+0000] {dag.py:3490} INFO - Setting next_dagrun for example_local_kubernetes_executor to None, run_after=None
[2023-05-06T21:05:45.670+0000] {processor.py:178} INFO - Processing /home/airflow/.local/lib/python3.7/site-packages/airflow/example_dags/example_local_kubernetes_executor.py took 0.475 seconds
[2023-05-06T21:06:15.882+0000] {processor.py:156} INFO - Started process (PID=5258) to work on /home/airflow/.local/lib/python3.7/site-packages/airflow/example_dags/example_local_kubernetes_executor.py
[2023-05-06T21:06:15.884+0000] {processor.py:799} INFO - Processing file /home/airflow/.local/lib/python3.7/site-packages/airflow/example_dags/example_local_kubernetes_executor.py for tasks to queue
[2023-05-06T21:06:15.886+0000] {logging_mixin.py:149} INFO - [2023-05-06T21:06:15.886+0000] {dagbag.py:541} INFO - Filling up the DagBag from /home/airflow/.local/lib/python3.7/site-packages/airflow/example_dags/example_local_kubernetes_executor.py
[2023-05-06T21:06:16.221+0000] {processor.py:809} INFO - DAG(s) dict_keys(['example_local_kubernetes_executor']) retrieved from /home/airflow/.local/lib/python3.7/site-packages/airflow/example_dags/example_local_kubernetes_executor.py
[2023-05-06T21:06:16.238+0000] {logging_mixin.py:149} INFO - [2023-05-06T21:06:16.238+0000] {dag.py:2726} INFO - Sync 1 DAGs
[2023-05-06T21:06:16.293+0000] {logging_mixin.py:149} INFO - [2023-05-06T21:06:16.293+0000] {dag.py:3490} INFO - Setting next_dagrun for example_local_kubernetes_executor to None, run_after=None
[2023-05-06T21:06:16.344+0000] {processor.py:178} INFO - Processing /home/airflow/.local/lib/python3.7/site-packages/airflow/example_dags/example_local_kubernetes_executor.py took 0.465 seconds
[2023-05-06T21:06:46.409+0000] {processor.py:156} INFO - Started process (PID=5500) to work on /home/airflow/.local/lib/python3.7/site-packages/airflow/example_dags/example_local_kubernetes_executor.py
[2023-05-06T21:06:46.411+0000] {processor.py:799} INFO - Processing file /home/airflow/.local/lib/python3.7/site-packages/airflow/example_dags/example_local_kubernetes_executor.py for tasks to queue
[2023-05-06T21:06:46.413+0000] {logging_mixin.py:149} INFO - [2023-05-06T21:06:46.413+0000] {dagbag.py:541} INFO - Filling up the DagBag from /home/airflow/.local/lib/python3.7/site-packages/airflow/example_dags/example_local_kubernetes_executor.py
[2023-05-06T21:06:46.660+0000] {processor.py:809} INFO - DAG(s) dict_keys(['example_local_kubernetes_executor']) retrieved from /home/airflow/.local/lib/python3.7/site-packages/airflow/example_dags/example_local_kubernetes_executor.py
[2023-05-06T21:06:46.812+0000] {logging_mixin.py:149} INFO - [2023-05-06T21:06:46.812+0000] {dag.py:2726} INFO - Sync 1 DAGs
[2023-05-06T21:06:46.850+0000] {logging_mixin.py:149} INFO - [2023-05-06T21:06:46.850+0000] {dag.py:3490} INFO - Setting next_dagrun for example_local_kubernetes_executor to None, run_after=None
[2023-05-06T21:06:46.893+0000] {processor.py:178} INFO - Processing /home/airflow/.local/lib/python3.7/site-packages/airflow/example_dags/example_local_kubernetes_executor.py took 0.488 seconds
[2023-05-06T21:07:17.047+0000] {processor.py:156} INFO - Started process (PID=5738) to work on /home/airflow/.local/lib/python3.7/site-packages/airflow/example_dags/example_local_kubernetes_executor.py
[2023-05-06T21:07:17.049+0000] {processor.py:799} INFO - Processing file /home/airflow/.local/lib/python3.7/site-packages/airflow/example_dags/example_local_kubernetes_executor.py for tasks to queue
[2023-05-06T21:07:17.051+0000] {logging_mixin.py:149} INFO - [2023-05-06T21:07:17.051+0000] {dagbag.py:541} INFO - Filling up the DagBag from /home/airflow/.local/lib/python3.7/site-packages/airflow/example_dags/example_local_kubernetes_executor.py
[2023-05-06T21:07:17.344+0000] {processor.py:809} INFO - DAG(s) dict_keys(['example_local_kubernetes_executor']) retrieved from /home/airflow/.local/lib/python3.7/site-packages/airflow/example_dags/example_local_kubernetes_executor.py
[2023-05-06T21:07:17.390+0000] {logging_mixin.py:149} INFO - [2023-05-06T21:07:17.390+0000] {dag.py:2726} INFO - Sync 1 DAGs
[2023-05-06T21:07:17.432+0000] {logging_mixin.py:149} INFO - [2023-05-06T21:07:17.432+0000] {dag.py:3490} INFO - Setting next_dagrun for example_local_kubernetes_executor to None, run_after=None
[2023-05-06T21:07:17.466+0000] {processor.py:178} INFO - Processing /home/airflow/.local/lib/python3.7/site-packages/airflow/example_dags/example_local_kubernetes_executor.py took 0.423 seconds
