[2023-05-06T20:55:27.752+0000] {processor.py:156} INFO - Started process (PID=164) to work on /home/airflow/.local/lib/python3.7/site-packages/airflow/example_dags/example_datasets.py
[2023-05-06T20:55:27.756+0000] {processor.py:799} INFO - Processing file /home/airflow/.local/lib/python3.7/site-packages/airflow/example_dags/example_datasets.py for tasks to queue
[2023-05-06T20:55:27.758+0000] {logging_mixin.py:149} INFO - [2023-05-06T20:55:27.758+0000] {dagbag.py:541} INFO - Filling up the DagBag from /home/airflow/.local/lib/python3.7/site-packages/airflow/example_dags/example_datasets.py
[2023-05-06T20:55:27.794+0000] {processor.py:809} INFO - DAG(s) dict_keys(['dataset_consumes_1', 'dataset_produces_1', 'dataset_produces_2', 'dataset_consumes_unknown_never_scheduled', 'dataset_consumes_1_and_2', 'dataset_consumes_1_never_scheduled']) retrieved from /home/airflow/.local/lib/python3.7/site-packages/airflow/example_dags/example_datasets.py
[2023-05-06T20:55:27.869+0000] {logging_mixin.py:149} INFO - [2023-05-06T20:55:27.868+0000] {dag.py:2726} INFO - Sync 6 DAGs
[2023-05-06T20:55:27.963+0000] {logging_mixin.py:149} INFO - [2023-05-06T20:55:27.962+0000] {dag.py:3490} INFO - Setting next_dagrun for dataset_consumes_1 to None, run_after=None
[2023-05-06T20:55:27.970+0000] {logging_mixin.py:149} INFO - [2023-05-06T20:55:27.970+0000] {dag.py:3490} INFO - Setting next_dagrun for dataset_consumes_1_and_2 to None, run_after=None
[2023-05-06T20:55:27.973+0000] {logging_mixin.py:149} INFO - [2023-05-06T20:55:27.973+0000] {dag.py:3490} INFO - Setting next_dagrun for dataset_consumes_1_never_scheduled to None, run_after=None
[2023-05-06T20:55:27.975+0000] {logging_mixin.py:149} INFO - [2023-05-06T20:55:27.975+0000] {dag.py:3490} INFO - Setting next_dagrun for dataset_consumes_unknown_never_scheduled to None, run_after=None
[2023-05-06T20:55:27.981+0000] {logging_mixin.py:149} INFO - [2023-05-06T20:55:27.981+0000] {dag.py:3490} INFO - Setting next_dagrun for dataset_produces_1 to 2023-05-05T00:00:00+00:00, run_after=2023-05-06T00:00:00+00:00
[2023-05-06T20:55:27.984+0000] {logging_mixin.py:149} INFO - [2023-05-06T20:55:27.984+0000] {dag.py:3490} INFO - Setting next_dagrun for dataset_produces_2 to None, run_after=None
[2023-05-06T20:55:28.046+0000] {processor.py:178} INFO - Processing /home/airflow/.local/lib/python3.7/site-packages/airflow/example_dags/example_datasets.py took 0.299 seconds
[2023-05-06T20:55:58.302+0000] {processor.py:156} INFO - Started process (PID=402) to work on /home/airflow/.local/lib/python3.7/site-packages/airflow/example_dags/example_datasets.py
[2023-05-06T20:55:58.304+0000] {processor.py:799} INFO - Processing file /home/airflow/.local/lib/python3.7/site-packages/airflow/example_dags/example_datasets.py for tasks to queue
[2023-05-06T20:55:58.306+0000] {logging_mixin.py:149} INFO - [2023-05-06T20:55:58.305+0000] {dagbag.py:541} INFO - Filling up the DagBag from /home/airflow/.local/lib/python3.7/site-packages/airflow/example_dags/example_datasets.py
[2023-05-06T20:55:58.323+0000] {processor.py:809} INFO - DAG(s) dict_keys(['dataset_consumes_1_never_scheduled', 'dataset_produces_2', 'dataset_consumes_unknown_never_scheduled', 'dataset_consumes_1', 'dataset_consumes_1_and_2', 'dataset_produces_1']) retrieved from /home/airflow/.local/lib/python3.7/site-packages/airflow/example_dags/example_datasets.py
[2023-05-06T20:55:58.841+0000] {logging_mixin.py:149} INFO - [2023-05-06T20:55:58.841+0000] {dag.py:2726} INFO - Sync 6 DAGs
[2023-05-06T20:55:58.882+0000] {logging_mixin.py:149} INFO - [2023-05-06T20:55:58.882+0000] {dag.py:3490} INFO - Setting next_dagrun for dataset_consumes_1 to None, run_after=None
[2023-05-06T20:55:58.887+0000] {logging_mixin.py:149} INFO - [2023-05-06T20:55:58.887+0000] {dag.py:3490} INFO - Setting next_dagrun for dataset_consumes_1_and_2 to None, run_after=None
[2023-05-06T20:55:58.891+0000] {logging_mixin.py:149} INFO - [2023-05-06T20:55:58.891+0000] {dag.py:3490} INFO - Setting next_dagrun for dataset_consumes_1_never_scheduled to None, run_after=None
[2023-05-06T20:55:58.894+0000] {logging_mixin.py:149} INFO - [2023-05-06T20:55:58.894+0000] {dag.py:3490} INFO - Setting next_dagrun for dataset_consumes_unknown_never_scheduled to None, run_after=None
[2023-05-06T20:55:58.899+0000] {logging_mixin.py:149} INFO - [2023-05-06T20:55:58.899+0000] {dag.py:3490} INFO - Setting next_dagrun for dataset_produces_1 to 2023-05-05T00:00:00+00:00, run_after=2023-05-06T00:00:00+00:00
[2023-05-06T20:55:58.902+0000] {logging_mixin.py:149} INFO - [2023-05-06T20:55:58.901+0000] {dag.py:3490} INFO - Setting next_dagrun for dataset_produces_2 to None, run_after=None
[2023-05-06T20:55:58.956+0000] {processor.py:178} INFO - Processing /home/airflow/.local/lib/python3.7/site-packages/airflow/example_dags/example_datasets.py took 0.659 seconds
[2023-05-06T20:56:29.528+0000] {processor.py:156} INFO - Started process (PID=640) to work on /home/airflow/.local/lib/python3.7/site-packages/airflow/example_dags/example_datasets.py
[2023-05-06T20:56:29.530+0000] {processor.py:799} INFO - Processing file /home/airflow/.local/lib/python3.7/site-packages/airflow/example_dags/example_datasets.py for tasks to queue
[2023-05-06T20:56:29.531+0000] {logging_mixin.py:149} INFO - [2023-05-06T20:56:29.531+0000] {dagbag.py:541} INFO - Filling up the DagBag from /home/airflow/.local/lib/python3.7/site-packages/airflow/example_dags/example_datasets.py
[2023-05-06T20:56:29.545+0000] {processor.py:809} INFO - DAG(s) dict_keys(['dataset_consumes_1', 'dataset_produces_1', 'dataset_consumes_unknown_never_scheduled', 'dataset_produces_2', 'dataset_consumes_1_never_scheduled', 'dataset_consumes_1_and_2']) retrieved from /home/airflow/.local/lib/python3.7/site-packages/airflow/example_dags/example_datasets.py
[2023-05-06T20:56:29.758+0000] {logging_mixin.py:149} INFO - [2023-05-06T20:56:29.757+0000] {dag.py:2726} INFO - Sync 6 DAGs
[2023-05-06T20:56:29.799+0000] {logging_mixin.py:149} INFO - [2023-05-06T20:56:29.799+0000] {dag.py:3490} INFO - Setting next_dagrun for dataset_consumes_1 to None, run_after=None
[2023-05-06T20:56:29.806+0000] {logging_mixin.py:149} INFO - [2023-05-06T20:56:29.806+0000] {dag.py:3490} INFO - Setting next_dagrun for dataset_consumes_1_and_2 to None, run_after=None
[2023-05-06T20:56:29.809+0000] {logging_mixin.py:149} INFO - [2023-05-06T20:56:29.809+0000] {dag.py:3490} INFO - Setting next_dagrun for dataset_consumes_1_never_scheduled to None, run_after=None
[2023-05-06T20:56:29.811+0000] {logging_mixin.py:149} INFO - [2023-05-06T20:56:29.811+0000] {dag.py:3490} INFO - Setting next_dagrun for dataset_consumes_unknown_never_scheduled to None, run_after=None
[2023-05-06T20:56:29.817+0000] {logging_mixin.py:149} INFO - [2023-05-06T20:56:29.817+0000] {dag.py:3490} INFO - Setting next_dagrun for dataset_produces_1 to 2023-05-05T00:00:00+00:00, run_after=2023-05-06T00:00:00+00:00
[2023-05-06T20:56:29.821+0000] {logging_mixin.py:149} INFO - [2023-05-06T20:56:29.821+0000] {dag.py:3490} INFO - Setting next_dagrun for dataset_produces_2 to None, run_after=None
[2023-05-06T20:56:29.878+0000] {processor.py:178} INFO - Processing /home/airflow/.local/lib/python3.7/site-packages/airflow/example_dags/example_datasets.py took 0.354 seconds
[2023-05-06T20:57:00.278+0000] {processor.py:156} INFO - Started process (PID=878) to work on /home/airflow/.local/lib/python3.7/site-packages/airflow/example_dags/example_datasets.py
[2023-05-06T20:57:00.280+0000] {processor.py:799} INFO - Processing file /home/airflow/.local/lib/python3.7/site-packages/airflow/example_dags/example_datasets.py for tasks to queue
[2023-05-06T20:57:00.282+0000] {logging_mixin.py:149} INFO - [2023-05-06T20:57:00.282+0000] {dagbag.py:541} INFO - Filling up the DagBag from /home/airflow/.local/lib/python3.7/site-packages/airflow/example_dags/example_datasets.py
[2023-05-06T20:57:00.295+0000] {processor.py:809} INFO - DAG(s) dict_keys(['dataset_consumes_1_and_2', 'dataset_produces_1', 'dataset_consumes_unknown_never_scheduled', 'dataset_consumes_1', 'dataset_produces_2', 'dataset_consumes_1_never_scheduled']) retrieved from /home/airflow/.local/lib/python3.7/site-packages/airflow/example_dags/example_datasets.py
[2023-05-06T20:57:00.351+0000] {logging_mixin.py:149} INFO - [2023-05-06T20:57:00.351+0000] {dag.py:2726} INFO - Sync 6 DAGs
[2023-05-06T20:57:00.391+0000] {logging_mixin.py:149} INFO - [2023-05-06T20:57:00.391+0000] {dag.py:3490} INFO - Setting next_dagrun for dataset_consumes_1 to None, run_after=None
[2023-05-06T20:57:00.398+0000] {logging_mixin.py:149} INFO - [2023-05-06T20:57:00.398+0000] {dag.py:3490} INFO - Setting next_dagrun for dataset_consumes_1_and_2 to None, run_after=None
[2023-05-06T20:57:00.401+0000] {logging_mixin.py:149} INFO - [2023-05-06T20:57:00.401+0000] {dag.py:3490} INFO - Setting next_dagrun for dataset_consumes_1_never_scheduled to None, run_after=None
[2023-05-06T20:57:00.403+0000] {logging_mixin.py:149} INFO - [2023-05-06T20:57:00.403+0000] {dag.py:3490} INFO - Setting next_dagrun for dataset_consumes_unknown_never_scheduled to None, run_after=None
[2023-05-06T20:57:00.408+0000] {logging_mixin.py:149} INFO - [2023-05-06T20:57:00.408+0000] {dag.py:3490} INFO - Setting next_dagrun for dataset_produces_1 to 2023-05-05T00:00:00+00:00, run_after=2023-05-06T00:00:00+00:00
[2023-05-06T20:57:00.412+0000] {logging_mixin.py:149} INFO - [2023-05-06T20:57:00.411+0000] {dag.py:3490} INFO - Setting next_dagrun for dataset_produces_2 to None, run_after=None
[2023-05-06T20:57:00.472+0000] {processor.py:178} INFO - Processing /home/airflow/.local/lib/python3.7/site-packages/airflow/example_dags/example_datasets.py took 0.199 seconds
[2023-05-06T20:57:30.576+0000] {processor.py:156} INFO - Started process (PID=1116) to work on /home/airflow/.local/lib/python3.7/site-packages/airflow/example_dags/example_datasets.py
[2023-05-06T20:57:30.579+0000] {processor.py:799} INFO - Processing file /home/airflow/.local/lib/python3.7/site-packages/airflow/example_dags/example_datasets.py for tasks to queue
[2023-05-06T20:57:30.581+0000] {logging_mixin.py:149} INFO - [2023-05-06T20:57:30.581+0000] {dagbag.py:541} INFO - Filling up the DagBag from /home/airflow/.local/lib/python3.7/site-packages/airflow/example_dags/example_datasets.py
[2023-05-06T20:57:30.602+0000] {processor.py:809} INFO - DAG(s) dict_keys(['dataset_consumes_1_never_scheduled', 'dataset_consumes_unknown_never_scheduled', 'dataset_consumes_1', 'dataset_produces_2', 'dataset_consumes_1_and_2', 'dataset_produces_1']) retrieved from /home/airflow/.local/lib/python3.7/site-packages/airflow/example_dags/example_datasets.py
[2023-05-06T20:57:30.647+0000] {logging_mixin.py:149} INFO - [2023-05-06T20:57:30.646+0000] {dag.py:2726} INFO - Sync 6 DAGs
[2023-05-06T20:57:30.720+0000] {logging_mixin.py:149} INFO - [2023-05-06T20:57:30.720+0000] {dag.py:3490} INFO - Setting next_dagrun for dataset_consumes_1 to None, run_after=None
[2023-05-06T20:57:30.731+0000] {logging_mixin.py:149} INFO - [2023-05-06T20:57:30.730+0000] {dag.py:3490} INFO - Setting next_dagrun for dataset_consumes_1_and_2 to None, run_after=None
[2023-05-06T20:57:30.737+0000] {logging_mixin.py:149} INFO - [2023-05-06T20:57:30.737+0000] {dag.py:3490} INFO - Setting next_dagrun for dataset_consumes_1_never_scheduled to None, run_after=None
[2023-05-06T20:57:30.741+0000] {logging_mixin.py:149} INFO - [2023-05-06T20:57:30.741+0000] {dag.py:3490} INFO - Setting next_dagrun for dataset_consumes_unknown_never_scheduled to None, run_after=None
[2023-05-06T20:57:30.749+0000] {logging_mixin.py:149} INFO - [2023-05-06T20:57:30.749+0000] {dag.py:3490} INFO - Setting next_dagrun for dataset_produces_1 to 2023-05-05T00:00:00+00:00, run_after=2023-05-06T00:00:00+00:00
[2023-05-06T20:57:30.753+0000] {logging_mixin.py:149} INFO - [2023-05-06T20:57:30.753+0000] {dag.py:3490} INFO - Setting next_dagrun for dataset_produces_2 to None, run_after=None
[2023-05-06T20:57:30.859+0000] {processor.py:178} INFO - Processing /home/airflow/.local/lib/python3.7/site-packages/airflow/example_dags/example_datasets.py took 0.290 seconds
[2023-05-06T20:58:01.014+0000] {processor.py:156} INFO - Started process (PID=1354) to work on /home/airflow/.local/lib/python3.7/site-packages/airflow/example_dags/example_datasets.py
[2023-05-06T20:58:01.016+0000] {processor.py:799} INFO - Processing file /home/airflow/.local/lib/python3.7/site-packages/airflow/example_dags/example_datasets.py for tasks to queue
[2023-05-06T20:58:01.018+0000] {logging_mixin.py:149} INFO - [2023-05-06T20:58:01.018+0000] {dagbag.py:541} INFO - Filling up the DagBag from /home/airflow/.local/lib/python3.7/site-packages/airflow/example_dags/example_datasets.py
[2023-05-06T20:58:01.037+0000] {processor.py:809} INFO - DAG(s) dict_keys(['dataset_consumes_1', 'dataset_consumes_unknown_never_scheduled', 'dataset_produces_1', 'dataset_consumes_1_and_2', 'dataset_consumes_1_never_scheduled', 'dataset_produces_2']) retrieved from /home/airflow/.local/lib/python3.7/site-packages/airflow/example_dags/example_datasets.py
[2023-05-06T20:58:01.313+0000] {logging_mixin.py:149} INFO - [2023-05-06T20:58:01.313+0000] {dag.py:2726} INFO - Sync 6 DAGs
[2023-05-06T20:58:01.348+0000] {logging_mixin.py:149} INFO - [2023-05-06T20:58:01.348+0000] {dag.py:3490} INFO - Setting next_dagrun for dataset_consumes_1 to None, run_after=None
[2023-05-06T20:58:01.353+0000] {logging_mixin.py:149} INFO - [2023-05-06T20:58:01.353+0000] {dag.py:3490} INFO - Setting next_dagrun for dataset_consumes_1_and_2 to None, run_after=None
[2023-05-06T20:58:01.355+0000] {logging_mixin.py:149} INFO - [2023-05-06T20:58:01.355+0000] {dag.py:3490} INFO - Setting next_dagrun for dataset_consumes_1_never_scheduled to None, run_after=None
[2023-05-06T20:58:01.358+0000] {logging_mixin.py:149} INFO - [2023-05-06T20:58:01.358+0000] {dag.py:3490} INFO - Setting next_dagrun for dataset_consumes_unknown_never_scheduled to None, run_after=None
[2023-05-06T20:58:01.362+0000] {logging_mixin.py:149} INFO - [2023-05-06T20:58:01.362+0000] {dag.py:3490} INFO - Setting next_dagrun for dataset_produces_1 to 2023-05-05T00:00:00+00:00, run_after=2023-05-06T00:00:00+00:00
[2023-05-06T20:58:01.365+0000] {logging_mixin.py:149} INFO - [2023-05-06T20:58:01.364+0000] {dag.py:3490} INFO - Setting next_dagrun for dataset_produces_2 to None, run_after=None
[2023-05-06T20:58:01.424+0000] {processor.py:178} INFO - Processing /home/airflow/.local/lib/python3.7/site-packages/airflow/example_dags/example_datasets.py took 0.413 seconds
[2023-05-06T20:58:31.617+0000] {processor.py:156} INFO - Started process (PID=1598) to work on /home/airflow/.local/lib/python3.7/site-packages/airflow/example_dags/example_datasets.py
[2023-05-06T20:58:31.619+0000] {processor.py:799} INFO - Processing file /home/airflow/.local/lib/python3.7/site-packages/airflow/example_dags/example_datasets.py for tasks to queue
[2023-05-06T20:58:31.620+0000] {logging_mixin.py:149} INFO - [2023-05-06T20:58:31.620+0000] {dagbag.py:541} INFO - Filling up the DagBag from /home/airflow/.local/lib/python3.7/site-packages/airflow/example_dags/example_datasets.py
[2023-05-06T20:58:31.633+0000] {processor.py:809} INFO - DAG(s) dict_keys(['dataset_consumes_1_and_2', 'dataset_produces_1', 'dataset_produces_2', 'dataset_consumes_1_never_scheduled', 'dataset_consumes_1', 'dataset_consumes_unknown_never_scheduled']) retrieved from /home/airflow/.local/lib/python3.7/site-packages/airflow/example_dags/example_datasets.py
[2023-05-06T20:58:31.687+0000] {logging_mixin.py:149} INFO - [2023-05-06T20:58:31.687+0000] {dag.py:2726} INFO - Sync 6 DAGs
[2023-05-06T20:58:31.726+0000] {logging_mixin.py:149} INFO - [2023-05-06T20:58:31.726+0000] {dag.py:3490} INFO - Setting next_dagrun for dataset_consumes_1 to None, run_after=None
[2023-05-06T20:58:31.732+0000] {logging_mixin.py:149} INFO - [2023-05-06T20:58:31.732+0000] {dag.py:3490} INFO - Setting next_dagrun for dataset_consumes_1_and_2 to None, run_after=None
[2023-05-06T20:58:31.735+0000] {logging_mixin.py:149} INFO - [2023-05-06T20:58:31.734+0000] {dag.py:3490} INFO - Setting next_dagrun for dataset_consumes_1_never_scheduled to None, run_after=None
[2023-05-06T20:58:31.737+0000] {logging_mixin.py:149} INFO - [2023-05-06T20:58:31.737+0000] {dag.py:3490} INFO - Setting next_dagrun for dataset_consumes_unknown_never_scheduled to None, run_after=None
[2023-05-06T20:58:31.742+0000] {logging_mixin.py:149} INFO - [2023-05-06T20:58:31.741+0000] {dag.py:3490} INFO - Setting next_dagrun for dataset_produces_1 to 2023-05-05T00:00:00+00:00, run_after=2023-05-06T00:00:00+00:00
[2023-05-06T20:58:31.746+0000] {logging_mixin.py:149} INFO - [2023-05-06T20:58:31.745+0000] {dag.py:3490} INFO - Setting next_dagrun for dataset_produces_2 to None, run_after=None
[2023-05-06T20:58:31.801+0000] {processor.py:178} INFO - Processing /home/airflow/.local/lib/python3.7/site-packages/airflow/example_dags/example_datasets.py took 0.187 seconds
[2023-05-06T20:59:01.858+0000] {processor.py:156} INFO - Started process (PID=1836) to work on /home/airflow/.local/lib/python3.7/site-packages/airflow/example_dags/example_datasets.py
[2023-05-06T20:59:01.860+0000] {processor.py:799} INFO - Processing file /home/airflow/.local/lib/python3.7/site-packages/airflow/example_dags/example_datasets.py for tasks to queue
[2023-05-06T20:59:01.861+0000] {logging_mixin.py:149} INFO - [2023-05-06T20:59:01.861+0000] {dagbag.py:541} INFO - Filling up the DagBag from /home/airflow/.local/lib/python3.7/site-packages/airflow/example_dags/example_datasets.py
[2023-05-06T20:59:01.873+0000] {processor.py:809} INFO - DAG(s) dict_keys(['dataset_produces_1', 'dataset_consumes_unknown_never_scheduled', 'dataset_produces_2', 'dataset_consumes_1', 'dataset_consumes_1_and_2', 'dataset_consumes_1_never_scheduled']) retrieved from /home/airflow/.local/lib/python3.7/site-packages/airflow/example_dags/example_datasets.py
[2023-05-06T20:59:01.954+0000] {logging_mixin.py:149} INFO - [2023-05-06T20:59:01.954+0000] {dag.py:2726} INFO - Sync 6 DAGs
[2023-05-06T20:59:02.002+0000] {logging_mixin.py:149} INFO - [2023-05-06T20:59:02.002+0000] {dag.py:3490} INFO - Setting next_dagrun for dataset_consumes_1 to None, run_after=None
[2023-05-06T20:59:02.009+0000] {logging_mixin.py:149} INFO - [2023-05-06T20:59:02.009+0000] {dag.py:3490} INFO - Setting next_dagrun for dataset_consumes_1_and_2 to None, run_after=None
[2023-05-06T20:59:02.012+0000] {logging_mixin.py:149} INFO - [2023-05-06T20:59:02.011+0000] {dag.py:3490} INFO - Setting next_dagrun for dataset_consumes_1_never_scheduled to None, run_after=None
[2023-05-06T20:59:02.014+0000] {logging_mixin.py:149} INFO - [2023-05-06T20:59:02.014+0000] {dag.py:3490} INFO - Setting next_dagrun for dataset_consumes_unknown_never_scheduled to None, run_after=None
[2023-05-06T20:59:02.019+0000] {logging_mixin.py:149} INFO - [2023-05-06T20:59:02.019+0000] {dag.py:3490} INFO - Setting next_dagrun for dataset_produces_1 to 2023-05-05T00:00:00+00:00, run_after=2023-05-06T00:00:00+00:00
[2023-05-06T20:59:02.023+0000] {logging_mixin.py:149} INFO - [2023-05-06T20:59:02.023+0000] {dag.py:3490} INFO - Setting next_dagrun for dataset_produces_2 to None, run_after=None
[2023-05-06T20:59:02.116+0000] {processor.py:178} INFO - Processing /home/airflow/.local/lib/python3.7/site-packages/airflow/example_dags/example_datasets.py took 0.263 seconds
[2023-05-06T20:59:32.931+0000] {processor.py:156} INFO - Started process (PID=2074) to work on /home/airflow/.local/lib/python3.7/site-packages/airflow/example_dags/example_datasets.py
[2023-05-06T20:59:32.933+0000] {processor.py:799} INFO - Processing file /home/airflow/.local/lib/python3.7/site-packages/airflow/example_dags/example_datasets.py for tasks to queue
[2023-05-06T20:59:32.934+0000] {logging_mixin.py:149} INFO - [2023-05-06T20:59:32.934+0000] {dagbag.py:541} INFO - Filling up the DagBag from /home/airflow/.local/lib/python3.7/site-packages/airflow/example_dags/example_datasets.py
[2023-05-06T20:59:32.950+0000] {processor.py:809} INFO - DAG(s) dict_keys(['dataset_consumes_unknown_never_scheduled', 'dataset_produces_2', 'dataset_consumes_1_and_2', 'dataset_produces_1', 'dataset_consumes_1_never_scheduled', 'dataset_consumes_1']) retrieved from /home/airflow/.local/lib/python3.7/site-packages/airflow/example_dags/example_datasets.py
[2023-05-06T20:59:33.006+0000] {logging_mixin.py:149} INFO - [2023-05-06T20:59:33.006+0000] {dag.py:2726} INFO - Sync 6 DAGs
[2023-05-06T20:59:33.043+0000] {logging_mixin.py:149} INFO - [2023-05-06T20:59:33.042+0000] {dag.py:3490} INFO - Setting next_dagrun for dataset_consumes_1 to None, run_after=None
[2023-05-06T20:59:33.050+0000] {logging_mixin.py:149} INFO - [2023-05-06T20:59:33.049+0000] {dag.py:3490} INFO - Setting next_dagrun for dataset_consumes_1_and_2 to None, run_after=None
[2023-05-06T20:59:33.053+0000] {logging_mixin.py:149} INFO - [2023-05-06T20:59:33.053+0000] {dag.py:3490} INFO - Setting next_dagrun for dataset_consumes_1_never_scheduled to None, run_after=None
[2023-05-06T20:59:33.056+0000] {logging_mixin.py:149} INFO - [2023-05-06T20:59:33.056+0000] {dag.py:3490} INFO - Setting next_dagrun for dataset_consumes_unknown_never_scheduled to None, run_after=None
[2023-05-06T20:59:33.060+0000] {logging_mixin.py:149} INFO - [2023-05-06T20:59:33.060+0000] {dag.py:3490} INFO - Setting next_dagrun for dataset_produces_1 to 2023-05-05T00:00:00+00:00, run_after=2023-05-06T00:00:00+00:00
[2023-05-06T20:59:33.065+0000] {logging_mixin.py:149} INFO - [2023-05-06T20:59:33.065+0000] {dag.py:3490} INFO - Setting next_dagrun for dataset_produces_2 to None, run_after=None
[2023-05-06T20:59:33.120+0000] {processor.py:178} INFO - Processing /home/airflow/.local/lib/python3.7/site-packages/airflow/example_dags/example_datasets.py took 0.194 seconds
[2023-05-06T21:00:03.259+0000] {processor.py:156} INFO - Started process (PID=2312) to work on /home/airflow/.local/lib/python3.7/site-packages/airflow/example_dags/example_datasets.py
[2023-05-06T21:00:03.260+0000] {processor.py:799} INFO - Processing file /home/airflow/.local/lib/python3.7/site-packages/airflow/example_dags/example_datasets.py for tasks to queue
[2023-05-06T21:00:03.262+0000] {logging_mixin.py:149} INFO - [2023-05-06T21:00:03.262+0000] {dagbag.py:541} INFO - Filling up the DagBag from /home/airflow/.local/lib/python3.7/site-packages/airflow/example_dags/example_datasets.py
[2023-05-06T21:00:03.279+0000] {processor.py:809} INFO - DAG(s) dict_keys(['dataset_consumes_1', 'dataset_produces_1', 'dataset_consumes_1_never_scheduled', 'dataset_produces_2', 'dataset_consumes_1_and_2', 'dataset_consumes_unknown_never_scheduled']) retrieved from /home/airflow/.local/lib/python3.7/site-packages/airflow/example_dags/example_datasets.py
[2023-05-06T21:00:03.305+0000] {logging_mixin.py:149} INFO - [2023-05-06T21:00:03.305+0000] {dag.py:2726} INFO - Sync 6 DAGs
[2023-05-06T21:00:03.344+0000] {logging_mixin.py:149} INFO - [2023-05-06T21:00:03.343+0000] {dag.py:3490} INFO - Setting next_dagrun for dataset_consumes_1 to None, run_after=None
[2023-05-06T21:00:03.350+0000] {logging_mixin.py:149} INFO - [2023-05-06T21:00:03.350+0000] {dag.py:3490} INFO - Setting next_dagrun for dataset_consumes_1_and_2 to None, run_after=None
[2023-05-06T21:00:03.353+0000] {logging_mixin.py:149} INFO - [2023-05-06T21:00:03.352+0000] {dag.py:3490} INFO - Setting next_dagrun for dataset_consumes_1_never_scheduled to None, run_after=None
[2023-05-06T21:00:03.355+0000] {logging_mixin.py:149} INFO - [2023-05-06T21:00:03.355+0000] {dag.py:3490} INFO - Setting next_dagrun for dataset_consumes_unknown_never_scheduled to None, run_after=None
[2023-05-06T21:00:03.362+0000] {logging_mixin.py:149} INFO - [2023-05-06T21:00:03.362+0000] {dag.py:3490} INFO - Setting next_dagrun for dataset_produces_1 to 2023-05-05T00:00:00+00:00, run_after=2023-05-06T00:00:00+00:00
[2023-05-06T21:00:03.366+0000] {logging_mixin.py:149} INFO - [2023-05-06T21:00:03.366+0000] {dag.py:3490} INFO - Setting next_dagrun for dataset_produces_2 to None, run_after=None
[2023-05-06T21:00:03.445+0000] {processor.py:178} INFO - Processing /home/airflow/.local/lib/python3.7/site-packages/airflow/example_dags/example_datasets.py took 0.190 seconds
[2023-05-06T21:00:33.649+0000] {processor.py:156} INFO - Started process (PID=2550) to work on /home/airflow/.local/lib/python3.7/site-packages/airflow/example_dags/example_datasets.py
[2023-05-06T21:00:33.651+0000] {processor.py:799} INFO - Processing file /home/airflow/.local/lib/python3.7/site-packages/airflow/example_dags/example_datasets.py for tasks to queue
[2023-05-06T21:00:33.653+0000] {logging_mixin.py:149} INFO - [2023-05-06T21:00:33.653+0000] {dagbag.py:541} INFO - Filling up the DagBag from /home/airflow/.local/lib/python3.7/site-packages/airflow/example_dags/example_datasets.py
[2023-05-06T21:00:33.665+0000] {processor.py:809} INFO - DAG(s) dict_keys(['dataset_consumes_1_never_scheduled', 'dataset_produces_2', 'dataset_consumes_1_and_2', 'dataset_consumes_1', 'dataset_consumes_unknown_never_scheduled', 'dataset_produces_1']) retrieved from /home/airflow/.local/lib/python3.7/site-packages/airflow/example_dags/example_datasets.py
[2023-05-06T21:00:33.821+0000] {logging_mixin.py:149} INFO - [2023-05-06T21:00:33.821+0000] {dag.py:2726} INFO - Sync 6 DAGs
[2023-05-06T21:00:33.869+0000] {logging_mixin.py:149} INFO - [2023-05-06T21:00:33.868+0000] {dag.py:3490} INFO - Setting next_dagrun for dataset_consumes_1 to None, run_after=None
[2023-05-06T21:00:33.875+0000] {logging_mixin.py:149} INFO - [2023-05-06T21:00:33.875+0000] {dag.py:3490} INFO - Setting next_dagrun for dataset_consumes_1_and_2 to None, run_after=None
[2023-05-06T21:00:33.878+0000] {logging_mixin.py:149} INFO - [2023-05-06T21:00:33.878+0000] {dag.py:3490} INFO - Setting next_dagrun for dataset_consumes_1_never_scheduled to None, run_after=None
[2023-05-06T21:00:33.881+0000] {logging_mixin.py:149} INFO - [2023-05-06T21:00:33.881+0000] {dag.py:3490} INFO - Setting next_dagrun for dataset_consumes_unknown_never_scheduled to None, run_after=None
[2023-05-06T21:00:33.886+0000] {logging_mixin.py:149} INFO - [2023-05-06T21:00:33.886+0000] {dag.py:3490} INFO - Setting next_dagrun for dataset_produces_1 to 2023-05-05T00:00:00+00:00, run_after=2023-05-06T00:00:00+00:00
[2023-05-06T21:00:33.890+0000] {logging_mixin.py:149} INFO - [2023-05-06T21:00:33.890+0000] {dag.py:3490} INFO - Setting next_dagrun for dataset_produces_2 to None, run_after=None
[2023-05-06T21:00:33.960+0000] {processor.py:178} INFO - Processing /home/airflow/.local/lib/python3.7/site-packages/airflow/example_dags/example_datasets.py took 0.316 seconds
[2023-05-06T21:01:04.255+0000] {processor.py:156} INFO - Started process (PID=2788) to work on /home/airflow/.local/lib/python3.7/site-packages/airflow/example_dags/example_datasets.py
[2023-05-06T21:01:04.256+0000] {processor.py:799} INFO - Processing file /home/airflow/.local/lib/python3.7/site-packages/airflow/example_dags/example_datasets.py for tasks to queue
[2023-05-06T21:01:04.258+0000] {logging_mixin.py:149} INFO - [2023-05-06T21:01:04.257+0000] {dagbag.py:541} INFO - Filling up the DagBag from /home/airflow/.local/lib/python3.7/site-packages/airflow/example_dags/example_datasets.py
[2023-05-06T21:01:04.272+0000] {processor.py:809} INFO - DAG(s) dict_keys(['dataset_produces_2', 'dataset_consumes_unknown_never_scheduled', 'dataset_consumes_1_and_2', 'dataset_produces_1', 'dataset_consumes_1_never_scheduled', 'dataset_consumes_1']) retrieved from /home/airflow/.local/lib/python3.7/site-packages/airflow/example_dags/example_datasets.py
[2023-05-06T21:01:04.329+0000] {logging_mixin.py:149} INFO - [2023-05-06T21:01:04.328+0000] {dag.py:2726} INFO - Sync 6 DAGs
[2023-05-06T21:01:04.365+0000] {logging_mixin.py:149} INFO - [2023-05-06T21:01:04.365+0000] {dag.py:3490} INFO - Setting next_dagrun for dataset_consumes_1 to None, run_after=None
[2023-05-06T21:01:04.370+0000] {logging_mixin.py:149} INFO - [2023-05-06T21:01:04.370+0000] {dag.py:3490} INFO - Setting next_dagrun for dataset_consumes_1_and_2 to None, run_after=None
[2023-05-06T21:01:04.373+0000] {logging_mixin.py:149} INFO - [2023-05-06T21:01:04.372+0000] {dag.py:3490} INFO - Setting next_dagrun for dataset_consumes_1_never_scheduled to None, run_after=None
[2023-05-06T21:01:04.376+0000] {logging_mixin.py:149} INFO - [2023-05-06T21:01:04.376+0000] {dag.py:3490} INFO - Setting next_dagrun for dataset_consumes_unknown_never_scheduled to None, run_after=None
[2023-05-06T21:01:04.381+0000] {logging_mixin.py:149} INFO - [2023-05-06T21:01:04.381+0000] {dag.py:3490} INFO - Setting next_dagrun for dataset_produces_1 to 2023-05-05T00:00:00+00:00, run_after=2023-05-06T00:00:00+00:00
[2023-05-06T21:01:04.384+0000] {logging_mixin.py:149} INFO - [2023-05-06T21:01:04.384+0000] {dag.py:3490} INFO - Setting next_dagrun for dataset_produces_2 to None, run_after=None
[2023-05-06T21:01:04.447+0000] {processor.py:178} INFO - Processing /home/airflow/.local/lib/python3.7/site-packages/airflow/example_dags/example_datasets.py took 0.197 seconds
[2023-05-06T21:01:34.834+0000] {processor.py:156} INFO - Started process (PID=3026) to work on /home/airflow/.local/lib/python3.7/site-packages/airflow/example_dags/example_datasets.py
[2023-05-06T21:01:34.838+0000] {processor.py:799} INFO - Processing file /home/airflow/.local/lib/python3.7/site-packages/airflow/example_dags/example_datasets.py for tasks to queue
[2023-05-06T21:01:34.840+0000] {logging_mixin.py:149} INFO - [2023-05-06T21:01:34.840+0000] {dagbag.py:541} INFO - Filling up the DagBag from /home/airflow/.local/lib/python3.7/site-packages/airflow/example_dags/example_datasets.py
[2023-05-06T21:01:34.869+0000] {processor.py:809} INFO - DAG(s) dict_keys(['dataset_produces_1', 'dataset_consumes_1_and_2', 'dataset_consumes_1', 'dataset_consumes_unknown_never_scheduled', 'dataset_consumes_1_never_scheduled', 'dataset_produces_2']) retrieved from /home/airflow/.local/lib/python3.7/site-packages/airflow/example_dags/example_datasets.py
[2023-05-06T21:01:34.996+0000] {logging_mixin.py:149} INFO - [2023-05-06T21:01:34.995+0000] {dag.py:2726} INFO - Sync 6 DAGs
[2023-05-06T21:01:35.069+0000] {logging_mixin.py:149} INFO - [2023-05-06T21:01:35.069+0000] {dag.py:3490} INFO - Setting next_dagrun for dataset_consumes_1 to None, run_after=None
[2023-05-06T21:01:35.080+0000] {logging_mixin.py:149} INFO - [2023-05-06T21:01:35.079+0000] {dag.py:3490} INFO - Setting next_dagrun for dataset_consumes_1_and_2 to None, run_after=None
[2023-05-06T21:01:35.085+0000] {logging_mixin.py:149} INFO - [2023-05-06T21:01:35.084+0000] {dag.py:3490} INFO - Setting next_dagrun for dataset_consumes_1_never_scheduled to None, run_after=None
[2023-05-06T21:01:35.094+0000] {logging_mixin.py:149} INFO - [2023-05-06T21:01:35.094+0000] {dag.py:3490} INFO - Setting next_dagrun for dataset_consumes_unknown_never_scheduled to None, run_after=None
[2023-05-06T21:01:35.116+0000] {logging_mixin.py:149} INFO - [2023-05-06T21:01:35.110+0000] {dag.py:3490} INFO - Setting next_dagrun for dataset_produces_1 to 2023-05-05T00:00:00+00:00, run_after=2023-05-06T00:00:00+00:00
[2023-05-06T21:01:35.129+0000] {logging_mixin.py:149} INFO - [2023-05-06T21:01:35.129+0000] {dag.py:3490} INFO - Setting next_dagrun for dataset_produces_2 to None, run_after=None
[2023-05-06T21:01:35.266+0000] {processor.py:178} INFO - Processing /home/airflow/.local/lib/python3.7/site-packages/airflow/example_dags/example_datasets.py took 0.443 seconds
[2023-05-06T21:02:05.575+0000] {processor.py:156} INFO - Started process (PID=3264) to work on /home/airflow/.local/lib/python3.7/site-packages/airflow/example_dags/example_datasets.py
[2023-05-06T21:02:05.578+0000] {processor.py:799} INFO - Processing file /home/airflow/.local/lib/python3.7/site-packages/airflow/example_dags/example_datasets.py for tasks to queue
[2023-05-06T21:02:05.579+0000] {logging_mixin.py:149} INFO - [2023-05-06T21:02:05.579+0000] {dagbag.py:541} INFO - Filling up the DagBag from /home/airflow/.local/lib/python3.7/site-packages/airflow/example_dags/example_datasets.py
[2023-05-06T21:02:05.594+0000] {processor.py:809} INFO - DAG(s) dict_keys(['dataset_produces_1', 'dataset_consumes_1', 'dataset_consumes_1_never_scheduled', 'dataset_consumes_1_and_2', 'dataset_produces_2', 'dataset_consumes_unknown_never_scheduled']) retrieved from /home/airflow/.local/lib/python3.7/site-packages/airflow/example_dags/example_datasets.py
[2023-05-06T21:02:05.658+0000] {logging_mixin.py:149} INFO - [2023-05-06T21:02:05.657+0000] {dag.py:2726} INFO - Sync 6 DAGs
[2023-05-06T21:02:05.701+0000] {logging_mixin.py:149} INFO - [2023-05-06T21:02:05.700+0000] {dag.py:3490} INFO - Setting next_dagrun for dataset_consumes_1 to None, run_after=None
[2023-05-06T21:02:05.707+0000] {logging_mixin.py:149} INFO - [2023-05-06T21:02:05.706+0000] {dag.py:3490} INFO - Setting next_dagrun for dataset_consumes_1_and_2 to None, run_after=None
[2023-05-06T21:02:05.710+0000] {logging_mixin.py:149} INFO - [2023-05-06T21:02:05.710+0000] {dag.py:3490} INFO - Setting next_dagrun for dataset_consumes_1_never_scheduled to None, run_after=None
[2023-05-06T21:02:05.714+0000] {logging_mixin.py:149} INFO - [2023-05-06T21:02:05.714+0000] {dag.py:3490} INFO - Setting next_dagrun for dataset_consumes_unknown_never_scheduled to None, run_after=None
[2023-05-06T21:02:05.720+0000] {logging_mixin.py:149} INFO - [2023-05-06T21:02:05.719+0000] {dag.py:3490} INFO - Setting next_dagrun for dataset_produces_1 to 2023-05-05T00:00:00+00:00, run_after=2023-05-06T00:00:00+00:00
[2023-05-06T21:02:05.724+0000] {logging_mixin.py:149} INFO - [2023-05-06T21:02:05.724+0000] {dag.py:3490} INFO - Setting next_dagrun for dataset_produces_2 to None, run_after=None
[2023-05-06T21:02:05.775+0000] {processor.py:178} INFO - Processing /home/airflow/.local/lib/python3.7/site-packages/airflow/example_dags/example_datasets.py took 0.204 seconds
[2023-05-06T21:02:35.938+0000] {processor.py:156} INFO - Started process (PID=3507) to work on /home/airflow/.local/lib/python3.7/site-packages/airflow/example_dags/example_datasets.py
[2023-05-06T21:02:35.940+0000] {processor.py:799} INFO - Processing file /home/airflow/.local/lib/python3.7/site-packages/airflow/example_dags/example_datasets.py for tasks to queue
[2023-05-06T21:02:35.941+0000] {logging_mixin.py:149} INFO - [2023-05-06T21:02:35.941+0000] {dagbag.py:541} INFO - Filling up the DagBag from /home/airflow/.local/lib/python3.7/site-packages/airflow/example_dags/example_datasets.py
[2023-05-06T21:02:35.952+0000] {processor.py:809} INFO - DAG(s) dict_keys(['dataset_produces_1', 'dataset_consumes_unknown_never_scheduled', 'dataset_consumes_1_and_2', 'dataset_consumes_1', 'dataset_consumes_1_never_scheduled', 'dataset_produces_2']) retrieved from /home/airflow/.local/lib/python3.7/site-packages/airflow/example_dags/example_datasets.py
[2023-05-06T21:02:36.023+0000] {logging_mixin.py:149} INFO - [2023-05-06T21:02:36.023+0000] {dag.py:2726} INFO - Sync 6 DAGs
[2023-05-06T21:02:36.064+0000] {logging_mixin.py:149} INFO - [2023-05-06T21:02:36.064+0000] {dag.py:3490} INFO - Setting next_dagrun for dataset_consumes_1 to None, run_after=None
[2023-05-06T21:02:36.070+0000] {logging_mixin.py:149} INFO - [2023-05-06T21:02:36.070+0000] {dag.py:3490} INFO - Setting next_dagrun for dataset_consumes_1_and_2 to None, run_after=None
[2023-05-06T21:02:36.075+0000] {logging_mixin.py:149} INFO - [2023-05-06T21:02:36.075+0000] {dag.py:3490} INFO - Setting next_dagrun for dataset_consumes_1_never_scheduled to None, run_after=None
[2023-05-06T21:02:36.077+0000] {logging_mixin.py:149} INFO - [2023-05-06T21:02:36.077+0000] {dag.py:3490} INFO - Setting next_dagrun for dataset_consumes_unknown_never_scheduled to None, run_after=None
[2023-05-06T21:02:36.081+0000] {logging_mixin.py:149} INFO - [2023-05-06T21:02:36.081+0000] {dag.py:3490} INFO - Setting next_dagrun for dataset_produces_1 to 2023-05-05T00:00:00+00:00, run_after=2023-05-06T00:00:00+00:00
[2023-05-06T21:02:36.085+0000] {logging_mixin.py:149} INFO - [2023-05-06T21:02:36.085+0000] {dag.py:3490} INFO - Setting next_dagrun for dataset_produces_2 to None, run_after=None
[2023-05-06T21:02:36.130+0000] {processor.py:178} INFO - Processing /home/airflow/.local/lib/python3.7/site-packages/airflow/example_dags/example_datasets.py took 0.196 seconds
[2023-05-06T21:03:06.250+0000] {processor.py:156} INFO - Started process (PID=3745) to work on /home/airflow/.local/lib/python3.7/site-packages/airflow/example_dags/example_datasets.py
[2023-05-06T21:03:06.253+0000] {processor.py:799} INFO - Processing file /home/airflow/.local/lib/python3.7/site-packages/airflow/example_dags/example_datasets.py for tasks to queue
[2023-05-06T21:03:06.254+0000] {logging_mixin.py:149} INFO - [2023-05-06T21:03:06.254+0000] {dagbag.py:541} INFO - Filling up the DagBag from /home/airflow/.local/lib/python3.7/site-packages/airflow/example_dags/example_datasets.py
[2023-05-06T21:03:06.267+0000] {processor.py:809} INFO - DAG(s) dict_keys(['dataset_consumes_1_never_scheduled', 'dataset_consumes_1_and_2', 'dataset_consumes_1', 'dataset_consumes_unknown_never_scheduled', 'dataset_produces_1', 'dataset_produces_2']) retrieved from /home/airflow/.local/lib/python3.7/site-packages/airflow/example_dags/example_datasets.py
[2023-05-06T21:03:06.319+0000] {logging_mixin.py:149} INFO - [2023-05-06T21:03:06.319+0000] {dag.py:2726} INFO - Sync 6 DAGs
[2023-05-06T21:03:06.357+0000] {logging_mixin.py:149} INFO - [2023-05-06T21:03:06.357+0000] {dag.py:3490} INFO - Setting next_dagrun for dataset_consumes_1 to None, run_after=None
[2023-05-06T21:03:06.363+0000] {logging_mixin.py:149} INFO - [2023-05-06T21:03:06.363+0000] {dag.py:3490} INFO - Setting next_dagrun for dataset_consumes_1_and_2 to None, run_after=None
[2023-05-06T21:03:06.366+0000] {logging_mixin.py:149} INFO - [2023-05-06T21:03:06.366+0000] {dag.py:3490} INFO - Setting next_dagrun for dataset_consumes_1_never_scheduled to None, run_after=None
[2023-05-06T21:03:06.369+0000] {logging_mixin.py:149} INFO - [2023-05-06T21:03:06.369+0000] {dag.py:3490} INFO - Setting next_dagrun for dataset_consumes_unknown_never_scheduled to None, run_after=None
[2023-05-06T21:03:06.375+0000] {logging_mixin.py:149} INFO - [2023-05-06T21:03:06.374+0000] {dag.py:3490} INFO - Setting next_dagrun for dataset_produces_1 to 2023-05-05T00:00:00+00:00, run_after=2023-05-06T00:00:00+00:00
[2023-05-06T21:03:06.377+0000] {logging_mixin.py:149} INFO - [2023-05-06T21:03:06.377+0000] {dag.py:3490} INFO - Setting next_dagrun for dataset_produces_2 to None, run_after=None
[2023-05-06T21:03:06.425+0000] {processor.py:178} INFO - Processing /home/airflow/.local/lib/python3.7/site-packages/airflow/example_dags/example_datasets.py took 0.179 seconds
[2023-05-06T21:03:36.940+0000] {processor.py:156} INFO - Started process (PID=3978) to work on /home/airflow/.local/lib/python3.7/site-packages/airflow/example_dags/example_datasets.py
[2023-05-06T21:03:36.941+0000] {processor.py:799} INFO - Processing file /home/airflow/.local/lib/python3.7/site-packages/airflow/example_dags/example_datasets.py for tasks to queue
[2023-05-06T21:03:36.943+0000] {logging_mixin.py:149} INFO - [2023-05-06T21:03:36.942+0000] {dagbag.py:541} INFO - Filling up the DagBag from /home/airflow/.local/lib/python3.7/site-packages/airflow/example_dags/example_datasets.py
[2023-05-06T21:03:36.955+0000] {processor.py:809} INFO - DAG(s) dict_keys(['dataset_consumes_1', 'dataset_consumes_unknown_never_scheduled', 'dataset_produces_1', 'dataset_produces_2', 'dataset_consumes_1_and_2', 'dataset_consumes_1_never_scheduled']) retrieved from /home/airflow/.local/lib/python3.7/site-packages/airflow/example_dags/example_datasets.py
[2023-05-06T21:03:37.019+0000] {logging_mixin.py:149} INFO - [2023-05-06T21:03:37.019+0000] {dag.py:2726} INFO - Sync 6 DAGs
[2023-05-06T21:03:37.064+0000] {logging_mixin.py:149} INFO - [2023-05-06T21:03:37.064+0000] {dag.py:3490} INFO - Setting next_dagrun for dataset_consumes_1 to None, run_after=None
[2023-05-06T21:03:37.071+0000] {logging_mixin.py:149} INFO - [2023-05-06T21:03:37.070+0000] {dag.py:3490} INFO - Setting next_dagrun for dataset_consumes_1_and_2 to None, run_after=None
[2023-05-06T21:03:37.075+0000] {logging_mixin.py:149} INFO - [2023-05-06T21:03:37.075+0000] {dag.py:3490} INFO - Setting next_dagrun for dataset_consumes_1_never_scheduled to None, run_after=None
[2023-05-06T21:03:37.078+0000] {logging_mixin.py:149} INFO - [2023-05-06T21:03:37.078+0000] {dag.py:3490} INFO - Setting next_dagrun for dataset_consumes_unknown_never_scheduled to None, run_after=None
[2023-05-06T21:03:37.084+0000] {logging_mixin.py:149} INFO - [2023-05-06T21:03:37.084+0000] {dag.py:3490} INFO - Setting next_dagrun for dataset_produces_1 to 2023-05-05T00:00:00+00:00, run_after=2023-05-06T00:00:00+00:00
[2023-05-06T21:03:37.087+0000] {logging_mixin.py:149} INFO - [2023-05-06T21:03:37.087+0000] {dag.py:3490} INFO - Setting next_dagrun for dataset_produces_2 to None, run_after=None
[2023-05-06T21:03:37.147+0000] {processor.py:178} INFO - Processing /home/airflow/.local/lib/python3.7/site-packages/airflow/example_dags/example_datasets.py took 0.211 seconds
[2023-05-06T21:04:07.690+0000] {processor.py:156} INFO - Started process (PID=4216) to work on /home/airflow/.local/lib/python3.7/site-packages/airflow/example_dags/example_datasets.py
[2023-05-06T21:04:07.692+0000] {processor.py:799} INFO - Processing file /home/airflow/.local/lib/python3.7/site-packages/airflow/example_dags/example_datasets.py for tasks to queue
[2023-05-06T21:04:07.693+0000] {logging_mixin.py:149} INFO - [2023-05-06T21:04:07.693+0000] {dagbag.py:541} INFO - Filling up the DagBag from /home/airflow/.local/lib/python3.7/site-packages/airflow/example_dags/example_datasets.py
[2023-05-06T21:04:07.707+0000] {processor.py:809} INFO - DAG(s) dict_keys(['dataset_consumes_1_never_scheduled', 'dataset_produces_1', 'dataset_consumes_unknown_never_scheduled', 'dataset_consumes_1', 'dataset_consumes_1_and_2', 'dataset_produces_2']) retrieved from /home/airflow/.local/lib/python3.7/site-packages/airflow/example_dags/example_datasets.py
[2023-05-06T21:04:07.764+0000] {logging_mixin.py:149} INFO - [2023-05-06T21:04:07.764+0000] {dag.py:2726} INFO - Sync 6 DAGs
[2023-05-06T21:04:07.804+0000] {logging_mixin.py:149} INFO - [2023-05-06T21:04:07.804+0000] {dag.py:3490} INFO - Setting next_dagrun for dataset_consumes_1 to None, run_after=None
[2023-05-06T21:04:07.810+0000] {logging_mixin.py:149} INFO - [2023-05-06T21:04:07.810+0000] {dag.py:3490} INFO - Setting next_dagrun for dataset_consumes_1_and_2 to None, run_after=None
[2023-05-06T21:04:07.813+0000] {logging_mixin.py:149} INFO - [2023-05-06T21:04:07.813+0000] {dag.py:3490} INFO - Setting next_dagrun for dataset_consumes_1_never_scheduled to None, run_after=None
[2023-05-06T21:04:07.816+0000] {logging_mixin.py:149} INFO - [2023-05-06T21:04:07.816+0000] {dag.py:3490} INFO - Setting next_dagrun for dataset_consumes_unknown_never_scheduled to None, run_after=None
[2023-05-06T21:04:07.821+0000] {logging_mixin.py:149} INFO - [2023-05-06T21:04:07.821+0000] {dag.py:3490} INFO - Setting next_dagrun for dataset_produces_1 to 2023-05-05T00:00:00+00:00, run_after=2023-05-06T00:00:00+00:00
[2023-05-06T21:04:07.824+0000] {logging_mixin.py:149} INFO - [2023-05-06T21:04:07.824+0000] {dag.py:3490} INFO - Setting next_dagrun for dataset_produces_2 to None, run_after=None
[2023-05-06T21:04:07.883+0000] {processor.py:178} INFO - Processing /home/airflow/.local/lib/python3.7/site-packages/airflow/example_dags/example_datasets.py took 0.198 seconds
[2023-05-06T21:04:38.529+0000] {processor.py:156} INFO - Started process (PID=4454) to work on /home/airflow/.local/lib/python3.7/site-packages/airflow/example_dags/example_datasets.py
[2023-05-06T21:04:38.531+0000] {processor.py:799} INFO - Processing file /home/airflow/.local/lib/python3.7/site-packages/airflow/example_dags/example_datasets.py for tasks to queue
[2023-05-06T21:04:38.532+0000] {logging_mixin.py:149} INFO - [2023-05-06T21:04:38.532+0000] {dagbag.py:541} INFO - Filling up the DagBag from /home/airflow/.local/lib/python3.7/site-packages/airflow/example_dags/example_datasets.py
[2023-05-06T21:04:38.545+0000] {processor.py:809} INFO - DAG(s) dict_keys(['dataset_produces_1', 'dataset_consumes_1', 'dataset_consumes_1_and_2', 'dataset_consumes_unknown_never_scheduled', 'dataset_produces_2', 'dataset_consumes_1_never_scheduled']) retrieved from /home/airflow/.local/lib/python3.7/site-packages/airflow/example_dags/example_datasets.py
[2023-05-06T21:04:38.601+0000] {logging_mixin.py:149} INFO - [2023-05-06T21:04:38.600+0000] {dag.py:2726} INFO - Sync 6 DAGs
[2023-05-06T21:04:38.640+0000] {logging_mixin.py:149} INFO - [2023-05-06T21:04:38.639+0000] {dag.py:3490} INFO - Setting next_dagrun for dataset_consumes_1 to None, run_after=None
[2023-05-06T21:04:38.646+0000] {logging_mixin.py:149} INFO - [2023-05-06T21:04:38.646+0000] {dag.py:3490} INFO - Setting next_dagrun for dataset_consumes_1_and_2 to None, run_after=None
[2023-05-06T21:04:38.651+0000] {logging_mixin.py:149} INFO - [2023-05-06T21:04:38.651+0000] {dag.py:3490} INFO - Setting next_dagrun for dataset_consumes_1_never_scheduled to None, run_after=None
[2023-05-06T21:04:38.654+0000] {logging_mixin.py:149} INFO - [2023-05-06T21:04:38.654+0000] {dag.py:3490} INFO - Setting next_dagrun for dataset_consumes_unknown_never_scheduled to None, run_after=None
[2023-05-06T21:04:38.660+0000] {logging_mixin.py:149} INFO - [2023-05-06T21:04:38.660+0000] {dag.py:3490} INFO - Setting next_dagrun for dataset_produces_1 to 2023-05-05T00:00:00+00:00, run_after=2023-05-06T00:00:00+00:00
[2023-05-06T21:04:38.663+0000] {logging_mixin.py:149} INFO - [2023-05-06T21:04:38.663+0000] {dag.py:3490} INFO - Setting next_dagrun for dataset_produces_2 to None, run_after=None
[2023-05-06T21:04:38.719+0000] {processor.py:178} INFO - Processing /home/airflow/.local/lib/python3.7/site-packages/airflow/example_dags/example_datasets.py took 0.196 seconds
[2023-05-06T21:05:09.286+0000] {processor.py:156} INFO - Started process (PID=4692) to work on /home/airflow/.local/lib/python3.7/site-packages/airflow/example_dags/example_datasets.py
[2023-05-06T21:05:09.288+0000] {processor.py:799} INFO - Processing file /home/airflow/.local/lib/python3.7/site-packages/airflow/example_dags/example_datasets.py for tasks to queue
[2023-05-06T21:05:09.290+0000] {logging_mixin.py:149} INFO - [2023-05-06T21:05:09.290+0000] {dagbag.py:541} INFO - Filling up the DagBag from /home/airflow/.local/lib/python3.7/site-packages/airflow/example_dags/example_datasets.py
[2023-05-06T21:05:09.302+0000] {processor.py:809} INFO - DAG(s) dict_keys(['dataset_consumes_1', 'dataset_consumes_1_never_scheduled', 'dataset_produces_1', 'dataset_consumes_1_and_2', 'dataset_consumes_unknown_never_scheduled', 'dataset_produces_2']) retrieved from /home/airflow/.local/lib/python3.7/site-packages/airflow/example_dags/example_datasets.py
[2023-05-06T21:05:09.358+0000] {logging_mixin.py:149} INFO - [2023-05-06T21:05:09.358+0000] {dag.py:2726} INFO - Sync 6 DAGs
[2023-05-06T21:05:09.398+0000] {logging_mixin.py:149} INFO - [2023-05-06T21:05:09.398+0000] {dag.py:3490} INFO - Setting next_dagrun for dataset_consumes_1 to None, run_after=None
[2023-05-06T21:05:09.404+0000] {logging_mixin.py:149} INFO - [2023-05-06T21:05:09.404+0000] {dag.py:3490} INFO - Setting next_dagrun for dataset_consumes_1_and_2 to None, run_after=None
[2023-05-06T21:05:09.408+0000] {logging_mixin.py:149} INFO - [2023-05-06T21:05:09.407+0000] {dag.py:3490} INFO - Setting next_dagrun for dataset_consumes_1_never_scheduled to None, run_after=None
[2023-05-06T21:05:09.410+0000] {logging_mixin.py:149} INFO - [2023-05-06T21:05:09.410+0000] {dag.py:3490} INFO - Setting next_dagrun for dataset_consumes_unknown_never_scheduled to None, run_after=None
[2023-05-06T21:05:09.416+0000] {logging_mixin.py:149} INFO - [2023-05-06T21:05:09.416+0000] {dag.py:3490} INFO - Setting next_dagrun for dataset_produces_1 to 2023-05-05T00:00:00+00:00, run_after=2023-05-06T00:00:00+00:00
[2023-05-06T21:05:09.420+0000] {logging_mixin.py:149} INFO - [2023-05-06T21:05:09.419+0000] {dag.py:3490} INFO - Setting next_dagrun for dataset_produces_2 to None, run_after=None
[2023-05-06T21:05:09.477+0000] {processor.py:178} INFO - Processing /home/airflow/.local/lib/python3.7/site-packages/airflow/example_dags/example_datasets.py took 0.195 seconds
[2023-05-06T21:05:39.660+0000] {processor.py:156} INFO - Started process (PID=4930) to work on /home/airflow/.local/lib/python3.7/site-packages/airflow/example_dags/example_datasets.py
[2023-05-06T21:05:39.661+0000] {processor.py:799} INFO - Processing file /home/airflow/.local/lib/python3.7/site-packages/airflow/example_dags/example_datasets.py for tasks to queue
[2023-05-06T21:05:39.662+0000] {logging_mixin.py:149} INFO - [2023-05-06T21:05:39.662+0000] {dagbag.py:541} INFO - Filling up the DagBag from /home/airflow/.local/lib/python3.7/site-packages/airflow/example_dags/example_datasets.py
[2023-05-06T21:05:39.675+0000] {processor.py:809} INFO - DAG(s) dict_keys(['dataset_consumes_1', 'dataset_consumes_unknown_never_scheduled', 'dataset_produces_2', 'dataset_consumes_1_never_scheduled', 'dataset_produces_1', 'dataset_consumes_1_and_2']) retrieved from /home/airflow/.local/lib/python3.7/site-packages/airflow/example_dags/example_datasets.py
[2023-05-06T21:05:39.738+0000] {logging_mixin.py:149} INFO - [2023-05-06T21:05:39.738+0000] {dag.py:2726} INFO - Sync 6 DAGs
[2023-05-06T21:05:39.783+0000] {logging_mixin.py:149} INFO - [2023-05-06T21:05:39.783+0000] {dag.py:3490} INFO - Setting next_dagrun for dataset_consumes_1 to None, run_after=None
[2023-05-06T21:05:39.790+0000] {logging_mixin.py:149} INFO - [2023-05-06T21:05:39.790+0000] {dag.py:3490} INFO - Setting next_dagrun for dataset_consumes_1_and_2 to None, run_after=None
[2023-05-06T21:05:39.793+0000] {logging_mixin.py:149} INFO - [2023-05-06T21:05:39.793+0000] {dag.py:3490} INFO - Setting next_dagrun for dataset_consumes_1_never_scheduled to None, run_after=None
[2023-05-06T21:05:39.795+0000] {logging_mixin.py:149} INFO - [2023-05-06T21:05:39.795+0000] {dag.py:3490} INFO - Setting next_dagrun for dataset_consumes_unknown_never_scheduled to None, run_after=None
[2023-05-06T21:05:39.801+0000] {logging_mixin.py:149} INFO - [2023-05-06T21:05:39.800+0000] {dag.py:3490} INFO - Setting next_dagrun for dataset_produces_1 to 2023-05-05T00:00:00+00:00, run_after=2023-05-06T00:00:00+00:00
[2023-05-06T21:05:39.804+0000] {logging_mixin.py:149} INFO - [2023-05-06T21:05:39.803+0000] {dag.py:3490} INFO - Setting next_dagrun for dataset_produces_2 to None, run_after=None
[2023-05-06T21:05:39.862+0000] {processor.py:178} INFO - Processing /home/airflow/.local/lib/python3.7/site-packages/airflow/example_dags/example_datasets.py took 0.206 seconds
[2023-05-06T21:06:10.356+0000] {processor.py:156} INFO - Started process (PID=5168) to work on /home/airflow/.local/lib/python3.7/site-packages/airflow/example_dags/example_datasets.py
[2023-05-06T21:06:10.357+0000] {processor.py:799} INFO - Processing file /home/airflow/.local/lib/python3.7/site-packages/airflow/example_dags/example_datasets.py for tasks to queue
[2023-05-06T21:06:10.359+0000] {logging_mixin.py:149} INFO - [2023-05-06T21:06:10.359+0000] {dagbag.py:541} INFO - Filling up the DagBag from /home/airflow/.local/lib/python3.7/site-packages/airflow/example_dags/example_datasets.py
[2023-05-06T21:06:10.375+0000] {processor.py:809} INFO - DAG(s) dict_keys(['dataset_produces_2', 'dataset_consumes_1', 'dataset_consumes_unknown_never_scheduled', 'dataset_consumes_1_never_scheduled', 'dataset_consumes_1_and_2', 'dataset_produces_1']) retrieved from /home/airflow/.local/lib/python3.7/site-packages/airflow/example_dags/example_datasets.py
[2023-05-06T21:06:10.466+0000] {logging_mixin.py:149} INFO - [2023-05-06T21:06:10.466+0000] {dag.py:2726} INFO - Sync 6 DAGs
[2023-05-06T21:06:10.609+0000] {logging_mixin.py:149} INFO - [2023-05-06T21:06:10.609+0000] {dag.py:3490} INFO - Setting next_dagrun for dataset_consumes_1 to None, run_after=None
[2023-05-06T21:06:10.615+0000] {logging_mixin.py:149} INFO - [2023-05-06T21:06:10.614+0000] {dag.py:3490} INFO - Setting next_dagrun for dataset_consumes_1_and_2 to None, run_after=None
[2023-05-06T21:06:10.617+0000] {logging_mixin.py:149} INFO - [2023-05-06T21:06:10.617+0000] {dag.py:3490} INFO - Setting next_dagrun for dataset_consumes_1_never_scheduled to None, run_after=None
[2023-05-06T21:06:10.620+0000] {logging_mixin.py:149} INFO - [2023-05-06T21:06:10.620+0000] {dag.py:3490} INFO - Setting next_dagrun for dataset_consumes_unknown_never_scheduled to None, run_after=None
[2023-05-06T21:06:10.624+0000] {logging_mixin.py:149} INFO - [2023-05-06T21:06:10.624+0000] {dag.py:3490} INFO - Setting next_dagrun for dataset_produces_1 to 2023-05-05T00:00:00+00:00, run_after=2023-05-06T00:00:00+00:00
[2023-05-06T21:06:10.627+0000] {logging_mixin.py:149} INFO - [2023-05-06T21:06:10.627+0000] {dag.py:3490} INFO - Setting next_dagrun for dataset_produces_2 to None, run_after=None
[2023-05-06T21:06:10.996+0000] {processor.py:178} INFO - Processing /home/airflow/.local/lib/python3.7/site-packages/airflow/example_dags/example_datasets.py took 0.646 seconds
[2023-05-06T21:06:41.727+0000] {processor.py:156} INFO - Started process (PID=5407) to work on /home/airflow/.local/lib/python3.7/site-packages/airflow/example_dags/example_datasets.py
[2023-05-06T21:06:41.729+0000] {processor.py:799} INFO - Processing file /home/airflow/.local/lib/python3.7/site-packages/airflow/example_dags/example_datasets.py for tasks to queue
[2023-05-06T21:06:41.731+0000] {logging_mixin.py:149} INFO - [2023-05-06T21:06:41.730+0000] {dagbag.py:541} INFO - Filling up the DagBag from /home/airflow/.local/lib/python3.7/site-packages/airflow/example_dags/example_datasets.py
[2023-05-06T21:06:41.744+0000] {processor.py:809} INFO - DAG(s) dict_keys(['dataset_consumes_unknown_never_scheduled', 'dataset_consumes_1_never_scheduled', 'dataset_produces_1', 'dataset_produces_2', 'dataset_consumes_1', 'dataset_consumes_1_and_2']) retrieved from /home/airflow/.local/lib/python3.7/site-packages/airflow/example_dags/example_datasets.py
[2023-05-06T21:06:41.768+0000] {logging_mixin.py:149} INFO - [2023-05-06T21:06:41.768+0000] {dag.py:2726} INFO - Sync 6 DAGs
[2023-05-06T21:06:41.808+0000] {logging_mixin.py:149} INFO - [2023-05-06T21:06:41.808+0000] {dag.py:3490} INFO - Setting next_dagrun for dataset_consumes_1 to None, run_after=None
[2023-05-06T21:06:41.816+0000] {logging_mixin.py:149} INFO - [2023-05-06T21:06:41.816+0000] {dag.py:3490} INFO - Setting next_dagrun for dataset_consumes_1_and_2 to None, run_after=None
[2023-05-06T21:06:41.818+0000] {logging_mixin.py:149} INFO - [2023-05-06T21:06:41.818+0000] {dag.py:3490} INFO - Setting next_dagrun for dataset_consumes_1_never_scheduled to None, run_after=None
[2023-05-06T21:06:41.821+0000] {logging_mixin.py:149} INFO - [2023-05-06T21:06:41.821+0000] {dag.py:3490} INFO - Setting next_dagrun for dataset_consumes_unknown_never_scheduled to None, run_after=None
[2023-05-06T21:06:41.827+0000] {logging_mixin.py:149} INFO - [2023-05-06T21:06:41.827+0000] {dag.py:3490} INFO - Setting next_dagrun for dataset_produces_1 to 2023-05-05T00:00:00+00:00, run_after=2023-05-06T00:00:00+00:00
[2023-05-06T21:06:41.831+0000] {logging_mixin.py:149} INFO - [2023-05-06T21:06:41.830+0000] {dag.py:3490} INFO - Setting next_dagrun for dataset_produces_2 to None, run_after=None
[2023-05-06T21:06:41.886+0000] {processor.py:178} INFO - Processing /home/airflow/.local/lib/python3.7/site-packages/airflow/example_dags/example_datasets.py took 0.163 seconds
[2023-05-06T21:07:12.182+0000] {processor.py:156} INFO - Started process (PID=5645) to work on /home/airflow/.local/lib/python3.7/site-packages/airflow/example_dags/example_datasets.py
[2023-05-06T21:07:12.183+0000] {processor.py:799} INFO - Processing file /home/airflow/.local/lib/python3.7/site-packages/airflow/example_dags/example_datasets.py for tasks to queue
[2023-05-06T21:07:12.184+0000] {logging_mixin.py:149} INFO - [2023-05-06T21:07:12.184+0000] {dagbag.py:541} INFO - Filling up the DagBag from /home/airflow/.local/lib/python3.7/site-packages/airflow/example_dags/example_datasets.py
[2023-05-06T21:07:12.199+0000] {processor.py:809} INFO - DAG(s) dict_keys(['dataset_produces_1', 'dataset_consumes_unknown_never_scheduled', 'dataset_consumes_1_never_scheduled', 'dataset_produces_2', 'dataset_consumes_1_and_2', 'dataset_consumes_1']) retrieved from /home/airflow/.local/lib/python3.7/site-packages/airflow/example_dags/example_datasets.py
[2023-05-06T21:07:12.342+0000] {logging_mixin.py:149} INFO - [2023-05-06T21:07:12.342+0000] {dag.py:2726} INFO - Sync 6 DAGs
[2023-05-06T21:07:12.380+0000] {logging_mixin.py:149} INFO - [2023-05-06T21:07:12.380+0000] {dag.py:3490} INFO - Setting next_dagrun for dataset_consumes_1 to None, run_after=None
[2023-05-06T21:07:12.385+0000] {logging_mixin.py:149} INFO - [2023-05-06T21:07:12.385+0000] {dag.py:3490} INFO - Setting next_dagrun for dataset_consumes_1_and_2 to None, run_after=None
[2023-05-06T21:07:12.389+0000] {logging_mixin.py:149} INFO - [2023-05-06T21:07:12.389+0000] {dag.py:3490} INFO - Setting next_dagrun for dataset_consumes_1_never_scheduled to None, run_after=None
[2023-05-06T21:07:12.393+0000] {logging_mixin.py:149} INFO - [2023-05-06T21:07:12.392+0000] {dag.py:3490} INFO - Setting next_dagrun for dataset_consumes_unknown_never_scheduled to None, run_after=None
[2023-05-06T21:07:12.398+0000] {logging_mixin.py:149} INFO - [2023-05-06T21:07:12.398+0000] {dag.py:3490} INFO - Setting next_dagrun for dataset_produces_1 to 2023-05-05T00:00:00+00:00, run_after=2023-05-06T00:00:00+00:00
[2023-05-06T21:07:12.401+0000] {logging_mixin.py:149} INFO - [2023-05-06T21:07:12.401+0000] {dag.py:3490} INFO - Setting next_dagrun for dataset_produces_2 to None, run_after=None
[2023-05-06T21:07:12.453+0000] {processor.py:178} INFO - Processing /home/airflow/.local/lib/python3.7/site-packages/airflow/example_dags/example_datasets.py took 0.277 seconds
