[2023-05-06T20:55:30.456+0000] {processor.py:156} INFO - Started process (PID=249) to work on /home/airflow/.local/lib/python3.7/site-packages/airflow/example_dags/example_dynamic_task_mapping.py
[2023-05-06T20:55:30.459+0000] {processor.py:799} INFO - Processing file /home/airflow/.local/lib/python3.7/site-packages/airflow/example_dags/example_dynamic_task_mapping.py for tasks to queue
[2023-05-06T20:55:30.460+0000] {logging_mixin.py:149} INFO - [2023-05-06T20:55:30.460+0000] {dagbag.py:541} INFO - Filling up the DagBag from /home/airflow/.local/lib/python3.7/site-packages/airflow/example_dags/example_dynamic_task_mapping.py
[2023-05-06T20:55:30.468+0000] {processor.py:809} INFO - DAG(s) dict_keys(['example_dynamic_task_mapping']) retrieved from /home/airflow/.local/lib/python3.7/site-packages/airflow/example_dags/example_dynamic_task_mapping.py
[2023-05-06T20:55:30.486+0000] {logging_mixin.py:149} INFO - [2023-05-06T20:55:30.486+0000] {dag.py:2726} INFO - Sync 1 DAGs
[2023-05-06T20:55:30.520+0000] {logging_mixin.py:149} INFO - [2023-05-06T20:55:30.520+0000] {dag.py:3490} INFO - Setting next_dagrun for example_dynamic_task_mapping to 2022-03-04T00:00:00+00:00, run_after=2022-03-05T00:00:00+00:00
[2023-05-06T20:55:30.553+0000] {processor.py:178} INFO - Processing /home/airflow/.local/lib/python3.7/site-packages/airflow/example_dags/example_dynamic_task_mapping.py took 0.101 seconds
[2023-05-06T20:56:01.789+0000] {processor.py:156} INFO - Started process (PID=485) to work on /home/airflow/.local/lib/python3.7/site-packages/airflow/example_dags/example_dynamic_task_mapping.py
[2023-05-06T20:56:01.791+0000] {processor.py:799} INFO - Processing file /home/airflow/.local/lib/python3.7/site-packages/airflow/example_dags/example_dynamic_task_mapping.py for tasks to queue
[2023-05-06T20:56:01.792+0000] {logging_mixin.py:149} INFO - [2023-05-06T20:56:01.792+0000] {dagbag.py:541} INFO - Filling up the DagBag from /home/airflow/.local/lib/python3.7/site-packages/airflow/example_dags/example_dynamic_task_mapping.py
[2023-05-06T20:56:01.803+0000] {processor.py:809} INFO - DAG(s) dict_keys(['example_dynamic_task_mapping']) retrieved from /home/airflow/.local/lib/python3.7/site-packages/airflow/example_dags/example_dynamic_task_mapping.py
[2023-05-06T20:56:01.845+0000] {logging_mixin.py:149} INFO - [2023-05-06T20:56:01.845+0000] {dag.py:2726} INFO - Sync 1 DAGs
[2023-05-06T20:56:02.066+0000] {logging_mixin.py:149} INFO - [2023-05-06T20:56:02.066+0000] {dag.py:3490} INFO - Setting next_dagrun for example_dynamic_task_mapping to 2022-03-04T00:00:00+00:00, run_after=2022-03-05T00:00:00+00:00
[2023-05-06T20:56:02.095+0000] {processor.py:178} INFO - Processing /home/airflow/.local/lib/python3.7/site-packages/airflow/example_dags/example_dynamic_task_mapping.py took 0.310 seconds
[2023-05-06T20:56:32.716+0000] {processor.py:156} INFO - Started process (PID=723) to work on /home/airflow/.local/lib/python3.7/site-packages/airflow/example_dags/example_dynamic_task_mapping.py
[2023-05-06T20:56:32.718+0000] {processor.py:799} INFO - Processing file /home/airflow/.local/lib/python3.7/site-packages/airflow/example_dags/example_dynamic_task_mapping.py for tasks to queue
[2023-05-06T20:56:32.719+0000] {logging_mixin.py:149} INFO - [2023-05-06T20:56:32.719+0000] {dagbag.py:541} INFO - Filling up the DagBag from /home/airflow/.local/lib/python3.7/site-packages/airflow/example_dags/example_dynamic_task_mapping.py
[2023-05-06T20:56:32.731+0000] {processor.py:809} INFO - DAG(s) dict_keys(['example_dynamic_task_mapping']) retrieved from /home/airflow/.local/lib/python3.7/site-packages/airflow/example_dags/example_dynamic_task_mapping.py
[2023-05-06T20:56:32.955+0000] {logging_mixin.py:149} INFO - [2023-05-06T20:56:32.955+0000] {dag.py:2726} INFO - Sync 1 DAGs
[2023-05-06T20:56:32.998+0000] {logging_mixin.py:149} INFO - [2023-05-06T20:56:32.998+0000] {dag.py:3490} INFO - Setting next_dagrun for example_dynamic_task_mapping to 2022-03-04T00:00:00+00:00, run_after=2022-03-05T00:00:00+00:00
[2023-05-06T20:56:33.028+0000] {processor.py:178} INFO - Processing /home/airflow/.local/lib/python3.7/site-packages/airflow/example_dags/example_dynamic_task_mapping.py took 0.316 seconds
[2023-05-06T20:57:03.158+0000] {processor.py:156} INFO - Started process (PID=963) to work on /home/airflow/.local/lib/python3.7/site-packages/airflow/example_dags/example_dynamic_task_mapping.py
[2023-05-06T20:57:03.159+0000] {processor.py:799} INFO - Processing file /home/airflow/.local/lib/python3.7/site-packages/airflow/example_dags/example_dynamic_task_mapping.py for tasks to queue
[2023-05-06T20:57:03.161+0000] {logging_mixin.py:149} INFO - [2023-05-06T20:57:03.161+0000] {dagbag.py:541} INFO - Filling up the DagBag from /home/airflow/.local/lib/python3.7/site-packages/airflow/example_dags/example_dynamic_task_mapping.py
[2023-05-06T20:57:03.170+0000] {processor.py:809} INFO - DAG(s) dict_keys(['example_dynamic_task_mapping']) retrieved from /home/airflow/.local/lib/python3.7/site-packages/airflow/example_dags/example_dynamic_task_mapping.py
[2023-05-06T20:57:03.202+0000] {logging_mixin.py:149} INFO - [2023-05-06T20:57:03.202+0000] {dag.py:2726} INFO - Sync 1 DAGs
[2023-05-06T20:57:03.243+0000] {logging_mixin.py:149} INFO - [2023-05-06T20:57:03.243+0000] {dag.py:3490} INFO - Setting next_dagrun for example_dynamic_task_mapping to 2022-03-04T00:00:00+00:00, run_after=2022-03-05T00:00:00+00:00
[2023-05-06T20:57:03.274+0000] {processor.py:178} INFO - Processing /home/airflow/.local/lib/python3.7/site-packages/airflow/example_dags/example_dynamic_task_mapping.py took 0.120 seconds
[2023-05-06T20:57:33.696+0000] {processor.py:156} INFO - Started process (PID=1201) to work on /home/airflow/.local/lib/python3.7/site-packages/airflow/example_dags/example_dynamic_task_mapping.py
[2023-05-06T20:57:33.697+0000] {processor.py:799} INFO - Processing file /home/airflow/.local/lib/python3.7/site-packages/airflow/example_dags/example_dynamic_task_mapping.py for tasks to queue
[2023-05-06T20:57:33.699+0000] {logging_mixin.py:149} INFO - [2023-05-06T20:57:33.698+0000] {dagbag.py:541} INFO - Filling up the DagBag from /home/airflow/.local/lib/python3.7/site-packages/airflow/example_dags/example_dynamic_task_mapping.py
[2023-05-06T20:57:33.709+0000] {processor.py:809} INFO - DAG(s) dict_keys(['example_dynamic_task_mapping']) retrieved from /home/airflow/.local/lib/python3.7/site-packages/airflow/example_dags/example_dynamic_task_mapping.py
[2023-05-06T20:57:33.728+0000] {logging_mixin.py:149} INFO - [2023-05-06T20:57:33.728+0000] {dag.py:2726} INFO - Sync 1 DAGs
[2023-05-06T20:57:33.767+0000] {logging_mixin.py:149} INFO - [2023-05-06T20:57:33.766+0000] {dag.py:3490} INFO - Setting next_dagrun for example_dynamic_task_mapping to 2022-03-04T00:00:00+00:00, run_after=2022-03-05T00:00:00+00:00
[2023-05-06T20:57:33.795+0000] {processor.py:178} INFO - Processing /home/airflow/.local/lib/python3.7/site-packages/airflow/example_dags/example_dynamic_task_mapping.py took 0.104 seconds
[2023-05-06T20:58:04.298+0000] {processor.py:156} INFO - Started process (PID=1437) to work on /home/airflow/.local/lib/python3.7/site-packages/airflow/example_dags/example_dynamic_task_mapping.py
[2023-05-06T20:58:04.300+0000] {processor.py:799} INFO - Processing file /home/airflow/.local/lib/python3.7/site-packages/airflow/example_dags/example_dynamic_task_mapping.py for tasks to queue
[2023-05-06T20:58:04.302+0000] {logging_mixin.py:149} INFO - [2023-05-06T20:58:04.301+0000] {dagbag.py:541} INFO - Filling up the DagBag from /home/airflow/.local/lib/python3.7/site-packages/airflow/example_dags/example_dynamic_task_mapping.py
[2023-05-06T20:58:04.311+0000] {processor.py:809} INFO - DAG(s) dict_keys(['example_dynamic_task_mapping']) retrieved from /home/airflow/.local/lib/python3.7/site-packages/airflow/example_dags/example_dynamic_task_mapping.py
[2023-05-06T20:58:04.345+0000] {logging_mixin.py:149} INFO - [2023-05-06T20:58:04.345+0000] {dag.py:2726} INFO - Sync 1 DAGs
[2023-05-06T20:58:04.388+0000] {logging_mixin.py:149} INFO - [2023-05-06T20:58:04.388+0000] {dag.py:3490} INFO - Setting next_dagrun for example_dynamic_task_mapping to 2022-03-04T00:00:00+00:00, run_after=2022-03-05T00:00:00+00:00
[2023-05-06T20:58:04.418+0000] {processor.py:178} INFO - Processing /home/airflow/.local/lib/python3.7/site-packages/airflow/example_dags/example_dynamic_task_mapping.py took 0.124 seconds
[2023-05-06T20:58:35.045+0000] {processor.py:156} INFO - Started process (PID=1673) to work on /home/airflow/.local/lib/python3.7/site-packages/airflow/example_dags/example_dynamic_task_mapping.py
[2023-05-06T20:58:35.047+0000] {processor.py:799} INFO - Processing file /home/airflow/.local/lib/python3.7/site-packages/airflow/example_dags/example_dynamic_task_mapping.py for tasks to queue
[2023-05-06T20:58:35.048+0000] {logging_mixin.py:149} INFO - [2023-05-06T20:58:35.048+0000] {dagbag.py:541} INFO - Filling up the DagBag from /home/airflow/.local/lib/python3.7/site-packages/airflow/example_dags/example_dynamic_task_mapping.py
[2023-05-06T20:58:35.058+0000] {processor.py:809} INFO - DAG(s) dict_keys(['example_dynamic_task_mapping']) retrieved from /home/airflow/.local/lib/python3.7/site-packages/airflow/example_dags/example_dynamic_task_mapping.py
[2023-05-06T20:58:35.086+0000] {logging_mixin.py:149} INFO - [2023-05-06T20:58:35.086+0000] {dag.py:2726} INFO - Sync 1 DAGs
[2023-05-06T20:58:35.124+0000] {logging_mixin.py:149} INFO - [2023-05-06T20:58:35.124+0000] {dag.py:3490} INFO - Setting next_dagrun for example_dynamic_task_mapping to 2022-03-04T00:00:00+00:00, run_after=2022-03-05T00:00:00+00:00
[2023-05-06T20:58:35.153+0000] {processor.py:178} INFO - Processing /home/airflow/.local/lib/python3.7/site-packages/airflow/example_dags/example_dynamic_task_mapping.py took 0.112 seconds
[2023-05-06T20:59:05.336+0000] {processor.py:156} INFO - Started process (PID=1909) to work on /home/airflow/.local/lib/python3.7/site-packages/airflow/example_dags/example_dynamic_task_mapping.py
[2023-05-06T20:59:05.338+0000] {processor.py:799} INFO - Processing file /home/airflow/.local/lib/python3.7/site-packages/airflow/example_dags/example_dynamic_task_mapping.py for tasks to queue
[2023-05-06T20:59:05.340+0000] {logging_mixin.py:149} INFO - [2023-05-06T20:59:05.340+0000] {dagbag.py:541} INFO - Filling up the DagBag from /home/airflow/.local/lib/python3.7/site-packages/airflow/example_dags/example_dynamic_task_mapping.py
[2023-05-06T20:59:05.348+0000] {processor.py:809} INFO - DAG(s) dict_keys(['example_dynamic_task_mapping']) retrieved from /home/airflow/.local/lib/python3.7/site-packages/airflow/example_dags/example_dynamic_task_mapping.py
[2023-05-06T20:59:05.382+0000] {logging_mixin.py:149} INFO - [2023-05-06T20:59:05.382+0000] {dag.py:2726} INFO - Sync 1 DAGs
[2023-05-06T20:59:05.420+0000] {logging_mixin.py:149} INFO - [2023-05-06T20:59:05.420+0000] {dag.py:3490} INFO - Setting next_dagrun for example_dynamic_task_mapping to 2022-03-04T00:00:00+00:00, run_after=2022-03-05T00:00:00+00:00
[2023-05-06T20:59:05.455+0000] {processor.py:178} INFO - Processing /home/airflow/.local/lib/python3.7/site-packages/airflow/example_dags/example_dynamic_task_mapping.py took 0.124 seconds
[2023-05-06T20:59:35.707+0000] {processor.py:156} INFO - Started process (PID=2147) to work on /home/airflow/.local/lib/python3.7/site-packages/airflow/example_dags/example_dynamic_task_mapping.py
[2023-05-06T20:59:35.709+0000] {processor.py:799} INFO - Processing file /home/airflow/.local/lib/python3.7/site-packages/airflow/example_dags/example_dynamic_task_mapping.py for tasks to queue
[2023-05-06T20:59:35.711+0000] {logging_mixin.py:149} INFO - [2023-05-06T20:59:35.710+0000] {dagbag.py:541} INFO - Filling up the DagBag from /home/airflow/.local/lib/python3.7/site-packages/airflow/example_dags/example_dynamic_task_mapping.py
[2023-05-06T20:59:35.723+0000] {processor.py:809} INFO - DAG(s) dict_keys(['example_dynamic_task_mapping']) retrieved from /home/airflow/.local/lib/python3.7/site-packages/airflow/example_dags/example_dynamic_task_mapping.py
[2023-05-06T20:59:35.758+0000] {logging_mixin.py:149} INFO - [2023-05-06T20:59:35.758+0000] {dag.py:2726} INFO - Sync 1 DAGs
[2023-05-06T20:59:35.806+0000] {logging_mixin.py:149} INFO - [2023-05-06T20:59:35.806+0000] {dag.py:3490} INFO - Setting next_dagrun for example_dynamic_task_mapping to 2022-03-04T00:00:00+00:00, run_after=2022-03-05T00:00:00+00:00
[2023-05-06T20:59:35.846+0000] {processor.py:178} INFO - Processing /home/airflow/.local/lib/python3.7/site-packages/airflow/example_dags/example_dynamic_task_mapping.py took 0.142 seconds
[2023-05-06T21:00:06.664+0000] {processor.py:156} INFO - Started process (PID=2385) to work on /home/airflow/.local/lib/python3.7/site-packages/airflow/example_dags/example_dynamic_task_mapping.py
[2023-05-06T21:00:06.665+0000] {processor.py:799} INFO - Processing file /home/airflow/.local/lib/python3.7/site-packages/airflow/example_dags/example_dynamic_task_mapping.py for tasks to queue
[2023-05-06T21:00:06.667+0000] {logging_mixin.py:149} INFO - [2023-05-06T21:00:06.667+0000] {dagbag.py:541} INFO - Filling up the DagBag from /home/airflow/.local/lib/python3.7/site-packages/airflow/example_dags/example_dynamic_task_mapping.py
[2023-05-06T21:00:06.677+0000] {processor.py:809} INFO - DAG(s) dict_keys(['example_dynamic_task_mapping']) retrieved from /home/airflow/.local/lib/python3.7/site-packages/airflow/example_dags/example_dynamic_task_mapping.py
[2023-05-06T21:00:06.695+0000] {logging_mixin.py:149} INFO - [2023-05-06T21:00:06.694+0000] {dag.py:2726} INFO - Sync 1 DAGs
[2023-05-06T21:00:06.732+0000] {logging_mixin.py:149} INFO - [2023-05-06T21:00:06.732+0000] {dag.py:3490} INFO - Setting next_dagrun for example_dynamic_task_mapping to 2022-03-04T00:00:00+00:00, run_after=2022-03-05T00:00:00+00:00
[2023-05-06T21:00:06.757+0000] {processor.py:178} INFO - Processing /home/airflow/.local/lib/python3.7/site-packages/airflow/example_dags/example_dynamic_task_mapping.py took 0.096 seconds
[2023-05-06T21:00:36.992+0000] {processor.py:156} INFO - Started process (PID=2623) to work on /home/airflow/.local/lib/python3.7/site-packages/airflow/example_dags/example_dynamic_task_mapping.py
[2023-05-06T21:00:36.995+0000] {processor.py:799} INFO - Processing file /home/airflow/.local/lib/python3.7/site-packages/airflow/example_dags/example_dynamic_task_mapping.py for tasks to queue
[2023-05-06T21:00:36.997+0000] {logging_mixin.py:149} INFO - [2023-05-06T21:00:36.997+0000] {dagbag.py:541} INFO - Filling up the DagBag from /home/airflow/.local/lib/python3.7/site-packages/airflow/example_dags/example_dynamic_task_mapping.py
[2023-05-06T21:00:37.007+0000] {processor.py:809} INFO - DAG(s) dict_keys(['example_dynamic_task_mapping']) retrieved from /home/airflow/.local/lib/python3.7/site-packages/airflow/example_dags/example_dynamic_task_mapping.py
[2023-05-06T21:00:37.045+0000] {logging_mixin.py:149} INFO - [2023-05-06T21:00:37.045+0000] {dag.py:2726} INFO - Sync 1 DAGs
[2023-05-06T21:00:37.086+0000] {logging_mixin.py:149} INFO - [2023-05-06T21:00:37.086+0000] {dag.py:3490} INFO - Setting next_dagrun for example_dynamic_task_mapping to 2022-03-04T00:00:00+00:00, run_after=2022-03-05T00:00:00+00:00
[2023-05-06T21:00:37.118+0000] {processor.py:178} INFO - Processing /home/airflow/.local/lib/python3.7/site-packages/airflow/example_dags/example_dynamic_task_mapping.py took 0.130 seconds
[2023-05-06T21:01:07.585+0000] {processor.py:156} INFO - Started process (PID=2863) to work on /home/airflow/.local/lib/python3.7/site-packages/airflow/example_dags/example_dynamic_task_mapping.py
[2023-05-06T21:01:07.587+0000] {processor.py:799} INFO - Processing file /home/airflow/.local/lib/python3.7/site-packages/airflow/example_dags/example_dynamic_task_mapping.py for tasks to queue
[2023-05-06T21:01:07.589+0000] {logging_mixin.py:149} INFO - [2023-05-06T21:01:07.588+0000] {dagbag.py:541} INFO - Filling up the DagBag from /home/airflow/.local/lib/python3.7/site-packages/airflow/example_dags/example_dynamic_task_mapping.py
[2023-05-06T21:01:07.598+0000] {processor.py:809} INFO - DAG(s) dict_keys(['example_dynamic_task_mapping']) retrieved from /home/airflow/.local/lib/python3.7/site-packages/airflow/example_dags/example_dynamic_task_mapping.py
[2023-05-06T21:01:07.629+0000] {logging_mixin.py:149} INFO - [2023-05-06T21:01:07.628+0000] {dag.py:2726} INFO - Sync 1 DAGs
[2023-05-06T21:01:07.663+0000] {logging_mixin.py:149} INFO - [2023-05-06T21:01:07.663+0000] {dag.py:3490} INFO - Setting next_dagrun for example_dynamic_task_mapping to 2022-03-04T00:00:00+00:00, run_after=2022-03-05T00:00:00+00:00
[2023-05-06T21:01:07.691+0000] {processor.py:178} INFO - Processing /home/airflow/.local/lib/python3.7/site-packages/airflow/example_dags/example_dynamic_task_mapping.py took 0.109 seconds
[2023-05-06T21:01:38.454+0000] {processor.py:156} INFO - Started process (PID=3101) to work on /home/airflow/.local/lib/python3.7/site-packages/airflow/example_dags/example_dynamic_task_mapping.py
[2023-05-06T21:01:38.456+0000] {processor.py:799} INFO - Processing file /home/airflow/.local/lib/python3.7/site-packages/airflow/example_dags/example_dynamic_task_mapping.py for tasks to queue
[2023-05-06T21:01:38.458+0000] {logging_mixin.py:149} INFO - [2023-05-06T21:01:38.458+0000] {dagbag.py:541} INFO - Filling up the DagBag from /home/airflow/.local/lib/python3.7/site-packages/airflow/example_dags/example_dynamic_task_mapping.py
[2023-05-06T21:01:38.469+0000] {processor.py:809} INFO - DAG(s) dict_keys(['example_dynamic_task_mapping']) retrieved from /home/airflow/.local/lib/python3.7/site-packages/airflow/example_dags/example_dynamic_task_mapping.py
[2023-05-06T21:01:38.509+0000] {logging_mixin.py:149} INFO - [2023-05-06T21:01:38.508+0000] {dag.py:2726} INFO - Sync 1 DAGs
[2023-05-06T21:01:38.553+0000] {logging_mixin.py:149} INFO - [2023-05-06T21:01:38.552+0000] {dag.py:3490} INFO - Setting next_dagrun for example_dynamic_task_mapping to 2022-03-04T00:00:00+00:00, run_after=2022-03-05T00:00:00+00:00
[2023-05-06T21:01:38.587+0000] {processor.py:178} INFO - Processing /home/airflow/.local/lib/python3.7/site-packages/airflow/example_dags/example_dynamic_task_mapping.py took 0.135 seconds
[2023-05-06T21:02:09.100+0000] {processor.py:156} INFO - Started process (PID=3339) to work on /home/airflow/.local/lib/python3.7/site-packages/airflow/example_dags/example_dynamic_task_mapping.py
[2023-05-06T21:02:09.102+0000] {processor.py:799} INFO - Processing file /home/airflow/.local/lib/python3.7/site-packages/airflow/example_dags/example_dynamic_task_mapping.py for tasks to queue
[2023-05-06T21:02:09.103+0000] {logging_mixin.py:149} INFO - [2023-05-06T21:02:09.103+0000] {dagbag.py:541} INFO - Filling up the DagBag from /home/airflow/.local/lib/python3.7/site-packages/airflow/example_dags/example_dynamic_task_mapping.py
[2023-05-06T21:02:09.114+0000] {processor.py:809} INFO - DAG(s) dict_keys(['example_dynamic_task_mapping']) retrieved from /home/airflow/.local/lib/python3.7/site-packages/airflow/example_dags/example_dynamic_task_mapping.py
[2023-05-06T21:02:09.147+0000] {logging_mixin.py:149} INFO - [2023-05-06T21:02:09.147+0000] {dag.py:2726} INFO - Sync 1 DAGs
[2023-05-06T21:02:09.190+0000] {logging_mixin.py:149} INFO - [2023-05-06T21:02:09.190+0000] {dag.py:3490} INFO - Setting next_dagrun for example_dynamic_task_mapping to 2022-03-04T00:00:00+00:00, run_after=2022-03-05T00:00:00+00:00
[2023-05-06T21:02:09.222+0000] {processor.py:178} INFO - Processing /home/airflow/.local/lib/python3.7/site-packages/airflow/example_dags/example_dynamic_task_mapping.py took 0.127 seconds
[2023-05-06T21:02:39.330+0000] {processor.py:156} INFO - Started process (PID=3577) to work on /home/airflow/.local/lib/python3.7/site-packages/airflow/example_dags/example_dynamic_task_mapping.py
[2023-05-06T21:02:39.332+0000] {processor.py:799} INFO - Processing file /home/airflow/.local/lib/python3.7/site-packages/airflow/example_dags/example_dynamic_task_mapping.py for tasks to queue
[2023-05-06T21:02:39.333+0000] {logging_mixin.py:149} INFO - [2023-05-06T21:02:39.333+0000] {dagbag.py:541} INFO - Filling up the DagBag from /home/airflow/.local/lib/python3.7/site-packages/airflow/example_dags/example_dynamic_task_mapping.py
[2023-05-06T21:02:39.342+0000] {processor.py:809} INFO - DAG(s) dict_keys(['example_dynamic_task_mapping']) retrieved from /home/airflow/.local/lib/python3.7/site-packages/airflow/example_dags/example_dynamic_task_mapping.py
[2023-05-06T21:02:39.381+0000] {logging_mixin.py:149} INFO - [2023-05-06T21:02:39.381+0000] {dag.py:2726} INFO - Sync 1 DAGs
[2023-05-06T21:02:39.425+0000] {logging_mixin.py:149} INFO - [2023-05-06T21:02:39.425+0000] {dag.py:3490} INFO - Setting next_dagrun for example_dynamic_task_mapping to 2022-03-04T00:00:00+00:00, run_after=2022-03-05T00:00:00+00:00
[2023-05-06T21:02:39.463+0000] {processor.py:178} INFO - Processing /home/airflow/.local/lib/python3.7/site-packages/airflow/example_dags/example_dynamic_task_mapping.py took 0.136 seconds
[2023-05-06T21:03:09.633+0000] {processor.py:156} INFO - Started process (PID=3815) to work on /home/airflow/.local/lib/python3.7/site-packages/airflow/example_dags/example_dynamic_task_mapping.py
[2023-05-06T21:03:09.635+0000] {processor.py:799} INFO - Processing file /home/airflow/.local/lib/python3.7/site-packages/airflow/example_dags/example_dynamic_task_mapping.py for tasks to queue
[2023-05-06T21:03:09.636+0000] {logging_mixin.py:149} INFO - [2023-05-06T21:03:09.636+0000] {dagbag.py:541} INFO - Filling up the DagBag from /home/airflow/.local/lib/python3.7/site-packages/airflow/example_dags/example_dynamic_task_mapping.py
[2023-05-06T21:03:09.646+0000] {processor.py:809} INFO - DAG(s) dict_keys(['example_dynamic_task_mapping']) retrieved from /home/airflow/.local/lib/python3.7/site-packages/airflow/example_dags/example_dynamic_task_mapping.py
[2023-05-06T21:03:09.683+0000] {logging_mixin.py:149} INFO - [2023-05-06T21:03:09.683+0000] {dag.py:2726} INFO - Sync 1 DAGs
[2023-05-06T21:03:09.721+0000] {logging_mixin.py:149} INFO - [2023-05-06T21:03:09.721+0000] {dag.py:3490} INFO - Setting next_dagrun for example_dynamic_task_mapping to 2022-03-04T00:00:00+00:00, run_after=2022-03-05T00:00:00+00:00
[2023-05-06T21:03:09.751+0000] {processor.py:178} INFO - Processing /home/airflow/.local/lib/python3.7/site-packages/airflow/example_dags/example_dynamic_task_mapping.py took 0.122 seconds
[2023-05-06T21:03:40.349+0000] {processor.py:156} INFO - Started process (PID=4051) to work on /home/airflow/.local/lib/python3.7/site-packages/airflow/example_dags/example_dynamic_task_mapping.py
[2023-05-06T21:03:40.352+0000] {processor.py:799} INFO - Processing file /home/airflow/.local/lib/python3.7/site-packages/airflow/example_dags/example_dynamic_task_mapping.py for tasks to queue
[2023-05-06T21:03:40.354+0000] {logging_mixin.py:149} INFO - [2023-05-06T21:03:40.354+0000] {dagbag.py:541} INFO - Filling up the DagBag from /home/airflow/.local/lib/python3.7/site-packages/airflow/example_dags/example_dynamic_task_mapping.py
[2023-05-06T21:03:40.364+0000] {processor.py:809} INFO - DAG(s) dict_keys(['example_dynamic_task_mapping']) retrieved from /home/airflow/.local/lib/python3.7/site-packages/airflow/example_dags/example_dynamic_task_mapping.py
[2023-05-06T21:03:40.397+0000] {logging_mixin.py:149} INFO - [2023-05-06T21:03:40.397+0000] {dag.py:2726} INFO - Sync 1 DAGs
[2023-05-06T21:03:40.440+0000] {logging_mixin.py:149} INFO - [2023-05-06T21:03:40.440+0000] {dag.py:3490} INFO - Setting next_dagrun for example_dynamic_task_mapping to 2022-03-04T00:00:00+00:00, run_after=2022-03-05T00:00:00+00:00
[2023-05-06T21:03:40.472+0000] {processor.py:178} INFO - Processing /home/airflow/.local/lib/python3.7/site-packages/airflow/example_dags/example_dynamic_task_mapping.py took 0.129 seconds
[2023-05-06T21:04:11.243+0000] {processor.py:156} INFO - Started process (PID=4289) to work on /home/airflow/.local/lib/python3.7/site-packages/airflow/example_dags/example_dynamic_task_mapping.py
[2023-05-06T21:04:11.245+0000] {processor.py:799} INFO - Processing file /home/airflow/.local/lib/python3.7/site-packages/airflow/example_dags/example_dynamic_task_mapping.py for tasks to queue
[2023-05-06T21:04:11.246+0000] {logging_mixin.py:149} INFO - [2023-05-06T21:04:11.246+0000] {dagbag.py:541} INFO - Filling up the DagBag from /home/airflow/.local/lib/python3.7/site-packages/airflow/example_dags/example_dynamic_task_mapping.py
[2023-05-06T21:04:11.256+0000] {processor.py:809} INFO - DAG(s) dict_keys(['example_dynamic_task_mapping']) retrieved from /home/airflow/.local/lib/python3.7/site-packages/airflow/example_dags/example_dynamic_task_mapping.py
[2023-05-06T21:04:11.291+0000] {logging_mixin.py:149} INFO - [2023-05-06T21:04:11.290+0000] {dag.py:2726} INFO - Sync 1 DAGs
[2023-05-06T21:04:11.332+0000] {logging_mixin.py:149} INFO - [2023-05-06T21:04:11.332+0000] {dag.py:3490} INFO - Setting next_dagrun for example_dynamic_task_mapping to 2022-03-04T00:00:00+00:00, run_after=2022-03-05T00:00:00+00:00
[2023-05-06T21:04:11.365+0000] {processor.py:178} INFO - Processing /home/airflow/.local/lib/python3.7/site-packages/airflow/example_dags/example_dynamic_task_mapping.py took 0.127 seconds
[2023-05-06T21:04:41.819+0000] {processor.py:156} INFO - Started process (PID=4527) to work on /home/airflow/.local/lib/python3.7/site-packages/airflow/example_dags/example_dynamic_task_mapping.py
[2023-05-06T21:04:41.822+0000] {processor.py:799} INFO - Processing file /home/airflow/.local/lib/python3.7/site-packages/airflow/example_dags/example_dynamic_task_mapping.py for tasks to queue
[2023-05-06T21:04:41.824+0000] {logging_mixin.py:149} INFO - [2023-05-06T21:04:41.824+0000] {dagbag.py:541} INFO - Filling up the DagBag from /home/airflow/.local/lib/python3.7/site-packages/airflow/example_dags/example_dynamic_task_mapping.py
[2023-05-06T21:04:41.836+0000] {processor.py:809} INFO - DAG(s) dict_keys(['example_dynamic_task_mapping']) retrieved from /home/airflow/.local/lib/python3.7/site-packages/airflow/example_dags/example_dynamic_task_mapping.py
[2023-05-06T21:04:41.871+0000] {logging_mixin.py:149} INFO - [2023-05-06T21:04:41.871+0000] {dag.py:2726} INFO - Sync 1 DAGs
[2023-05-06T21:04:41.913+0000] {logging_mixin.py:149} INFO - [2023-05-06T21:04:41.913+0000] {dag.py:3490} INFO - Setting next_dagrun for example_dynamic_task_mapping to 2022-03-04T00:00:00+00:00, run_after=2022-03-05T00:00:00+00:00
[2023-05-06T21:04:41.952+0000] {processor.py:178} INFO - Processing /home/airflow/.local/lib/python3.7/site-packages/airflow/example_dags/example_dynamic_task_mapping.py took 0.139 seconds
[2023-05-06T21:05:12.462+0000] {processor.py:156} INFO - Started process (PID=4765) to work on /home/airflow/.local/lib/python3.7/site-packages/airflow/example_dags/example_dynamic_task_mapping.py
[2023-05-06T21:05:12.464+0000] {processor.py:799} INFO - Processing file /home/airflow/.local/lib/python3.7/site-packages/airflow/example_dags/example_dynamic_task_mapping.py for tasks to queue
[2023-05-06T21:05:12.465+0000] {logging_mixin.py:149} INFO - [2023-05-06T21:05:12.465+0000] {dagbag.py:541} INFO - Filling up the DagBag from /home/airflow/.local/lib/python3.7/site-packages/airflow/example_dags/example_dynamic_task_mapping.py
[2023-05-06T21:05:12.476+0000] {processor.py:809} INFO - DAG(s) dict_keys(['example_dynamic_task_mapping']) retrieved from /home/airflow/.local/lib/python3.7/site-packages/airflow/example_dags/example_dynamic_task_mapping.py
[2023-05-06T21:05:12.506+0000] {logging_mixin.py:149} INFO - [2023-05-06T21:05:12.506+0000] {dag.py:2726} INFO - Sync 1 DAGs
[2023-05-06T21:05:12.537+0000] {logging_mixin.py:149} INFO - [2023-05-06T21:05:12.537+0000] {dag.py:3490} INFO - Setting next_dagrun for example_dynamic_task_mapping to 2022-03-04T00:00:00+00:00, run_after=2022-03-05T00:00:00+00:00
[2023-05-06T21:05:12.562+0000] {processor.py:178} INFO - Processing /home/airflow/.local/lib/python3.7/site-packages/airflow/example_dags/example_dynamic_task_mapping.py took 0.105 seconds
[2023-05-06T21:05:43.001+0000] {processor.py:156} INFO - Started process (PID=5003) to work on /home/airflow/.local/lib/python3.7/site-packages/airflow/example_dags/example_dynamic_task_mapping.py
[2023-05-06T21:05:43.003+0000] {processor.py:799} INFO - Processing file /home/airflow/.local/lib/python3.7/site-packages/airflow/example_dags/example_dynamic_task_mapping.py for tasks to queue
[2023-05-06T21:05:43.004+0000] {logging_mixin.py:149} INFO - [2023-05-06T21:05:43.004+0000] {dagbag.py:541} INFO - Filling up the DagBag from /home/airflow/.local/lib/python3.7/site-packages/airflow/example_dags/example_dynamic_task_mapping.py
[2023-05-06T21:05:43.014+0000] {processor.py:809} INFO - DAG(s) dict_keys(['example_dynamic_task_mapping']) retrieved from /home/airflow/.local/lib/python3.7/site-packages/airflow/example_dags/example_dynamic_task_mapping.py
[2023-05-06T21:05:43.049+0000] {logging_mixin.py:149} INFO - [2023-05-06T21:05:43.049+0000] {dag.py:2726} INFO - Sync 1 DAGs
[2023-05-06T21:05:43.096+0000] {logging_mixin.py:149} INFO - [2023-05-06T21:05:43.096+0000] {dag.py:3490} INFO - Setting next_dagrun for example_dynamic_task_mapping to 2022-03-04T00:00:00+00:00, run_after=2022-03-05T00:00:00+00:00
[2023-05-06T21:05:43.128+0000] {processor.py:178} INFO - Processing /home/airflow/.local/lib/python3.7/site-packages/airflow/example_dags/example_dynamic_task_mapping.py took 0.132 seconds
[2023-05-06T21:06:13.323+0000] {processor.py:156} INFO - Started process (PID=5241) to work on /home/airflow/.local/lib/python3.7/site-packages/airflow/example_dags/example_dynamic_task_mapping.py
[2023-05-06T21:06:13.326+0000] {processor.py:799} INFO - Processing file /home/airflow/.local/lib/python3.7/site-packages/airflow/example_dags/example_dynamic_task_mapping.py for tasks to queue
[2023-05-06T21:06:13.328+0000] {logging_mixin.py:149} INFO - [2023-05-06T21:06:13.328+0000] {dagbag.py:541} INFO - Filling up the DagBag from /home/airflow/.local/lib/python3.7/site-packages/airflow/example_dags/example_dynamic_task_mapping.py
[2023-05-06T21:06:13.341+0000] {processor.py:809} INFO - DAG(s) dict_keys(['example_dynamic_task_mapping']) retrieved from /home/airflow/.local/lib/python3.7/site-packages/airflow/example_dags/example_dynamic_task_mapping.py
[2023-05-06T21:06:13.379+0000] {logging_mixin.py:149} INFO - [2023-05-06T21:06:13.379+0000] {dag.py:2726} INFO - Sync 1 DAGs
[2023-05-06T21:06:13.420+0000] {logging_mixin.py:149} INFO - [2023-05-06T21:06:13.419+0000] {dag.py:3490} INFO - Setting next_dagrun for example_dynamic_task_mapping to 2022-03-04T00:00:00+00:00, run_after=2022-03-05T00:00:00+00:00
[2023-05-06T21:06:13.454+0000] {processor.py:178} INFO - Processing /home/airflow/.local/lib/python3.7/site-packages/airflow/example_dags/example_dynamic_task_mapping.py took 0.135 seconds
[2023-05-06T21:06:43.984+0000] {processor.py:156} INFO - Started process (PID=5480) to work on /home/airflow/.local/lib/python3.7/site-packages/airflow/example_dags/example_dynamic_task_mapping.py
[2023-05-06T21:06:43.987+0000] {processor.py:799} INFO - Processing file /home/airflow/.local/lib/python3.7/site-packages/airflow/example_dags/example_dynamic_task_mapping.py for tasks to queue
[2023-05-06T21:06:43.990+0000] {logging_mixin.py:149} INFO - [2023-05-06T21:06:43.989+0000] {dagbag.py:541} INFO - Filling up the DagBag from /home/airflow/.local/lib/python3.7/site-packages/airflow/example_dags/example_dynamic_task_mapping.py
[2023-05-06T21:06:43.999+0000] {processor.py:809} INFO - DAG(s) dict_keys(['example_dynamic_task_mapping']) retrieved from /home/airflow/.local/lib/python3.7/site-packages/airflow/example_dags/example_dynamic_task_mapping.py
[2023-05-06T21:06:44.035+0000] {logging_mixin.py:149} INFO - [2023-05-06T21:06:44.035+0000] {dag.py:2726} INFO - Sync 1 DAGs
[2023-05-06T21:06:44.078+0000] {logging_mixin.py:149} INFO - [2023-05-06T21:06:44.078+0000] {dag.py:3490} INFO - Setting next_dagrun for example_dynamic_task_mapping to 2022-03-04T00:00:00+00:00, run_after=2022-03-05T00:00:00+00:00
[2023-05-06T21:06:44.110+0000] {processor.py:178} INFO - Processing /home/airflow/.local/lib/python3.7/site-packages/airflow/example_dags/example_dynamic_task_mapping.py took 0.130 seconds
[2023-05-06T21:07:14.654+0000] {processor.py:156} INFO - Started process (PID=5718) to work on /home/airflow/.local/lib/python3.7/site-packages/airflow/example_dags/example_dynamic_task_mapping.py
[2023-05-06T21:07:14.655+0000] {processor.py:799} INFO - Processing file /home/airflow/.local/lib/python3.7/site-packages/airflow/example_dags/example_dynamic_task_mapping.py for tasks to queue
[2023-05-06T21:07:14.657+0000] {logging_mixin.py:149} INFO - [2023-05-06T21:07:14.657+0000] {dagbag.py:541} INFO - Filling up the DagBag from /home/airflow/.local/lib/python3.7/site-packages/airflow/example_dags/example_dynamic_task_mapping.py
[2023-05-06T21:07:14.667+0000] {processor.py:809} INFO - DAG(s) dict_keys(['example_dynamic_task_mapping']) retrieved from /home/airflow/.local/lib/python3.7/site-packages/airflow/example_dags/example_dynamic_task_mapping.py
[2023-05-06T21:07:14.699+0000] {logging_mixin.py:149} INFO - [2023-05-06T21:07:14.698+0000] {dag.py:2726} INFO - Sync 1 DAGs
[2023-05-06T21:07:14.734+0000] {logging_mixin.py:149} INFO - [2023-05-06T21:07:14.734+0000] {dag.py:3490} INFO - Setting next_dagrun for example_dynamic_task_mapping to 2022-03-04T00:00:00+00:00, run_after=2022-03-05T00:00:00+00:00
[2023-05-06T21:07:14.762+0000] {processor.py:178} INFO - Processing /home/airflow/.local/lib/python3.7/site-packages/airflow/example_dags/example_dynamic_task_mapping.py took 0.112 seconds
