[2023-05-06T20:55:31.012+0000] {processor.py:156} INFO - Started process (PID=277) to work on /home/airflow/.local/lib/python3.7/site-packages/airflow/example_dags/example_latest_only.py
[2023-05-06T20:55:31.013+0000] {processor.py:799} INFO - Processing file /home/airflow/.local/lib/python3.7/site-packages/airflow/example_dags/example_latest_only.py for tasks to queue
[2023-05-06T20:55:31.015+0000] {logging_mixin.py:149} INFO - [2023-05-06T20:55:31.015+0000] {dagbag.py:541} INFO - Filling up the DagBag from /home/airflow/.local/lib/python3.7/site-packages/airflow/example_dags/example_latest_only.py
[2023-05-06T20:55:31.035+0000] {processor.py:809} INFO - DAG(s) dict_keys(['latest_only']) retrieved from /home/airflow/.local/lib/python3.7/site-packages/airflow/example_dags/example_latest_only.py
[2023-05-06T20:55:31.053+0000] {logging_mixin.py:149} INFO - [2023-05-06T20:55:31.052+0000] {dag.py:2726} INFO - Sync 1 DAGs
[2023-05-06T20:55:31.092+0000] {logging_mixin.py:149} INFO - [2023-05-06T20:55:31.092+0000] {dag.py:3490} INFO - Setting next_dagrun for latest_only to 2023-05-06T16:55:31.091992+00:00, run_after=2023-05-06T20:55:31.091992+00:00
[2023-05-06T20:55:31.136+0000] {processor.py:178} INFO - Processing /home/airflow/.local/lib/python3.7/site-packages/airflow/example_dags/example_latest_only.py took 0.128 seconds
[2023-05-06T20:56:03.066+0000] {processor.py:156} INFO - Started process (PID=515) to work on /home/airflow/.local/lib/python3.7/site-packages/airflow/example_dags/example_latest_only.py
[2023-05-06T20:56:03.069+0000] {processor.py:799} INFO - Processing file /home/airflow/.local/lib/python3.7/site-packages/airflow/example_dags/example_latest_only.py for tasks to queue
[2023-05-06T20:56:03.071+0000] {logging_mixin.py:149} INFO - [2023-05-06T20:56:03.071+0000] {dagbag.py:541} INFO - Filling up the DagBag from /home/airflow/.local/lib/python3.7/site-packages/airflow/example_dags/example_latest_only.py
[2023-05-06T20:56:03.083+0000] {processor.py:809} INFO - DAG(s) dict_keys(['latest_only']) retrieved from /home/airflow/.local/lib/python3.7/site-packages/airflow/example_dags/example_latest_only.py
[2023-05-06T20:56:03.123+0000] {logging_mixin.py:149} INFO - [2023-05-06T20:56:03.123+0000] {dag.py:2726} INFO - Sync 1 DAGs
[2023-05-06T20:56:03.332+0000] {logging_mixin.py:149} INFO - [2023-05-06T20:56:03.332+0000] {dag.py:3490} INFO - Setting next_dagrun for latest_only to 2023-05-06T16:56:03.332013+00:00, run_after=2023-05-06T20:56:03.332013+00:00
[2023-05-06T20:56:03.363+0000] {processor.py:178} INFO - Processing /home/airflow/.local/lib/python3.7/site-packages/airflow/example_dags/example_latest_only.py took 0.302 seconds
[2023-05-06T20:56:33.968+0000] {processor.py:156} INFO - Started process (PID=753) to work on /home/airflow/.local/lib/python3.7/site-packages/airflow/example_dags/example_latest_only.py
[2023-05-06T20:56:33.970+0000] {processor.py:799} INFO - Processing file /home/airflow/.local/lib/python3.7/site-packages/airflow/example_dags/example_latest_only.py for tasks to queue
[2023-05-06T20:56:33.971+0000] {logging_mixin.py:149} INFO - [2023-05-06T20:56:33.971+0000] {dagbag.py:541} INFO - Filling up the DagBag from /home/airflow/.local/lib/python3.7/site-packages/airflow/example_dags/example_latest_only.py
[2023-05-06T20:56:33.980+0000] {processor.py:809} INFO - DAG(s) dict_keys(['latest_only']) retrieved from /home/airflow/.local/lib/python3.7/site-packages/airflow/example_dags/example_latest_only.py
[2023-05-06T20:56:34.166+0000] {logging_mixin.py:149} INFO - [2023-05-06T20:56:34.166+0000] {dag.py:2726} INFO - Sync 1 DAGs
[2023-05-06T20:56:34.201+0000] {logging_mixin.py:149} INFO - [2023-05-06T20:56:34.201+0000] {dag.py:3490} INFO - Setting next_dagrun for latest_only to 2023-05-06T16:56:34.200997+00:00, run_after=2023-05-06T20:56:34.200997+00:00
[2023-05-06T20:56:34.233+0000] {processor.py:178} INFO - Processing /home/airflow/.local/lib/python3.7/site-packages/airflow/example_dags/example_latest_only.py took 0.268 seconds
[2023-05-06T20:57:04.727+0000] {processor.py:156} INFO - Started process (PID=991) to work on /home/airflow/.local/lib/python3.7/site-packages/airflow/example_dags/example_latest_only.py
[2023-05-06T20:57:04.730+0000] {processor.py:799} INFO - Processing file /home/airflow/.local/lib/python3.7/site-packages/airflow/example_dags/example_latest_only.py for tasks to queue
[2023-05-06T20:57:04.732+0000] {logging_mixin.py:149} INFO - [2023-05-06T20:57:04.732+0000] {dagbag.py:541} INFO - Filling up the DagBag from /home/airflow/.local/lib/python3.7/site-packages/airflow/example_dags/example_latest_only.py
[2023-05-06T20:57:04.738+0000] {processor.py:809} INFO - DAG(s) dict_keys(['latest_only']) retrieved from /home/airflow/.local/lib/python3.7/site-packages/airflow/example_dags/example_latest_only.py
[2023-05-06T20:57:04.772+0000] {logging_mixin.py:149} INFO - [2023-05-06T20:57:04.772+0000] {dag.py:2726} INFO - Sync 1 DAGs
[2023-05-06T20:57:04.815+0000] {logging_mixin.py:149} INFO - [2023-05-06T20:57:04.814+0000] {dag.py:3490} INFO - Setting next_dagrun for latest_only to 2023-05-06T16:57:04.814593+00:00, run_after=2023-05-06T20:57:04.814593+00:00
[2023-05-06T20:57:04.851+0000] {processor.py:178} INFO - Processing /home/airflow/.local/lib/python3.7/site-packages/airflow/example_dags/example_latest_only.py took 0.129 seconds
[2023-05-06T20:57:35.243+0000] {processor.py:156} INFO - Started process (PID=1229) to work on /home/airflow/.local/lib/python3.7/site-packages/airflow/example_dags/example_latest_only.py
[2023-05-06T20:57:35.245+0000] {processor.py:799} INFO - Processing file /home/airflow/.local/lib/python3.7/site-packages/airflow/example_dags/example_latest_only.py for tasks to queue
[2023-05-06T20:57:35.247+0000] {logging_mixin.py:149} INFO - [2023-05-06T20:57:35.247+0000] {dagbag.py:541} INFO - Filling up the DagBag from /home/airflow/.local/lib/python3.7/site-packages/airflow/example_dags/example_latest_only.py
[2023-05-06T20:57:35.255+0000] {processor.py:809} INFO - DAG(s) dict_keys(['latest_only']) retrieved from /home/airflow/.local/lib/python3.7/site-packages/airflow/example_dags/example_latest_only.py
[2023-05-06T20:57:35.285+0000] {logging_mixin.py:149} INFO - [2023-05-06T20:57:35.284+0000] {dag.py:2726} INFO - Sync 1 DAGs
[2023-05-06T20:57:35.354+0000] {logging_mixin.py:149} INFO - [2023-05-06T20:57:35.353+0000] {dag.py:3490} INFO - Setting next_dagrun for latest_only to 2023-05-06T16:57:35.352282+00:00, run_after=2023-05-06T20:57:35.352282+00:00
[2023-05-06T20:57:35.395+0000] {processor.py:178} INFO - Processing /home/airflow/.local/lib/python3.7/site-packages/airflow/example_dags/example_latest_only.py took 0.158 seconds
[2023-05-06T20:58:06.068+0000] {processor.py:156} INFO - Started process (PID=1467) to work on /home/airflow/.local/lib/python3.7/site-packages/airflow/example_dags/example_latest_only.py
[2023-05-06T20:58:06.070+0000] {processor.py:799} INFO - Processing file /home/airflow/.local/lib/python3.7/site-packages/airflow/example_dags/example_latest_only.py for tasks to queue
[2023-05-06T20:58:06.071+0000] {logging_mixin.py:149} INFO - [2023-05-06T20:58:06.071+0000] {dagbag.py:541} INFO - Filling up the DagBag from /home/airflow/.local/lib/python3.7/site-packages/airflow/example_dags/example_latest_only.py
[2023-05-06T20:58:06.084+0000] {processor.py:809} INFO - DAG(s) dict_keys(['latest_only']) retrieved from /home/airflow/.local/lib/python3.7/site-packages/airflow/example_dags/example_latest_only.py
[2023-05-06T20:58:06.116+0000] {logging_mixin.py:149} INFO - [2023-05-06T20:58:06.116+0000] {dag.py:2726} INFO - Sync 1 DAGs
[2023-05-06T20:58:06.156+0000] {logging_mixin.py:149} INFO - [2023-05-06T20:58:06.156+0000] {dag.py:3490} INFO - Setting next_dagrun for latest_only to 2023-05-06T16:58:06.155967+00:00, run_after=2023-05-06T20:58:06.155967+00:00
[2023-05-06T20:58:06.189+0000] {processor.py:178} INFO - Processing /home/airflow/.local/lib/python3.7/site-packages/airflow/example_dags/example_latest_only.py took 0.125 seconds
[2023-05-06T20:58:36.781+0000] {processor.py:156} INFO - Started process (PID=1706) to work on /home/airflow/.local/lib/python3.7/site-packages/airflow/example_dags/example_latest_only.py
[2023-05-06T20:58:36.783+0000] {processor.py:799} INFO - Processing file /home/airflow/.local/lib/python3.7/site-packages/airflow/example_dags/example_latest_only.py for tasks to queue
[2023-05-06T20:58:36.786+0000] {logging_mixin.py:149} INFO - [2023-05-06T20:58:36.786+0000] {dagbag.py:541} INFO - Filling up the DagBag from /home/airflow/.local/lib/python3.7/site-packages/airflow/example_dags/example_latest_only.py
[2023-05-06T20:58:36.793+0000] {processor.py:809} INFO - DAG(s) dict_keys(['latest_only']) retrieved from /home/airflow/.local/lib/python3.7/site-packages/airflow/example_dags/example_latest_only.py
[2023-05-06T20:58:36.827+0000] {logging_mixin.py:149} INFO - [2023-05-06T20:58:36.827+0000] {dag.py:2726} INFO - Sync 1 DAGs
[2023-05-06T20:58:36.868+0000] {logging_mixin.py:149} INFO - [2023-05-06T20:58:36.868+0000] {dag.py:3490} INFO - Setting next_dagrun for latest_only to 2023-05-06T16:58:36.867864+00:00, run_after=2023-05-06T20:58:36.867864+00:00
[2023-05-06T20:58:36.902+0000] {processor.py:178} INFO - Processing /home/airflow/.local/lib/python3.7/site-packages/airflow/example_dags/example_latest_only.py took 0.125 seconds
[2023-05-06T20:59:07.131+0000] {processor.py:156} INFO - Started process (PID=1944) to work on /home/airflow/.local/lib/python3.7/site-packages/airflow/example_dags/example_latest_only.py
[2023-05-06T20:59:07.133+0000] {processor.py:799} INFO - Processing file /home/airflow/.local/lib/python3.7/site-packages/airflow/example_dags/example_latest_only.py for tasks to queue
[2023-05-06T20:59:07.134+0000] {logging_mixin.py:149} INFO - [2023-05-06T20:59:07.134+0000] {dagbag.py:541} INFO - Filling up the DagBag from /home/airflow/.local/lib/python3.7/site-packages/airflow/example_dags/example_latest_only.py
[2023-05-06T20:59:07.142+0000] {processor.py:809} INFO - DAG(s) dict_keys(['latest_only']) retrieved from /home/airflow/.local/lib/python3.7/site-packages/airflow/example_dags/example_latest_only.py
[2023-05-06T20:59:07.181+0000] {logging_mixin.py:149} INFO - [2023-05-06T20:59:07.181+0000] {dag.py:2726} INFO - Sync 1 DAGs
[2023-05-06T20:59:07.216+0000] {logging_mixin.py:149} INFO - [2023-05-06T20:59:07.216+0000] {dag.py:3490} INFO - Setting next_dagrun for latest_only to 2023-05-06T16:59:07.215800+00:00, run_after=2023-05-06T20:59:07.215800+00:00
[2023-05-06T20:59:07.244+0000] {processor.py:178} INFO - Processing /home/airflow/.local/lib/python3.7/site-packages/airflow/example_dags/example_latest_only.py took 0.116 seconds
[2023-05-06T20:59:37.849+0000] {processor.py:156} INFO - Started process (PID=2182) to work on /home/airflow/.local/lib/python3.7/site-packages/airflow/example_dags/example_latest_only.py
[2023-05-06T20:59:37.851+0000] {processor.py:799} INFO - Processing file /home/airflow/.local/lib/python3.7/site-packages/airflow/example_dags/example_latest_only.py for tasks to queue
[2023-05-06T20:59:37.853+0000] {logging_mixin.py:149} INFO - [2023-05-06T20:59:37.853+0000] {dagbag.py:541} INFO - Filling up the DagBag from /home/airflow/.local/lib/python3.7/site-packages/airflow/example_dags/example_latest_only.py
[2023-05-06T20:59:37.864+0000] {processor.py:809} INFO - DAG(s) dict_keys(['latest_only']) retrieved from /home/airflow/.local/lib/python3.7/site-packages/airflow/example_dags/example_latest_only.py
[2023-05-06T20:59:37.902+0000] {logging_mixin.py:149} INFO - [2023-05-06T20:59:37.902+0000] {dag.py:2726} INFO - Sync 1 DAGs
[2023-05-06T20:59:37.951+0000] {logging_mixin.py:149} INFO - [2023-05-06T20:59:37.950+0000] {dag.py:3490} INFO - Setting next_dagrun for latest_only to 2023-05-06T16:59:37.950602+00:00, run_after=2023-05-06T20:59:37.950602+00:00
[2023-05-06T20:59:37.985+0000] {processor.py:178} INFO - Processing /home/airflow/.local/lib/python3.7/site-packages/airflow/example_dags/example_latest_only.py took 0.140 seconds
[2023-05-06T21:00:08.314+0000] {processor.py:156} INFO - Started process (PID=2420) to work on /home/airflow/.local/lib/python3.7/site-packages/airflow/example_dags/example_latest_only.py
[2023-05-06T21:00:08.316+0000] {processor.py:799} INFO - Processing file /home/airflow/.local/lib/python3.7/site-packages/airflow/example_dags/example_latest_only.py for tasks to queue
[2023-05-06T21:00:08.318+0000] {logging_mixin.py:149} INFO - [2023-05-06T21:00:08.318+0000] {dagbag.py:541} INFO - Filling up the DagBag from /home/airflow/.local/lib/python3.7/site-packages/airflow/example_dags/example_latest_only.py
[2023-05-06T21:00:08.326+0000] {processor.py:809} INFO - DAG(s) dict_keys(['latest_only']) retrieved from /home/airflow/.local/lib/python3.7/site-packages/airflow/example_dags/example_latest_only.py
[2023-05-06T21:00:08.344+0000] {logging_mixin.py:149} INFO - [2023-05-06T21:00:08.344+0000] {dag.py:2726} INFO - Sync 1 DAGs
[2023-05-06T21:00:08.382+0000] {logging_mixin.py:149} INFO - [2023-05-06T21:00:08.382+0000] {dag.py:3490} INFO - Setting next_dagrun for latest_only to 2023-05-06T17:00:08.382267+00:00, run_after=2023-05-06T21:00:08.382267+00:00
[2023-05-06T21:00:08.419+0000] {processor.py:178} INFO - Processing /home/airflow/.local/lib/python3.7/site-packages/airflow/example_dags/example_latest_only.py took 0.110 seconds
[2023-05-06T21:00:38.715+0000] {processor.py:156} INFO - Started process (PID=2658) to work on /home/airflow/.local/lib/python3.7/site-packages/airflow/example_dags/example_latest_only.py
[2023-05-06T21:00:38.717+0000] {processor.py:799} INFO - Processing file /home/airflow/.local/lib/python3.7/site-packages/airflow/example_dags/example_latest_only.py for tasks to queue
[2023-05-06T21:00:38.719+0000] {logging_mixin.py:149} INFO - [2023-05-06T21:00:38.718+0000] {dagbag.py:541} INFO - Filling up the DagBag from /home/airflow/.local/lib/python3.7/site-packages/airflow/example_dags/example_latest_only.py
[2023-05-06T21:00:38.725+0000] {processor.py:809} INFO - DAG(s) dict_keys(['latest_only']) retrieved from /home/airflow/.local/lib/python3.7/site-packages/airflow/example_dags/example_latest_only.py
[2023-05-06T21:00:38.757+0000] {logging_mixin.py:149} INFO - [2023-05-06T21:00:38.757+0000] {dag.py:2726} INFO - Sync 1 DAGs
[2023-05-06T21:00:38.792+0000] {logging_mixin.py:149} INFO - [2023-05-06T21:00:38.791+0000] {dag.py:3490} INFO - Setting next_dagrun for latest_only to 2023-05-06T17:00:38.791642+00:00, run_after=2023-05-06T21:00:38.791642+00:00
[2023-05-06T21:00:38.820+0000] {processor.py:178} INFO - Processing /home/airflow/.local/lib/python3.7/site-packages/airflow/example_dags/example_latest_only.py took 0.110 seconds
[2023-05-06T21:01:09.186+0000] {processor.py:156} INFO - Started process (PID=2896) to work on /home/airflow/.local/lib/python3.7/site-packages/airflow/example_dags/example_latest_only.py
[2023-05-06T21:01:09.188+0000] {processor.py:799} INFO - Processing file /home/airflow/.local/lib/python3.7/site-packages/airflow/example_dags/example_latest_only.py for tasks to queue
[2023-05-06T21:01:09.190+0000] {logging_mixin.py:149} INFO - [2023-05-06T21:01:09.189+0000] {dagbag.py:541} INFO - Filling up the DagBag from /home/airflow/.local/lib/python3.7/site-packages/airflow/example_dags/example_latest_only.py
[2023-05-06T21:01:09.196+0000] {processor.py:809} INFO - DAG(s) dict_keys(['latest_only']) retrieved from /home/airflow/.local/lib/python3.7/site-packages/airflow/example_dags/example_latest_only.py
[2023-05-06T21:01:09.226+0000] {logging_mixin.py:149} INFO - [2023-05-06T21:01:09.226+0000] {dag.py:2726} INFO - Sync 1 DAGs
[2023-05-06T21:01:09.265+0000] {logging_mixin.py:149} INFO - [2023-05-06T21:01:09.265+0000] {dag.py:3490} INFO - Setting next_dagrun for latest_only to 2023-05-06T17:01:09.265232+00:00, run_after=2023-05-06T21:01:09.265232+00:00
[2023-05-06T21:01:09.292+0000] {processor.py:178} INFO - Processing /home/airflow/.local/lib/python3.7/site-packages/airflow/example_dags/example_latest_only.py took 0.110 seconds
[2023-05-06T21:01:40.488+0000] {processor.py:156} INFO - Started process (PID=3134) to work on /home/airflow/.local/lib/python3.7/site-packages/airflow/example_dags/example_latest_only.py
[2023-05-06T21:01:40.490+0000] {processor.py:799} INFO - Processing file /home/airflow/.local/lib/python3.7/site-packages/airflow/example_dags/example_latest_only.py for tasks to queue
[2023-05-06T21:01:40.492+0000] {logging_mixin.py:149} INFO - [2023-05-06T21:01:40.492+0000] {dagbag.py:541} INFO - Filling up the DagBag from /home/airflow/.local/lib/python3.7/site-packages/airflow/example_dags/example_latest_only.py
[2023-05-06T21:01:40.500+0000] {processor.py:809} INFO - DAG(s) dict_keys(['latest_only']) retrieved from /home/airflow/.local/lib/python3.7/site-packages/airflow/example_dags/example_latest_only.py
[2023-05-06T21:01:40.536+0000] {logging_mixin.py:149} INFO - [2023-05-06T21:01:40.536+0000] {dag.py:2726} INFO - Sync 1 DAGs
[2023-05-06T21:01:40.574+0000] {logging_mixin.py:149} INFO - [2023-05-06T21:01:40.574+0000] {dag.py:3490} INFO - Setting next_dagrun for latest_only to 2023-05-06T17:01:40.574472+00:00, run_after=2023-05-06T21:01:40.574472+00:00
[2023-05-06T21:01:40.602+0000] {processor.py:178} INFO - Processing /home/airflow/.local/lib/python3.7/site-packages/airflow/example_dags/example_latest_only.py took 0.120 seconds
[2023-05-06T21:02:11.138+0000] {processor.py:156} INFO - Started process (PID=3372) to work on /home/airflow/.local/lib/python3.7/site-packages/airflow/example_dags/example_latest_only.py
[2023-05-06T21:02:11.141+0000] {processor.py:799} INFO - Processing file /home/airflow/.local/lib/python3.7/site-packages/airflow/example_dags/example_latest_only.py for tasks to queue
[2023-05-06T21:02:11.142+0000] {logging_mixin.py:149} INFO - [2023-05-06T21:02:11.142+0000] {dagbag.py:541} INFO - Filling up the DagBag from /home/airflow/.local/lib/python3.7/site-packages/airflow/example_dags/example_latest_only.py
[2023-05-06T21:02:11.151+0000] {processor.py:809} INFO - DAG(s) dict_keys(['latest_only']) retrieved from /home/airflow/.local/lib/python3.7/site-packages/airflow/example_dags/example_latest_only.py
[2023-05-06T21:02:11.188+0000] {logging_mixin.py:149} INFO - [2023-05-06T21:02:11.188+0000] {dag.py:2726} INFO - Sync 1 DAGs
[2023-05-06T21:02:11.237+0000] {logging_mixin.py:149} INFO - [2023-05-06T21:02:11.237+0000] {dag.py:3490} INFO - Setting next_dagrun for latest_only to 2023-05-06T17:02:11.237007+00:00, run_after=2023-05-06T21:02:11.237007+00:00
[2023-05-06T21:02:11.268+0000] {processor.py:178} INFO - Processing /home/airflow/.local/lib/python3.7/site-packages/airflow/example_dags/example_latest_only.py took 0.134 seconds
[2023-05-06T21:02:41.563+0000] {processor.py:156} INFO - Started process (PID=3610) to work on /home/airflow/.local/lib/python3.7/site-packages/airflow/example_dags/example_latest_only.py
[2023-05-06T21:02:41.566+0000] {processor.py:799} INFO - Processing file /home/airflow/.local/lib/python3.7/site-packages/airflow/example_dags/example_latest_only.py for tasks to queue
[2023-05-06T21:02:41.567+0000] {logging_mixin.py:149} INFO - [2023-05-06T21:02:41.567+0000] {dagbag.py:541} INFO - Filling up the DagBag from /home/airflow/.local/lib/python3.7/site-packages/airflow/example_dags/example_latest_only.py
[2023-05-06T21:02:41.573+0000] {processor.py:809} INFO - DAG(s) dict_keys(['latest_only']) retrieved from /home/airflow/.local/lib/python3.7/site-packages/airflow/example_dags/example_latest_only.py
[2023-05-06T21:02:41.604+0000] {logging_mixin.py:149} INFO - [2023-05-06T21:02:41.604+0000] {dag.py:2726} INFO - Sync 1 DAGs
[2023-05-06T21:02:41.645+0000] {logging_mixin.py:149} INFO - [2023-05-06T21:02:41.645+0000] {dag.py:3490} INFO - Setting next_dagrun for latest_only to 2023-05-06T17:02:41.645141+00:00, run_after=2023-05-06T21:02:41.645141+00:00
[2023-05-06T21:02:41.676+0000] {processor.py:178} INFO - Processing /home/airflow/.local/lib/python3.7/site-packages/airflow/example_dags/example_latest_only.py took 0.117 seconds
[2023-05-06T21:03:12.436+0000] {processor.py:156} INFO - Started process (PID=3848) to work on /home/airflow/.local/lib/python3.7/site-packages/airflow/example_dags/example_latest_only.py
[2023-05-06T21:03:12.439+0000] {processor.py:799} INFO - Processing file /home/airflow/.local/lib/python3.7/site-packages/airflow/example_dags/example_latest_only.py for tasks to queue
[2023-05-06T21:03:12.442+0000] {logging_mixin.py:149} INFO - [2023-05-06T21:03:12.441+0000] {dagbag.py:541} INFO - Filling up the DagBag from /home/airflow/.local/lib/python3.7/site-packages/airflow/example_dags/example_latest_only.py
[2023-05-06T21:03:12.449+0000] {processor.py:809} INFO - DAG(s) dict_keys(['latest_only']) retrieved from /home/airflow/.local/lib/python3.7/site-packages/airflow/example_dags/example_latest_only.py
[2023-05-06T21:03:12.485+0000] {logging_mixin.py:149} INFO - [2023-05-06T21:03:12.485+0000] {dag.py:2726} INFO - Sync 1 DAGs
[2023-05-06T21:03:12.523+0000] {logging_mixin.py:149} INFO - [2023-05-06T21:03:12.523+0000] {dag.py:3490} INFO - Setting next_dagrun for latest_only to 2023-05-06T17:03:12.523008+00:00, run_after=2023-05-06T21:03:12.523008+00:00
[2023-05-06T21:03:12.550+0000] {processor.py:178} INFO - Processing /home/airflow/.local/lib/python3.7/site-packages/airflow/example_dags/example_latest_only.py took 0.118 seconds
[2023-05-06T21:03:43.158+0000] {processor.py:156} INFO - Started process (PID=4086) to work on /home/airflow/.local/lib/python3.7/site-packages/airflow/example_dags/example_latest_only.py
[2023-05-06T21:03:43.160+0000] {processor.py:799} INFO - Processing file /home/airflow/.local/lib/python3.7/site-packages/airflow/example_dags/example_latest_only.py for tasks to queue
[2023-05-06T21:03:43.162+0000] {logging_mixin.py:149} INFO - [2023-05-06T21:03:43.162+0000] {dagbag.py:541} INFO - Filling up the DagBag from /home/airflow/.local/lib/python3.7/site-packages/airflow/example_dags/example_latest_only.py
[2023-05-06T21:03:43.172+0000] {processor.py:809} INFO - DAG(s) dict_keys(['latest_only']) retrieved from /home/airflow/.local/lib/python3.7/site-packages/airflow/example_dags/example_latest_only.py
[2023-05-06T21:03:43.211+0000] {logging_mixin.py:149} INFO - [2023-05-06T21:03:43.210+0000] {dag.py:2726} INFO - Sync 1 DAGs
[2023-05-06T21:03:43.250+0000] {logging_mixin.py:149} INFO - [2023-05-06T21:03:43.249+0000] {dag.py:3490} INFO - Setting next_dagrun for latest_only to 2023-05-06T17:03:43.249667+00:00, run_after=2023-05-06T21:03:43.249667+00:00
[2023-05-06T21:03:43.277+0000] {processor.py:178} INFO - Processing /home/airflow/.local/lib/python3.7/site-packages/airflow/example_dags/example_latest_only.py took 0.123 seconds
[2023-05-06T21:04:14.031+0000] {processor.py:156} INFO - Started process (PID=4324) to work on /home/airflow/.local/lib/python3.7/site-packages/airflow/example_dags/example_latest_only.py
[2023-05-06T21:04:14.033+0000] {processor.py:799} INFO - Processing file /home/airflow/.local/lib/python3.7/site-packages/airflow/example_dags/example_latest_only.py for tasks to queue
[2023-05-06T21:04:14.034+0000] {logging_mixin.py:149} INFO - [2023-05-06T21:04:14.034+0000] {dagbag.py:541} INFO - Filling up the DagBag from /home/airflow/.local/lib/python3.7/site-packages/airflow/example_dags/example_latest_only.py
[2023-05-06T21:04:14.042+0000] {processor.py:809} INFO - DAG(s) dict_keys(['latest_only']) retrieved from /home/airflow/.local/lib/python3.7/site-packages/airflow/example_dags/example_latest_only.py
[2023-05-06T21:04:14.081+0000] {logging_mixin.py:149} INFO - [2023-05-06T21:04:14.081+0000] {dag.py:2726} INFO - Sync 1 DAGs
[2023-05-06T21:04:14.120+0000] {logging_mixin.py:149} INFO - [2023-05-06T21:04:14.119+0000] {dag.py:3490} INFO - Setting next_dagrun for latest_only to 2023-05-06T17:04:14.119615+00:00, run_after=2023-05-06T21:04:14.119615+00:00
[2023-05-06T21:04:14.150+0000] {processor.py:178} INFO - Processing /home/airflow/.local/lib/python3.7/site-packages/airflow/example_dags/example_latest_only.py took 0.122 seconds
[2023-05-06T21:04:44.794+0000] {processor.py:156} INFO - Started process (PID=4562) to work on /home/airflow/.local/lib/python3.7/site-packages/airflow/example_dags/example_latest_only.py
[2023-05-06T21:04:44.795+0000] {processor.py:799} INFO - Processing file /home/airflow/.local/lib/python3.7/site-packages/airflow/example_dags/example_latest_only.py for tasks to queue
[2023-05-06T21:04:44.797+0000] {logging_mixin.py:149} INFO - [2023-05-06T21:04:44.797+0000] {dagbag.py:541} INFO - Filling up the DagBag from /home/airflow/.local/lib/python3.7/site-packages/airflow/example_dags/example_latest_only.py
[2023-05-06T21:04:44.808+0000] {processor.py:809} INFO - DAG(s) dict_keys(['latest_only']) retrieved from /home/airflow/.local/lib/python3.7/site-packages/airflow/example_dags/example_latest_only.py
[2023-05-06T21:04:44.857+0000] {logging_mixin.py:149} INFO - [2023-05-06T21:04:44.857+0000] {dag.py:2726} INFO - Sync 1 DAGs
[2023-05-06T21:04:44.906+0000] {logging_mixin.py:149} INFO - [2023-05-06T21:04:44.906+0000] {dag.py:3490} INFO - Setting next_dagrun for latest_only to 2023-05-06T17:04:44.906133+00:00, run_after=2023-05-06T21:04:44.906133+00:00
[2023-05-06T21:04:44.946+0000] {processor.py:178} INFO - Processing /home/airflow/.local/lib/python3.7/site-packages/airflow/example_dags/example_latest_only.py took 0.157 seconds
[2023-05-06T21:05:15.244+0000] {processor.py:156} INFO - Started process (PID=4800) to work on /home/airflow/.local/lib/python3.7/site-packages/airflow/example_dags/example_latest_only.py
[2023-05-06T21:05:15.246+0000] {processor.py:799} INFO - Processing file /home/airflow/.local/lib/python3.7/site-packages/airflow/example_dags/example_latest_only.py for tasks to queue
[2023-05-06T21:05:15.249+0000] {logging_mixin.py:149} INFO - [2023-05-06T21:05:15.248+0000] {dagbag.py:541} INFO - Filling up the DagBag from /home/airflow/.local/lib/python3.7/site-packages/airflow/example_dags/example_latest_only.py
[2023-05-06T21:05:15.257+0000] {processor.py:809} INFO - DAG(s) dict_keys(['latest_only']) retrieved from /home/airflow/.local/lib/python3.7/site-packages/airflow/example_dags/example_latest_only.py
[2023-05-06T21:05:15.292+0000] {logging_mixin.py:149} INFO - [2023-05-06T21:05:15.292+0000] {dag.py:2726} INFO - Sync 1 DAGs
[2023-05-06T21:05:15.331+0000] {logging_mixin.py:149} INFO - [2023-05-06T21:05:15.331+0000] {dag.py:3490} INFO - Setting next_dagrun for latest_only to 2023-05-06T17:05:15.331097+00:00, run_after=2023-05-06T21:05:15.331097+00:00
[2023-05-06T21:05:15.359+0000] {processor.py:178} INFO - Processing /home/airflow/.local/lib/python3.7/site-packages/airflow/example_dags/example_latest_only.py took 0.118 seconds
[2023-05-06T21:05:45.922+0000] {processor.py:156} INFO - Started process (PID=5038) to work on /home/airflow/.local/lib/python3.7/site-packages/airflow/example_dags/example_latest_only.py
[2023-05-06T21:05:45.923+0000] {processor.py:799} INFO - Processing file /home/airflow/.local/lib/python3.7/site-packages/airflow/example_dags/example_latest_only.py for tasks to queue
[2023-05-06T21:05:45.925+0000] {logging_mixin.py:149} INFO - [2023-05-06T21:05:45.924+0000] {dagbag.py:541} INFO - Filling up the DagBag from /home/airflow/.local/lib/python3.7/site-packages/airflow/example_dags/example_latest_only.py
[2023-05-06T21:05:45.931+0000] {processor.py:809} INFO - DAG(s) dict_keys(['latest_only']) retrieved from /home/airflow/.local/lib/python3.7/site-packages/airflow/example_dags/example_latest_only.py
[2023-05-06T21:05:45.973+0000] {logging_mixin.py:149} INFO - [2023-05-06T21:05:45.972+0000] {dag.py:2726} INFO - Sync 1 DAGs
[2023-05-06T21:05:46.012+0000] {logging_mixin.py:149} INFO - [2023-05-06T21:05:46.012+0000] {dag.py:3490} INFO - Setting next_dagrun for latest_only to 2023-05-06T17:05:46.012115+00:00, run_after=2023-05-06T21:05:46.012115+00:00
[2023-05-06T21:05:46.043+0000] {processor.py:178} INFO - Processing /home/airflow/.local/lib/python3.7/site-packages/airflow/example_dags/example_latest_only.py took 0.126 seconds
[2023-05-06T21:06:16.408+0000] {processor.py:156} INFO - Started process (PID=5276) to work on /home/airflow/.local/lib/python3.7/site-packages/airflow/example_dags/example_latest_only.py
[2023-05-06T21:06:16.410+0000] {processor.py:799} INFO - Processing file /home/airflow/.local/lib/python3.7/site-packages/airflow/example_dags/example_latest_only.py for tasks to queue
[2023-05-06T21:06:16.412+0000] {logging_mixin.py:149} INFO - [2023-05-06T21:06:16.411+0000] {dagbag.py:541} INFO - Filling up the DagBag from /home/airflow/.local/lib/python3.7/site-packages/airflow/example_dags/example_latest_only.py
[2023-05-06T21:06:16.421+0000] {processor.py:809} INFO - DAG(s) dict_keys(['latest_only']) retrieved from /home/airflow/.local/lib/python3.7/site-packages/airflow/example_dags/example_latest_only.py
[2023-05-06T21:06:16.446+0000] {logging_mixin.py:149} INFO - [2023-05-06T21:06:16.445+0000] {dag.py:2726} INFO - Sync 1 DAGs
[2023-05-06T21:06:16.494+0000] {logging_mixin.py:149} INFO - [2023-05-06T21:06:16.493+0000] {dag.py:3490} INFO - Setting next_dagrun for latest_only to 2023-05-06T17:06:16.493441+00:00, run_after=2023-05-06T21:06:16.493441+00:00
[2023-05-06T21:06:16.546+0000] {processor.py:178} INFO - Processing /home/airflow/.local/lib/python3.7/site-packages/airflow/example_dags/example_latest_only.py took 0.142 seconds
[2023-05-06T21:06:46.965+0000] {processor.py:156} INFO - Started process (PID=5515) to work on /home/airflow/.local/lib/python3.7/site-packages/airflow/example_dags/example_latest_only.py
[2023-05-06T21:06:46.967+0000] {processor.py:799} INFO - Processing file /home/airflow/.local/lib/python3.7/site-packages/airflow/example_dags/example_latest_only.py for tasks to queue
[2023-05-06T21:06:46.969+0000] {logging_mixin.py:149} INFO - [2023-05-06T21:06:46.968+0000] {dagbag.py:541} INFO - Filling up the DagBag from /home/airflow/.local/lib/python3.7/site-packages/airflow/example_dags/example_latest_only.py
[2023-05-06T21:06:46.978+0000] {processor.py:809} INFO - DAG(s) dict_keys(['latest_only']) retrieved from /home/airflow/.local/lib/python3.7/site-packages/airflow/example_dags/example_latest_only.py
[2023-05-06T21:06:47.016+0000] {logging_mixin.py:149} INFO - [2023-05-06T21:06:47.016+0000] {dag.py:2726} INFO - Sync 1 DAGs
[2023-05-06T21:06:47.059+0000] {logging_mixin.py:149} INFO - [2023-05-06T21:06:47.059+0000] {dag.py:3490} INFO - Setting next_dagrun for latest_only to 2023-05-06T17:06:47.059045+00:00, run_after=2023-05-06T21:06:47.059045+00:00
[2023-05-06T21:06:47.100+0000] {processor.py:178} INFO - Processing /home/airflow/.local/lib/python3.7/site-packages/airflow/example_dags/example_latest_only.py took 0.138 seconds
[2023-05-06T21:07:17.496+0000] {processor.py:156} INFO - Started process (PID=5755) to work on /home/airflow/.local/lib/python3.7/site-packages/airflow/example_dags/example_latest_only.py
[2023-05-06T21:07:17.500+0000] {processor.py:799} INFO - Processing file /home/airflow/.local/lib/python3.7/site-packages/airflow/example_dags/example_latest_only.py for tasks to queue
[2023-05-06T21:07:17.502+0000] {logging_mixin.py:149} INFO - [2023-05-06T21:07:17.501+0000] {dagbag.py:541} INFO - Filling up the DagBag from /home/airflow/.local/lib/python3.7/site-packages/airflow/example_dags/example_latest_only.py
[2023-05-06T21:07:17.509+0000] {processor.py:809} INFO - DAG(s) dict_keys(['latest_only']) retrieved from /home/airflow/.local/lib/python3.7/site-packages/airflow/example_dags/example_latest_only.py
[2023-05-06T21:07:17.544+0000] {logging_mixin.py:149} INFO - [2023-05-06T21:07:17.543+0000] {dag.py:2726} INFO - Sync 1 DAGs
[2023-05-06T21:07:17.584+0000] {logging_mixin.py:149} INFO - [2023-05-06T21:07:17.584+0000] {dag.py:3490} INFO - Setting next_dagrun for latest_only to 2023-05-06T17:07:17.583790+00:00, run_after=2023-05-06T21:07:17.583790+00:00
[2023-05-06T21:07:17.613+0000] {processor.py:178} INFO - Processing /home/airflow/.local/lib/python3.7/site-packages/airflow/example_dags/example_latest_only.py took 0.121 seconds
