[2023-05-06T20:55:31.331+0000] {processor.py:156} INFO - Started process (PID=292) to work on /home/airflow/.local/lib/python3.7/site-packages/airflow/example_dags/example_nested_branch_dag.py
[2023-05-06T20:55:31.333+0000] {processor.py:799} INFO - Processing file /home/airflow/.local/lib/python3.7/site-packages/airflow/example_dags/example_nested_branch_dag.py for tasks to queue
[2023-05-06T20:55:31.335+0000] {logging_mixin.py:149} INFO - [2023-05-06T20:55:31.334+0000] {dagbag.py:541} INFO - Filling up the DagBag from /home/airflow/.local/lib/python3.7/site-packages/airflow/example_dags/example_nested_branch_dag.py
[2023-05-06T20:55:31.353+0000] {processor.py:809} INFO - DAG(s) dict_keys(['example_nested_branch_dag']) retrieved from /home/airflow/.local/lib/python3.7/site-packages/airflow/example_dags/example_nested_branch_dag.py
[2023-05-06T20:55:31.374+0000] {logging_mixin.py:149} INFO - [2023-05-06T20:55:31.374+0000] {dag.py:2726} INFO - Sync 1 DAGs
[2023-05-06T20:55:31.419+0000] {logging_mixin.py:149} INFO - [2023-05-06T20:55:31.419+0000] {dag.py:3490} INFO - Setting next_dagrun for example_nested_branch_dag to 2023-05-05T00:00:00+00:00, run_after=2023-05-06T00:00:00+00:00
[2023-05-06T20:55:31.454+0000] {processor.py:178} INFO - Processing /home/airflow/.local/lib/python3.7/site-packages/airflow/example_dags/example_nested_branch_dag.py took 0.127 seconds
[2023-05-06T20:56:03.475+0000] {processor.py:156} INFO - Started process (PID=530) to work on /home/airflow/.local/lib/python3.7/site-packages/airflow/example_dags/example_nested_branch_dag.py
[2023-05-06T20:56:03.478+0000] {processor.py:799} INFO - Processing file /home/airflow/.local/lib/python3.7/site-packages/airflow/example_dags/example_nested_branch_dag.py for tasks to queue
[2023-05-06T20:56:03.480+0000] {logging_mixin.py:149} INFO - [2023-05-06T20:56:03.480+0000] {dagbag.py:541} INFO - Filling up the DagBag from /home/airflow/.local/lib/python3.7/site-packages/airflow/example_dags/example_nested_branch_dag.py
[2023-05-06T20:56:03.492+0000] {processor.py:809} INFO - DAG(s) dict_keys(['example_nested_branch_dag']) retrieved from /home/airflow/.local/lib/python3.7/site-packages/airflow/example_dags/example_nested_branch_dag.py
[2023-05-06T20:56:03.525+0000] {logging_mixin.py:149} INFO - [2023-05-06T20:56:03.525+0000] {dag.py:2726} INFO - Sync 1 DAGs
[2023-05-06T20:56:03.710+0000] {logging_mixin.py:149} INFO - [2023-05-06T20:56:03.710+0000] {dag.py:3490} INFO - Setting next_dagrun for example_nested_branch_dag to 2023-05-05T00:00:00+00:00, run_after=2023-05-06T00:00:00+00:00
[2023-05-06T20:56:03.739+0000] {processor.py:178} INFO - Processing /home/airflow/.local/lib/python3.7/site-packages/airflow/example_dags/example_nested_branch_dag.py took 0.267 seconds
[2023-05-06T20:56:34.623+0000] {processor.py:156} INFO - Started process (PID=768) to work on /home/airflow/.local/lib/python3.7/site-packages/airflow/example_dags/example_nested_branch_dag.py
[2023-05-06T20:56:34.625+0000] {processor.py:799} INFO - Processing file /home/airflow/.local/lib/python3.7/site-packages/airflow/example_dags/example_nested_branch_dag.py for tasks to queue
[2023-05-06T20:56:34.626+0000] {logging_mixin.py:149} INFO - [2023-05-06T20:56:34.626+0000] {dagbag.py:541} INFO - Filling up the DagBag from /home/airflow/.local/lib/python3.7/site-packages/airflow/example_dags/example_nested_branch_dag.py
[2023-05-06T20:56:34.640+0000] {processor.py:809} INFO - DAG(s) dict_keys(['example_nested_branch_dag']) retrieved from /home/airflow/.local/lib/python3.7/site-packages/airflow/example_dags/example_nested_branch_dag.py
[2023-05-06T20:56:34.866+0000] {logging_mixin.py:149} INFO - [2023-05-06T20:56:34.866+0000] {dag.py:2726} INFO - Sync 1 DAGs
[2023-05-06T20:56:34.905+0000] {logging_mixin.py:149} INFO - [2023-05-06T20:56:34.904+0000] {dag.py:3490} INFO - Setting next_dagrun for example_nested_branch_dag to 2023-05-05T00:00:00+00:00, run_after=2023-05-06T00:00:00+00:00
[2023-05-06T20:56:34.934+0000] {processor.py:178} INFO - Processing /home/airflow/.local/lib/python3.7/site-packages/airflow/example_dags/example_nested_branch_dag.py took 0.314 seconds
[2023-05-06T20:57:05.917+0000] {processor.py:156} INFO - Started process (PID=1006) to work on /home/airflow/.local/lib/python3.7/site-packages/airflow/example_dags/example_nested_branch_dag.py
[2023-05-06T20:57:05.919+0000] {processor.py:799} INFO - Processing file /home/airflow/.local/lib/python3.7/site-packages/airflow/example_dags/example_nested_branch_dag.py for tasks to queue
[2023-05-06T20:57:05.922+0000] {logging_mixin.py:149} INFO - [2023-05-06T20:57:05.921+0000] {dagbag.py:541} INFO - Filling up the DagBag from /home/airflow/.local/lib/python3.7/site-packages/airflow/example_dags/example_nested_branch_dag.py
[2023-05-06T20:57:05.938+0000] {processor.py:809} INFO - DAG(s) dict_keys(['example_nested_branch_dag']) retrieved from /home/airflow/.local/lib/python3.7/site-packages/airflow/example_dags/example_nested_branch_dag.py
[2023-05-06T20:57:05.975+0000] {logging_mixin.py:149} INFO - [2023-05-06T20:57:05.974+0000] {dag.py:2726} INFO - Sync 1 DAGs
[2023-05-06T20:57:06.021+0000] {logging_mixin.py:149} INFO - [2023-05-06T20:57:06.021+0000] {dag.py:3490} INFO - Setting next_dagrun for example_nested_branch_dag to 2023-05-05T00:00:00+00:00, run_after=2023-05-06T00:00:00+00:00
[2023-05-06T20:57:06.055+0000] {processor.py:178} INFO - Processing /home/airflow/.local/lib/python3.7/site-packages/airflow/example_dags/example_nested_branch_dag.py took 0.143 seconds
[2023-05-06T20:57:36.471+0000] {processor.py:156} INFO - Started process (PID=1244) to work on /home/airflow/.local/lib/python3.7/site-packages/airflow/example_dags/example_nested_branch_dag.py
[2023-05-06T20:57:36.473+0000] {processor.py:799} INFO - Processing file /home/airflow/.local/lib/python3.7/site-packages/airflow/example_dags/example_nested_branch_dag.py for tasks to queue
[2023-05-06T20:57:36.475+0000] {logging_mixin.py:149} INFO - [2023-05-06T20:57:36.474+0000] {dagbag.py:541} INFO - Filling up the DagBag from /home/airflow/.local/lib/python3.7/site-packages/airflow/example_dags/example_nested_branch_dag.py
[2023-05-06T20:57:36.492+0000] {processor.py:809} INFO - DAG(s) dict_keys(['example_nested_branch_dag']) retrieved from /home/airflow/.local/lib/python3.7/site-packages/airflow/example_dags/example_nested_branch_dag.py
[2023-05-06T20:57:36.520+0000] {logging_mixin.py:149} INFO - [2023-05-06T20:57:36.519+0000] {dag.py:2726} INFO - Sync 1 DAGs
[2023-05-06T20:57:36.588+0000] {logging_mixin.py:149} INFO - [2023-05-06T20:57:36.588+0000] {dag.py:3490} INFO - Setting next_dagrun for example_nested_branch_dag to 2023-05-05T00:00:00+00:00, run_after=2023-05-06T00:00:00+00:00
[2023-05-06T20:57:36.622+0000] {processor.py:178} INFO - Processing /home/airflow/.local/lib/python3.7/site-packages/airflow/example_dags/example_nested_branch_dag.py took 0.155 seconds
[2023-05-06T20:58:07.258+0000] {processor.py:156} INFO - Started process (PID=1482) to work on /home/airflow/.local/lib/python3.7/site-packages/airflow/example_dags/example_nested_branch_dag.py
[2023-05-06T20:58:07.260+0000] {processor.py:799} INFO - Processing file /home/airflow/.local/lib/python3.7/site-packages/airflow/example_dags/example_nested_branch_dag.py for tasks to queue
[2023-05-06T20:58:07.262+0000] {logging_mixin.py:149} INFO - [2023-05-06T20:58:07.262+0000] {dagbag.py:541} INFO - Filling up the DagBag from /home/airflow/.local/lib/python3.7/site-packages/airflow/example_dags/example_nested_branch_dag.py
[2023-05-06T20:58:07.276+0000] {processor.py:809} INFO - DAG(s) dict_keys(['example_nested_branch_dag']) retrieved from /home/airflow/.local/lib/python3.7/site-packages/airflow/example_dags/example_nested_branch_dag.py
[2023-05-06T20:58:07.308+0000] {logging_mixin.py:149} INFO - [2023-05-06T20:58:07.308+0000] {dag.py:2726} INFO - Sync 1 DAGs
[2023-05-06T20:58:07.344+0000] {logging_mixin.py:149} INFO - [2023-05-06T20:58:07.344+0000] {dag.py:3490} INFO - Setting next_dagrun for example_nested_branch_dag to 2023-05-05T00:00:00+00:00, run_after=2023-05-06T00:00:00+00:00
[2023-05-06T20:58:07.372+0000] {processor.py:178} INFO - Processing /home/airflow/.local/lib/python3.7/site-packages/airflow/example_dags/example_nested_branch_dag.py took 0.118 seconds
[2023-05-06T20:58:37.973+0000] {processor.py:156} INFO - Started process (PID=1721) to work on /home/airflow/.local/lib/python3.7/site-packages/airflow/example_dags/example_nested_branch_dag.py
[2023-05-06T20:58:37.975+0000] {processor.py:799} INFO - Processing file /home/airflow/.local/lib/python3.7/site-packages/airflow/example_dags/example_nested_branch_dag.py for tasks to queue
[2023-05-06T20:58:37.977+0000] {logging_mixin.py:149} INFO - [2023-05-06T20:58:37.977+0000] {dagbag.py:541} INFO - Filling up the DagBag from /home/airflow/.local/lib/python3.7/site-packages/airflow/example_dags/example_nested_branch_dag.py
[2023-05-06T20:58:37.994+0000] {processor.py:809} INFO - DAG(s) dict_keys(['example_nested_branch_dag']) retrieved from /home/airflow/.local/lib/python3.7/site-packages/airflow/example_dags/example_nested_branch_dag.py
[2023-05-06T20:58:38.035+0000] {logging_mixin.py:149} INFO - [2023-05-06T20:58:38.035+0000] {dag.py:2726} INFO - Sync 1 DAGs
[2023-05-06T20:58:38.083+0000] {logging_mixin.py:149} INFO - [2023-05-06T20:58:38.083+0000] {dag.py:3490} INFO - Setting next_dagrun for example_nested_branch_dag to 2023-05-05T00:00:00+00:00, run_after=2023-05-06T00:00:00+00:00
[2023-05-06T20:58:38.324+0000] {processor.py:178} INFO - Processing /home/airflow/.local/lib/python3.7/site-packages/airflow/example_dags/example_nested_branch_dag.py took 0.356 seconds
[2023-05-06T20:59:09.310+0000] {processor.py:156} INFO - Started process (PID=1959) to work on /home/airflow/.local/lib/python3.7/site-packages/airflow/example_dags/example_nested_branch_dag.py
[2023-05-06T20:59:09.313+0000] {processor.py:799} INFO - Processing file /home/airflow/.local/lib/python3.7/site-packages/airflow/example_dags/example_nested_branch_dag.py for tasks to queue
[2023-05-06T20:59:09.315+0000] {logging_mixin.py:149} INFO - [2023-05-06T20:59:09.314+0000] {dagbag.py:541} INFO - Filling up the DagBag from /home/airflow/.local/lib/python3.7/site-packages/airflow/example_dags/example_nested_branch_dag.py
[2023-05-06T20:59:09.327+0000] {processor.py:809} INFO - DAG(s) dict_keys(['example_nested_branch_dag']) retrieved from /home/airflow/.local/lib/python3.7/site-packages/airflow/example_dags/example_nested_branch_dag.py
[2023-05-06T20:59:09.364+0000] {logging_mixin.py:149} INFO - [2023-05-06T20:59:09.364+0000] {dag.py:2726} INFO - Sync 1 DAGs
[2023-05-06T20:59:09.400+0000] {logging_mixin.py:149} INFO - [2023-05-06T20:59:09.400+0000] {dag.py:3490} INFO - Setting next_dagrun for example_nested_branch_dag to 2023-05-05T00:00:00+00:00, run_after=2023-05-06T00:00:00+00:00
[2023-05-06T20:59:09.429+0000] {processor.py:178} INFO - Processing /home/airflow/.local/lib/python3.7/site-packages/airflow/example_dags/example_nested_branch_dag.py took 0.122 seconds
[2023-05-06T20:59:40.059+0000] {processor.py:156} INFO - Started process (PID=2197) to work on /home/airflow/.local/lib/python3.7/site-packages/airflow/example_dags/example_nested_branch_dag.py
[2023-05-06T20:59:40.061+0000] {processor.py:799} INFO - Processing file /home/airflow/.local/lib/python3.7/site-packages/airflow/example_dags/example_nested_branch_dag.py for tasks to queue
[2023-05-06T20:59:40.063+0000] {logging_mixin.py:149} INFO - [2023-05-06T20:59:40.063+0000] {dagbag.py:541} INFO - Filling up the DagBag from /home/airflow/.local/lib/python3.7/site-packages/airflow/example_dags/example_nested_branch_dag.py
[2023-05-06T20:59:40.155+0000] {processor.py:809} INFO - DAG(s) dict_keys(['example_nested_branch_dag']) retrieved from /home/airflow/.local/lib/python3.7/site-packages/airflow/example_dags/example_nested_branch_dag.py
[2023-05-06T20:59:40.200+0000] {logging_mixin.py:149} INFO - [2023-05-06T20:59:40.200+0000] {dag.py:2726} INFO - Sync 1 DAGs
[2023-05-06T20:59:40.297+0000] {logging_mixin.py:149} INFO - [2023-05-06T20:59:40.297+0000] {dag.py:3490} INFO - Setting next_dagrun for example_nested_branch_dag to 2023-05-05T00:00:00+00:00, run_after=2023-05-06T00:00:00+00:00
[2023-05-06T20:59:40.342+0000] {processor.py:178} INFO - Processing /home/airflow/.local/lib/python3.7/site-packages/airflow/example_dags/example_nested_branch_dag.py took 0.289 seconds
[2023-05-06T21:00:10.482+0000] {processor.py:156} INFO - Started process (PID=2432) to work on /home/airflow/.local/lib/python3.7/site-packages/airflow/example_dags/example_nested_branch_dag.py
[2023-05-06T21:00:10.485+0000] {processor.py:799} INFO - Processing file /home/airflow/.local/lib/python3.7/site-packages/airflow/example_dags/example_nested_branch_dag.py for tasks to queue
[2023-05-06T21:00:10.486+0000] {logging_mixin.py:149} INFO - [2023-05-06T21:00:10.486+0000] {dagbag.py:541} INFO - Filling up the DagBag from /home/airflow/.local/lib/python3.7/site-packages/airflow/example_dags/example_nested_branch_dag.py
[2023-05-06T21:00:10.498+0000] {processor.py:809} INFO - DAG(s) dict_keys(['example_nested_branch_dag']) retrieved from /home/airflow/.local/lib/python3.7/site-packages/airflow/example_dags/example_nested_branch_dag.py
[2023-05-06T21:00:10.516+0000] {logging_mixin.py:149} INFO - [2023-05-06T21:00:10.515+0000] {dag.py:2726} INFO - Sync 1 DAGs
[2023-05-06T21:00:10.560+0000] {logging_mixin.py:149} INFO - [2023-05-06T21:00:10.560+0000] {dag.py:3490} INFO - Setting next_dagrun for example_nested_branch_dag to 2023-05-05T00:00:00+00:00, run_after=2023-05-06T00:00:00+00:00
[2023-05-06T21:00:10.595+0000] {processor.py:178} INFO - Processing /home/airflow/.local/lib/python3.7/site-packages/airflow/example_dags/example_nested_branch_dag.py took 0.116 seconds
[2023-05-06T21:00:40.901+0000] {processor.py:156} INFO - Started process (PID=2673) to work on /home/airflow/.local/lib/python3.7/site-packages/airflow/example_dags/example_nested_branch_dag.py
[2023-05-06T21:00:40.903+0000] {processor.py:799} INFO - Processing file /home/airflow/.local/lib/python3.7/site-packages/airflow/example_dags/example_nested_branch_dag.py for tasks to queue
[2023-05-06T21:00:40.905+0000] {logging_mixin.py:149} INFO - [2023-05-06T21:00:40.905+0000] {dagbag.py:541} INFO - Filling up the DagBag from /home/airflow/.local/lib/python3.7/site-packages/airflow/example_dags/example_nested_branch_dag.py
[2023-05-06T21:00:40.918+0000] {processor.py:809} INFO - DAG(s) dict_keys(['example_nested_branch_dag']) retrieved from /home/airflow/.local/lib/python3.7/site-packages/airflow/example_dags/example_nested_branch_dag.py
[2023-05-06T21:00:40.957+0000] {logging_mixin.py:149} INFO - [2023-05-06T21:00:40.957+0000] {dag.py:2726} INFO - Sync 1 DAGs
[2023-05-06T21:00:40.995+0000] {logging_mixin.py:149} INFO - [2023-05-06T21:00:40.995+0000] {dag.py:3490} INFO - Setting next_dagrun for example_nested_branch_dag to 2023-05-05T00:00:00+00:00, run_after=2023-05-06T00:00:00+00:00
[2023-05-06T21:00:41.028+0000] {processor.py:178} INFO - Processing /home/airflow/.local/lib/python3.7/site-packages/airflow/example_dags/example_nested_branch_dag.py took 0.131 seconds
[2023-05-06T21:01:11.532+0000] {processor.py:156} INFO - Started process (PID=2911) to work on /home/airflow/.local/lib/python3.7/site-packages/airflow/example_dags/example_nested_branch_dag.py
[2023-05-06T21:01:11.534+0000] {processor.py:799} INFO - Processing file /home/airflow/.local/lib/python3.7/site-packages/airflow/example_dags/example_nested_branch_dag.py for tasks to queue
[2023-05-06T21:01:11.536+0000] {logging_mixin.py:149} INFO - [2023-05-06T21:01:11.536+0000] {dagbag.py:541} INFO - Filling up the DagBag from /home/airflow/.local/lib/python3.7/site-packages/airflow/example_dags/example_nested_branch_dag.py
[2023-05-06T21:01:11.547+0000] {processor.py:809} INFO - DAG(s) dict_keys(['example_nested_branch_dag']) retrieved from /home/airflow/.local/lib/python3.7/site-packages/airflow/example_dags/example_nested_branch_dag.py
[2023-05-06T21:01:11.581+0000] {logging_mixin.py:149} INFO - [2023-05-06T21:01:11.581+0000] {dag.py:2726} INFO - Sync 1 DAGs
[2023-05-06T21:01:11.620+0000] {logging_mixin.py:149} INFO - [2023-05-06T21:01:11.620+0000] {dag.py:3490} INFO - Setting next_dagrun for example_nested_branch_dag to 2023-05-05T00:00:00+00:00, run_after=2023-05-06T00:00:00+00:00
[2023-05-06T21:01:11.650+0000] {processor.py:178} INFO - Processing /home/airflow/.local/lib/python3.7/site-packages/airflow/example_dags/example_nested_branch_dag.py took 0.121 seconds
[2023-05-06T21:01:41.720+0000] {processor.py:156} INFO - Started process (PID=3146) to work on /home/airflow/.local/lib/python3.7/site-packages/airflow/example_dags/example_nested_branch_dag.py
[2023-05-06T21:01:41.721+0000] {processor.py:799} INFO - Processing file /home/airflow/.local/lib/python3.7/site-packages/airflow/example_dags/example_nested_branch_dag.py for tasks to queue
[2023-05-06T21:01:41.723+0000] {logging_mixin.py:149} INFO - [2023-05-06T21:01:41.723+0000] {dagbag.py:541} INFO - Filling up the DagBag from /home/airflow/.local/lib/python3.7/site-packages/airflow/example_dags/example_nested_branch_dag.py
[2023-05-06T21:01:41.736+0000] {processor.py:809} INFO - DAG(s) dict_keys(['example_nested_branch_dag']) retrieved from /home/airflow/.local/lib/python3.7/site-packages/airflow/example_dags/example_nested_branch_dag.py
[2023-05-06T21:01:41.772+0000] {logging_mixin.py:149} INFO - [2023-05-06T21:01:41.772+0000] {dag.py:2726} INFO - Sync 1 DAGs
[2023-05-06T21:01:41.812+0000] {logging_mixin.py:149} INFO - [2023-05-06T21:01:41.812+0000] {dag.py:3490} INFO - Setting next_dagrun for example_nested_branch_dag to 2023-05-05T00:00:00+00:00, run_after=2023-05-06T00:00:00+00:00
[2023-05-06T21:01:41.844+0000] {processor.py:178} INFO - Processing /home/airflow/.local/lib/python3.7/site-packages/airflow/example_dags/example_nested_branch_dag.py took 0.129 seconds
[2023-05-06T21:02:12.332+0000] {processor.py:156} INFO - Started process (PID=3387) to work on /home/airflow/.local/lib/python3.7/site-packages/airflow/example_dags/example_nested_branch_dag.py
[2023-05-06T21:02:12.333+0000] {processor.py:799} INFO - Processing file /home/airflow/.local/lib/python3.7/site-packages/airflow/example_dags/example_nested_branch_dag.py for tasks to queue
[2023-05-06T21:02:12.335+0000] {logging_mixin.py:149} INFO - [2023-05-06T21:02:12.334+0000] {dagbag.py:541} INFO - Filling up the DagBag from /home/airflow/.local/lib/python3.7/site-packages/airflow/example_dags/example_nested_branch_dag.py
[2023-05-06T21:02:12.348+0000] {processor.py:809} INFO - DAG(s) dict_keys(['example_nested_branch_dag']) retrieved from /home/airflow/.local/lib/python3.7/site-packages/airflow/example_dags/example_nested_branch_dag.py
[2023-05-06T21:02:12.381+0000] {logging_mixin.py:149} INFO - [2023-05-06T21:02:12.381+0000] {dag.py:2726} INFO - Sync 1 DAGs
[2023-05-06T21:02:12.420+0000] {logging_mixin.py:149} INFO - [2023-05-06T21:02:12.420+0000] {dag.py:3490} INFO - Setting next_dagrun for example_nested_branch_dag to 2023-05-05T00:00:00+00:00, run_after=2023-05-06T00:00:00+00:00
[2023-05-06T21:02:12.448+0000] {processor.py:178} INFO - Processing /home/airflow/.local/lib/python3.7/site-packages/airflow/example_dags/example_nested_branch_dag.py took 0.120 seconds
[2023-05-06T21:02:42.756+0000] {processor.py:156} INFO - Started process (PID=3625) to work on /home/airflow/.local/lib/python3.7/site-packages/airflow/example_dags/example_nested_branch_dag.py
[2023-05-06T21:02:42.758+0000] {processor.py:799} INFO - Processing file /home/airflow/.local/lib/python3.7/site-packages/airflow/example_dags/example_nested_branch_dag.py for tasks to queue
[2023-05-06T21:02:42.759+0000] {logging_mixin.py:149} INFO - [2023-05-06T21:02:42.759+0000] {dagbag.py:541} INFO - Filling up the DagBag from /home/airflow/.local/lib/python3.7/site-packages/airflow/example_dags/example_nested_branch_dag.py
[2023-05-06T21:02:42.774+0000] {processor.py:809} INFO - DAG(s) dict_keys(['example_nested_branch_dag']) retrieved from /home/airflow/.local/lib/python3.7/site-packages/airflow/example_dags/example_nested_branch_dag.py
[2023-05-06T21:02:42.808+0000] {logging_mixin.py:149} INFO - [2023-05-06T21:02:42.808+0000] {dag.py:2726} INFO - Sync 1 DAGs
[2023-05-06T21:02:42.848+0000] {logging_mixin.py:149} INFO - [2023-05-06T21:02:42.848+0000] {dag.py:3490} INFO - Setting next_dagrun for example_nested_branch_dag to 2023-05-05T00:00:00+00:00, run_after=2023-05-06T00:00:00+00:00
[2023-05-06T21:02:42.875+0000] {processor.py:178} INFO - Processing /home/airflow/.local/lib/python3.7/site-packages/airflow/example_dags/example_nested_branch_dag.py took 0.125 seconds
[2023-05-06T21:03:13.610+0000] {processor.py:156} INFO - Started process (PID=3863) to work on /home/airflow/.local/lib/python3.7/site-packages/airflow/example_dags/example_nested_branch_dag.py
[2023-05-06T21:03:13.613+0000] {processor.py:799} INFO - Processing file /home/airflow/.local/lib/python3.7/site-packages/airflow/example_dags/example_nested_branch_dag.py for tasks to queue
[2023-05-06T21:03:13.615+0000] {logging_mixin.py:149} INFO - [2023-05-06T21:03:13.614+0000] {dagbag.py:541} INFO - Filling up the DagBag from /home/airflow/.local/lib/python3.7/site-packages/airflow/example_dags/example_nested_branch_dag.py
[2023-05-06T21:03:13.628+0000] {processor.py:809} INFO - DAG(s) dict_keys(['example_nested_branch_dag']) retrieved from /home/airflow/.local/lib/python3.7/site-packages/airflow/example_dags/example_nested_branch_dag.py
[2023-05-06T21:03:13.663+0000] {logging_mixin.py:149} INFO - [2023-05-06T21:03:13.662+0000] {dag.py:2726} INFO - Sync 1 DAGs
[2023-05-06T21:03:13.701+0000] {logging_mixin.py:149} INFO - [2023-05-06T21:03:13.701+0000] {dag.py:3490} INFO - Setting next_dagrun for example_nested_branch_dag to 2023-05-05T00:00:00+00:00, run_after=2023-05-06T00:00:00+00:00
[2023-05-06T21:03:13.728+0000] {processor.py:178} INFO - Processing /home/airflow/.local/lib/python3.7/site-packages/airflow/example_dags/example_nested_branch_dag.py took 0.122 seconds
[2023-05-06T21:03:44.338+0000] {processor.py:156} INFO - Started process (PID=4101) to work on /home/airflow/.local/lib/python3.7/site-packages/airflow/example_dags/example_nested_branch_dag.py
[2023-05-06T21:03:44.340+0000] {processor.py:799} INFO - Processing file /home/airflow/.local/lib/python3.7/site-packages/airflow/example_dags/example_nested_branch_dag.py for tasks to queue
[2023-05-06T21:03:44.341+0000] {logging_mixin.py:149} INFO - [2023-05-06T21:03:44.341+0000] {dagbag.py:541} INFO - Filling up the DagBag from /home/airflow/.local/lib/python3.7/site-packages/airflow/example_dags/example_nested_branch_dag.py
[2023-05-06T21:03:44.356+0000] {processor.py:809} INFO - DAG(s) dict_keys(['example_nested_branch_dag']) retrieved from /home/airflow/.local/lib/python3.7/site-packages/airflow/example_dags/example_nested_branch_dag.py
[2023-05-06T21:03:44.395+0000] {logging_mixin.py:149} INFO - [2023-05-06T21:03:44.395+0000] {dag.py:2726} INFO - Sync 1 DAGs
[2023-05-06T21:03:44.442+0000] {logging_mixin.py:149} INFO - [2023-05-06T21:03:44.442+0000] {dag.py:3490} INFO - Setting next_dagrun for example_nested_branch_dag to 2023-05-05T00:00:00+00:00, run_after=2023-05-06T00:00:00+00:00
[2023-05-06T21:03:44.473+0000] {processor.py:178} INFO - Processing /home/airflow/.local/lib/python3.7/site-packages/airflow/example_dags/example_nested_branch_dag.py took 0.139 seconds
[2023-05-06T21:04:15.216+0000] {processor.py:156} INFO - Started process (PID=4339) to work on /home/airflow/.local/lib/python3.7/site-packages/airflow/example_dags/example_nested_branch_dag.py
[2023-05-06T21:04:15.218+0000] {processor.py:799} INFO - Processing file /home/airflow/.local/lib/python3.7/site-packages/airflow/example_dags/example_nested_branch_dag.py for tasks to queue
[2023-05-06T21:04:15.219+0000] {logging_mixin.py:149} INFO - [2023-05-06T21:04:15.219+0000] {dagbag.py:541} INFO - Filling up the DagBag from /home/airflow/.local/lib/python3.7/site-packages/airflow/example_dags/example_nested_branch_dag.py
[2023-05-06T21:04:15.239+0000] {processor.py:809} INFO - DAG(s) dict_keys(['example_nested_branch_dag']) retrieved from /home/airflow/.local/lib/python3.7/site-packages/airflow/example_dags/example_nested_branch_dag.py
[2023-05-06T21:04:15.275+0000] {logging_mixin.py:149} INFO - [2023-05-06T21:04:15.274+0000] {dag.py:2726} INFO - Sync 1 DAGs
[2023-05-06T21:04:15.313+0000] {logging_mixin.py:149} INFO - [2023-05-06T21:04:15.313+0000] {dag.py:3490} INFO - Setting next_dagrun for example_nested_branch_dag to 2023-05-05T00:00:00+00:00, run_after=2023-05-06T00:00:00+00:00
[2023-05-06T21:04:15.344+0000] {processor.py:178} INFO - Processing /home/airflow/.local/lib/python3.7/site-packages/airflow/example_dags/example_nested_branch_dag.py took 0.136 seconds
[2023-05-06T21:04:46.017+0000] {processor.py:156} INFO - Started process (PID=4577) to work on /home/airflow/.local/lib/python3.7/site-packages/airflow/example_dags/example_nested_branch_dag.py
[2023-05-06T21:04:46.020+0000] {processor.py:799} INFO - Processing file /home/airflow/.local/lib/python3.7/site-packages/airflow/example_dags/example_nested_branch_dag.py for tasks to queue
[2023-05-06T21:04:46.021+0000] {logging_mixin.py:149} INFO - [2023-05-06T21:04:46.021+0000] {dagbag.py:541} INFO - Filling up the DagBag from /home/airflow/.local/lib/python3.7/site-packages/airflow/example_dags/example_nested_branch_dag.py
[2023-05-06T21:04:46.039+0000] {processor.py:809} INFO - DAG(s) dict_keys(['example_nested_branch_dag']) retrieved from /home/airflow/.local/lib/python3.7/site-packages/airflow/example_dags/example_nested_branch_dag.py
[2023-05-06T21:04:46.079+0000] {logging_mixin.py:149} INFO - [2023-05-06T21:04:46.079+0000] {dag.py:2726} INFO - Sync 1 DAGs
[2023-05-06T21:04:46.121+0000] {logging_mixin.py:149} INFO - [2023-05-06T21:04:46.121+0000] {dag.py:3490} INFO - Setting next_dagrun for example_nested_branch_dag to 2023-05-05T00:00:00+00:00, run_after=2023-05-06T00:00:00+00:00
[2023-05-06T21:04:46.153+0000] {processor.py:178} INFO - Processing /home/airflow/.local/lib/python3.7/site-packages/airflow/example_dags/example_nested_branch_dag.py took 0.141 seconds
[2023-05-06T21:05:16.425+0000] {processor.py:156} INFO - Started process (PID=4815) to work on /home/airflow/.local/lib/python3.7/site-packages/airflow/example_dags/example_nested_branch_dag.py
[2023-05-06T21:05:16.427+0000] {processor.py:799} INFO - Processing file /home/airflow/.local/lib/python3.7/site-packages/airflow/example_dags/example_nested_branch_dag.py for tasks to queue
[2023-05-06T21:05:16.429+0000] {logging_mixin.py:149} INFO - [2023-05-06T21:05:16.429+0000] {dagbag.py:541} INFO - Filling up the DagBag from /home/airflow/.local/lib/python3.7/site-packages/airflow/example_dags/example_nested_branch_dag.py
[2023-05-06T21:05:16.444+0000] {processor.py:809} INFO - DAG(s) dict_keys(['example_nested_branch_dag']) retrieved from /home/airflow/.local/lib/python3.7/site-packages/airflow/example_dags/example_nested_branch_dag.py
[2023-05-06T21:05:16.480+0000] {logging_mixin.py:149} INFO - [2023-05-06T21:05:16.480+0000] {dag.py:2726} INFO - Sync 1 DAGs
[2023-05-06T21:05:16.522+0000] {logging_mixin.py:149} INFO - [2023-05-06T21:05:16.522+0000] {dag.py:3490} INFO - Setting next_dagrun for example_nested_branch_dag to 2023-05-05T00:00:00+00:00, run_after=2023-05-06T00:00:00+00:00
[2023-05-06T21:05:16.552+0000] {processor.py:178} INFO - Processing /home/airflow/.local/lib/python3.7/site-packages/airflow/example_dags/example_nested_branch_dag.py took 0.132 seconds
[2023-05-06T21:05:47.105+0000] {processor.py:156} INFO - Started process (PID=5053) to work on /home/airflow/.local/lib/python3.7/site-packages/airflow/example_dags/example_nested_branch_dag.py
[2023-05-06T21:05:47.107+0000] {processor.py:799} INFO - Processing file /home/airflow/.local/lib/python3.7/site-packages/airflow/example_dags/example_nested_branch_dag.py for tasks to queue
[2023-05-06T21:05:47.109+0000] {logging_mixin.py:149} INFO - [2023-05-06T21:05:47.109+0000] {dagbag.py:541} INFO - Filling up the DagBag from /home/airflow/.local/lib/python3.7/site-packages/airflow/example_dags/example_nested_branch_dag.py
[2023-05-06T21:05:47.122+0000] {processor.py:809} INFO - DAG(s) dict_keys(['example_nested_branch_dag']) retrieved from /home/airflow/.local/lib/python3.7/site-packages/airflow/example_dags/example_nested_branch_dag.py
[2023-05-06T21:05:47.155+0000] {logging_mixin.py:149} INFO - [2023-05-06T21:05:47.155+0000] {dag.py:2726} INFO - Sync 1 DAGs
[2023-05-06T21:05:47.193+0000] {logging_mixin.py:149} INFO - [2023-05-06T21:05:47.193+0000] {dag.py:3490} INFO - Setting next_dagrun for example_nested_branch_dag to 2023-05-05T00:00:00+00:00, run_after=2023-05-06T00:00:00+00:00
[2023-05-06T21:05:47.223+0000] {processor.py:178} INFO - Processing /home/airflow/.local/lib/python3.7/site-packages/airflow/example_dags/example_nested_branch_dag.py took 0.121 seconds
[2023-05-06T21:06:17.612+0000] {processor.py:156} INFO - Started process (PID=5291) to work on /home/airflow/.local/lib/python3.7/site-packages/airflow/example_dags/example_nested_branch_dag.py
[2023-05-06T21:06:17.614+0000] {processor.py:799} INFO - Processing file /home/airflow/.local/lib/python3.7/site-packages/airflow/example_dags/example_nested_branch_dag.py for tasks to queue
[2023-05-06T21:06:17.616+0000] {logging_mixin.py:149} INFO - [2023-05-06T21:06:17.616+0000] {dagbag.py:541} INFO - Filling up the DagBag from /home/airflow/.local/lib/python3.7/site-packages/airflow/example_dags/example_nested_branch_dag.py
[2023-05-06T21:06:17.632+0000] {processor.py:809} INFO - DAG(s) dict_keys(['example_nested_branch_dag']) retrieved from /home/airflow/.local/lib/python3.7/site-packages/airflow/example_dags/example_nested_branch_dag.py
[2023-05-06T21:06:17.649+0000] {logging_mixin.py:149} INFO - [2023-05-06T21:06:17.649+0000] {dag.py:2726} INFO - Sync 1 DAGs
[2023-05-06T21:06:17.693+0000] {logging_mixin.py:149} INFO - [2023-05-06T21:06:17.692+0000] {dag.py:3490} INFO - Setting next_dagrun for example_nested_branch_dag to 2023-05-05T00:00:00+00:00, run_after=2023-05-06T00:00:00+00:00
[2023-05-06T21:06:17.723+0000] {processor.py:178} INFO - Processing /home/airflow/.local/lib/python3.7/site-packages/airflow/example_dags/example_nested_branch_dag.py took 0.115 seconds
[2023-05-06T21:06:48.184+0000] {processor.py:156} INFO - Started process (PID=5530) to work on /home/airflow/.local/lib/python3.7/site-packages/airflow/example_dags/example_nested_branch_dag.py
[2023-05-06T21:06:48.187+0000] {processor.py:799} INFO - Processing file /home/airflow/.local/lib/python3.7/site-packages/airflow/example_dags/example_nested_branch_dag.py for tasks to queue
[2023-05-06T21:06:48.190+0000] {logging_mixin.py:149} INFO - [2023-05-06T21:06:48.189+0000] {dagbag.py:541} INFO - Filling up the DagBag from /home/airflow/.local/lib/python3.7/site-packages/airflow/example_dags/example_nested_branch_dag.py
[2023-05-06T21:06:48.205+0000] {processor.py:809} INFO - DAG(s) dict_keys(['example_nested_branch_dag']) retrieved from /home/airflow/.local/lib/python3.7/site-packages/airflow/example_dags/example_nested_branch_dag.py
[2023-05-06T21:06:48.249+0000] {logging_mixin.py:149} INFO - [2023-05-06T21:06:48.249+0000] {dag.py:2726} INFO - Sync 1 DAGs
[2023-05-06T21:06:48.301+0000] {logging_mixin.py:149} INFO - [2023-05-06T21:06:48.300+0000] {dag.py:3490} INFO - Setting next_dagrun for example_nested_branch_dag to 2023-05-05T00:00:00+00:00, run_after=2023-05-06T00:00:00+00:00
[2023-05-06T21:06:48.337+0000] {processor.py:178} INFO - Processing /home/airflow/.local/lib/python3.7/site-packages/airflow/example_dags/example_nested_branch_dag.py took 0.159 seconds
[2023-05-06T21:07:18.677+0000] {processor.py:156} INFO - Started process (PID=5768) to work on /home/airflow/.local/lib/python3.7/site-packages/airflow/example_dags/example_nested_branch_dag.py
[2023-05-06T21:07:18.679+0000] {processor.py:799} INFO - Processing file /home/airflow/.local/lib/python3.7/site-packages/airflow/example_dags/example_nested_branch_dag.py for tasks to queue
[2023-05-06T21:07:18.680+0000] {logging_mixin.py:149} INFO - [2023-05-06T21:07:18.680+0000] {dagbag.py:541} INFO - Filling up the DagBag from /home/airflow/.local/lib/python3.7/site-packages/airflow/example_dags/example_nested_branch_dag.py
[2023-05-06T21:07:18.693+0000] {processor.py:809} INFO - DAG(s) dict_keys(['example_nested_branch_dag']) retrieved from /home/airflow/.local/lib/python3.7/site-packages/airflow/example_dags/example_nested_branch_dag.py
[2023-05-06T21:07:18.728+0000] {logging_mixin.py:149} INFO - [2023-05-06T21:07:18.728+0000] {dag.py:2726} INFO - Sync 1 DAGs
[2023-05-06T21:07:18.769+0000] {logging_mixin.py:149} INFO - [2023-05-06T21:07:18.769+0000] {dag.py:3490} INFO - Setting next_dagrun for example_nested_branch_dag to 2023-05-05T00:00:00+00:00, run_after=2023-05-06T00:00:00+00:00
[2023-05-06T21:07:18.799+0000] {processor.py:178} INFO - Processing /home/airflow/.local/lib/python3.7/site-packages/airflow/example_dags/example_nested_branch_dag.py took 0.125 seconds
