[2023-05-06T20:55:28.757+0000] {processor.py:156} INFO - Started process (PID=207) to work on /home/airflow/.local/lib/python3.7/site-packages/airflow/example_dags/example_branch_operator.py
[2023-05-06T20:55:28.759+0000] {processor.py:799} INFO - Processing file /home/airflow/.local/lib/python3.7/site-packages/airflow/example_dags/example_branch_operator.py for tasks to queue
[2023-05-06T20:55:28.761+0000] {logging_mixin.py:149} INFO - [2023-05-06T20:55:28.761+0000] {dagbag.py:541} INFO - Filling up the DagBag from /home/airflow/.local/lib/python3.7/site-packages/airflow/example_dags/example_branch_operator.py
[2023-05-06T20:55:28.775+0000] {processor.py:809} INFO - DAG(s) dict_keys(['example_branch_operator']) retrieved from /home/airflow/.local/lib/python3.7/site-packages/airflow/example_dags/example_branch_operator.py
[2023-05-06T20:55:28.798+0000] {logging_mixin.py:149} INFO - [2023-05-06T20:55:28.798+0000] {dag.py:2726} INFO - Sync 1 DAGs
[2023-05-06T20:55:28.850+0000] {logging_mixin.py:149} INFO - [2023-05-06T20:55:28.850+0000] {dag.py:3490} INFO - Setting next_dagrun for example_branch_operator to 2023-05-05T00:00:00+00:00, run_after=2023-05-06T00:00:00+00:00
[2023-05-06T20:55:28.888+0000] {processor.py:178} INFO - Processing /home/airflow/.local/lib/python3.7/site-packages/airflow/example_dags/example_branch_operator.py took 0.135 seconds
[2023-05-06T20:55:59.838+0000] {processor.py:156} INFO - Started process (PID=440) to work on /home/airflow/.local/lib/python3.7/site-packages/airflow/example_dags/example_branch_operator.py
[2023-05-06T20:55:59.840+0000] {processor.py:799} INFO - Processing file /home/airflow/.local/lib/python3.7/site-packages/airflow/example_dags/example_branch_operator.py for tasks to queue
[2023-05-06T20:55:59.841+0000] {logging_mixin.py:149} INFO - [2023-05-06T20:55:59.841+0000] {dagbag.py:541} INFO - Filling up the DagBag from /home/airflow/.local/lib/python3.7/site-packages/airflow/example_dags/example_branch_operator.py
[2023-05-06T20:55:59.855+0000] {processor.py:809} INFO - DAG(s) dict_keys(['example_branch_operator']) retrieved from /home/airflow/.local/lib/python3.7/site-packages/airflow/example_dags/example_branch_operator.py
[2023-05-06T20:55:59.898+0000] {logging_mixin.py:149} INFO - [2023-05-06T20:55:59.898+0000] {dag.py:2726} INFO - Sync 1 DAGs
[2023-05-06T20:55:59.944+0000] {logging_mixin.py:149} INFO - [2023-05-06T20:55:59.944+0000] {dag.py:3490} INFO - Setting next_dagrun for example_branch_operator to 2023-05-05T00:00:00+00:00, run_after=2023-05-06T00:00:00+00:00
[2023-05-06T20:56:00.164+0000] {processor.py:178} INFO - Processing /home/airflow/.local/lib/python3.7/site-packages/airflow/example_dags/example_branch_operator.py took 0.332 seconds
[2023-05-06T20:56:30.853+0000] {processor.py:156} INFO - Started process (PID=678) to work on /home/airflow/.local/lib/python3.7/site-packages/airflow/example_dags/example_branch_operator.py
[2023-05-06T20:56:30.856+0000] {processor.py:799} INFO - Processing file /home/airflow/.local/lib/python3.7/site-packages/airflow/example_dags/example_branch_operator.py for tasks to queue
[2023-05-06T20:56:30.859+0000] {logging_mixin.py:149} INFO - [2023-05-06T20:56:30.858+0000] {dagbag.py:541} INFO - Filling up the DagBag from /home/airflow/.local/lib/python3.7/site-packages/airflow/example_dags/example_branch_operator.py
[2023-05-06T20:56:30.872+0000] {processor.py:809} INFO - DAG(s) dict_keys(['example_branch_operator']) retrieved from /home/airflow/.local/lib/python3.7/site-packages/airflow/example_dags/example_branch_operator.py
[2023-05-06T20:56:31.093+0000] {logging_mixin.py:149} INFO - [2023-05-06T20:56:31.092+0000] {dag.py:2726} INFO - Sync 1 DAGs
[2023-05-06T20:56:31.131+0000] {logging_mixin.py:149} INFO - [2023-05-06T20:56:31.131+0000] {dag.py:3490} INFO - Setting next_dagrun for example_branch_operator to 2023-05-05T00:00:00+00:00, run_after=2023-05-06T00:00:00+00:00
[2023-05-06T20:56:31.160+0000] {processor.py:178} INFO - Processing /home/airflow/.local/lib/python3.7/site-packages/airflow/example_dags/example_branch_operator.py took 0.312 seconds
[2023-05-06T20:57:01.968+0000] {processor.py:156} INFO - Started process (PID=916) to work on /home/airflow/.local/lib/python3.7/site-packages/airflow/example_dags/example_branch_operator.py
[2023-05-06T20:57:01.970+0000] {processor.py:799} INFO - Processing file /home/airflow/.local/lib/python3.7/site-packages/airflow/example_dags/example_branch_operator.py for tasks to queue
[2023-05-06T20:57:01.972+0000] {logging_mixin.py:149} INFO - [2023-05-06T20:57:01.972+0000] {dagbag.py:541} INFO - Filling up the DagBag from /home/airflow/.local/lib/python3.7/site-packages/airflow/example_dags/example_branch_operator.py
[2023-05-06T20:57:01.986+0000] {processor.py:809} INFO - DAG(s) dict_keys(['example_branch_operator']) retrieved from /home/airflow/.local/lib/python3.7/site-packages/airflow/example_dags/example_branch_operator.py
[2023-05-06T20:57:02.028+0000] {logging_mixin.py:149} INFO - [2023-05-06T20:57:02.028+0000] {dag.py:2726} INFO - Sync 1 DAGs
[2023-05-06T20:57:02.074+0000] {logging_mixin.py:149} INFO - [2023-05-06T20:57:02.073+0000] {dag.py:3490} INFO - Setting next_dagrun for example_branch_operator to 2023-05-05T00:00:00+00:00, run_after=2023-05-06T00:00:00+00:00
[2023-05-06T20:57:02.103+0000] {processor.py:178} INFO - Processing /home/airflow/.local/lib/python3.7/site-packages/airflow/example_dags/example_branch_operator.py took 0.140 seconds
[2023-05-06T20:57:32.477+0000] {processor.py:156} INFO - Started process (PID=1154) to work on /home/airflow/.local/lib/python3.7/site-packages/airflow/example_dags/example_branch_operator.py
[2023-05-06T20:57:32.479+0000] {processor.py:799} INFO - Processing file /home/airflow/.local/lib/python3.7/site-packages/airflow/example_dags/example_branch_operator.py for tasks to queue
[2023-05-06T20:57:32.481+0000] {logging_mixin.py:149} INFO - [2023-05-06T20:57:32.481+0000] {dagbag.py:541} INFO - Filling up the DagBag from /home/airflow/.local/lib/python3.7/site-packages/airflow/example_dags/example_branch_operator.py
[2023-05-06T20:57:32.497+0000] {processor.py:809} INFO - DAG(s) dict_keys(['example_branch_operator']) retrieved from /home/airflow/.local/lib/python3.7/site-packages/airflow/example_dags/example_branch_operator.py
[2023-05-06T20:57:32.516+0000] {logging_mixin.py:149} INFO - [2023-05-06T20:57:32.515+0000] {dag.py:2726} INFO - Sync 1 DAGs
[2023-05-06T20:57:32.560+0000] {logging_mixin.py:149} INFO - [2023-05-06T20:57:32.560+0000] {dag.py:3490} INFO - Setting next_dagrun for example_branch_operator to 2023-05-05T00:00:00+00:00, run_after=2023-05-06T00:00:00+00:00
[2023-05-06T20:57:32.592+0000] {processor.py:178} INFO - Processing /home/airflow/.local/lib/python3.7/site-packages/airflow/example_dags/example_branch_operator.py took 0.119 seconds
[2023-05-06T20:58:03.171+0000] {processor.py:156} INFO - Started process (PID=1394) to work on /home/airflow/.local/lib/python3.7/site-packages/airflow/example_dags/example_branch_operator.py
[2023-05-06T20:58:03.173+0000] {processor.py:799} INFO - Processing file /home/airflow/.local/lib/python3.7/site-packages/airflow/example_dags/example_branch_operator.py for tasks to queue
[2023-05-06T20:58:03.174+0000] {logging_mixin.py:149} INFO - [2023-05-06T20:58:03.174+0000] {dagbag.py:541} INFO - Filling up the DagBag from /home/airflow/.local/lib/python3.7/site-packages/airflow/example_dags/example_branch_operator.py
[2023-05-06T20:58:03.188+0000] {processor.py:809} INFO - DAG(s) dict_keys(['example_branch_operator']) retrieved from /home/airflow/.local/lib/python3.7/site-packages/airflow/example_dags/example_branch_operator.py
[2023-05-06T20:58:03.229+0000] {logging_mixin.py:149} INFO - [2023-05-06T20:58:03.228+0000] {dag.py:2726} INFO - Sync 1 DAGs
[2023-05-06T20:58:03.267+0000] {logging_mixin.py:149} INFO - [2023-05-06T20:58:03.267+0000] {dag.py:3490} INFO - Setting next_dagrun for example_branch_operator to 2023-05-05T00:00:00+00:00, run_after=2023-05-06T00:00:00+00:00
[2023-05-06T20:58:03.296+0000] {processor.py:178} INFO - Processing /home/airflow/.local/lib/python3.7/site-packages/airflow/example_dags/example_branch_operator.py took 0.131 seconds
[2023-05-06T20:58:33.494+0000] {processor.py:156} INFO - Started process (PID=1638) to work on /home/airflow/.local/lib/python3.7/site-packages/airflow/example_dags/example_branch_operator.py
[2023-05-06T20:58:33.496+0000] {processor.py:799} INFO - Processing file /home/airflow/.local/lib/python3.7/site-packages/airflow/example_dags/example_branch_operator.py for tasks to queue
[2023-05-06T20:58:33.497+0000] {logging_mixin.py:149} INFO - [2023-05-06T20:58:33.497+0000] {dagbag.py:541} INFO - Filling up the DagBag from /home/airflow/.local/lib/python3.7/site-packages/airflow/example_dags/example_branch_operator.py
[2023-05-06T20:58:33.511+0000] {processor.py:809} INFO - DAG(s) dict_keys(['example_branch_operator']) retrieved from /home/airflow/.local/lib/python3.7/site-packages/airflow/example_dags/example_branch_operator.py
[2023-05-06T20:58:33.549+0000] {logging_mixin.py:149} INFO - [2023-05-06T20:58:33.548+0000] {dag.py:2726} INFO - Sync 1 DAGs
[2023-05-06T20:58:33.586+0000] {logging_mixin.py:149} INFO - [2023-05-06T20:58:33.586+0000] {dag.py:3490} INFO - Setting next_dagrun for example_branch_operator to 2023-05-05T00:00:00+00:00, run_after=2023-05-06T00:00:00+00:00
[2023-05-06T20:58:33.613+0000] {processor.py:178} INFO - Processing /home/airflow/.local/lib/python3.7/site-packages/airflow/example_dags/example_branch_operator.py took 0.123 seconds
[2023-05-06T20:59:03.776+0000] {processor.py:156} INFO - Started process (PID=1876) to work on /home/airflow/.local/lib/python3.7/site-packages/airflow/example_dags/example_branch_operator.py
[2023-05-06T20:59:03.778+0000] {processor.py:799} INFO - Processing file /home/airflow/.local/lib/python3.7/site-packages/airflow/example_dags/example_branch_operator.py for tasks to queue
[2023-05-06T20:59:03.780+0000] {logging_mixin.py:149} INFO - [2023-05-06T20:59:03.780+0000] {dagbag.py:541} INFO - Filling up the DagBag from /home/airflow/.local/lib/python3.7/site-packages/airflow/example_dags/example_branch_operator.py
[2023-05-06T20:59:03.795+0000] {processor.py:809} INFO - DAG(s) dict_keys(['example_branch_operator']) retrieved from /home/airflow/.local/lib/python3.7/site-packages/airflow/example_dags/example_branch_operator.py
[2023-05-06T20:59:03.835+0000] {logging_mixin.py:149} INFO - [2023-05-06T20:59:03.835+0000] {dag.py:2726} INFO - Sync 1 DAGs
[2023-05-06T20:59:03.874+0000] {logging_mixin.py:149} INFO - [2023-05-06T20:59:03.874+0000] {dag.py:3490} INFO - Setting next_dagrun for example_branch_operator to 2023-05-05T00:00:00+00:00, run_after=2023-05-06T00:00:00+00:00
[2023-05-06T20:59:03.921+0000] {processor.py:178} INFO - Processing /home/airflow/.local/lib/python3.7/site-packages/airflow/example_dags/example_branch_operator.py took 0.149 seconds
[2023-05-06T20:59:34.680+0000] {processor.py:156} INFO - Started process (PID=2107) to work on /home/airflow/.local/lib/python3.7/site-packages/airflow/example_dags/example_branch_operator.py
[2023-05-06T20:59:34.682+0000] {processor.py:799} INFO - Processing file /home/airflow/.local/lib/python3.7/site-packages/airflow/example_dags/example_branch_operator.py for tasks to queue
[2023-05-06T20:59:34.684+0000] {logging_mixin.py:149} INFO - [2023-05-06T20:59:34.684+0000] {dagbag.py:541} INFO - Filling up the DagBag from /home/airflow/.local/lib/python3.7/site-packages/airflow/example_dags/example_branch_operator.py
[2023-05-06T20:59:34.713+0000] {processor.py:809} INFO - DAG(s) dict_keys(['example_branch_operator']) retrieved from /home/airflow/.local/lib/python3.7/site-packages/airflow/example_dags/example_branch_operator.py
[2023-05-06T20:59:34.791+0000] {logging_mixin.py:149} INFO - [2023-05-06T20:59:34.790+0000] {dag.py:2726} INFO - Sync 1 DAGs
[2023-05-06T20:59:34.843+0000] {logging_mixin.py:149} INFO - [2023-05-06T20:59:34.842+0000] {dag.py:3490} INFO - Setting next_dagrun for example_branch_operator to 2023-05-05T00:00:00+00:00, run_after=2023-05-06T00:00:00+00:00
[2023-05-06T20:59:34.878+0000] {processor.py:178} INFO - Processing /home/airflow/.local/lib/python3.7/site-packages/airflow/example_dags/example_branch_operator.py took 0.206 seconds
[2023-05-06T21:00:04.935+0000] {processor.py:156} INFO - Started process (PID=2345) to work on /home/airflow/.local/lib/python3.7/site-packages/airflow/example_dags/example_branch_operator.py
[2023-05-06T21:00:04.937+0000] {processor.py:799} INFO - Processing file /home/airflow/.local/lib/python3.7/site-packages/airflow/example_dags/example_branch_operator.py for tasks to queue
[2023-05-06T21:00:04.939+0000] {logging_mixin.py:149} INFO - [2023-05-06T21:00:04.939+0000] {dagbag.py:541} INFO - Filling up the DagBag from /home/airflow/.local/lib/python3.7/site-packages/airflow/example_dags/example_branch_operator.py
[2023-05-06T21:00:04.955+0000] {processor.py:809} INFO - DAG(s) dict_keys(['example_branch_operator']) retrieved from /home/airflow/.local/lib/python3.7/site-packages/airflow/example_dags/example_branch_operator.py
[2023-05-06T21:00:04.974+0000] {logging_mixin.py:149} INFO - [2023-05-06T21:00:04.974+0000] {dag.py:2726} INFO - Sync 1 DAGs
[2023-05-06T21:00:05.015+0000] {logging_mixin.py:149} INFO - [2023-05-06T21:00:05.014+0000] {dag.py:3490} INFO - Setting next_dagrun for example_branch_operator to 2023-05-05T00:00:00+00:00, run_after=2023-05-06T00:00:00+00:00
[2023-05-06T21:00:05.040+0000] {processor.py:178} INFO - Processing /home/airflow/.local/lib/python3.7/site-packages/airflow/example_dags/example_branch_operator.py took 0.110 seconds
[2023-05-06T21:00:35.290+0000] {processor.py:156} INFO - Started process (PID=2583) to work on /home/airflow/.local/lib/python3.7/site-packages/airflow/example_dags/example_branch_operator.py
[2023-05-06T21:00:35.292+0000] {processor.py:799} INFO - Processing file /home/airflow/.local/lib/python3.7/site-packages/airflow/example_dags/example_branch_operator.py for tasks to queue
[2023-05-06T21:00:35.293+0000] {logging_mixin.py:149} INFO - [2023-05-06T21:00:35.293+0000] {dagbag.py:541} INFO - Filling up the DagBag from /home/airflow/.local/lib/python3.7/site-packages/airflow/example_dags/example_branch_operator.py
[2023-05-06T21:00:35.306+0000] {processor.py:809} INFO - DAG(s) dict_keys(['example_branch_operator']) retrieved from /home/airflow/.local/lib/python3.7/site-packages/airflow/example_dags/example_branch_operator.py
[2023-05-06T21:00:35.349+0000] {logging_mixin.py:149} INFO - [2023-05-06T21:00:35.349+0000] {dag.py:2726} INFO - Sync 1 DAGs
[2023-05-06T21:00:35.391+0000] {logging_mixin.py:149} INFO - [2023-05-06T21:00:35.391+0000] {dag.py:3490} INFO - Setting next_dagrun for example_branch_operator to 2023-05-05T00:00:00+00:00, run_after=2023-05-06T00:00:00+00:00
[2023-05-06T21:00:35.422+0000] {processor.py:178} INFO - Processing /home/airflow/.local/lib/python3.7/site-packages/airflow/example_dags/example_branch_operator.py took 0.136 seconds
[2023-05-06T21:01:05.781+0000] {processor.py:156} INFO - Started process (PID=2821) to work on /home/airflow/.local/lib/python3.7/site-packages/airflow/example_dags/example_branch_operator.py
[2023-05-06T21:01:05.783+0000] {processor.py:799} INFO - Processing file /home/airflow/.local/lib/python3.7/site-packages/airflow/example_dags/example_branch_operator.py for tasks to queue
[2023-05-06T21:01:05.784+0000] {logging_mixin.py:149} INFO - [2023-05-06T21:01:05.784+0000] {dagbag.py:541} INFO - Filling up the DagBag from /home/airflow/.local/lib/python3.7/site-packages/airflow/example_dags/example_branch_operator.py
[2023-05-06T21:01:05.797+0000] {processor.py:809} INFO - DAG(s) dict_keys(['example_branch_operator']) retrieved from /home/airflow/.local/lib/python3.7/site-packages/airflow/example_dags/example_branch_operator.py
[2023-05-06T21:01:05.837+0000] {logging_mixin.py:149} INFO - [2023-05-06T21:01:05.836+0000] {dag.py:2726} INFO - Sync 1 DAGs
[2023-05-06T21:01:05.882+0000] {logging_mixin.py:149} INFO - [2023-05-06T21:01:05.882+0000] {dag.py:3490} INFO - Setting next_dagrun for example_branch_operator to 2023-05-05T00:00:00+00:00, run_after=2023-05-06T00:00:00+00:00
[2023-05-06T21:01:05.915+0000] {processor.py:178} INFO - Processing /home/airflow/.local/lib/python3.7/site-packages/airflow/example_dags/example_branch_operator.py took 0.137 seconds
[2023-05-06T21:01:36.639+0000] {processor.py:156} INFO - Started process (PID=3059) to work on /home/airflow/.local/lib/python3.7/site-packages/airflow/example_dags/example_branch_operator.py
[2023-05-06T21:01:36.641+0000] {processor.py:799} INFO - Processing file /home/airflow/.local/lib/python3.7/site-packages/airflow/example_dags/example_branch_operator.py for tasks to queue
[2023-05-06T21:01:36.642+0000] {logging_mixin.py:149} INFO - [2023-05-06T21:01:36.642+0000] {dagbag.py:541} INFO - Filling up the DagBag from /home/airflow/.local/lib/python3.7/site-packages/airflow/example_dags/example_branch_operator.py
[2023-05-06T21:01:36.654+0000] {processor.py:809} INFO - DAG(s) dict_keys(['example_branch_operator']) retrieved from /home/airflow/.local/lib/python3.7/site-packages/airflow/example_dags/example_branch_operator.py
[2023-05-06T21:01:36.696+0000] {logging_mixin.py:149} INFO - [2023-05-06T21:01:36.696+0000] {dag.py:2726} INFO - Sync 1 DAGs
[2023-05-06T21:01:36.741+0000] {logging_mixin.py:149} INFO - [2023-05-06T21:01:36.741+0000] {dag.py:3490} INFO - Setting next_dagrun for example_branch_operator to 2023-05-05T00:00:00+00:00, run_after=2023-05-06T00:00:00+00:00
[2023-05-06T21:01:36.772+0000] {processor.py:178} INFO - Processing /home/airflow/.local/lib/python3.7/site-packages/airflow/example_dags/example_branch_operator.py took 0.136 seconds
[2023-05-06T21:02:07.141+0000] {processor.py:156} INFO - Started process (PID=3297) to work on /home/airflow/.local/lib/python3.7/site-packages/airflow/example_dags/example_branch_operator.py
[2023-05-06T21:02:07.144+0000] {processor.py:799} INFO - Processing file /home/airflow/.local/lib/python3.7/site-packages/airflow/example_dags/example_branch_operator.py for tasks to queue
[2023-05-06T21:02:07.149+0000] {logging_mixin.py:149} INFO - [2023-05-06T21:02:07.149+0000] {dagbag.py:541} INFO - Filling up the DagBag from /home/airflow/.local/lib/python3.7/site-packages/airflow/example_dags/example_branch_operator.py
[2023-05-06T21:02:07.168+0000] {processor.py:809} INFO - DAG(s) dict_keys(['example_branch_operator']) retrieved from /home/airflow/.local/lib/python3.7/site-packages/airflow/example_dags/example_branch_operator.py
[2023-05-06T21:02:07.221+0000] {logging_mixin.py:149} INFO - [2023-05-06T21:02:07.220+0000] {dag.py:2726} INFO - Sync 1 DAGs
[2023-05-06T21:02:07.274+0000] {logging_mixin.py:149} INFO - [2023-05-06T21:02:07.274+0000] {dag.py:3490} INFO - Setting next_dagrun for example_branch_operator to 2023-05-05T00:00:00+00:00, run_after=2023-05-06T00:00:00+00:00
[2023-05-06T21:02:07.317+0000] {processor.py:178} INFO - Processing /home/airflow/.local/lib/python3.7/site-packages/airflow/example_dags/example_branch_operator.py took 0.180 seconds
[2023-05-06T21:02:37.443+0000] {processor.py:156} INFO - Started process (PID=3535) to work on /home/airflow/.local/lib/python3.7/site-packages/airflow/example_dags/example_branch_operator.py
[2023-05-06T21:02:37.446+0000] {processor.py:799} INFO - Processing file /home/airflow/.local/lib/python3.7/site-packages/airflow/example_dags/example_branch_operator.py for tasks to queue
[2023-05-06T21:02:37.447+0000] {logging_mixin.py:149} INFO - [2023-05-06T21:02:37.447+0000] {dagbag.py:541} INFO - Filling up the DagBag from /home/airflow/.local/lib/python3.7/site-packages/airflow/example_dags/example_branch_operator.py
[2023-05-06T21:02:37.459+0000] {processor.py:809} INFO - DAG(s) dict_keys(['example_branch_operator']) retrieved from /home/airflow/.local/lib/python3.7/site-packages/airflow/example_dags/example_branch_operator.py
[2023-05-06T21:02:37.516+0000] {logging_mixin.py:149} INFO - [2023-05-06T21:02:37.516+0000] {dag.py:2726} INFO - Sync 1 DAGs
[2023-05-06T21:02:37.562+0000] {logging_mixin.py:149} INFO - [2023-05-06T21:02:37.562+0000] {dag.py:3490} INFO - Setting next_dagrun for example_branch_operator to 2023-05-05T00:00:00+00:00, run_after=2023-05-06T00:00:00+00:00
[2023-05-06T21:02:37.598+0000] {processor.py:178} INFO - Processing /home/airflow/.local/lib/python3.7/site-packages/airflow/example_dags/example_branch_operator.py took 0.158 seconds
[2023-05-06T21:03:07.745+0000] {processor.py:156} INFO - Started process (PID=3773) to work on /home/airflow/.local/lib/python3.7/site-packages/airflow/example_dags/example_branch_operator.py
[2023-05-06T21:03:07.747+0000] {processor.py:799} INFO - Processing file /home/airflow/.local/lib/python3.7/site-packages/airflow/example_dags/example_branch_operator.py for tasks to queue
[2023-05-06T21:03:07.748+0000] {logging_mixin.py:149} INFO - [2023-05-06T21:03:07.748+0000] {dagbag.py:541} INFO - Filling up the DagBag from /home/airflow/.local/lib/python3.7/site-packages/airflow/example_dags/example_branch_operator.py
[2023-05-06T21:03:07.762+0000] {processor.py:809} INFO - DAG(s) dict_keys(['example_branch_operator']) retrieved from /home/airflow/.local/lib/python3.7/site-packages/airflow/example_dags/example_branch_operator.py
[2023-05-06T21:03:07.800+0000] {logging_mixin.py:149} INFO - [2023-05-06T21:03:07.800+0000] {dag.py:2726} INFO - Sync 1 DAGs
[2023-05-06T21:03:07.838+0000] {logging_mixin.py:149} INFO - [2023-05-06T21:03:07.838+0000] {dag.py:3490} INFO - Setting next_dagrun for example_branch_operator to 2023-05-05T00:00:00+00:00, run_after=2023-05-06T00:00:00+00:00
[2023-05-06T21:03:07.877+0000] {processor.py:178} INFO - Processing /home/airflow/.local/lib/python3.7/site-packages/airflow/example_dags/example_branch_operator.py took 0.136 seconds
[2023-05-06T21:03:38.552+0000] {processor.py:156} INFO - Started process (PID=4011) to work on /home/airflow/.local/lib/python3.7/site-packages/airflow/example_dags/example_branch_operator.py
[2023-05-06T21:03:38.554+0000] {processor.py:799} INFO - Processing file /home/airflow/.local/lib/python3.7/site-packages/airflow/example_dags/example_branch_operator.py for tasks to queue
[2023-05-06T21:03:38.555+0000] {logging_mixin.py:149} INFO - [2023-05-06T21:03:38.555+0000] {dagbag.py:541} INFO - Filling up the DagBag from /home/airflow/.local/lib/python3.7/site-packages/airflow/example_dags/example_branch_operator.py
[2023-05-06T21:03:38.573+0000] {processor.py:809} INFO - DAG(s) dict_keys(['example_branch_operator']) retrieved from /home/airflow/.local/lib/python3.7/site-packages/airflow/example_dags/example_branch_operator.py
[2023-05-06T21:03:38.622+0000] {logging_mixin.py:149} INFO - [2023-05-06T21:03:38.622+0000] {dag.py:2726} INFO - Sync 1 DAGs
[2023-05-06T21:03:38.667+0000] {logging_mixin.py:149} INFO - [2023-05-06T21:03:38.667+0000] {dag.py:3490} INFO - Setting next_dagrun for example_branch_operator to 2023-05-05T00:00:00+00:00, run_after=2023-05-06T00:00:00+00:00
[2023-05-06T21:03:38.700+0000] {processor.py:178} INFO - Processing /home/airflow/.local/lib/python3.7/site-packages/airflow/example_dags/example_branch_operator.py took 0.153 seconds
[2023-05-06T21:04:09.266+0000] {processor.py:156} INFO - Started process (PID=4249) to work on /home/airflow/.local/lib/python3.7/site-packages/airflow/example_dags/example_branch_operator.py
[2023-05-06T21:04:09.267+0000] {processor.py:799} INFO - Processing file /home/airflow/.local/lib/python3.7/site-packages/airflow/example_dags/example_branch_operator.py for tasks to queue
[2023-05-06T21:04:09.269+0000] {logging_mixin.py:149} INFO - [2023-05-06T21:04:09.269+0000] {dagbag.py:541} INFO - Filling up the DagBag from /home/airflow/.local/lib/python3.7/site-packages/airflow/example_dags/example_branch_operator.py
[2023-05-06T21:04:09.284+0000] {processor.py:809} INFO - DAG(s) dict_keys(['example_branch_operator']) retrieved from /home/airflow/.local/lib/python3.7/site-packages/airflow/example_dags/example_branch_operator.py
[2023-05-06T21:04:09.332+0000] {logging_mixin.py:149} INFO - [2023-05-06T21:04:09.332+0000] {dag.py:2726} INFO - Sync 1 DAGs
[2023-05-06T21:04:09.380+0000] {logging_mixin.py:149} INFO - [2023-05-06T21:04:09.380+0000] {dag.py:3490} INFO - Setting next_dagrun for example_branch_operator to 2023-05-05T00:00:00+00:00, run_after=2023-05-06T00:00:00+00:00
[2023-05-06T21:04:09.413+0000] {processor.py:178} INFO - Processing /home/airflow/.local/lib/python3.7/site-packages/airflow/example_dags/example_branch_operator.py took 0.151 seconds
[2023-05-06T21:04:40.075+0000] {processor.py:156} INFO - Started process (PID=4487) to work on /home/airflow/.local/lib/python3.7/site-packages/airflow/example_dags/example_branch_operator.py
[2023-05-06T21:04:40.077+0000] {processor.py:799} INFO - Processing file /home/airflow/.local/lib/python3.7/site-packages/airflow/example_dags/example_branch_operator.py for tasks to queue
[2023-05-06T21:04:40.078+0000] {logging_mixin.py:149} INFO - [2023-05-06T21:04:40.078+0000] {dagbag.py:541} INFO - Filling up the DagBag from /home/airflow/.local/lib/python3.7/site-packages/airflow/example_dags/example_branch_operator.py
[2023-05-06T21:04:40.092+0000] {processor.py:809} INFO - DAG(s) dict_keys(['example_branch_operator']) retrieved from /home/airflow/.local/lib/python3.7/site-packages/airflow/example_dags/example_branch_operator.py
[2023-05-06T21:04:40.139+0000] {logging_mixin.py:149} INFO - [2023-05-06T21:04:40.139+0000] {dag.py:2726} INFO - Sync 1 DAGs
[2023-05-06T21:04:40.182+0000] {logging_mixin.py:149} INFO - [2023-05-06T21:04:40.182+0000] {dag.py:3490} INFO - Setting next_dagrun for example_branch_operator to 2023-05-05T00:00:00+00:00, run_after=2023-05-06T00:00:00+00:00
[2023-05-06T21:04:40.212+0000] {processor.py:178} INFO - Processing /home/airflow/.local/lib/python3.7/site-packages/airflow/example_dags/example_branch_operator.py took 0.141 seconds
[2023-05-06T21:05:10.802+0000] {processor.py:156} INFO - Started process (PID=4725) to work on /home/airflow/.local/lib/python3.7/site-packages/airflow/example_dags/example_branch_operator.py
[2023-05-06T21:05:10.803+0000] {processor.py:799} INFO - Processing file /home/airflow/.local/lib/python3.7/site-packages/airflow/example_dags/example_branch_operator.py for tasks to queue
[2023-05-06T21:05:10.805+0000] {logging_mixin.py:149} INFO - [2023-05-06T21:05:10.804+0000] {dagbag.py:541} INFO - Filling up the DagBag from /home/airflow/.local/lib/python3.7/site-packages/airflow/example_dags/example_branch_operator.py
[2023-05-06T21:05:10.819+0000] {processor.py:809} INFO - DAG(s) dict_keys(['example_branch_operator']) retrieved from /home/airflow/.local/lib/python3.7/site-packages/airflow/example_dags/example_branch_operator.py
[2023-05-06T21:05:10.861+0000] {logging_mixin.py:149} INFO - [2023-05-06T21:05:10.861+0000] {dag.py:2726} INFO - Sync 1 DAGs
[2023-05-06T21:05:10.899+0000] {logging_mixin.py:149} INFO - [2023-05-06T21:05:10.899+0000] {dag.py:3490} INFO - Setting next_dagrun for example_branch_operator to 2023-05-05T00:00:00+00:00, run_after=2023-05-06T00:00:00+00:00
[2023-05-06T21:05:10.924+0000] {processor.py:178} INFO - Processing /home/airflow/.local/lib/python3.7/site-packages/airflow/example_dags/example_branch_operator.py took 0.126 seconds
[2023-05-06T21:05:41.233+0000] {processor.py:156} INFO - Started process (PID=4963) to work on /home/airflow/.local/lib/python3.7/site-packages/airflow/example_dags/example_branch_operator.py
[2023-05-06T21:05:41.235+0000] {processor.py:799} INFO - Processing file /home/airflow/.local/lib/python3.7/site-packages/airflow/example_dags/example_branch_operator.py for tasks to queue
[2023-05-06T21:05:41.237+0000] {logging_mixin.py:149} INFO - [2023-05-06T21:05:41.237+0000] {dagbag.py:541} INFO - Filling up the DagBag from /home/airflow/.local/lib/python3.7/site-packages/airflow/example_dags/example_branch_operator.py
[2023-05-06T21:05:41.253+0000] {processor.py:809} INFO - DAG(s) dict_keys(['example_branch_operator']) retrieved from /home/airflow/.local/lib/python3.7/site-packages/airflow/example_dags/example_branch_operator.py
[2023-05-06T21:05:41.301+0000] {logging_mixin.py:149} INFO - [2023-05-06T21:05:41.301+0000] {dag.py:2726} INFO - Sync 1 DAGs
[2023-05-06T21:05:41.354+0000] {logging_mixin.py:149} INFO - [2023-05-06T21:05:41.354+0000] {dag.py:3490} INFO - Setting next_dagrun for example_branch_operator to 2023-05-05T00:00:00+00:00, run_after=2023-05-06T00:00:00+00:00
[2023-05-06T21:05:41.384+0000] {processor.py:178} INFO - Processing /home/airflow/.local/lib/python3.7/site-packages/airflow/example_dags/example_branch_operator.py took 0.156 seconds
[2023-05-06T21:06:11.523+0000] {processor.py:156} INFO - Started process (PID=5201) to work on /home/airflow/.local/lib/python3.7/site-packages/airflow/example_dags/example_branch_operator.py
[2023-05-06T21:06:11.526+0000] {processor.py:799} INFO - Processing file /home/airflow/.local/lib/python3.7/site-packages/airflow/example_dags/example_branch_operator.py for tasks to queue
[2023-05-06T21:06:11.528+0000] {logging_mixin.py:149} INFO - [2023-05-06T21:06:11.528+0000] {dagbag.py:541} INFO - Filling up the DagBag from /home/airflow/.local/lib/python3.7/site-packages/airflow/example_dags/example_branch_operator.py
[2023-05-06T21:06:11.544+0000] {processor.py:809} INFO - DAG(s) dict_keys(['example_branch_operator']) retrieved from /home/airflow/.local/lib/python3.7/site-packages/airflow/example_dags/example_branch_operator.py
[2023-05-06T21:06:11.585+0000] {logging_mixin.py:149} INFO - [2023-05-06T21:06:11.585+0000] {dag.py:2726} INFO - Sync 1 DAGs
[2023-05-06T21:06:11.628+0000] {logging_mixin.py:149} INFO - [2023-05-06T21:06:11.628+0000] {dag.py:3490} INFO - Setting next_dagrun for example_branch_operator to 2023-05-05T00:00:00+00:00, run_after=2023-05-06T00:00:00+00:00
[2023-05-06T21:06:11.674+0000] {processor.py:178} INFO - Processing /home/airflow/.local/lib/python3.7/site-packages/airflow/example_dags/example_branch_operator.py took 0.155 seconds
[2023-05-06T21:06:42.303+0000] {processor.py:156} INFO - Started process (PID=5442) to work on /home/airflow/.local/lib/python3.7/site-packages/airflow/example_dags/example_branch_operator.py
[2023-05-06T21:06:42.305+0000] {processor.py:799} INFO - Processing file /home/airflow/.local/lib/python3.7/site-packages/airflow/example_dags/example_branch_operator.py for tasks to queue
[2023-05-06T21:06:42.307+0000] {logging_mixin.py:149} INFO - [2023-05-06T21:06:42.307+0000] {dagbag.py:541} INFO - Filling up the DagBag from /home/airflow/.local/lib/python3.7/site-packages/airflow/example_dags/example_branch_operator.py
[2023-05-06T21:06:42.321+0000] {processor.py:809} INFO - DAG(s) dict_keys(['example_branch_operator']) retrieved from /home/airflow/.local/lib/python3.7/site-packages/airflow/example_dags/example_branch_operator.py
[2023-05-06T21:06:42.339+0000] {logging_mixin.py:149} INFO - [2023-05-06T21:06:42.339+0000] {dag.py:2726} INFO - Sync 1 DAGs
[2023-05-06T21:06:42.378+0000] {logging_mixin.py:149} INFO - [2023-05-06T21:06:42.378+0000] {dag.py:3490} INFO - Setting next_dagrun for example_branch_operator to 2023-05-05T00:00:00+00:00, run_after=2023-05-06T00:00:00+00:00
[2023-05-06T21:06:42.407+0000] {processor.py:178} INFO - Processing /home/airflow/.local/lib/python3.7/site-packages/airflow/example_dags/example_branch_operator.py took 0.108 seconds
[2023-05-06T21:07:12.920+0000] {processor.py:156} INFO - Started process (PID=5678) to work on /home/airflow/.local/lib/python3.7/site-packages/airflow/example_dags/example_branch_operator.py
[2023-05-06T21:07:12.923+0000] {processor.py:799} INFO - Processing file /home/airflow/.local/lib/python3.7/site-packages/airflow/example_dags/example_branch_operator.py for tasks to queue
[2023-05-06T21:07:12.926+0000] {logging_mixin.py:149} INFO - [2023-05-06T21:07:12.925+0000] {dagbag.py:541} INFO - Filling up the DagBag from /home/airflow/.local/lib/python3.7/site-packages/airflow/example_dags/example_branch_operator.py
[2023-05-06T21:07:12.944+0000] {processor.py:809} INFO - DAG(s) dict_keys(['example_branch_operator']) retrieved from /home/airflow/.local/lib/python3.7/site-packages/airflow/example_dags/example_branch_operator.py
[2023-05-06T21:07:12.985+0000] {logging_mixin.py:149} INFO - [2023-05-06T21:07:12.985+0000] {dag.py:2726} INFO - Sync 1 DAGs
[2023-05-06T21:07:13.028+0000] {logging_mixin.py:149} INFO - [2023-05-06T21:07:13.028+0000] {dag.py:3490} INFO - Setting next_dagrun for example_branch_operator to 2023-05-05T00:00:00+00:00, run_after=2023-05-06T00:00:00+00:00
[2023-05-06T21:07:13.059+0000] {processor.py:178} INFO - Processing /home/airflow/.local/lib/python3.7/site-packages/airflow/example_dags/example_branch_operator.py took 0.144 seconds
