[2023-05-06T20:55:32.268+0000] {processor.py:156} INFO - Started process (PID=342) to work on /home/airflow/.local/lib/python3.7/site-packages/airflow/example_dags/example_branch_day_of_week_operator.py
[2023-05-06T20:55:32.270+0000] {processor.py:799} INFO - Processing file /home/airflow/.local/lib/python3.7/site-packages/airflow/example_dags/example_branch_day_of_week_operator.py for tasks to queue
[2023-05-06T20:55:32.272+0000] {logging_mixin.py:149} INFO - [2023-05-06T20:55:32.272+0000] {dagbag.py:541} INFO - Filling up the DagBag from /home/airflow/.local/lib/python3.7/site-packages/airflow/example_dags/example_branch_day_of_week_operator.py
[2023-05-06T20:55:32.285+0000] {processor.py:809} INFO - DAG(s) dict_keys(['example_weekday_branch_operator']) retrieved from /home/airflow/.local/lib/python3.7/site-packages/airflow/example_dags/example_branch_day_of_week_operator.py
[2023-05-06T20:55:32.307+0000] {logging_mixin.py:149} INFO - [2023-05-06T20:55:32.306+0000] {dag.py:2726} INFO - Sync 1 DAGs
[2023-05-06T20:55:32.356+0000] {logging_mixin.py:149} INFO - [2023-05-06T20:55:32.355+0000] {dag.py:3490} INFO - Setting next_dagrun for example_weekday_branch_operator to 2023-05-05T00:00:00+00:00, run_after=2023-05-06T00:00:00+00:00
[2023-05-06T20:55:32.393+0000] {processor.py:178} INFO - Processing /home/airflow/.local/lib/python3.7/site-packages/airflow/example_dags/example_branch_day_of_week_operator.py took 0.129 seconds
[2023-05-06T20:56:05.815+0000] {processor.py:156} INFO - Started process (PID=582) to work on /home/airflow/.local/lib/python3.7/site-packages/airflow/example_dags/example_branch_day_of_week_operator.py
[2023-05-06T20:56:05.817+0000] {processor.py:799} INFO - Processing file /home/airflow/.local/lib/python3.7/site-packages/airflow/example_dags/example_branch_day_of_week_operator.py for tasks to queue
[2023-05-06T20:56:05.818+0000] {logging_mixin.py:149} INFO - [2023-05-06T20:56:05.818+0000] {dagbag.py:541} INFO - Filling up the DagBag from /home/airflow/.local/lib/python3.7/site-packages/airflow/example_dags/example_branch_day_of_week_operator.py
[2023-05-06T20:56:05.828+0000] {processor.py:809} INFO - DAG(s) dict_keys(['example_weekday_branch_operator']) retrieved from /home/airflow/.local/lib/python3.7/site-packages/airflow/example_dags/example_branch_day_of_week_operator.py
[2023-05-06T20:56:05.867+0000] {logging_mixin.py:149} INFO - [2023-05-06T20:56:05.866+0000] {dag.py:2726} INFO - Sync 1 DAGs
[2023-05-06T20:56:06.054+0000] {logging_mixin.py:149} INFO - [2023-05-06T20:56:06.054+0000] {dag.py:3490} INFO - Setting next_dagrun for example_weekday_branch_operator to 2023-05-05T00:00:00+00:00, run_after=2023-05-06T00:00:00+00:00
[2023-05-06T20:56:06.084+0000] {processor.py:178} INFO - Processing /home/airflow/.local/lib/python3.7/site-packages/airflow/example_dags/example_branch_day_of_week_operator.py took 0.273 seconds
[2023-05-06T20:56:36.851+0000] {processor.py:156} INFO - Started process (PID=818) to work on /home/airflow/.local/lib/python3.7/site-packages/airflow/example_dags/example_branch_day_of_week_operator.py
[2023-05-06T20:56:36.853+0000] {processor.py:799} INFO - Processing file /home/airflow/.local/lib/python3.7/site-packages/airflow/example_dags/example_branch_day_of_week_operator.py for tasks to queue
[2023-05-06T20:56:36.855+0000] {logging_mixin.py:149} INFO - [2023-05-06T20:56:36.855+0000] {dagbag.py:541} INFO - Filling up the DagBag from /home/airflow/.local/lib/python3.7/site-packages/airflow/example_dags/example_branch_day_of_week_operator.py
[2023-05-06T20:56:36.870+0000] {processor.py:809} INFO - DAG(s) dict_keys(['example_weekday_branch_operator']) retrieved from /home/airflow/.local/lib/python3.7/site-packages/airflow/example_dags/example_branch_day_of_week_operator.py
[2023-05-06T20:56:37.057+0000] {logging_mixin.py:149} INFO - [2023-05-06T20:56:37.057+0000] {dag.py:2726} INFO - Sync 1 DAGs
[2023-05-06T20:56:37.105+0000] {logging_mixin.py:149} INFO - [2023-05-06T20:56:37.105+0000] {dag.py:3490} INFO - Setting next_dagrun for example_weekday_branch_operator to 2023-05-05T00:00:00+00:00, run_after=2023-05-06T00:00:00+00:00
[2023-05-06T20:56:37.149+0000] {processor.py:178} INFO - Processing /home/airflow/.local/lib/python3.7/site-packages/airflow/example_dags/example_branch_day_of_week_operator.py took 0.303 seconds
[2023-05-06T20:57:07.373+0000] {processor.py:156} INFO - Started process (PID=1058) to work on /home/airflow/.local/lib/python3.7/site-packages/airflow/example_dags/example_branch_day_of_week_operator.py
[2023-05-06T20:57:07.375+0000] {processor.py:799} INFO - Processing file /home/airflow/.local/lib/python3.7/site-packages/airflow/example_dags/example_branch_day_of_week_operator.py for tasks to queue
[2023-05-06T20:57:07.377+0000] {logging_mixin.py:149} INFO - [2023-05-06T20:57:07.376+0000] {dagbag.py:541} INFO - Filling up the DagBag from /home/airflow/.local/lib/python3.7/site-packages/airflow/example_dags/example_branch_day_of_week_operator.py
[2023-05-06T20:57:07.385+0000] {processor.py:809} INFO - DAG(s) dict_keys(['example_weekday_branch_operator']) retrieved from /home/airflow/.local/lib/python3.7/site-packages/airflow/example_dags/example_branch_day_of_week_operator.py
[2023-05-06T20:57:07.418+0000] {logging_mixin.py:149} INFO - [2023-05-06T20:57:07.417+0000] {dag.py:2726} INFO - Sync 1 DAGs
[2023-05-06T20:57:07.458+0000] {logging_mixin.py:149} INFO - [2023-05-06T20:57:07.458+0000] {dag.py:3490} INFO - Setting next_dagrun for example_weekday_branch_operator to 2023-05-05T00:00:00+00:00, run_after=2023-05-06T00:00:00+00:00
[2023-05-06T20:57:07.485+0000] {processor.py:178} INFO - Processing /home/airflow/.local/lib/python3.7/site-packages/airflow/example_dags/example_branch_day_of_week_operator.py took 0.115 seconds
[2023-05-06T20:57:37.858+0000] {processor.py:156} INFO - Started process (PID=1294) to work on /home/airflow/.local/lib/python3.7/site-packages/airflow/example_dags/example_branch_day_of_week_operator.py
[2023-05-06T20:57:37.860+0000] {processor.py:799} INFO - Processing file /home/airflow/.local/lib/python3.7/site-packages/airflow/example_dags/example_branch_day_of_week_operator.py for tasks to queue
[2023-05-06T20:57:37.862+0000] {logging_mixin.py:149} INFO - [2023-05-06T20:57:37.861+0000] {dagbag.py:541} INFO - Filling up the DagBag from /home/airflow/.local/lib/python3.7/site-packages/airflow/example_dags/example_branch_day_of_week_operator.py
[2023-05-06T20:57:37.873+0000] {processor.py:809} INFO - DAG(s) dict_keys(['example_weekday_branch_operator']) retrieved from /home/airflow/.local/lib/python3.7/site-packages/airflow/example_dags/example_branch_day_of_week_operator.py
[2023-05-06T20:57:37.894+0000] {logging_mixin.py:149} INFO - [2023-05-06T20:57:37.893+0000] {dag.py:2726} INFO - Sync 1 DAGs
[2023-05-06T20:57:37.978+0000] {logging_mixin.py:149} INFO - [2023-05-06T20:57:37.978+0000] {dag.py:3490} INFO - Setting next_dagrun for example_weekday_branch_operator to 2023-05-05T00:00:00+00:00, run_after=2023-05-06T00:00:00+00:00
[2023-05-06T20:57:38.051+0000] {processor.py:178} INFO - Processing /home/airflow/.local/lib/python3.7/site-packages/airflow/example_dags/example_branch_day_of_week_operator.py took 0.199 seconds
[2023-05-06T20:58:08.391+0000] {processor.py:156} INFO - Started process (PID=1534) to work on /home/airflow/.local/lib/python3.7/site-packages/airflow/example_dags/example_branch_day_of_week_operator.py
[2023-05-06T20:58:08.392+0000] {processor.py:799} INFO - Processing file /home/airflow/.local/lib/python3.7/site-packages/airflow/example_dags/example_branch_day_of_week_operator.py for tasks to queue
[2023-05-06T20:58:08.394+0000] {logging_mixin.py:149} INFO - [2023-05-06T20:58:08.394+0000] {dagbag.py:541} INFO - Filling up the DagBag from /home/airflow/.local/lib/python3.7/site-packages/airflow/example_dags/example_branch_day_of_week_operator.py
[2023-05-06T20:58:08.406+0000] {processor.py:809} INFO - DAG(s) dict_keys(['example_weekday_branch_operator']) retrieved from /home/airflow/.local/lib/python3.7/site-packages/airflow/example_dags/example_branch_day_of_week_operator.py
[2023-05-06T20:58:08.438+0000] {logging_mixin.py:149} INFO - [2023-05-06T20:58:08.438+0000] {dag.py:2726} INFO - Sync 1 DAGs
[2023-05-06T20:58:08.474+0000] {logging_mixin.py:149} INFO - [2023-05-06T20:58:08.474+0000] {dag.py:3490} INFO - Setting next_dagrun for example_weekday_branch_operator to 2023-05-05T00:00:00+00:00, run_after=2023-05-06T00:00:00+00:00
[2023-05-06T20:58:08.504+0000] {processor.py:178} INFO - Processing /home/airflow/.local/lib/python3.7/site-packages/airflow/example_dags/example_branch_day_of_week_operator.py took 0.117 seconds
[2023-05-06T20:58:39.365+0000] {processor.py:156} INFO - Started process (PID=1771) to work on /home/airflow/.local/lib/python3.7/site-packages/airflow/example_dags/example_branch_day_of_week_operator.py
[2023-05-06T20:58:39.367+0000] {processor.py:799} INFO - Processing file /home/airflow/.local/lib/python3.7/site-packages/airflow/example_dags/example_branch_day_of_week_operator.py for tasks to queue
[2023-05-06T20:58:39.369+0000] {logging_mixin.py:149} INFO - [2023-05-06T20:58:39.369+0000] {dagbag.py:541} INFO - Filling up the DagBag from /home/airflow/.local/lib/python3.7/site-packages/airflow/example_dags/example_branch_day_of_week_operator.py
[2023-05-06T20:58:39.381+0000] {processor.py:809} INFO - DAG(s) dict_keys(['example_weekday_branch_operator']) retrieved from /home/airflow/.local/lib/python3.7/site-packages/airflow/example_dags/example_branch_day_of_week_operator.py
[2023-05-06T20:58:39.419+0000] {logging_mixin.py:149} INFO - [2023-05-06T20:58:39.419+0000] {dag.py:2726} INFO - Sync 1 DAGs
[2023-05-06T20:58:39.463+0000] {logging_mixin.py:149} INFO - [2023-05-06T20:58:39.463+0000] {dag.py:3490} INFO - Setting next_dagrun for example_weekday_branch_operator to 2023-05-05T00:00:00+00:00, run_after=2023-05-06T00:00:00+00:00
[2023-05-06T20:58:39.518+0000] {processor.py:178} INFO - Processing /home/airflow/.local/lib/python3.7/site-packages/airflow/example_dags/example_branch_day_of_week_operator.py took 0.157 seconds
[2023-05-06T20:59:10.448+0000] {processor.py:156} INFO - Started process (PID=2009) to work on /home/airflow/.local/lib/python3.7/site-packages/airflow/example_dags/example_branch_day_of_week_operator.py
[2023-05-06T20:59:10.450+0000] {processor.py:799} INFO - Processing file /home/airflow/.local/lib/python3.7/site-packages/airflow/example_dags/example_branch_day_of_week_operator.py for tasks to queue
[2023-05-06T20:59:10.452+0000] {logging_mixin.py:149} INFO - [2023-05-06T20:59:10.451+0000] {dagbag.py:541} INFO - Filling up the DagBag from /home/airflow/.local/lib/python3.7/site-packages/airflow/example_dags/example_branch_day_of_week_operator.py
[2023-05-06T20:59:10.461+0000] {processor.py:809} INFO - DAG(s) dict_keys(['example_weekday_branch_operator']) retrieved from /home/airflow/.local/lib/python3.7/site-packages/airflow/example_dags/example_branch_day_of_week_operator.py
[2023-05-06T20:59:10.501+0000] {logging_mixin.py:149} INFO - [2023-05-06T20:59:10.500+0000] {dag.py:2726} INFO - Sync 1 DAGs
[2023-05-06T20:59:10.550+0000] {logging_mixin.py:149} INFO - [2023-05-06T20:59:10.550+0000] {dag.py:3490} INFO - Setting next_dagrun for example_weekday_branch_operator to 2023-05-05T00:00:00+00:00, run_after=2023-05-06T00:00:00+00:00
[2023-05-06T20:59:10.584+0000] {processor.py:178} INFO - Processing /home/airflow/.local/lib/python3.7/site-packages/airflow/example_dags/example_branch_day_of_week_operator.py took 0.141 seconds
[2023-05-06T20:59:41.302+0000] {processor.py:156} INFO - Started process (PID=2247) to work on /home/airflow/.local/lib/python3.7/site-packages/airflow/example_dags/example_branch_day_of_week_operator.py
[2023-05-06T20:59:41.304+0000] {processor.py:799} INFO - Processing file /home/airflow/.local/lib/python3.7/site-packages/airflow/example_dags/example_branch_day_of_week_operator.py for tasks to queue
[2023-05-06T20:59:41.307+0000] {logging_mixin.py:149} INFO - [2023-05-06T20:59:41.306+0000] {dagbag.py:541} INFO - Filling up the DagBag from /home/airflow/.local/lib/python3.7/site-packages/airflow/example_dags/example_branch_day_of_week_operator.py
[2023-05-06T20:59:41.333+0000] {processor.py:809} INFO - DAG(s) dict_keys(['example_weekday_branch_operator']) retrieved from /home/airflow/.local/lib/python3.7/site-packages/airflow/example_dags/example_branch_day_of_week_operator.py
[2023-05-06T20:59:41.380+0000] {logging_mixin.py:149} INFO - [2023-05-06T20:59:41.379+0000] {dag.py:2726} INFO - Sync 1 DAGs
[2023-05-06T20:59:41.427+0000] {logging_mixin.py:149} INFO - [2023-05-06T20:59:41.427+0000] {dag.py:3490} INFO - Setting next_dagrun for example_weekday_branch_operator to 2023-05-05T00:00:00+00:00, run_after=2023-05-06T00:00:00+00:00
[2023-05-06T20:59:41.465+0000] {processor.py:178} INFO - Processing /home/airflow/.local/lib/python3.7/site-packages/airflow/example_dags/example_branch_day_of_week_operator.py took 0.167 seconds
[2023-05-06T21:00:11.538+0000] {processor.py:156} INFO - Started process (PID=2485) to work on /home/airflow/.local/lib/python3.7/site-packages/airflow/example_dags/example_branch_day_of_week_operator.py
[2023-05-06T21:00:11.540+0000] {processor.py:799} INFO - Processing file /home/airflow/.local/lib/python3.7/site-packages/airflow/example_dags/example_branch_day_of_week_operator.py for tasks to queue
[2023-05-06T21:00:11.541+0000] {logging_mixin.py:149} INFO - [2023-05-06T21:00:11.541+0000] {dagbag.py:541} INFO - Filling up the DagBag from /home/airflow/.local/lib/python3.7/site-packages/airflow/example_dags/example_branch_day_of_week_operator.py
[2023-05-06T21:00:11.552+0000] {processor.py:809} INFO - DAG(s) dict_keys(['example_weekday_branch_operator']) retrieved from /home/airflow/.local/lib/python3.7/site-packages/airflow/example_dags/example_branch_day_of_week_operator.py
[2023-05-06T21:00:11.569+0000] {logging_mixin.py:149} INFO - [2023-05-06T21:00:11.569+0000] {dag.py:2726} INFO - Sync 1 DAGs
[2023-05-06T21:00:11.612+0000] {logging_mixin.py:149} INFO - [2023-05-06T21:00:11.612+0000] {dag.py:3490} INFO - Setting next_dagrun for example_weekday_branch_operator to 2023-05-05T00:00:00+00:00, run_after=2023-05-06T00:00:00+00:00
[2023-05-06T21:00:11.651+0000] {processor.py:178} INFO - Processing /home/airflow/.local/lib/python3.7/site-packages/airflow/example_dags/example_branch_day_of_week_operator.py took 0.117 seconds
[2023-05-06T21:00:42.224+0000] {processor.py:156} INFO - Started process (PID=2723) to work on /home/airflow/.local/lib/python3.7/site-packages/airflow/example_dags/example_branch_day_of_week_operator.py
[2023-05-06T21:00:42.226+0000] {processor.py:799} INFO - Processing file /home/airflow/.local/lib/python3.7/site-packages/airflow/example_dags/example_branch_day_of_week_operator.py for tasks to queue
[2023-05-06T21:00:42.227+0000] {logging_mixin.py:149} INFO - [2023-05-06T21:00:42.227+0000] {dagbag.py:541} INFO - Filling up the DagBag from /home/airflow/.local/lib/python3.7/site-packages/airflow/example_dags/example_branch_day_of_week_operator.py
[2023-05-06T21:00:42.236+0000] {processor.py:809} INFO - DAG(s) dict_keys(['example_weekday_branch_operator']) retrieved from /home/airflow/.local/lib/python3.7/site-packages/airflow/example_dags/example_branch_day_of_week_operator.py
[2023-05-06T21:00:42.270+0000] {logging_mixin.py:149} INFO - [2023-05-06T21:00:42.270+0000] {dag.py:2726} INFO - Sync 1 DAGs
[2023-05-06T21:00:42.311+0000] {logging_mixin.py:149} INFO - [2023-05-06T21:00:42.311+0000] {dag.py:3490} INFO - Setting next_dagrun for example_weekday_branch_operator to 2023-05-05T00:00:00+00:00, run_after=2023-05-06T00:00:00+00:00
[2023-05-06T21:00:42.347+0000] {processor.py:178} INFO - Processing /home/airflow/.local/lib/python3.7/site-packages/airflow/example_dags/example_branch_day_of_week_operator.py took 0.128 seconds
[2023-05-06T21:01:12.660+0000] {processor.py:156} INFO - Started process (PID=2961) to work on /home/airflow/.local/lib/python3.7/site-packages/airflow/example_dags/example_branch_day_of_week_operator.py
[2023-05-06T21:01:12.662+0000] {processor.py:799} INFO - Processing file /home/airflow/.local/lib/python3.7/site-packages/airflow/example_dags/example_branch_day_of_week_operator.py for tasks to queue
[2023-05-06T21:01:12.663+0000] {logging_mixin.py:149} INFO - [2023-05-06T21:01:12.663+0000] {dagbag.py:541} INFO - Filling up the DagBag from /home/airflow/.local/lib/python3.7/site-packages/airflow/example_dags/example_branch_day_of_week_operator.py
[2023-05-06T21:01:12.673+0000] {processor.py:809} INFO - DAG(s) dict_keys(['example_weekday_branch_operator']) retrieved from /home/airflow/.local/lib/python3.7/site-packages/airflow/example_dags/example_branch_day_of_week_operator.py
[2023-05-06T21:01:12.709+0000] {logging_mixin.py:149} INFO - [2023-05-06T21:01:12.709+0000] {dag.py:2726} INFO - Sync 1 DAGs
[2023-05-06T21:01:12.753+0000] {logging_mixin.py:149} INFO - [2023-05-06T21:01:12.753+0000] {dag.py:3490} INFO - Setting next_dagrun for example_weekday_branch_operator to 2023-05-05T00:00:00+00:00, run_after=2023-05-06T00:00:00+00:00
[2023-05-06T21:01:12.786+0000] {processor.py:178} INFO - Processing /home/airflow/.local/lib/python3.7/site-packages/airflow/example_dags/example_branch_day_of_week_operator.py took 0.129 seconds
[2023-05-06T21:01:43.211+0000] {processor.py:156} INFO - Started process (PID=3199) to work on /home/airflow/.local/lib/python3.7/site-packages/airflow/example_dags/example_branch_day_of_week_operator.py
[2023-05-06T21:01:43.212+0000] {processor.py:799} INFO - Processing file /home/airflow/.local/lib/python3.7/site-packages/airflow/example_dags/example_branch_day_of_week_operator.py for tasks to queue
[2023-05-06T21:01:43.214+0000] {logging_mixin.py:149} INFO - [2023-05-06T21:01:43.213+0000] {dagbag.py:541} INFO - Filling up the DagBag from /home/airflow/.local/lib/python3.7/site-packages/airflow/example_dags/example_branch_day_of_week_operator.py
[2023-05-06T21:01:43.224+0000] {processor.py:809} INFO - DAG(s) dict_keys(['example_weekday_branch_operator']) retrieved from /home/airflow/.local/lib/python3.7/site-packages/airflow/example_dags/example_branch_day_of_week_operator.py
[2023-05-06T21:01:43.261+0000] {logging_mixin.py:149} INFO - [2023-05-06T21:01:43.260+0000] {dag.py:2726} INFO - Sync 1 DAGs
[2023-05-06T21:01:43.301+0000] {logging_mixin.py:149} INFO - [2023-05-06T21:01:43.300+0000] {dag.py:3490} INFO - Setting next_dagrun for example_weekday_branch_operator to 2023-05-05T00:00:00+00:00, run_after=2023-05-06T00:00:00+00:00
[2023-05-06T21:01:43.335+0000] {processor.py:178} INFO - Processing /home/airflow/.local/lib/python3.7/site-packages/airflow/example_dags/example_branch_day_of_week_operator.py took 0.128 seconds
[2023-05-06T21:02:13.525+0000] {processor.py:156} INFO - Started process (PID=3437) to work on /home/airflow/.local/lib/python3.7/site-packages/airflow/example_dags/example_branch_day_of_week_operator.py
[2023-05-06T21:02:13.527+0000] {processor.py:799} INFO - Processing file /home/airflow/.local/lib/python3.7/site-packages/airflow/example_dags/example_branch_day_of_week_operator.py for tasks to queue
[2023-05-06T21:02:13.529+0000] {logging_mixin.py:149} INFO - [2023-05-06T21:02:13.528+0000] {dagbag.py:541} INFO - Filling up the DagBag from /home/airflow/.local/lib/python3.7/site-packages/airflow/example_dags/example_branch_day_of_week_operator.py
[2023-05-06T21:02:13.539+0000] {processor.py:809} INFO - DAG(s) dict_keys(['example_weekday_branch_operator']) retrieved from /home/airflow/.local/lib/python3.7/site-packages/airflow/example_dags/example_branch_day_of_week_operator.py
[2023-05-06T21:02:13.573+0000] {logging_mixin.py:149} INFO - [2023-05-06T21:02:13.573+0000] {dag.py:2726} INFO - Sync 1 DAGs
[2023-05-06T21:02:13.622+0000] {logging_mixin.py:149} INFO - [2023-05-06T21:02:13.621+0000] {dag.py:3490} INFO - Setting next_dagrun for example_weekday_branch_operator to 2023-05-05T00:00:00+00:00, run_after=2023-05-06T00:00:00+00:00
[2023-05-06T21:02:13.651+0000] {processor.py:178} INFO - Processing /home/airflow/.local/lib/python3.7/site-packages/airflow/example_dags/example_branch_day_of_week_operator.py took 0.131 seconds
[2023-05-06T21:02:43.941+0000] {processor.py:156} INFO - Started process (PID=3675) to work on /home/airflow/.local/lib/python3.7/site-packages/airflow/example_dags/example_branch_day_of_week_operator.py
[2023-05-06T21:02:43.943+0000] {processor.py:799} INFO - Processing file /home/airflow/.local/lib/python3.7/site-packages/airflow/example_dags/example_branch_day_of_week_operator.py for tasks to queue
[2023-05-06T21:02:43.944+0000] {logging_mixin.py:149} INFO - [2023-05-06T21:02:43.944+0000] {dagbag.py:541} INFO - Filling up the DagBag from /home/airflow/.local/lib/python3.7/site-packages/airflow/example_dags/example_branch_day_of_week_operator.py
[2023-05-06T21:02:43.954+0000] {processor.py:809} INFO - DAG(s) dict_keys(['example_weekday_branch_operator']) retrieved from /home/airflow/.local/lib/python3.7/site-packages/airflow/example_dags/example_branch_day_of_week_operator.py
[2023-05-06T21:02:44.002+0000] {logging_mixin.py:149} INFO - [2023-05-06T21:02:44.002+0000] {dag.py:2726} INFO - Sync 1 DAGs
[2023-05-06T21:02:44.049+0000] {logging_mixin.py:149} INFO - [2023-05-06T21:02:44.049+0000] {dag.py:3490} INFO - Setting next_dagrun for example_weekday_branch_operator to 2023-05-05T00:00:00+00:00, run_after=2023-05-06T00:00:00+00:00
[2023-05-06T21:02:44.081+0000] {processor.py:178} INFO - Processing /home/airflow/.local/lib/python3.7/site-packages/airflow/example_dags/example_branch_day_of_week_operator.py took 0.145 seconds
[2023-05-06T21:03:14.804+0000] {processor.py:156} INFO - Started process (PID=3913) to work on /home/airflow/.local/lib/python3.7/site-packages/airflow/example_dags/example_branch_day_of_week_operator.py
[2023-05-06T21:03:14.806+0000] {processor.py:799} INFO - Processing file /home/airflow/.local/lib/python3.7/site-packages/airflow/example_dags/example_branch_day_of_week_operator.py for tasks to queue
[2023-05-06T21:03:14.807+0000] {logging_mixin.py:149} INFO - [2023-05-06T21:03:14.807+0000] {dagbag.py:541} INFO - Filling up the DagBag from /home/airflow/.local/lib/python3.7/site-packages/airflow/example_dags/example_branch_day_of_week_operator.py
[2023-05-06T21:03:14.819+0000] {processor.py:809} INFO - DAG(s) dict_keys(['example_weekday_branch_operator']) retrieved from /home/airflow/.local/lib/python3.7/site-packages/airflow/example_dags/example_branch_day_of_week_operator.py
[2023-05-06T21:03:14.863+0000] {logging_mixin.py:149} INFO - [2023-05-06T21:03:14.863+0000] {dag.py:2726} INFO - Sync 1 DAGs
[2023-05-06T21:03:14.910+0000] {logging_mixin.py:149} INFO - [2023-05-06T21:03:14.909+0000] {dag.py:3490} INFO - Setting next_dagrun for example_weekday_branch_operator to 2023-05-05T00:00:00+00:00, run_after=2023-05-06T00:00:00+00:00
[2023-05-06T21:03:14.946+0000] {processor.py:178} INFO - Processing /home/airflow/.local/lib/python3.7/site-packages/airflow/example_dags/example_branch_day_of_week_operator.py took 0.143 seconds
[2023-05-06T21:03:45.512+0000] {processor.py:156} INFO - Started process (PID=4151) to work on /home/airflow/.local/lib/python3.7/site-packages/airflow/example_dags/example_branch_day_of_week_operator.py
[2023-05-06T21:03:45.514+0000] {processor.py:799} INFO - Processing file /home/airflow/.local/lib/python3.7/site-packages/airflow/example_dags/example_branch_day_of_week_operator.py for tasks to queue
[2023-05-06T21:03:45.515+0000] {logging_mixin.py:149} INFO - [2023-05-06T21:03:45.515+0000] {dagbag.py:541} INFO - Filling up the DagBag from /home/airflow/.local/lib/python3.7/site-packages/airflow/example_dags/example_branch_day_of_week_operator.py
[2023-05-06T21:03:45.524+0000] {processor.py:809} INFO - DAG(s) dict_keys(['example_weekday_branch_operator']) retrieved from /home/airflow/.local/lib/python3.7/site-packages/airflow/example_dags/example_branch_day_of_week_operator.py
[2023-05-06T21:03:45.564+0000] {logging_mixin.py:149} INFO - [2023-05-06T21:03:45.564+0000] {dag.py:2726} INFO - Sync 1 DAGs
[2023-05-06T21:03:45.614+0000] {logging_mixin.py:149} INFO - [2023-05-06T21:03:45.614+0000] {dag.py:3490} INFO - Setting next_dagrun for example_weekday_branch_operator to 2023-05-05T00:00:00+00:00, run_after=2023-05-06T00:00:00+00:00
[2023-05-06T21:03:45.647+0000] {processor.py:178} INFO - Processing /home/airflow/.local/lib/python3.7/site-packages/airflow/example_dags/example_branch_day_of_week_operator.py took 0.140 seconds
[2023-05-06T21:04:16.391+0000] {processor.py:156} INFO - Started process (PID=4389) to work on /home/airflow/.local/lib/python3.7/site-packages/airflow/example_dags/example_branch_day_of_week_operator.py
[2023-05-06T21:04:16.392+0000] {processor.py:799} INFO - Processing file /home/airflow/.local/lib/python3.7/site-packages/airflow/example_dags/example_branch_day_of_week_operator.py for tasks to queue
[2023-05-06T21:04:16.394+0000] {logging_mixin.py:149} INFO - [2023-05-06T21:04:16.394+0000] {dagbag.py:541} INFO - Filling up the DagBag from /home/airflow/.local/lib/python3.7/site-packages/airflow/example_dags/example_branch_day_of_week_operator.py
[2023-05-06T21:04:16.405+0000] {processor.py:809} INFO - DAG(s) dict_keys(['example_weekday_branch_operator']) retrieved from /home/airflow/.local/lib/python3.7/site-packages/airflow/example_dags/example_branch_day_of_week_operator.py
[2023-05-06T21:04:16.446+0000] {logging_mixin.py:149} INFO - [2023-05-06T21:04:16.446+0000] {dag.py:2726} INFO - Sync 1 DAGs
[2023-05-06T21:04:16.493+0000] {logging_mixin.py:149} INFO - [2023-05-06T21:04:16.493+0000] {dag.py:3490} INFO - Setting next_dagrun for example_weekday_branch_operator to 2023-05-05T00:00:00+00:00, run_after=2023-05-06T00:00:00+00:00
[2023-05-06T21:04:16.525+0000] {processor.py:178} INFO - Processing /home/airflow/.local/lib/python3.7/site-packages/airflow/example_dags/example_branch_day_of_week_operator.py took 0.138 seconds
[2023-05-06T21:04:47.213+0000] {processor.py:156} INFO - Started process (PID=4627) to work on /home/airflow/.local/lib/python3.7/site-packages/airflow/example_dags/example_branch_day_of_week_operator.py
[2023-05-06T21:04:47.216+0000] {processor.py:799} INFO - Processing file /home/airflow/.local/lib/python3.7/site-packages/airflow/example_dags/example_branch_day_of_week_operator.py for tasks to queue
[2023-05-06T21:04:47.218+0000] {logging_mixin.py:149} INFO - [2023-05-06T21:04:47.218+0000] {dagbag.py:541} INFO - Filling up the DagBag from /home/airflow/.local/lib/python3.7/site-packages/airflow/example_dags/example_branch_day_of_week_operator.py
[2023-05-06T21:04:47.228+0000] {processor.py:809} INFO - DAG(s) dict_keys(['example_weekday_branch_operator']) retrieved from /home/airflow/.local/lib/python3.7/site-packages/airflow/example_dags/example_branch_day_of_week_operator.py
[2023-05-06T21:04:47.267+0000] {logging_mixin.py:149} INFO - [2023-05-06T21:04:47.267+0000] {dag.py:2726} INFO - Sync 1 DAGs
[2023-05-06T21:04:47.314+0000] {logging_mixin.py:149} INFO - [2023-05-06T21:04:47.313+0000] {dag.py:3490} INFO - Setting next_dagrun for example_weekday_branch_operator to 2023-05-05T00:00:00+00:00, run_after=2023-05-06T00:00:00+00:00
[2023-05-06T21:04:47.343+0000] {processor.py:178} INFO - Processing /home/airflow/.local/lib/python3.7/site-packages/airflow/example_dags/example_branch_day_of_week_operator.py took 0.133 seconds
[2023-05-06T21:05:17.627+0000] {processor.py:156} INFO - Started process (PID=4865) to work on /home/airflow/.local/lib/python3.7/site-packages/airflow/example_dags/example_branch_day_of_week_operator.py
[2023-05-06T21:05:17.629+0000] {processor.py:799} INFO - Processing file /home/airflow/.local/lib/python3.7/site-packages/airflow/example_dags/example_branch_day_of_week_operator.py for tasks to queue
[2023-05-06T21:05:17.631+0000] {logging_mixin.py:149} INFO - [2023-05-06T21:05:17.631+0000] {dagbag.py:541} INFO - Filling up the DagBag from /home/airflow/.local/lib/python3.7/site-packages/airflow/example_dags/example_branch_day_of_week_operator.py
[2023-05-06T21:05:17.644+0000] {processor.py:809} INFO - DAG(s) dict_keys(['example_weekday_branch_operator']) retrieved from /home/airflow/.local/lib/python3.7/site-packages/airflow/example_dags/example_branch_day_of_week_operator.py
[2023-05-06T21:05:17.686+0000] {logging_mixin.py:149} INFO - [2023-05-06T21:05:17.686+0000] {dag.py:2726} INFO - Sync 1 DAGs
[2023-05-06T21:05:17.731+0000] {logging_mixin.py:149} INFO - [2023-05-06T21:05:17.730+0000] {dag.py:3490} INFO - Setting next_dagrun for example_weekday_branch_operator to 2023-05-05T00:00:00+00:00, run_after=2023-05-06T00:00:00+00:00
[2023-05-06T21:05:17.764+0000] {processor.py:178} INFO - Processing /home/airflow/.local/lib/python3.7/site-packages/airflow/example_dags/example_branch_day_of_week_operator.py took 0.142 seconds
[2023-05-06T21:05:48.210+0000] {processor.py:156} INFO - Started process (PID=5103) to work on /home/airflow/.local/lib/python3.7/site-packages/airflow/example_dags/example_branch_day_of_week_operator.py
[2023-05-06T21:05:48.211+0000] {processor.py:799} INFO - Processing file /home/airflow/.local/lib/python3.7/site-packages/airflow/example_dags/example_branch_day_of_week_operator.py for tasks to queue
[2023-05-06T21:05:48.213+0000] {logging_mixin.py:149} INFO - [2023-05-06T21:05:48.212+0000] {dagbag.py:541} INFO - Filling up the DagBag from /home/airflow/.local/lib/python3.7/site-packages/airflow/example_dags/example_branch_day_of_week_operator.py
[2023-05-06T21:05:48.223+0000] {processor.py:809} INFO - DAG(s) dict_keys(['example_weekday_branch_operator']) retrieved from /home/airflow/.local/lib/python3.7/site-packages/airflow/example_dags/example_branch_day_of_week_operator.py
[2023-05-06T21:05:48.258+0000] {logging_mixin.py:149} INFO - [2023-05-06T21:05:48.257+0000] {dag.py:2726} INFO - Sync 1 DAGs
[2023-05-06T21:05:48.300+0000] {logging_mixin.py:149} INFO - [2023-05-06T21:05:48.300+0000] {dag.py:3490} INFO - Setting next_dagrun for example_weekday_branch_operator to 2023-05-05T00:00:00+00:00, run_after=2023-05-06T00:00:00+00:00
[2023-05-06T21:05:48.330+0000] {processor.py:178} INFO - Processing /home/airflow/.local/lib/python3.7/site-packages/airflow/example_dags/example_branch_day_of_week_operator.py took 0.124 seconds
[2023-05-06T21:06:18.823+0000] {processor.py:156} INFO - Started process (PID=5343) to work on /home/airflow/.local/lib/python3.7/site-packages/airflow/example_dags/example_branch_day_of_week_operator.py
[2023-05-06T21:06:18.825+0000] {processor.py:799} INFO - Processing file /home/airflow/.local/lib/python3.7/site-packages/airflow/example_dags/example_branch_day_of_week_operator.py for tasks to queue
[2023-05-06T21:06:18.826+0000] {logging_mixin.py:149} INFO - [2023-05-06T21:06:18.826+0000] {dagbag.py:541} INFO - Filling up the DagBag from /home/airflow/.local/lib/python3.7/site-packages/airflow/example_dags/example_branch_day_of_week_operator.py
[2023-05-06T21:06:18.836+0000] {processor.py:809} INFO - DAG(s) dict_keys(['example_weekday_branch_operator']) retrieved from /home/airflow/.local/lib/python3.7/site-packages/airflow/example_dags/example_branch_day_of_week_operator.py
[2023-05-06T21:06:18.855+0000] {logging_mixin.py:149} INFO - [2023-05-06T21:06:18.855+0000] {dag.py:2726} INFO - Sync 1 DAGs
[2023-05-06T21:06:18.896+0000] {logging_mixin.py:149} INFO - [2023-05-06T21:06:18.895+0000] {dag.py:3490} INFO - Setting next_dagrun for example_weekday_branch_operator to 2023-05-05T00:00:00+00:00, run_after=2023-05-06T00:00:00+00:00
[2023-05-06T21:06:18.925+0000] {processor.py:178} INFO - Processing /home/airflow/.local/lib/python3.7/site-packages/airflow/example_dags/example_branch_day_of_week_operator.py took 0.105 seconds
[2023-05-06T21:06:49.809+0000] {processor.py:156} INFO - Started process (PID=5582) to work on /home/airflow/.local/lib/python3.7/site-packages/airflow/example_dags/example_branch_day_of_week_operator.py
[2023-05-06T21:06:49.812+0000] {processor.py:799} INFO - Processing file /home/airflow/.local/lib/python3.7/site-packages/airflow/example_dags/example_branch_day_of_week_operator.py for tasks to queue
[2023-05-06T21:06:49.815+0000] {logging_mixin.py:149} INFO - [2023-05-06T21:06:49.815+0000] {dagbag.py:541} INFO - Filling up the DagBag from /home/airflow/.local/lib/python3.7/site-packages/airflow/example_dags/example_branch_day_of_week_operator.py
[2023-05-06T21:06:49.830+0000] {processor.py:809} INFO - DAG(s) dict_keys(['example_weekday_branch_operator']) retrieved from /home/airflow/.local/lib/python3.7/site-packages/airflow/example_dags/example_branch_day_of_week_operator.py
[2023-05-06T21:06:49.876+0000] {logging_mixin.py:149} INFO - [2023-05-06T21:06:49.876+0000] {dag.py:2726} INFO - Sync 1 DAGs
[2023-05-06T21:06:49.929+0000] {logging_mixin.py:149} INFO - [2023-05-06T21:06:49.928+0000] {dag.py:3490} INFO - Setting next_dagrun for example_weekday_branch_operator to 2023-05-05T00:00:00+00:00, run_after=2023-05-06T00:00:00+00:00
[2023-05-06T21:06:49.968+0000] {processor.py:178} INFO - Processing /home/airflow/.local/lib/python3.7/site-packages/airflow/example_dags/example_branch_day_of_week_operator.py took 0.164 seconds
[2023-05-06T21:07:20.195+0000] {processor.py:156} INFO - Started process (PID=5825) to work on /home/airflow/.local/lib/python3.7/site-packages/airflow/example_dags/example_branch_day_of_week_operator.py
[2023-05-06T21:07:20.198+0000] {processor.py:799} INFO - Processing file /home/airflow/.local/lib/python3.7/site-packages/airflow/example_dags/example_branch_day_of_week_operator.py for tasks to queue
[2023-05-06T21:07:20.201+0000] {logging_mixin.py:149} INFO - [2023-05-06T21:07:20.200+0000] {dagbag.py:541} INFO - Filling up the DagBag from /home/airflow/.local/lib/python3.7/site-packages/airflow/example_dags/example_branch_day_of_week_operator.py
[2023-05-06T21:07:20.217+0000] {processor.py:809} INFO - DAG(s) dict_keys(['example_weekday_branch_operator']) retrieved from /home/airflow/.local/lib/python3.7/site-packages/airflow/example_dags/example_branch_day_of_week_operator.py
[2023-05-06T21:07:20.268+0000] {logging_mixin.py:149} INFO - [2023-05-06T21:07:20.268+0000] {dag.py:2726} INFO - Sync 1 DAGs
[2023-05-06T21:07:20.313+0000] {logging_mixin.py:149} INFO - [2023-05-06T21:07:20.312+0000] {dag.py:3490} INFO - Setting next_dagrun for example_weekday_branch_operator to 2023-05-05T00:00:00+00:00, run_after=2023-05-06T00:00:00+00:00
[2023-05-06T21:07:20.343+0000] {processor.py:178} INFO - Processing /home/airflow/.local/lib/python3.7/site-packages/airflow/example_dags/example_branch_day_of_week_operator.py took 0.154 seconds
