[2023-05-06T20:55:32.450+0000] {processor.py:156} INFO - Started process (PID=352) to work on /home/airflow/.local/lib/python3.7/site-packages/airflow/example_dags/example_kubernetes_executor.py
[2023-05-06T20:55:32.451+0000] {processor.py:799} INFO - Processing file /home/airflow/.local/lib/python3.7/site-packages/airflow/example_dags/example_kubernetes_executor.py for tasks to queue
[2023-05-06T20:55:32.453+0000] {logging_mixin.py:149} INFO - [2023-05-06T20:55:32.453+0000] {dagbag.py:541} INFO - Filling up the DagBag from /home/airflow/.local/lib/python3.7/site-packages/airflow/example_dags/example_kubernetes_executor.py
[2023-05-06T20:55:32.929+0000] {processor.py:809} INFO - DAG(s) dict_keys(['example_kubernetes_executor']) retrieved from /home/airflow/.local/lib/python3.7/site-packages/airflow/example_dags/example_kubernetes_executor.py
[2023-05-06T20:55:32.946+0000] {logging_mixin.py:149} INFO - [2023-05-06T20:55:32.945+0000] {dag.py:2726} INFO - Sync 1 DAGs
[2023-05-06T20:55:32.980+0000] {logging_mixin.py:149} INFO - [2023-05-06T20:55:32.980+0000] {dag.py:3490} INFO - Setting next_dagrun for example_kubernetes_executor to None, run_after=None
[2023-05-06T20:55:33.016+0000] {processor.py:178} INFO - Processing /home/airflow/.local/lib/python3.7/site-packages/airflow/example_dags/example_kubernetes_executor.py took 0.570 seconds
[2023-05-06T20:56:06.155+0000] {processor.py:156} INFO - Started process (PID=590) to work on /home/airflow/.local/lib/python3.7/site-packages/airflow/example_dags/example_kubernetes_executor.py
[2023-05-06T20:56:06.157+0000] {processor.py:799} INFO - Processing file /home/airflow/.local/lib/python3.7/site-packages/airflow/example_dags/example_kubernetes_executor.py for tasks to queue
[2023-05-06T20:56:06.160+0000] {logging_mixin.py:149} INFO - [2023-05-06T20:56:06.160+0000] {dagbag.py:541} INFO - Filling up the DagBag from /home/airflow/.local/lib/python3.7/site-packages/airflow/example_dags/example_kubernetes_executor.py
[2023-05-06T20:56:06.643+0000] {processor.py:809} INFO - DAG(s) dict_keys(['example_kubernetes_executor']) retrieved from /home/airflow/.local/lib/python3.7/site-packages/airflow/example_dags/example_kubernetes_executor.py
[2023-05-06T20:56:06.710+0000] {logging_mixin.py:149} INFO - [2023-05-06T20:56:06.710+0000] {dag.py:2726} INFO - Sync 1 DAGs
[2023-05-06T20:56:06.746+0000] {logging_mixin.py:149} INFO - [2023-05-06T20:56:06.745+0000] {dag.py:3490} INFO - Setting next_dagrun for example_kubernetes_executor to None, run_after=None
[2023-05-06T20:56:06.777+0000] {processor.py:178} INFO - Processing /home/airflow/.local/lib/python3.7/site-packages/airflow/example_dags/example_kubernetes_executor.py took 0.625 seconds
[2023-05-06T20:56:37.382+0000] {processor.py:156} INFO - Started process (PID=828) to work on /home/airflow/.local/lib/python3.7/site-packages/airflow/example_dags/example_kubernetes_executor.py
[2023-05-06T20:56:37.384+0000] {processor.py:799} INFO - Processing file /home/airflow/.local/lib/python3.7/site-packages/airflow/example_dags/example_kubernetes_executor.py for tasks to queue
[2023-05-06T20:56:37.386+0000] {logging_mixin.py:149} INFO - [2023-05-06T20:56:37.386+0000] {dagbag.py:541} INFO - Filling up the DagBag from /home/airflow/.local/lib/python3.7/site-packages/airflow/example_dags/example_kubernetes_executor.py
[2023-05-06T20:56:37.661+0000] {processor.py:809} INFO - DAG(s) dict_keys(['example_kubernetes_executor']) retrieved from /home/airflow/.local/lib/python3.7/site-packages/airflow/example_dags/example_kubernetes_executor.py
[2023-05-06T20:56:37.716+0000] {logging_mixin.py:149} INFO - [2023-05-06T20:56:37.716+0000] {dag.py:2726} INFO - Sync 1 DAGs
[2023-05-06T20:56:37.759+0000] {logging_mixin.py:149} INFO - [2023-05-06T20:56:37.759+0000] {dag.py:3490} INFO - Setting next_dagrun for example_kubernetes_executor to None, run_after=None
[2023-05-06T20:56:37.795+0000] {processor.py:178} INFO - Processing /home/airflow/.local/lib/python3.7/site-packages/airflow/example_dags/example_kubernetes_executor.py took 0.416 seconds
[2023-05-06T20:57:08.546+0000] {processor.py:156} INFO - Started process (PID=1068) to work on /home/airflow/.local/lib/python3.7/site-packages/airflow/example_dags/example_kubernetes_executor.py
[2023-05-06T20:57:08.548+0000] {processor.py:799} INFO - Processing file /home/airflow/.local/lib/python3.7/site-packages/airflow/example_dags/example_kubernetes_executor.py for tasks to queue
[2023-05-06T20:57:08.550+0000] {logging_mixin.py:149} INFO - [2023-05-06T20:57:08.550+0000] {dagbag.py:541} INFO - Filling up the DagBag from /home/airflow/.local/lib/python3.7/site-packages/airflow/example_dags/example_kubernetes_executor.py
[2023-05-06T20:57:08.826+0000] {processor.py:809} INFO - DAG(s) dict_keys(['example_kubernetes_executor']) retrieved from /home/airflow/.local/lib/python3.7/site-packages/airflow/example_dags/example_kubernetes_executor.py
[2023-05-06T20:57:08.881+0000] {logging_mixin.py:149} INFO - [2023-05-06T20:57:08.881+0000] {dag.py:2726} INFO - Sync 1 DAGs
[2023-05-06T20:57:08.919+0000] {logging_mixin.py:149} INFO - [2023-05-06T20:57:08.919+0000] {dag.py:3490} INFO - Setting next_dagrun for example_kubernetes_executor to None, run_after=None
[2023-05-06T20:57:08.963+0000] {processor.py:178} INFO - Processing /home/airflow/.local/lib/python3.7/site-packages/airflow/example_dags/example_kubernetes_executor.py took 0.422 seconds
[2023-05-06T20:57:39.145+0000] {processor.py:156} INFO - Started process (PID=1306) to work on /home/airflow/.local/lib/python3.7/site-packages/airflow/example_dags/example_kubernetes_executor.py
[2023-05-06T20:57:39.148+0000] {processor.py:799} INFO - Processing file /home/airflow/.local/lib/python3.7/site-packages/airflow/example_dags/example_kubernetes_executor.py for tasks to queue
[2023-05-06T20:57:39.150+0000] {logging_mixin.py:149} INFO - [2023-05-06T20:57:39.150+0000] {dagbag.py:541} INFO - Filling up the DagBag from /home/airflow/.local/lib/python3.7/site-packages/airflow/example_dags/example_kubernetes_executor.py
[2023-05-06T20:57:39.573+0000] {processor.py:809} INFO - DAG(s) dict_keys(['example_kubernetes_executor']) retrieved from /home/airflow/.local/lib/python3.7/site-packages/airflow/example_dags/example_kubernetes_executor.py
[2023-05-06T20:57:39.595+0000] {logging_mixin.py:149} INFO - [2023-05-06T20:57:39.595+0000] {dag.py:2726} INFO - Sync 1 DAGs
[2023-05-06T20:57:39.644+0000] {logging_mixin.py:149} INFO - [2023-05-06T20:57:39.644+0000] {dag.py:3490} INFO - Setting next_dagrun for example_kubernetes_executor to None, run_after=None
[2023-05-06T20:57:39.682+0000] {processor.py:178} INFO - Processing /home/airflow/.local/lib/python3.7/site-packages/airflow/example_dags/example_kubernetes_executor.py took 0.540 seconds
[2023-05-06T20:58:09.793+0000] {processor.py:156} INFO - Started process (PID=1557) to work on /home/airflow/.local/lib/python3.7/site-packages/airflow/example_dags/example_kubernetes_executor.py
[2023-05-06T20:58:09.795+0000] {processor.py:799} INFO - Processing file /home/airflow/.local/lib/python3.7/site-packages/airflow/example_dags/example_kubernetes_executor.py for tasks to queue
[2023-05-06T20:58:09.797+0000] {logging_mixin.py:149} INFO - [2023-05-06T20:58:09.797+0000] {dagbag.py:541} INFO - Filling up the DagBag from /home/airflow/.local/lib/python3.7/site-packages/airflow/example_dags/example_kubernetes_executor.py
[2023-05-06T20:58:10.201+0000] {processor.py:809} INFO - DAG(s) dict_keys(['example_kubernetes_executor']) retrieved from /home/airflow/.local/lib/python3.7/site-packages/airflow/example_dags/example_kubernetes_executor.py
[2023-05-06T20:58:10.245+0000] {logging_mixin.py:149} INFO - [2023-05-06T20:58:10.245+0000] {dag.py:2726} INFO - Sync 1 DAGs
[2023-05-06T20:58:10.278+0000] {logging_mixin.py:149} INFO - [2023-05-06T20:58:10.277+0000] {dag.py:3490} INFO - Setting next_dagrun for example_kubernetes_executor to None, run_after=None
[2023-05-06T20:58:10.308+0000] {processor.py:178} INFO - Processing /home/airflow/.local/lib/python3.7/site-packages/airflow/example_dags/example_kubernetes_executor.py took 0.518 seconds
[2023-05-06T20:58:40.573+0000] {processor.py:156} INFO - Started process (PID=1783) to work on /home/airflow/.local/lib/python3.7/site-packages/airflow/example_dags/example_kubernetes_executor.py
[2023-05-06T20:58:40.575+0000] {processor.py:799} INFO - Processing file /home/airflow/.local/lib/python3.7/site-packages/airflow/example_dags/example_kubernetes_executor.py for tasks to queue
[2023-05-06T20:58:40.577+0000] {logging_mixin.py:149} INFO - [2023-05-06T20:58:40.577+0000] {dagbag.py:541} INFO - Filling up the DagBag from /home/airflow/.local/lib/python3.7/site-packages/airflow/example_dags/example_kubernetes_executor.py
[2023-05-06T20:58:40.844+0000] {processor.py:809} INFO - DAG(s) dict_keys(['example_kubernetes_executor']) retrieved from /home/airflow/.local/lib/python3.7/site-packages/airflow/example_dags/example_kubernetes_executor.py
[2023-05-06T20:58:40.895+0000] {logging_mixin.py:149} INFO - [2023-05-06T20:58:40.895+0000] {dag.py:2726} INFO - Sync 1 DAGs
[2023-05-06T20:58:40.937+0000] {logging_mixin.py:149} INFO - [2023-05-06T20:58:40.937+0000] {dag.py:3490} INFO - Setting next_dagrun for example_kubernetes_executor to None, run_after=None
[2023-05-06T20:58:40.989+0000] {processor.py:178} INFO - Processing /home/airflow/.local/lib/python3.7/site-packages/airflow/example_dags/example_kubernetes_executor.py took 0.421 seconds
[2023-05-06T20:59:11.757+0000] {processor.py:156} INFO - Started process (PID=2026) to work on /home/airflow/.local/lib/python3.7/site-packages/airflow/example_dags/example_kubernetes_executor.py
[2023-05-06T20:59:11.759+0000] {processor.py:799} INFO - Processing file /home/airflow/.local/lib/python3.7/site-packages/airflow/example_dags/example_kubernetes_executor.py for tasks to queue
[2023-05-06T20:59:11.761+0000] {logging_mixin.py:149} INFO - [2023-05-06T20:59:11.760+0000] {dagbag.py:541} INFO - Filling up the DagBag from /home/airflow/.local/lib/python3.7/site-packages/airflow/example_dags/example_kubernetes_executor.py
[2023-05-06T20:59:12.169+0000] {processor.py:809} INFO - DAG(s) dict_keys(['example_kubernetes_executor']) retrieved from /home/airflow/.local/lib/python3.7/site-packages/airflow/example_dags/example_kubernetes_executor.py
[2023-05-06T20:59:12.243+0000] {logging_mixin.py:149} INFO - [2023-05-06T20:59:12.243+0000] {dag.py:2726} INFO - Sync 1 DAGs
[2023-05-06T20:59:12.293+0000] {logging_mixin.py:149} INFO - [2023-05-06T20:59:12.292+0000] {dag.py:3490} INFO - Setting next_dagrun for example_kubernetes_executor to None, run_after=None
[2023-05-06T20:59:12.322+0000] {processor.py:178} INFO - Processing /home/airflow/.local/lib/python3.7/site-packages/airflow/example_dags/example_kubernetes_executor.py took 0.572 seconds
[2023-05-06T20:59:42.680+0000] {processor.py:156} INFO - Started process (PID=2264) to work on /home/airflow/.local/lib/python3.7/site-packages/airflow/example_dags/example_kubernetes_executor.py
[2023-05-06T20:59:42.681+0000] {processor.py:799} INFO - Processing file /home/airflow/.local/lib/python3.7/site-packages/airflow/example_dags/example_kubernetes_executor.py for tasks to queue
[2023-05-06T20:59:42.683+0000] {logging_mixin.py:149} INFO - [2023-05-06T20:59:42.683+0000] {dagbag.py:541} INFO - Filling up the DagBag from /home/airflow/.local/lib/python3.7/site-packages/airflow/example_dags/example_kubernetes_executor.py
[2023-05-06T20:59:43.888+0000] {processor.py:809} INFO - DAG(s) dict_keys(['example_kubernetes_executor']) retrieved from /home/airflow/.local/lib/python3.7/site-packages/airflow/example_dags/example_kubernetes_executor.py
[2023-05-06T20:59:44.015+0000] {logging_mixin.py:149} INFO - [2023-05-06T20:59:44.014+0000] {dag.py:2726} INFO - Sync 1 DAGs
[2023-05-06T20:59:44.057+0000] {logging_mixin.py:149} INFO - [2023-05-06T20:59:44.057+0000] {dag.py:3490} INFO - Setting next_dagrun for example_kubernetes_executor to None, run_after=None
[2023-05-06T20:59:44.093+0000] {processor.py:178} INFO - Processing /home/airflow/.local/lib/python3.7/site-packages/airflow/example_dags/example_kubernetes_executor.py took 1.418 seconds
[2023-05-06T21:00:15.029+0000] {processor.py:156} INFO - Started process (PID=2522) to work on /home/airflow/.local/lib/python3.7/site-packages/airflow/example_dags/example_kubernetes_executor.py
[2023-05-06T21:00:15.032+0000] {processor.py:799} INFO - Processing file /home/airflow/.local/lib/python3.7/site-packages/airflow/example_dags/example_kubernetes_executor.py for tasks to queue
[2023-05-06T21:00:15.034+0000] {logging_mixin.py:149} INFO - [2023-05-06T21:00:15.033+0000] {dagbag.py:541} INFO - Filling up the DagBag from /home/airflow/.local/lib/python3.7/site-packages/airflow/example_dags/example_kubernetes_executor.py
[2023-05-06T21:00:15.272+0000] {processor.py:809} INFO - DAG(s) dict_keys(['example_kubernetes_executor']) retrieved from /home/airflow/.local/lib/python3.7/site-packages/airflow/example_dags/example_kubernetes_executor.py
[2023-05-06T21:00:15.288+0000] {logging_mixin.py:149} INFO - [2023-05-06T21:00:15.287+0000] {dag.py:2726} INFO - Sync 1 DAGs
[2023-05-06T21:00:15.321+0000] {logging_mixin.py:149} INFO - [2023-05-06T21:00:15.320+0000] {dag.py:3490} INFO - Setting next_dagrun for example_kubernetes_executor to None, run_after=None
[2023-05-06T21:00:15.348+0000] {processor.py:178} INFO - Processing /home/airflow/.local/lib/python3.7/site-packages/airflow/example_dags/example_kubernetes_executor.py took 0.322 seconds
[2023-05-06T21:00:45.710+0000] {processor.py:156} INFO - Started process (PID=2760) to work on /home/airflow/.local/lib/python3.7/site-packages/airflow/example_dags/example_kubernetes_executor.py
[2023-05-06T21:00:45.712+0000] {processor.py:799} INFO - Processing file /home/airflow/.local/lib/python3.7/site-packages/airflow/example_dags/example_kubernetes_executor.py for tasks to queue
[2023-05-06T21:00:45.713+0000] {logging_mixin.py:149} INFO - [2023-05-06T21:00:45.713+0000] {dagbag.py:541} INFO - Filling up the DagBag from /home/airflow/.local/lib/python3.7/site-packages/airflow/example_dags/example_kubernetes_executor.py
[2023-05-06T21:00:45.933+0000] {processor.py:809} INFO - DAG(s) dict_keys(['example_kubernetes_executor']) retrieved from /home/airflow/.local/lib/python3.7/site-packages/airflow/example_dags/example_kubernetes_executor.py
[2023-05-06T21:00:45.977+0000] {logging_mixin.py:149} INFO - [2023-05-06T21:00:45.977+0000] {dag.py:2726} INFO - Sync 1 DAGs
[2023-05-06T21:00:46.008+0000] {logging_mixin.py:149} INFO - [2023-05-06T21:00:46.008+0000] {dag.py:3490} INFO - Setting next_dagrun for example_kubernetes_executor to None, run_after=None
[2023-05-06T21:00:46.032+0000] {processor.py:178} INFO - Processing /home/airflow/.local/lib/python3.7/site-packages/airflow/example_dags/example_kubernetes_executor.py took 0.325 seconds
[2023-05-06T21:01:16.204+0000] {processor.py:156} INFO - Started process (PID=2998) to work on /home/airflow/.local/lib/python3.7/site-packages/airflow/example_dags/example_kubernetes_executor.py
[2023-05-06T21:01:16.206+0000] {processor.py:799} INFO - Processing file /home/airflow/.local/lib/python3.7/site-packages/airflow/example_dags/example_kubernetes_executor.py for tasks to queue
[2023-05-06T21:01:16.207+0000] {logging_mixin.py:149} INFO - [2023-05-06T21:01:16.207+0000] {dagbag.py:541} INFO - Filling up the DagBag from /home/airflow/.local/lib/python3.7/site-packages/airflow/example_dags/example_kubernetes_executor.py
[2023-05-06T21:01:16.487+0000] {processor.py:809} INFO - DAG(s) dict_keys(['example_kubernetes_executor']) retrieved from /home/airflow/.local/lib/python3.7/site-packages/airflow/example_dags/example_kubernetes_executor.py
[2023-05-06T21:01:16.543+0000] {logging_mixin.py:149} INFO - [2023-05-06T21:01:16.543+0000] {dag.py:2726} INFO - Sync 1 DAGs
[2023-05-06T21:01:16.582+0000] {logging_mixin.py:149} INFO - [2023-05-06T21:01:16.582+0000] {dag.py:3490} INFO - Setting next_dagrun for example_kubernetes_executor to None, run_after=None
[2023-05-06T21:01:16.611+0000] {processor.py:178} INFO - Processing /home/airflow/.local/lib/python3.7/site-packages/airflow/example_dags/example_kubernetes_executor.py took 0.412 seconds
[2023-05-06T21:01:46.883+0000] {processor.py:156} INFO - Started process (PID=3236) to work on /home/airflow/.local/lib/python3.7/site-packages/airflow/example_dags/example_kubernetes_executor.py
[2023-05-06T21:01:46.887+0000] {processor.py:799} INFO - Processing file /home/airflow/.local/lib/python3.7/site-packages/airflow/example_dags/example_kubernetes_executor.py for tasks to queue
[2023-05-06T21:01:46.889+0000] {logging_mixin.py:149} INFO - [2023-05-06T21:01:46.889+0000] {dagbag.py:541} INFO - Filling up the DagBag from /home/airflow/.local/lib/python3.7/site-packages/airflow/example_dags/example_kubernetes_executor.py
[2023-05-06T21:01:47.136+0000] {processor.py:809} INFO - DAG(s) dict_keys(['example_kubernetes_executor']) retrieved from /home/airflow/.local/lib/python3.7/site-packages/airflow/example_dags/example_kubernetes_executor.py
[2023-05-06T21:01:47.187+0000] {logging_mixin.py:149} INFO - [2023-05-06T21:01:47.187+0000] {dag.py:2726} INFO - Sync 1 DAGs
[2023-05-06T21:01:47.225+0000] {logging_mixin.py:149} INFO - [2023-05-06T21:01:47.225+0000] {dag.py:3490} INFO - Setting next_dagrun for example_kubernetes_executor to None, run_after=None
[2023-05-06T21:01:47.253+0000] {processor.py:178} INFO - Processing /home/airflow/.local/lib/python3.7/site-packages/airflow/example_dags/example_kubernetes_executor.py took 0.373 seconds
[2023-05-06T21:02:18.111+0000] {processor.py:156} INFO - Started process (PID=3474) to work on /home/airflow/.local/lib/python3.7/site-packages/airflow/example_dags/example_kubernetes_executor.py
[2023-05-06T21:02:18.114+0000] {processor.py:799} INFO - Processing file /home/airflow/.local/lib/python3.7/site-packages/airflow/example_dags/example_kubernetes_executor.py for tasks to queue
[2023-05-06T21:02:18.116+0000] {logging_mixin.py:149} INFO - [2023-05-06T21:02:18.115+0000] {dagbag.py:541} INFO - Filling up the DagBag from /home/airflow/.local/lib/python3.7/site-packages/airflow/example_dags/example_kubernetes_executor.py
[2023-05-06T21:02:18.363+0000] {processor.py:809} INFO - DAG(s) dict_keys(['example_kubernetes_executor']) retrieved from /home/airflow/.local/lib/python3.7/site-packages/airflow/example_dags/example_kubernetes_executor.py
[2023-05-06T21:02:18.416+0000] {logging_mixin.py:149} INFO - [2023-05-06T21:02:18.415+0000] {dag.py:2726} INFO - Sync 1 DAGs
[2023-05-06T21:02:18.452+0000] {logging_mixin.py:149} INFO - [2023-05-06T21:02:18.452+0000] {dag.py:3490} INFO - Setting next_dagrun for example_kubernetes_executor to None, run_after=None
[2023-05-06T21:02:18.477+0000] {processor.py:178} INFO - Processing /home/airflow/.local/lib/python3.7/site-packages/airflow/example_dags/example_kubernetes_executor.py took 0.370 seconds
[2023-05-06T21:02:49.465+0000] {processor.py:156} INFO - Started process (PID=3712) to work on /home/airflow/.local/lib/python3.7/site-packages/airflow/example_dags/example_kubernetes_executor.py
[2023-05-06T21:02:49.466+0000] {processor.py:799} INFO - Processing file /home/airflow/.local/lib/python3.7/site-packages/airflow/example_dags/example_kubernetes_executor.py for tasks to queue
[2023-05-06T21:02:49.468+0000] {logging_mixin.py:149} INFO - [2023-05-06T21:02:49.467+0000] {dagbag.py:541} INFO - Filling up the DagBag from /home/airflow/.local/lib/python3.7/site-packages/airflow/example_dags/example_kubernetes_executor.py
[2023-05-06T21:02:49.729+0000] {processor.py:809} INFO - DAG(s) dict_keys(['example_kubernetes_executor']) retrieved from /home/airflow/.local/lib/python3.7/site-packages/airflow/example_dags/example_kubernetes_executor.py
[2023-05-06T21:02:49.779+0000] {logging_mixin.py:149} INFO - [2023-05-06T21:02:49.778+0000] {dag.py:2726} INFO - Sync 1 DAGs
[2023-05-06T21:02:49.813+0000] {logging_mixin.py:149} INFO - [2023-05-06T21:02:49.813+0000] {dag.py:3490} INFO - Setting next_dagrun for example_kubernetes_executor to None, run_after=None
[2023-05-06T21:02:49.866+0000] {processor.py:178} INFO - Processing /home/airflow/.local/lib/python3.7/site-packages/airflow/example_dags/example_kubernetes_executor.py took 0.405 seconds
[2023-05-06T21:03:20.324+0000] {processor.py:156} INFO - Started process (PID=3957) to work on /home/airflow/.local/lib/python3.7/site-packages/airflow/example_dags/example_kubernetes_executor.py
[2023-05-06T21:03:20.327+0000] {processor.py:799} INFO - Processing file /home/airflow/.local/lib/python3.7/site-packages/airflow/example_dags/example_kubernetes_executor.py for tasks to queue
[2023-05-06T21:03:20.328+0000] {logging_mixin.py:149} INFO - [2023-05-06T21:03:20.328+0000] {dagbag.py:541} INFO - Filling up the DagBag from /home/airflow/.local/lib/python3.7/site-packages/airflow/example_dags/example_kubernetes_executor.py
[2023-05-06T21:03:20.593+0000] {processor.py:809} INFO - DAG(s) dict_keys(['example_kubernetes_executor']) retrieved from /home/airflow/.local/lib/python3.7/site-packages/airflow/example_dags/example_kubernetes_executor.py
[2023-05-06T21:03:20.643+0000] {logging_mixin.py:149} INFO - [2023-05-06T21:03:20.643+0000] {dag.py:2726} INFO - Sync 1 DAGs
[2023-05-06T21:03:20.679+0000] {logging_mixin.py:149} INFO - [2023-05-06T21:03:20.679+0000] {dag.py:3490} INFO - Setting next_dagrun for example_kubernetes_executor to None, run_after=None
[2023-05-06T21:03:20.710+0000] {processor.py:178} INFO - Processing /home/airflow/.local/lib/python3.7/site-packages/airflow/example_dags/example_kubernetes_executor.py took 0.391 seconds
[2023-05-06T21:03:51.036+0000] {processor.py:156} INFO - Started process (PID=4195) to work on /home/airflow/.local/lib/python3.7/site-packages/airflow/example_dags/example_kubernetes_executor.py
[2023-05-06T21:03:51.038+0000] {processor.py:799} INFO - Processing file /home/airflow/.local/lib/python3.7/site-packages/airflow/example_dags/example_kubernetes_executor.py for tasks to queue
[2023-05-06T21:03:51.040+0000] {logging_mixin.py:149} INFO - [2023-05-06T21:03:51.039+0000] {dagbag.py:541} INFO - Filling up the DagBag from /home/airflow/.local/lib/python3.7/site-packages/airflow/example_dags/example_kubernetes_executor.py
[2023-05-06T21:03:51.325+0000] {processor.py:809} INFO - DAG(s) dict_keys(['example_kubernetes_executor']) retrieved from /home/airflow/.local/lib/python3.7/site-packages/airflow/example_dags/example_kubernetes_executor.py
[2023-05-06T21:03:51.388+0000] {logging_mixin.py:149} INFO - [2023-05-06T21:03:51.388+0000] {dag.py:2726} INFO - Sync 1 DAGs
[2023-05-06T21:03:51.426+0000] {logging_mixin.py:149} INFO - [2023-05-06T21:03:51.426+0000] {dag.py:3490} INFO - Setting next_dagrun for example_kubernetes_executor to None, run_after=None
[2023-05-06T21:03:51.454+0000] {processor.py:178} INFO - Processing /home/airflow/.local/lib/python3.7/site-packages/airflow/example_dags/example_kubernetes_executor.py took 0.422 seconds
[2023-05-06T21:04:21.909+0000] {processor.py:156} INFO - Started process (PID=4433) to work on /home/airflow/.local/lib/python3.7/site-packages/airflow/example_dags/example_kubernetes_executor.py
[2023-05-06T21:04:21.911+0000] {processor.py:799} INFO - Processing file /home/airflow/.local/lib/python3.7/site-packages/airflow/example_dags/example_kubernetes_executor.py for tasks to queue
[2023-05-06T21:04:21.913+0000] {logging_mixin.py:149} INFO - [2023-05-06T21:04:21.912+0000] {dagbag.py:541} INFO - Filling up the DagBag from /home/airflow/.local/lib/python3.7/site-packages/airflow/example_dags/example_kubernetes_executor.py
[2023-05-06T21:04:22.186+0000] {processor.py:809} INFO - DAG(s) dict_keys(['example_kubernetes_executor']) retrieved from /home/airflow/.local/lib/python3.7/site-packages/airflow/example_dags/example_kubernetes_executor.py
[2023-05-06T21:04:22.243+0000] {logging_mixin.py:149} INFO - [2023-05-06T21:04:22.243+0000] {dag.py:2726} INFO - Sync 1 DAGs
[2023-05-06T21:04:22.280+0000] {logging_mixin.py:149} INFO - [2023-05-06T21:04:22.280+0000] {dag.py:3490} INFO - Setting next_dagrun for example_kubernetes_executor to None, run_after=None
[2023-05-06T21:04:22.309+0000] {processor.py:178} INFO - Processing /home/airflow/.local/lib/python3.7/site-packages/airflow/example_dags/example_kubernetes_executor.py took 0.403 seconds
[2023-05-06T21:04:52.702+0000] {processor.py:156} INFO - Started process (PID=4671) to work on /home/airflow/.local/lib/python3.7/site-packages/airflow/example_dags/example_kubernetes_executor.py
[2023-05-06T21:04:52.705+0000] {processor.py:799} INFO - Processing file /home/airflow/.local/lib/python3.7/site-packages/airflow/example_dags/example_kubernetes_executor.py for tasks to queue
[2023-05-06T21:04:52.706+0000] {logging_mixin.py:149} INFO - [2023-05-06T21:04:52.706+0000] {dagbag.py:541} INFO - Filling up the DagBag from /home/airflow/.local/lib/python3.7/site-packages/airflow/example_dags/example_kubernetes_executor.py
[2023-05-06T21:04:52.966+0000] {processor.py:809} INFO - DAG(s) dict_keys(['example_kubernetes_executor']) retrieved from /home/airflow/.local/lib/python3.7/site-packages/airflow/example_dags/example_kubernetes_executor.py
[2023-05-06T21:04:53.012+0000] {logging_mixin.py:149} INFO - [2023-05-06T21:04:53.012+0000] {dag.py:2726} INFO - Sync 1 DAGs
[2023-05-06T21:04:53.050+0000] {logging_mixin.py:149} INFO - [2023-05-06T21:04:53.050+0000] {dag.py:3490} INFO - Setting next_dagrun for example_kubernetes_executor to None, run_after=None
[2023-05-06T21:04:53.077+0000] {processor.py:178} INFO - Processing /home/airflow/.local/lib/python3.7/site-packages/airflow/example_dags/example_kubernetes_executor.py took 0.379 seconds
[2023-05-06T21:05:24.098+0000] {processor.py:156} INFO - Started process (PID=4909) to work on /home/airflow/.local/lib/python3.7/site-packages/airflow/example_dags/example_kubernetes_executor.py
[2023-05-06T21:05:24.100+0000] {processor.py:799} INFO - Processing file /home/airflow/.local/lib/python3.7/site-packages/airflow/example_dags/example_kubernetes_executor.py for tasks to queue
[2023-05-06T21:05:24.102+0000] {logging_mixin.py:149} INFO - [2023-05-06T21:05:24.101+0000] {dagbag.py:541} INFO - Filling up the DagBag from /home/airflow/.local/lib/python3.7/site-packages/airflow/example_dags/example_kubernetes_executor.py
[2023-05-06T21:05:24.356+0000] {processor.py:809} INFO - DAG(s) dict_keys(['example_kubernetes_executor']) retrieved from /home/airflow/.local/lib/python3.7/site-packages/airflow/example_dags/example_kubernetes_executor.py
[2023-05-06T21:05:24.406+0000] {logging_mixin.py:149} INFO - [2023-05-06T21:05:24.405+0000] {dag.py:2726} INFO - Sync 1 DAGs
[2023-05-06T21:05:24.440+0000] {logging_mixin.py:149} INFO - [2023-05-06T21:05:24.440+0000] {dag.py:3490} INFO - Setting next_dagrun for example_kubernetes_executor to None, run_after=None
[2023-05-06T21:05:24.465+0000] {processor.py:178} INFO - Processing /home/airflow/.local/lib/python3.7/site-packages/airflow/example_dags/example_kubernetes_executor.py took 0.371 seconds
[2023-05-06T21:05:54.715+0000] {processor.py:156} INFO - Started process (PID=5147) to work on /home/airflow/.local/lib/python3.7/site-packages/airflow/example_dags/example_kubernetes_executor.py
[2023-05-06T21:05:54.717+0000] {processor.py:799} INFO - Processing file /home/airflow/.local/lib/python3.7/site-packages/airflow/example_dags/example_kubernetes_executor.py for tasks to queue
[2023-05-06T21:05:54.719+0000] {logging_mixin.py:149} INFO - [2023-05-06T21:05:54.719+0000] {dagbag.py:541} INFO - Filling up the DagBag from /home/airflow/.local/lib/python3.7/site-packages/airflow/example_dags/example_kubernetes_executor.py
[2023-05-06T21:05:55.000+0000] {processor.py:809} INFO - DAG(s) dict_keys(['example_kubernetes_executor']) retrieved from /home/airflow/.local/lib/python3.7/site-packages/airflow/example_dags/example_kubernetes_executor.py
[2023-05-06T21:05:55.051+0000] {logging_mixin.py:149} INFO - [2023-05-06T21:05:55.051+0000] {dag.py:2726} INFO - Sync 1 DAGs
[2023-05-06T21:05:55.096+0000] {logging_mixin.py:149} INFO - [2023-05-06T21:05:55.096+0000] {dag.py:3490} INFO - Setting next_dagrun for example_kubernetes_executor to None, run_after=None
[2023-05-06T21:05:55.127+0000] {processor.py:178} INFO - Processing /home/airflow/.local/lib/python3.7/site-packages/airflow/example_dags/example_kubernetes_executor.py took 0.416 seconds
[2023-05-06T21:06:25.240+0000] {processor.py:156} INFO - Started process (PID=5386) to work on /home/airflow/.local/lib/python3.7/site-packages/airflow/example_dags/example_kubernetes_executor.py
[2023-05-06T21:06:25.242+0000] {processor.py:799} INFO - Processing file /home/airflow/.local/lib/python3.7/site-packages/airflow/example_dags/example_kubernetes_executor.py for tasks to queue
[2023-05-06T21:06:25.244+0000] {logging_mixin.py:149} INFO - [2023-05-06T21:06:25.243+0000] {dagbag.py:541} INFO - Filling up the DagBag from /home/airflow/.local/lib/python3.7/site-packages/airflow/example_dags/example_kubernetes_executor.py
[2023-05-06T21:06:25.492+0000] {processor.py:809} INFO - DAG(s) dict_keys(['example_kubernetes_executor']) retrieved from /home/airflow/.local/lib/python3.7/site-packages/airflow/example_dags/example_kubernetes_executor.py
[2023-05-06T21:06:25.508+0000] {logging_mixin.py:149} INFO - [2023-05-06T21:06:25.508+0000] {dag.py:2726} INFO - Sync 1 DAGs
[2023-05-06T21:06:25.544+0000] {logging_mixin.py:149} INFO - [2023-05-06T21:06:25.544+0000] {dag.py:3490} INFO - Setting next_dagrun for example_kubernetes_executor to None, run_after=None
[2023-05-06T21:06:25.574+0000] {processor.py:178} INFO - Processing /home/airflow/.local/lib/python3.7/site-packages/airflow/example_dags/example_kubernetes_executor.py took 0.337 seconds
[2023-05-06T21:06:56.478+0000] {processor.py:156} INFO - Started process (PID=5624) to work on /home/airflow/.local/lib/python3.7/site-packages/airflow/example_dags/example_kubernetes_executor.py
[2023-05-06T21:06:56.481+0000] {processor.py:799} INFO - Processing file /home/airflow/.local/lib/python3.7/site-packages/airflow/example_dags/example_kubernetes_executor.py for tasks to queue
[2023-05-06T21:06:56.483+0000] {logging_mixin.py:149} INFO - [2023-05-06T21:06:56.482+0000] {dagbag.py:541} INFO - Filling up the DagBag from /home/airflow/.local/lib/python3.7/site-packages/airflow/example_dags/example_kubernetes_executor.py
[2023-05-06T21:06:56.831+0000] {processor.py:809} INFO - DAG(s) dict_keys(['example_kubernetes_executor']) retrieved from /home/airflow/.local/lib/python3.7/site-packages/airflow/example_dags/example_kubernetes_executor.py
[2023-05-06T21:06:56.891+0000] {logging_mixin.py:149} INFO - [2023-05-06T21:06:56.891+0000] {dag.py:2726} INFO - Sync 1 DAGs
[2023-05-06T21:06:56.935+0000] {logging_mixin.py:149} INFO - [2023-05-06T21:06:56.935+0000] {dag.py:3490} INFO - Setting next_dagrun for example_kubernetes_executor to None, run_after=None
[2023-05-06T21:06:56.968+0000] {processor.py:178} INFO - Processing /home/airflow/.local/lib/python3.7/site-packages/airflow/example_dags/example_kubernetes_executor.py took 0.493 seconds
[2023-05-06T21:07:27.682+0000] {processor.py:156} INFO - Started process (PID=5862) to work on /home/airflow/.local/lib/python3.7/site-packages/airflow/example_dags/example_kubernetes_executor.py
[2023-05-06T21:07:27.683+0000] {processor.py:799} INFO - Processing file /home/airflow/.local/lib/python3.7/site-packages/airflow/example_dags/example_kubernetes_executor.py for tasks to queue
[2023-05-06T21:07:27.685+0000] {logging_mixin.py:149} INFO - [2023-05-06T21:07:27.684+0000] {dagbag.py:541} INFO - Filling up the DagBag from /home/airflow/.local/lib/python3.7/site-packages/airflow/example_dags/example_kubernetes_executor.py
[2023-05-06T21:07:28.028+0000] {processor.py:809} INFO - DAG(s) dict_keys(['example_kubernetes_executor']) retrieved from /home/airflow/.local/lib/python3.7/site-packages/airflow/example_dags/example_kubernetes_executor.py
[2023-05-06T21:07:28.094+0000] {logging_mixin.py:149} INFO - [2023-05-06T21:07:28.093+0000] {dag.py:2726} INFO - Sync 1 DAGs
[2023-05-06T21:07:28.140+0000] {logging_mixin.py:149} INFO - [2023-05-06T21:07:28.140+0000] {dag.py:3490} INFO - Setting next_dagrun for example_kubernetes_executor to None, run_after=None
[2023-05-06T21:07:28.216+0000] {processor.py:178} INFO - Processing /home/airflow/.local/lib/python3.7/site-packages/airflow/example_dags/example_kubernetes_executor.py took 0.539 seconds
