[2023-05-06T20:55:32.158+0000] {processor.py:156} INFO - Started process (PID=337) to work on /home/airflow/.local/lib/python3.7/site-packages/airflow/example_dags/example_task_group.py
[2023-05-06T20:55:32.160+0000] {processor.py:799} INFO - Processing file /home/airflow/.local/lib/python3.7/site-packages/airflow/example_dags/example_task_group.py for tasks to queue
[2023-05-06T20:55:32.162+0000] {logging_mixin.py:149} INFO - [2023-05-06T20:55:32.162+0000] {dagbag.py:541} INFO - Filling up the DagBag from /home/airflow/.local/lib/python3.7/site-packages/airflow/example_dags/example_task_group.py
[2023-05-06T20:55:32.176+0000] {processor.py:809} INFO - DAG(s) dict_keys(['example_task_group']) retrieved from /home/airflow/.local/lib/python3.7/site-packages/airflow/example_dags/example_task_group.py
[2023-05-06T20:55:32.193+0000] {logging_mixin.py:149} INFO - [2023-05-06T20:55:32.193+0000] {dag.py:2726} INFO - Sync 1 DAGs
[2023-05-06T20:55:32.237+0000] {logging_mixin.py:149} INFO - [2023-05-06T20:55:32.237+0000] {dag.py:3490} INFO - Setting next_dagrun for example_task_group to 2023-05-05T20:55:32.237323+00:00, run_after=2023-05-06T20:55:32.237323+00:00
[2023-05-06T20:55:32.276+0000] {processor.py:178} INFO - Processing /home/airflow/.local/lib/python3.7/site-packages/airflow/example_dags/example_task_group.py took 0.121 seconds
[2023-05-06T20:56:05.455+0000] {processor.py:156} INFO - Started process (PID=575) to work on /home/airflow/.local/lib/python3.7/site-packages/airflow/example_dags/example_task_group.py
[2023-05-06T20:56:05.457+0000] {processor.py:799} INFO - Processing file /home/airflow/.local/lib/python3.7/site-packages/airflow/example_dags/example_task_group.py for tasks to queue
[2023-05-06T20:56:05.459+0000] {logging_mixin.py:149} INFO - [2023-05-06T20:56:05.459+0000] {dagbag.py:541} INFO - Filling up the DagBag from /home/airflow/.local/lib/python3.7/site-packages/airflow/example_dags/example_task_group.py
[2023-05-06T20:56:05.472+0000] {processor.py:809} INFO - DAG(s) dict_keys(['example_task_group']) retrieved from /home/airflow/.local/lib/python3.7/site-packages/airflow/example_dags/example_task_group.py
[2023-05-06T20:56:05.506+0000] {logging_mixin.py:149} INFO - [2023-05-06T20:56:05.506+0000] {dag.py:2726} INFO - Sync 1 DAGs
[2023-05-06T20:56:05.697+0000] {logging_mixin.py:149} INFO - [2023-05-06T20:56:05.697+0000] {dag.py:3490} INFO - Setting next_dagrun for example_task_group to 2023-05-05T20:56:05.697309+00:00, run_after=2023-05-06T20:56:05.697309+00:00
[2023-05-06T20:56:05.731+0000] {processor.py:178} INFO - Processing /home/airflow/.local/lib/python3.7/site-packages/airflow/example_dags/example_task_group.py took 0.282 seconds
[2023-05-06T20:56:36.761+0000] {processor.py:156} INFO - Started process (PID=813) to work on /home/airflow/.local/lib/python3.7/site-packages/airflow/example_dags/example_task_group.py
[2023-05-06T20:56:36.764+0000] {processor.py:799} INFO - Processing file /home/airflow/.local/lib/python3.7/site-packages/airflow/example_dags/example_task_group.py for tasks to queue
[2023-05-06T20:56:36.766+0000] {logging_mixin.py:149} INFO - [2023-05-06T20:56:36.766+0000] {dagbag.py:541} INFO - Filling up the DagBag from /home/airflow/.local/lib/python3.7/site-packages/airflow/example_dags/example_task_group.py
[2023-05-06T20:56:36.969+0000] {processor.py:809} INFO - DAG(s) dict_keys(['example_task_group']) retrieved from /home/airflow/.local/lib/python3.7/site-packages/airflow/example_dags/example_task_group.py
[2023-05-06T20:56:37.007+0000] {logging_mixin.py:149} INFO - [2023-05-06T20:56:37.007+0000] {dag.py:2726} INFO - Sync 1 DAGs
[2023-05-06T20:56:37.044+0000] {logging_mixin.py:149} INFO - [2023-05-06T20:56:37.043+0000] {dag.py:3490} INFO - Setting next_dagrun for example_task_group to 2023-05-05T20:56:37.043461+00:00, run_after=2023-05-06T20:56:37.043461+00:00
[2023-05-06T20:56:37.076+0000] {processor.py:178} INFO - Processing /home/airflow/.local/lib/python3.7/site-packages/airflow/example_dags/example_task_group.py took 0.318 seconds
[2023-05-06T20:57:07.213+0000] {processor.py:156} INFO - Started process (PID=1053) to work on /home/airflow/.local/lib/python3.7/site-packages/airflow/example_dags/example_task_group.py
[2023-05-06T20:57:07.215+0000] {processor.py:799} INFO - Processing file /home/airflow/.local/lib/python3.7/site-packages/airflow/example_dags/example_task_group.py for tasks to queue
[2023-05-06T20:57:07.217+0000] {logging_mixin.py:149} INFO - [2023-05-06T20:57:07.216+0000] {dagbag.py:541} INFO - Filling up the DagBag from /home/airflow/.local/lib/python3.7/site-packages/airflow/example_dags/example_task_group.py
[2023-05-06T20:57:07.227+0000] {processor.py:809} INFO - DAG(s) dict_keys(['example_task_group']) retrieved from /home/airflow/.local/lib/python3.7/site-packages/airflow/example_dags/example_task_group.py
[2023-05-06T20:57:07.261+0000] {logging_mixin.py:149} INFO - [2023-05-06T20:57:07.260+0000] {dag.py:2726} INFO - Sync 1 DAGs
[2023-05-06T20:57:07.297+0000] {logging_mixin.py:149} INFO - [2023-05-06T20:57:07.297+0000] {dag.py:3490} INFO - Setting next_dagrun for example_task_group to 2023-05-05T20:57:07.297237+00:00, run_after=2023-05-06T20:57:07.297237+00:00
[2023-05-06T20:57:07.324+0000] {processor.py:178} INFO - Processing /home/airflow/.local/lib/python3.7/site-packages/airflow/example_dags/example_task_group.py took 0.116 seconds
[2023-05-06T20:57:37.804+0000] {processor.py:156} INFO - Started process (PID=1289) to work on /home/airflow/.local/lib/python3.7/site-packages/airflow/example_dags/example_task_group.py
[2023-05-06T20:57:37.806+0000] {processor.py:799} INFO - Processing file /home/airflow/.local/lib/python3.7/site-packages/airflow/example_dags/example_task_group.py for tasks to queue
[2023-05-06T20:57:37.809+0000] {logging_mixin.py:149} INFO - [2023-05-06T20:57:37.809+0000] {dagbag.py:541} INFO - Filling up the DagBag from /home/airflow/.local/lib/python3.7/site-packages/airflow/example_dags/example_task_group.py
[2023-05-06T20:57:37.823+0000] {processor.py:809} INFO - DAG(s) dict_keys(['example_task_group']) retrieved from /home/airflow/.local/lib/python3.7/site-packages/airflow/example_dags/example_task_group.py
[2023-05-06T20:57:37.847+0000] {logging_mixin.py:149} INFO - [2023-05-06T20:57:37.847+0000] {dag.py:2726} INFO - Sync 1 DAGs
[2023-05-06T20:57:37.894+0000] {logging_mixin.py:149} INFO - [2023-05-06T20:57:37.893+0000] {dag.py:3490} INFO - Setting next_dagrun for example_task_group to 2023-05-05T20:57:37.893446+00:00, run_after=2023-05-06T20:57:37.893446+00:00
[2023-05-06T20:57:37.959+0000] {processor.py:178} INFO - Processing /home/airflow/.local/lib/python3.7/site-packages/airflow/example_dags/example_task_group.py took 0.161 seconds
[2023-05-06T20:58:08.231+0000] {processor.py:156} INFO - Started process (PID=1527) to work on /home/airflow/.local/lib/python3.7/site-packages/airflow/example_dags/example_task_group.py
[2023-05-06T20:58:08.234+0000] {processor.py:799} INFO - Processing file /home/airflow/.local/lib/python3.7/site-packages/airflow/example_dags/example_task_group.py for tasks to queue
[2023-05-06T20:58:08.235+0000] {logging_mixin.py:149} INFO - [2023-05-06T20:58:08.235+0000] {dagbag.py:541} INFO - Filling up the DagBag from /home/airflow/.local/lib/python3.7/site-packages/airflow/example_dags/example_task_group.py
[2023-05-06T20:58:08.246+0000] {processor.py:809} INFO - DAG(s) dict_keys(['example_task_group']) retrieved from /home/airflow/.local/lib/python3.7/site-packages/airflow/example_dags/example_task_group.py
[2023-05-06T20:58:08.278+0000] {logging_mixin.py:149} INFO - [2023-05-06T20:58:08.278+0000] {dag.py:2726} INFO - Sync 1 DAGs
[2023-05-06T20:58:08.314+0000] {logging_mixin.py:149} INFO - [2023-05-06T20:58:08.314+0000] {dag.py:3490} INFO - Setting next_dagrun for example_task_group to 2023-05-05T20:58:08.313608+00:00, run_after=2023-05-06T20:58:08.313608+00:00
[2023-05-06T20:58:08.339+0000] {processor.py:178} INFO - Processing /home/airflow/.local/lib/python3.7/site-packages/airflow/example_dags/example_task_group.py took 0.111 seconds
[2023-05-06T20:58:39.286+0000] {processor.py:156} INFO - Started process (PID=1766) to work on /home/airflow/.local/lib/python3.7/site-packages/airflow/example_dags/example_task_group.py
[2023-05-06T20:58:39.289+0000] {processor.py:799} INFO - Processing file /home/airflow/.local/lib/python3.7/site-packages/airflow/example_dags/example_task_group.py for tasks to queue
[2023-05-06T20:58:39.292+0000] {logging_mixin.py:149} INFO - [2023-05-06T20:58:39.292+0000] {dagbag.py:541} INFO - Filling up the DagBag from /home/airflow/.local/lib/python3.7/site-packages/airflow/example_dags/example_task_group.py
[2023-05-06T20:58:39.303+0000] {processor.py:809} INFO - DAG(s) dict_keys(['example_task_group']) retrieved from /home/airflow/.local/lib/python3.7/site-packages/airflow/example_dags/example_task_group.py
[2023-05-06T20:58:39.351+0000] {logging_mixin.py:149} INFO - [2023-05-06T20:58:39.350+0000] {dag.py:2726} INFO - Sync 1 DAGs
[2023-05-06T20:58:39.399+0000] {logging_mixin.py:149} INFO - [2023-05-06T20:58:39.398+0000] {dag.py:3490} INFO - Setting next_dagrun for example_task_group to 2023-05-05T20:58:39.398174+00:00, run_after=2023-05-06T20:58:39.398174+00:00
[2023-05-06T20:58:39.434+0000] {processor.py:178} INFO - Processing /home/airflow/.local/lib/python3.7/site-packages/airflow/example_dags/example_task_group.py took 0.152 seconds
[2023-05-06T20:59:10.368+0000] {processor.py:156} INFO - Started process (PID=2004) to work on /home/airflow/.local/lib/python3.7/site-packages/airflow/example_dags/example_task_group.py
[2023-05-06T20:59:10.370+0000] {processor.py:799} INFO - Processing file /home/airflow/.local/lib/python3.7/site-packages/airflow/example_dags/example_task_group.py for tasks to queue
[2023-05-06T20:59:10.372+0000] {logging_mixin.py:149} INFO - [2023-05-06T20:59:10.372+0000] {dagbag.py:541} INFO - Filling up the DagBag from /home/airflow/.local/lib/python3.7/site-packages/airflow/example_dags/example_task_group.py
[2023-05-06T20:59:10.382+0000] {processor.py:809} INFO - DAG(s) dict_keys(['example_task_group']) retrieved from /home/airflow/.local/lib/python3.7/site-packages/airflow/example_dags/example_task_group.py
[2023-05-06T20:59:10.424+0000] {logging_mixin.py:149} INFO - [2023-05-06T20:59:10.424+0000] {dag.py:2726} INFO - Sync 1 DAGs
[2023-05-06T20:59:10.470+0000] {logging_mixin.py:149} INFO - [2023-05-06T20:59:10.470+0000] {dag.py:3490} INFO - Setting next_dagrun for example_task_group to 2023-05-05T20:59:10.470208+00:00, run_after=2023-05-06T20:59:10.470208+00:00
[2023-05-06T20:59:10.505+0000] {processor.py:178} INFO - Processing /home/airflow/.local/lib/python3.7/site-packages/airflow/example_dags/example_task_group.py took 0.141 seconds
[2023-05-06T20:59:41.299+0000] {processor.py:156} INFO - Started process (PID=2244) to work on /home/airflow/.local/lib/python3.7/site-packages/airflow/example_dags/example_task_group.py
[2023-05-06T20:59:41.300+0000] {processor.py:799} INFO - Processing file /home/airflow/.local/lib/python3.7/site-packages/airflow/example_dags/example_task_group.py for tasks to queue
[2023-05-06T20:59:41.302+0000] {logging_mixin.py:149} INFO - [2023-05-06T20:59:41.301+0000] {dagbag.py:541} INFO - Filling up the DagBag from /home/airflow/.local/lib/python3.7/site-packages/airflow/example_dags/example_task_group.py
[2023-05-06T20:59:41.313+0000] {processor.py:809} INFO - DAG(s) dict_keys(['example_task_group']) retrieved from /home/airflow/.local/lib/python3.7/site-packages/airflow/example_dags/example_task_group.py
[2023-05-06T20:59:41.351+0000] {logging_mixin.py:149} INFO - [2023-05-06T20:59:41.351+0000] {dag.py:2726} INFO - Sync 1 DAGs
[2023-05-06T20:59:41.394+0000] {logging_mixin.py:149} INFO - [2023-05-06T20:59:41.394+0000] {dag.py:3490} INFO - Setting next_dagrun for example_task_group to 2023-05-05T20:59:41.394091+00:00, run_after=2023-05-06T20:59:41.394091+00:00
[2023-05-06T20:59:41.429+0000] {processor.py:178} INFO - Processing /home/airflow/.local/lib/python3.7/site-packages/airflow/example_dags/example_task_group.py took 0.135 seconds
[2023-05-06T21:00:11.490+0000] {processor.py:156} INFO - Started process (PID=2480) to work on /home/airflow/.local/lib/python3.7/site-packages/airflow/example_dags/example_task_group.py
[2023-05-06T21:00:11.492+0000] {processor.py:799} INFO - Processing file /home/airflow/.local/lib/python3.7/site-packages/airflow/example_dags/example_task_group.py for tasks to queue
[2023-05-06T21:00:11.494+0000] {logging_mixin.py:149} INFO - [2023-05-06T21:00:11.494+0000] {dagbag.py:541} INFO - Filling up the DagBag from /home/airflow/.local/lib/python3.7/site-packages/airflow/example_dags/example_task_group.py
[2023-05-06T21:00:11.510+0000] {processor.py:809} INFO - DAG(s) dict_keys(['example_task_group']) retrieved from /home/airflow/.local/lib/python3.7/site-packages/airflow/example_dags/example_task_group.py
[2023-05-06T21:00:11.532+0000] {logging_mixin.py:149} INFO - [2023-05-06T21:00:11.531+0000] {dag.py:2726} INFO - Sync 1 DAGs
[2023-05-06T21:00:11.571+0000] {logging_mixin.py:149} INFO - [2023-05-06T21:00:11.571+0000] {dag.py:3490} INFO - Setting next_dagrun for example_task_group to 2023-05-05T21:00:11.570922+00:00, run_after=2023-05-06T21:00:11.570922+00:00
[2023-05-06T21:00:11.598+0000] {processor.py:178} INFO - Processing /home/airflow/.local/lib/python3.7/site-packages/airflow/example_dags/example_task_group.py took 0.113 seconds
[2023-05-06T21:00:42.174+0000] {processor.py:156} INFO - Started process (PID=2718) to work on /home/airflow/.local/lib/python3.7/site-packages/airflow/example_dags/example_task_group.py
[2023-05-06T21:00:42.176+0000] {processor.py:799} INFO - Processing file /home/airflow/.local/lib/python3.7/site-packages/airflow/example_dags/example_task_group.py for tasks to queue
[2023-05-06T21:00:42.177+0000] {logging_mixin.py:149} INFO - [2023-05-06T21:00:42.177+0000] {dagbag.py:541} INFO - Filling up the DagBag from /home/airflow/.local/lib/python3.7/site-packages/airflow/example_dags/example_task_group.py
[2023-05-06T21:00:42.189+0000] {processor.py:809} INFO - DAG(s) dict_keys(['example_task_group']) retrieved from /home/airflow/.local/lib/python3.7/site-packages/airflow/example_dags/example_task_group.py
[2023-05-06T21:00:42.231+0000] {logging_mixin.py:149} INFO - [2023-05-06T21:00:42.231+0000] {dag.py:2726} INFO - Sync 1 DAGs
[2023-05-06T21:00:42.270+0000] {logging_mixin.py:149} INFO - [2023-05-06T21:00:42.269+0000] {dag.py:3490} INFO - Setting next_dagrun for example_task_group to 2023-05-05T21:00:42.269571+00:00, run_after=2023-05-06T21:00:42.269571+00:00
[2023-05-06T21:00:42.303+0000] {processor.py:178} INFO - Processing /home/airflow/.local/lib/python3.7/site-packages/airflow/example_dags/example_task_group.py took 0.134 seconds
[2023-05-06T21:01:12.584+0000] {processor.py:156} INFO - Started process (PID=2956) to work on /home/airflow/.local/lib/python3.7/site-packages/airflow/example_dags/example_task_group.py
[2023-05-06T21:01:12.586+0000] {processor.py:799} INFO - Processing file /home/airflow/.local/lib/python3.7/site-packages/airflow/example_dags/example_task_group.py for tasks to queue
[2023-05-06T21:01:12.589+0000] {logging_mixin.py:149} INFO - [2023-05-06T21:01:12.589+0000] {dagbag.py:541} INFO - Filling up the DagBag from /home/airflow/.local/lib/python3.7/site-packages/airflow/example_dags/example_task_group.py
[2023-05-06T21:01:12.602+0000] {processor.py:809} INFO - DAG(s) dict_keys(['example_task_group']) retrieved from /home/airflow/.local/lib/python3.7/site-packages/airflow/example_dags/example_task_group.py
[2023-05-06T21:01:12.642+0000] {logging_mixin.py:149} INFO - [2023-05-06T21:01:12.642+0000] {dag.py:2726} INFO - Sync 1 DAGs
[2023-05-06T21:01:12.684+0000] {logging_mixin.py:149} INFO - [2023-05-06T21:01:12.684+0000] {dag.py:3490} INFO - Setting next_dagrun for example_task_group to 2023-05-05T21:01:12.684363+00:00, run_after=2023-05-06T21:01:12.684363+00:00
[2023-05-06T21:01:12.710+0000] {processor.py:178} INFO - Processing /home/airflow/.local/lib/python3.7/site-packages/airflow/example_dags/example_task_group.py took 0.130 seconds
[2023-05-06T21:01:43.203+0000] {processor.py:156} INFO - Started process (PID=3196) to work on /home/airflow/.local/lib/python3.7/site-packages/airflow/example_dags/example_task_group.py
[2023-05-06T21:01:43.205+0000] {processor.py:799} INFO - Processing file /home/airflow/.local/lib/python3.7/site-packages/airflow/example_dags/example_task_group.py for tasks to queue
[2023-05-06T21:01:43.207+0000] {logging_mixin.py:149} INFO - [2023-05-06T21:01:43.207+0000] {dagbag.py:541} INFO - Filling up the DagBag from /home/airflow/.local/lib/python3.7/site-packages/airflow/example_dags/example_task_group.py
[2023-05-06T21:01:43.218+0000] {processor.py:809} INFO - DAG(s) dict_keys(['example_task_group']) retrieved from /home/airflow/.local/lib/python3.7/site-packages/airflow/example_dags/example_task_group.py
[2023-05-06T21:01:43.252+0000] {logging_mixin.py:149} INFO - [2023-05-06T21:01:43.252+0000] {dag.py:2726} INFO - Sync 1 DAGs
[2023-05-06T21:01:43.292+0000] {logging_mixin.py:149} INFO - [2023-05-06T21:01:43.292+0000] {dag.py:3490} INFO - Setting next_dagrun for example_task_group to 2023-05-05T21:01:43.292158+00:00, run_after=2023-05-06T21:01:43.292158+00:00
[2023-05-06T21:01:43.328+0000] {processor.py:178} INFO - Processing /home/airflow/.local/lib/python3.7/site-packages/airflow/example_dags/example_task_group.py took 0.128 seconds
[2023-05-06T21:02:13.434+0000] {processor.py:156} INFO - Started process (PID=3432) to work on /home/airflow/.local/lib/python3.7/site-packages/airflow/example_dags/example_task_group.py
[2023-05-06T21:02:13.436+0000] {processor.py:799} INFO - Processing file /home/airflow/.local/lib/python3.7/site-packages/airflow/example_dags/example_task_group.py for tasks to queue
[2023-05-06T21:02:13.437+0000] {logging_mixin.py:149} INFO - [2023-05-06T21:02:13.437+0000] {dagbag.py:541} INFO - Filling up the DagBag from /home/airflow/.local/lib/python3.7/site-packages/airflow/example_dags/example_task_group.py
[2023-05-06T21:02:13.448+0000] {processor.py:809} INFO - DAG(s) dict_keys(['example_task_group']) retrieved from /home/airflow/.local/lib/python3.7/site-packages/airflow/example_dags/example_task_group.py
[2023-05-06T21:02:13.486+0000] {logging_mixin.py:149} INFO - [2023-05-06T21:02:13.486+0000] {dag.py:2726} INFO - Sync 1 DAGs
[2023-05-06T21:02:13.529+0000] {logging_mixin.py:149} INFO - [2023-05-06T21:02:13.528+0000] {dag.py:3490} INFO - Setting next_dagrun for example_task_group to 2023-05-05T21:02:13.528264+00:00, run_after=2023-05-06T21:02:13.528264+00:00
[2023-05-06T21:02:13.560+0000] {processor.py:178} INFO - Processing /home/airflow/.local/lib/python3.7/site-packages/airflow/example_dags/example_task_group.py took 0.129 seconds
[2023-05-06T21:02:43.878+0000] {processor.py:156} INFO - Started process (PID=3670) to work on /home/airflow/.local/lib/python3.7/site-packages/airflow/example_dags/example_task_group.py
[2023-05-06T21:02:43.879+0000] {processor.py:799} INFO - Processing file /home/airflow/.local/lib/python3.7/site-packages/airflow/example_dags/example_task_group.py for tasks to queue
[2023-05-06T21:02:43.880+0000] {logging_mixin.py:149} INFO - [2023-05-06T21:02:43.880+0000] {dagbag.py:541} INFO - Filling up the DagBag from /home/airflow/.local/lib/python3.7/site-packages/airflow/example_dags/example_task_group.py
[2023-05-06T21:02:43.891+0000] {processor.py:809} INFO - DAG(s) dict_keys(['example_task_group']) retrieved from /home/airflow/.local/lib/python3.7/site-packages/airflow/example_dags/example_task_group.py
[2023-05-06T21:02:43.931+0000] {logging_mixin.py:149} INFO - [2023-05-06T21:02:43.931+0000] {dag.py:2726} INFO - Sync 1 DAGs
[2023-05-06T21:02:43.974+0000] {logging_mixin.py:149} INFO - [2023-05-06T21:02:43.974+0000] {dag.py:3490} INFO - Setting next_dagrun for example_task_group to 2023-05-05T21:02:43.973998+00:00, run_after=2023-05-06T21:02:43.973998+00:00
[2023-05-06T21:02:44.014+0000] {processor.py:178} INFO - Processing /home/airflow/.local/lib/python3.7/site-packages/airflow/example_dags/example_task_group.py took 0.140 seconds
[2023-05-06T21:03:14.715+0000] {processor.py:156} INFO - Started process (PID=3908) to work on /home/airflow/.local/lib/python3.7/site-packages/airflow/example_dags/example_task_group.py
[2023-05-06T21:03:14.717+0000] {processor.py:799} INFO - Processing file /home/airflow/.local/lib/python3.7/site-packages/airflow/example_dags/example_task_group.py for tasks to queue
[2023-05-06T21:03:14.720+0000] {logging_mixin.py:149} INFO - [2023-05-06T21:03:14.720+0000] {dagbag.py:541} INFO - Filling up the DagBag from /home/airflow/.local/lib/python3.7/site-packages/airflow/example_dags/example_task_group.py
[2023-05-06T21:03:14.730+0000] {processor.py:809} INFO - DAG(s) dict_keys(['example_task_group']) retrieved from /home/airflow/.local/lib/python3.7/site-packages/airflow/example_dags/example_task_group.py
[2023-05-06T21:03:14.771+0000] {logging_mixin.py:149} INFO - [2023-05-06T21:03:14.770+0000] {dag.py:2726} INFO - Sync 1 DAGs
[2023-05-06T21:03:14.814+0000] {logging_mixin.py:149} INFO - [2023-05-06T21:03:14.814+0000] {dag.py:3490} INFO - Setting next_dagrun for example_task_group to 2023-05-05T21:03:14.814096+00:00, run_after=2023-05-06T21:03:14.814096+00:00
[2023-05-06T21:03:14.852+0000] {processor.py:178} INFO - Processing /home/airflow/.local/lib/python3.7/site-packages/airflow/example_dags/example_task_group.py took 0.141 seconds
[2023-05-06T21:03:45.440+0000] {processor.py:156} INFO - Started process (PID=4146) to work on /home/airflow/.local/lib/python3.7/site-packages/airflow/example_dags/example_task_group.py
[2023-05-06T21:03:45.442+0000] {processor.py:799} INFO - Processing file /home/airflow/.local/lib/python3.7/site-packages/airflow/example_dags/example_task_group.py for tasks to queue
[2023-05-06T21:03:45.444+0000] {logging_mixin.py:149} INFO - [2023-05-06T21:03:45.443+0000] {dagbag.py:541} INFO - Filling up the DagBag from /home/airflow/.local/lib/python3.7/site-packages/airflow/example_dags/example_task_group.py
[2023-05-06T21:03:45.459+0000] {processor.py:809} INFO - DAG(s) dict_keys(['example_task_group']) retrieved from /home/airflow/.local/lib/python3.7/site-packages/airflow/example_dags/example_task_group.py
[2023-05-06T21:03:45.502+0000] {logging_mixin.py:149} INFO - [2023-05-06T21:03:45.502+0000] {dag.py:2726} INFO - Sync 1 DAGs
[2023-05-06T21:03:45.544+0000] {logging_mixin.py:149} INFO - [2023-05-06T21:03:45.544+0000] {dag.py:3490} INFO - Setting next_dagrun for example_task_group to 2023-05-05T21:03:45.543897+00:00, run_after=2023-05-06T21:03:45.543897+00:00
[2023-05-06T21:03:45.575+0000] {processor.py:178} INFO - Processing /home/airflow/.local/lib/python3.7/site-packages/airflow/example_dags/example_task_group.py took 0.139 seconds
[2023-05-06T21:04:16.335+0000] {processor.py:156} INFO - Started process (PID=4384) to work on /home/airflow/.local/lib/python3.7/site-packages/airflow/example_dags/example_task_group.py
[2023-05-06T21:04:16.336+0000] {processor.py:799} INFO - Processing file /home/airflow/.local/lib/python3.7/site-packages/airflow/example_dags/example_task_group.py for tasks to queue
[2023-05-06T21:04:16.338+0000] {logging_mixin.py:149} INFO - [2023-05-06T21:04:16.338+0000] {dagbag.py:541} INFO - Filling up the DagBag from /home/airflow/.local/lib/python3.7/site-packages/airflow/example_dags/example_task_group.py
[2023-05-06T21:04:16.351+0000] {processor.py:809} INFO - DAG(s) dict_keys(['example_task_group']) retrieved from /home/airflow/.local/lib/python3.7/site-packages/airflow/example_dags/example_task_group.py
[2023-05-06T21:04:16.394+0000] {logging_mixin.py:149} INFO - [2023-05-06T21:04:16.394+0000] {dag.py:2726} INFO - Sync 1 DAGs
[2023-05-06T21:04:16.439+0000] {logging_mixin.py:149} INFO - [2023-05-06T21:04:16.439+0000] {dag.py:3490} INFO - Setting next_dagrun for example_task_group to 2023-05-05T21:04:16.439455+00:00, run_after=2023-05-06T21:04:16.439455+00:00
[2023-05-06T21:04:16.473+0000] {processor.py:178} INFO - Processing /home/airflow/.local/lib/python3.7/site-packages/airflow/example_dags/example_task_group.py took 0.142 seconds
[2023-05-06T21:04:47.143+0000] {processor.py:156} INFO - Started process (PID=4622) to work on /home/airflow/.local/lib/python3.7/site-packages/airflow/example_dags/example_task_group.py
[2023-05-06T21:04:47.144+0000] {processor.py:799} INFO - Processing file /home/airflow/.local/lib/python3.7/site-packages/airflow/example_dags/example_task_group.py for tasks to queue
[2023-05-06T21:04:47.146+0000] {logging_mixin.py:149} INFO - [2023-05-06T21:04:47.146+0000] {dagbag.py:541} INFO - Filling up the DagBag from /home/airflow/.local/lib/python3.7/site-packages/airflow/example_dags/example_task_group.py
[2023-05-06T21:04:47.157+0000] {processor.py:809} INFO - DAG(s) dict_keys(['example_task_group']) retrieved from /home/airflow/.local/lib/python3.7/site-packages/airflow/example_dags/example_task_group.py
[2023-05-06T21:04:47.199+0000] {logging_mixin.py:149} INFO - [2023-05-06T21:04:47.199+0000] {dag.py:2726} INFO - Sync 1 DAGs
[2023-05-06T21:04:47.245+0000] {logging_mixin.py:149} INFO - [2023-05-06T21:04:47.244+0000] {dag.py:3490} INFO - Setting next_dagrun for example_task_group to 2023-05-05T21:04:47.244481+00:00, run_after=2023-05-06T21:04:47.244481+00:00
[2023-05-06T21:04:47.276+0000] {processor.py:178} INFO - Processing /home/airflow/.local/lib/python3.7/site-packages/airflow/example_dags/example_task_group.py took 0.138 seconds
[2023-05-06T21:05:17.521+0000] {processor.py:156} INFO - Started process (PID=4860) to work on /home/airflow/.local/lib/python3.7/site-packages/airflow/example_dags/example_task_group.py
[2023-05-06T21:05:17.523+0000] {processor.py:799} INFO - Processing file /home/airflow/.local/lib/python3.7/site-packages/airflow/example_dags/example_task_group.py for tasks to queue
[2023-05-06T21:05:17.524+0000] {logging_mixin.py:149} INFO - [2023-05-06T21:05:17.524+0000] {dagbag.py:541} INFO - Filling up the DagBag from /home/airflow/.local/lib/python3.7/site-packages/airflow/example_dags/example_task_group.py
[2023-05-06T21:05:17.536+0000] {processor.py:809} INFO - DAG(s) dict_keys(['example_task_group']) retrieved from /home/airflow/.local/lib/python3.7/site-packages/airflow/example_dags/example_task_group.py
[2023-05-06T21:05:17.573+0000] {logging_mixin.py:149} INFO - [2023-05-06T21:05:17.573+0000] {dag.py:2726} INFO - Sync 1 DAGs
[2023-05-06T21:05:17.619+0000] {logging_mixin.py:149} INFO - [2023-05-06T21:05:17.619+0000] {dag.py:3490} INFO - Setting next_dagrun for example_task_group to 2023-05-05T21:05:17.619294+00:00, run_after=2023-05-06T21:05:17.619294+00:00
[2023-05-06T21:05:17.653+0000] {processor.py:178} INFO - Processing /home/airflow/.local/lib/python3.7/site-packages/airflow/example_dags/example_task_group.py took 0.136 seconds
[2023-05-06T21:05:48.149+0000] {processor.py:156} INFO - Started process (PID=5098) to work on /home/airflow/.local/lib/python3.7/site-packages/airflow/example_dags/example_task_group.py
[2023-05-06T21:05:48.151+0000] {processor.py:799} INFO - Processing file /home/airflow/.local/lib/python3.7/site-packages/airflow/example_dags/example_task_group.py for tasks to queue
[2023-05-06T21:05:48.152+0000] {logging_mixin.py:149} INFO - [2023-05-06T21:05:48.152+0000] {dagbag.py:541} INFO - Filling up the DagBag from /home/airflow/.local/lib/python3.7/site-packages/airflow/example_dags/example_task_group.py
[2023-05-06T21:05:48.165+0000] {processor.py:809} INFO - DAG(s) dict_keys(['example_task_group']) retrieved from /home/airflow/.local/lib/python3.7/site-packages/airflow/example_dags/example_task_group.py
[2023-05-06T21:05:48.205+0000] {logging_mixin.py:149} INFO - [2023-05-06T21:05:48.205+0000] {dag.py:2726} INFO - Sync 1 DAGs
[2023-05-06T21:05:48.243+0000] {logging_mixin.py:149} INFO - [2023-05-06T21:05:48.243+0000] {dag.py:3490} INFO - Setting next_dagrun for example_task_group to 2023-05-05T21:05:48.242978+00:00, run_after=2023-05-06T21:05:48.242978+00:00
[2023-05-06T21:05:48.271+0000] {processor.py:178} INFO - Processing /home/airflow/.local/lib/python3.7/site-packages/airflow/example_dags/example_task_group.py took 0.127 seconds
[2023-05-06T21:06:18.657+0000] {processor.py:156} INFO - Started process (PID=5336) to work on /home/airflow/.local/lib/python3.7/site-packages/airflow/example_dags/example_task_group.py
[2023-05-06T21:06:18.659+0000] {processor.py:799} INFO - Processing file /home/airflow/.local/lib/python3.7/site-packages/airflow/example_dags/example_task_group.py for tasks to queue
[2023-05-06T21:06:18.662+0000] {logging_mixin.py:149} INFO - [2023-05-06T21:06:18.662+0000] {dagbag.py:541} INFO - Filling up the DagBag from /home/airflow/.local/lib/python3.7/site-packages/airflow/example_dags/example_task_group.py
[2023-05-06T21:06:18.677+0000] {processor.py:809} INFO - DAG(s) dict_keys(['example_task_group']) retrieved from /home/airflow/.local/lib/python3.7/site-packages/airflow/example_dags/example_task_group.py
[2023-05-06T21:06:18.698+0000] {logging_mixin.py:149} INFO - [2023-05-06T21:06:18.698+0000] {dag.py:2726} INFO - Sync 1 DAGs
[2023-05-06T21:06:18.740+0000] {logging_mixin.py:149} INFO - [2023-05-06T21:06:18.740+0000] {dag.py:3490} INFO - Setting next_dagrun for example_task_group to 2023-05-05T21:06:18.739842+00:00, run_after=2023-05-06T21:06:18.739842+00:00
[2023-05-06T21:06:18.782+0000] {processor.py:178} INFO - Processing /home/airflow/.local/lib/python3.7/site-packages/airflow/example_dags/example_task_group.py took 0.130 seconds
[2023-05-06T21:06:49.608+0000] {processor.py:156} INFO - Started process (PID=5577) to work on /home/airflow/.local/lib/python3.7/site-packages/airflow/example_dags/example_task_group.py
[2023-05-06T21:06:49.610+0000] {processor.py:799} INFO - Processing file /home/airflow/.local/lib/python3.7/site-packages/airflow/example_dags/example_task_group.py for tasks to queue
[2023-05-06T21:06:49.612+0000] {logging_mixin.py:149} INFO - [2023-05-06T21:06:49.611+0000] {dagbag.py:541} INFO - Filling up the DagBag from /home/airflow/.local/lib/python3.7/site-packages/airflow/example_dags/example_task_group.py
[2023-05-06T21:06:49.623+0000] {processor.py:809} INFO - DAG(s) dict_keys(['example_task_group']) retrieved from /home/airflow/.local/lib/python3.7/site-packages/airflow/example_dags/example_task_group.py
[2023-05-06T21:06:49.666+0000] {logging_mixin.py:149} INFO - [2023-05-06T21:06:49.666+0000] {dag.py:2726} INFO - Sync 1 DAGs
[2023-05-06T21:06:49.711+0000] {logging_mixin.py:149} INFO - [2023-05-06T21:06:49.710+0000] {dag.py:3490} INFO - Setting next_dagrun for example_task_group to 2023-05-05T21:06:49.710569+00:00, run_after=2023-05-06T21:06:49.710569+00:00
[2023-05-06T21:06:49.749+0000] {processor.py:178} INFO - Processing /home/airflow/.local/lib/python3.7/site-packages/airflow/example_dags/example_task_group.py took 0.145 seconds
[2023-05-06T21:07:20.020+0000] {processor.py:156} INFO - Started process (PID=5815) to work on /home/airflow/.local/lib/python3.7/site-packages/airflow/example_dags/example_task_group.py
[2023-05-06T21:07:20.022+0000] {processor.py:799} INFO - Processing file /home/airflow/.local/lib/python3.7/site-packages/airflow/example_dags/example_task_group.py for tasks to queue
[2023-05-06T21:07:20.024+0000] {logging_mixin.py:149} INFO - [2023-05-06T21:07:20.023+0000] {dagbag.py:541} INFO - Filling up the DagBag from /home/airflow/.local/lib/python3.7/site-packages/airflow/example_dags/example_task_group.py
[2023-05-06T21:07:20.035+0000] {processor.py:809} INFO - DAG(s) dict_keys(['example_task_group']) retrieved from /home/airflow/.local/lib/python3.7/site-packages/airflow/example_dags/example_task_group.py
[2023-05-06T21:07:20.075+0000] {logging_mixin.py:149} INFO - [2023-05-06T21:07:20.074+0000] {dag.py:2726} INFO - Sync 1 DAGs
[2023-05-06T21:07:20.115+0000] {logging_mixin.py:149} INFO - [2023-05-06T21:07:20.115+0000] {dag.py:3490} INFO - Setting next_dagrun for example_task_group to 2023-05-05T21:07:20.115146+00:00, run_after=2023-05-06T21:07:20.115146+00:00
[2023-05-06T21:07:20.147+0000] {processor.py:178} INFO - Processing /home/airflow/.local/lib/python3.7/site-packages/airflow/example_dags/example_task_group.py took 0.132 seconds
