[2023-05-06T20:55:28.345+0000] {processor.py:156} INFO - Started process (PID=187) to work on /home/airflow/.local/lib/python3.7/site-packages/airflow/example_dags/example_time_delta_sensor_async.py
[2023-05-06T20:55:28.347+0000] {processor.py:799} INFO - Processing file /home/airflow/.local/lib/python3.7/site-packages/airflow/example_dags/example_time_delta_sensor_async.py for tasks to queue
[2023-05-06T20:55:28.349+0000] {logging_mixin.py:149} INFO - [2023-05-06T20:55:28.349+0000] {dagbag.py:541} INFO - Filling up the DagBag from /home/airflow/.local/lib/python3.7/site-packages/airflow/example_dags/example_time_delta_sensor_async.py
[2023-05-06T20:55:28.357+0000] {processor.py:809} INFO - DAG(s) dict_keys(['example_time_delta_sensor_async']) retrieved from /home/airflow/.local/lib/python3.7/site-packages/airflow/example_dags/example_time_delta_sensor_async.py
[2023-05-06T20:55:28.375+0000] {logging_mixin.py:149} INFO - [2023-05-06T20:55:28.374+0000] {dag.py:2726} INFO - Sync 1 DAGs
[2023-05-06T20:55:28.417+0000] {logging_mixin.py:149} INFO - [2023-05-06T20:55:28.417+0000] {dag.py:3490} INFO - Setting next_dagrun for example_time_delta_sensor_async to None, run_after=None
[2023-05-06T20:55:28.452+0000] {processor.py:178} INFO - Processing /home/airflow/.local/lib/python3.7/site-packages/airflow/example_dags/example_time_delta_sensor_async.py took 0.111 seconds
[2023-05-06T20:55:59.413+0000] {processor.py:156} INFO - Started process (PID=425) to work on /home/airflow/.local/lib/python3.7/site-packages/airflow/example_dags/example_time_delta_sensor_async.py
[2023-05-06T20:55:59.415+0000] {processor.py:799} INFO - Processing file /home/airflow/.local/lib/python3.7/site-packages/airflow/example_dags/example_time_delta_sensor_async.py for tasks to queue
[2023-05-06T20:55:59.416+0000] {logging_mixin.py:149} INFO - [2023-05-06T20:55:59.416+0000] {dagbag.py:541} INFO - Filling up the DagBag from /home/airflow/.local/lib/python3.7/site-packages/airflow/example_dags/example_time_delta_sensor_async.py
[2023-05-06T20:55:59.422+0000] {processor.py:809} INFO - DAG(s) dict_keys(['example_time_delta_sensor_async']) retrieved from /home/airflow/.local/lib/python3.7/site-packages/airflow/example_dags/example_time_delta_sensor_async.py
[2023-05-06T20:55:59.456+0000] {logging_mixin.py:149} INFO - [2023-05-06T20:55:59.456+0000] {dag.py:2726} INFO - Sync 1 DAGs
[2023-05-06T20:55:59.493+0000] {logging_mixin.py:149} INFO - [2023-05-06T20:55:59.493+0000] {dag.py:3490} INFO - Setting next_dagrun for example_time_delta_sensor_async to None, run_after=None
[2023-05-06T20:55:59.691+0000] {processor.py:178} INFO - Processing /home/airflow/.local/lib/python3.7/site-packages/airflow/example_dags/example_time_delta_sensor_async.py took 0.282 seconds
[2023-05-06T20:56:30.385+0000] {processor.py:156} INFO - Started process (PID=663) to work on /home/airflow/.local/lib/python3.7/site-packages/airflow/example_dags/example_time_delta_sensor_async.py
[2023-05-06T20:56:30.388+0000] {processor.py:799} INFO - Processing file /home/airflow/.local/lib/python3.7/site-packages/airflow/example_dags/example_time_delta_sensor_async.py for tasks to queue
[2023-05-06T20:56:30.390+0000] {logging_mixin.py:149} INFO - [2023-05-06T20:56:30.390+0000] {dagbag.py:541} INFO - Filling up the DagBag from /home/airflow/.local/lib/python3.7/site-packages/airflow/example_dags/example_time_delta_sensor_async.py
[2023-05-06T20:56:30.396+0000] {processor.py:809} INFO - DAG(s) dict_keys(['example_time_delta_sensor_async']) retrieved from /home/airflow/.local/lib/python3.7/site-packages/airflow/example_dags/example_time_delta_sensor_async.py
[2023-05-06T20:56:30.602+0000] {logging_mixin.py:149} INFO - [2023-05-06T20:56:30.601+0000] {dag.py:2726} INFO - Sync 1 DAGs
[2023-05-06T20:56:30.635+0000] {logging_mixin.py:149} INFO - [2023-05-06T20:56:30.635+0000] {dag.py:3490} INFO - Setting next_dagrun for example_time_delta_sensor_async to None, run_after=None
[2023-05-06T20:56:30.661+0000] {processor.py:178} INFO - Processing /home/airflow/.local/lib/python3.7/site-packages/airflow/example_dags/example_time_delta_sensor_async.py took 0.280 seconds
[2023-05-06T20:57:01.654+0000] {processor.py:156} INFO - Started process (PID=901) to work on /home/airflow/.local/lib/python3.7/site-packages/airflow/example_dags/example_time_delta_sensor_async.py
[2023-05-06T20:57:01.656+0000] {processor.py:799} INFO - Processing file /home/airflow/.local/lib/python3.7/site-packages/airflow/example_dags/example_time_delta_sensor_async.py for tasks to queue
[2023-05-06T20:57:01.657+0000] {logging_mixin.py:149} INFO - [2023-05-06T20:57:01.657+0000] {dagbag.py:541} INFO - Filling up the DagBag from /home/airflow/.local/lib/python3.7/site-packages/airflow/example_dags/example_time_delta_sensor_async.py
[2023-05-06T20:57:01.664+0000] {processor.py:809} INFO - DAG(s) dict_keys(['example_time_delta_sensor_async']) retrieved from /home/airflow/.local/lib/python3.7/site-packages/airflow/example_dags/example_time_delta_sensor_async.py
[2023-05-06T20:57:01.697+0000] {logging_mixin.py:149} INFO - [2023-05-06T20:57:01.697+0000] {dag.py:2726} INFO - Sync 1 DAGs
[2023-05-06T20:57:01.738+0000] {logging_mixin.py:149} INFO - [2023-05-06T20:57:01.737+0000] {dag.py:3490} INFO - Setting next_dagrun for example_time_delta_sensor_async to None, run_after=None
[2023-05-06T20:57:01.768+0000] {processor.py:178} INFO - Processing /home/airflow/.local/lib/python3.7/site-packages/airflow/example_dags/example_time_delta_sensor_async.py took 0.118 seconds
[2023-05-06T20:57:32.217+0000] {processor.py:156} INFO - Started process (PID=1139) to work on /home/airflow/.local/lib/python3.7/site-packages/airflow/example_dags/example_time_delta_sensor_async.py
[2023-05-06T20:57:32.219+0000] {processor.py:799} INFO - Processing file /home/airflow/.local/lib/python3.7/site-packages/airflow/example_dags/example_time_delta_sensor_async.py for tasks to queue
[2023-05-06T20:57:32.221+0000] {logging_mixin.py:149} INFO - [2023-05-06T20:57:32.220+0000] {dagbag.py:541} INFO - Filling up the DagBag from /home/airflow/.local/lib/python3.7/site-packages/airflow/example_dags/example_time_delta_sensor_async.py
[2023-05-06T20:57:32.228+0000] {processor.py:809} INFO - DAG(s) dict_keys(['example_time_delta_sensor_async']) retrieved from /home/airflow/.local/lib/python3.7/site-packages/airflow/example_dags/example_time_delta_sensor_async.py
[2023-05-06T20:57:32.246+0000] {logging_mixin.py:149} INFO - [2023-05-06T20:57:32.245+0000] {dag.py:2726} INFO - Sync 1 DAGs
[2023-05-06T20:57:32.284+0000] {logging_mixin.py:149} INFO - [2023-05-06T20:57:32.284+0000] {dag.py:3490} INFO - Setting next_dagrun for example_time_delta_sensor_async to None, run_after=None
[2023-05-06T20:57:32.313+0000] {processor.py:178} INFO - Processing /home/airflow/.local/lib/python3.7/site-packages/airflow/example_dags/example_time_delta_sensor_async.py took 0.101 seconds
[2023-05-06T20:58:02.543+0000] {processor.py:156} INFO - Started process (PID=1377) to work on /home/airflow/.local/lib/python3.7/site-packages/airflow/example_dags/example_time_delta_sensor_async.py
[2023-05-06T20:58:02.567+0000] {processor.py:799} INFO - Processing file /home/airflow/.local/lib/python3.7/site-packages/airflow/example_dags/example_time_delta_sensor_async.py for tasks to queue
[2023-05-06T20:58:02.569+0000] {logging_mixin.py:149} INFO - [2023-05-06T20:58:02.569+0000] {dagbag.py:541} INFO - Filling up the DagBag from /home/airflow/.local/lib/python3.7/site-packages/airflow/example_dags/example_time_delta_sensor_async.py
[2023-05-06T20:58:02.615+0000] {processor.py:809} INFO - DAG(s) dict_keys(['example_time_delta_sensor_async']) retrieved from /home/airflow/.local/lib/python3.7/site-packages/airflow/example_dags/example_time_delta_sensor_async.py
[2023-05-06T20:58:02.649+0000] {logging_mixin.py:149} INFO - [2023-05-06T20:58:02.649+0000] {dag.py:2726} INFO - Sync 1 DAGs
[2023-05-06T20:58:02.690+0000] {logging_mixin.py:149} INFO - [2023-05-06T20:58:02.690+0000] {dag.py:3490} INFO - Setting next_dagrun for example_time_delta_sensor_async to None, run_after=None
[2023-05-06T20:58:02.867+0000] {processor.py:178} INFO - Processing /home/airflow/.local/lib/python3.7/site-packages/airflow/example_dags/example_time_delta_sensor_async.py took 0.328 seconds
[2023-05-06T20:58:32.991+0000] {processor.py:156} INFO - Started process (PID=1616) to work on /home/airflow/.local/lib/python3.7/site-packages/airflow/example_dags/example_time_delta_sensor_async.py
[2023-05-06T20:58:32.993+0000] {processor.py:799} INFO - Processing file /home/airflow/.local/lib/python3.7/site-packages/airflow/example_dags/example_time_delta_sensor_async.py for tasks to queue
[2023-05-06T20:58:32.994+0000] {logging_mixin.py:149} INFO - [2023-05-06T20:58:32.994+0000] {dagbag.py:541} INFO - Filling up the DagBag from /home/airflow/.local/lib/python3.7/site-packages/airflow/example_dags/example_time_delta_sensor_async.py
[2023-05-06T20:58:33.001+0000] {processor.py:809} INFO - DAG(s) dict_keys(['example_time_delta_sensor_async']) retrieved from /home/airflow/.local/lib/python3.7/site-packages/airflow/example_dags/example_time_delta_sensor_async.py
[2023-05-06T20:58:33.034+0000] {logging_mixin.py:149} INFO - [2023-05-06T20:58:33.034+0000] {dag.py:2726} INFO - Sync 1 DAGs
[2023-05-06T20:58:33.071+0000] {logging_mixin.py:149} INFO - [2023-05-06T20:58:33.070+0000] {dag.py:3490} INFO - Setting next_dagrun for example_time_delta_sensor_async to None, run_after=None
[2023-05-06T20:58:33.109+0000] {processor.py:178} INFO - Processing /home/airflow/.local/lib/python3.7/site-packages/airflow/example_dags/example_time_delta_sensor_async.py took 0.122 seconds
[2023-05-06T20:59:03.179+0000] {processor.py:156} INFO - Started process (PID=1851) to work on /home/airflow/.local/lib/python3.7/site-packages/airflow/example_dags/example_time_delta_sensor_async.py
[2023-05-06T20:59:03.182+0000] {processor.py:799} INFO - Processing file /home/airflow/.local/lib/python3.7/site-packages/airflow/example_dags/example_time_delta_sensor_async.py for tasks to queue
[2023-05-06T20:59:03.184+0000] {logging_mixin.py:149} INFO - [2023-05-06T20:59:03.184+0000] {dagbag.py:541} INFO - Filling up the DagBag from /home/airflow/.local/lib/python3.7/site-packages/airflow/example_dags/example_time_delta_sensor_async.py
[2023-05-06T20:59:03.189+0000] {processor.py:809} INFO - DAG(s) dict_keys(['example_time_delta_sensor_async']) retrieved from /home/airflow/.local/lib/python3.7/site-packages/airflow/example_dags/example_time_delta_sensor_async.py
[2023-05-06T20:59:03.223+0000] {logging_mixin.py:149} INFO - [2023-05-06T20:59:03.223+0000] {dag.py:2726} INFO - Sync 1 DAGs
[2023-05-06T20:59:03.260+0000] {logging_mixin.py:149} INFO - [2023-05-06T20:59:03.259+0000] {dag.py:3490} INFO - Setting next_dagrun for example_time_delta_sensor_async to None, run_after=None
[2023-05-06T20:59:03.293+0000] {processor.py:178} INFO - Processing /home/airflow/.local/lib/python3.7/site-packages/airflow/example_dags/example_time_delta_sensor_async.py took 0.119 seconds
[2023-05-06T20:59:34.279+0000] {processor.py:156} INFO - Started process (PID=2092) to work on /home/airflow/.local/lib/python3.7/site-packages/airflow/example_dags/example_time_delta_sensor_async.py
[2023-05-06T20:59:34.282+0000] {processor.py:799} INFO - Processing file /home/airflow/.local/lib/python3.7/site-packages/airflow/example_dags/example_time_delta_sensor_async.py for tasks to queue
[2023-05-06T20:59:34.284+0000] {logging_mixin.py:149} INFO - [2023-05-06T20:59:34.284+0000] {dagbag.py:541} INFO - Filling up the DagBag from /home/airflow/.local/lib/python3.7/site-packages/airflow/example_dags/example_time_delta_sensor_async.py
[2023-05-06T20:59:34.303+0000] {processor.py:809} INFO - DAG(s) dict_keys(['example_time_delta_sensor_async']) retrieved from /home/airflow/.local/lib/python3.7/site-packages/airflow/example_dags/example_time_delta_sensor_async.py
[2023-05-06T20:59:34.388+0000] {logging_mixin.py:149} INFO - [2023-05-06T20:59:34.388+0000] {dag.py:2726} INFO - Sync 1 DAGs
[2023-05-06T20:59:34.442+0000] {logging_mixin.py:149} INFO - [2023-05-06T20:59:34.442+0000] {dag.py:3490} INFO - Setting next_dagrun for example_time_delta_sensor_async to None, run_after=None
[2023-05-06T20:59:34.484+0000] {processor.py:178} INFO - Processing /home/airflow/.local/lib/python3.7/site-packages/airflow/example_dags/example_time_delta_sensor_async.py took 0.209 seconds
[2023-05-06T21:00:04.651+0000] {processor.py:156} INFO - Started process (PID=2330) to work on /home/airflow/.local/lib/python3.7/site-packages/airflow/example_dags/example_time_delta_sensor_async.py
[2023-05-06T21:00:04.653+0000] {processor.py:799} INFO - Processing file /home/airflow/.local/lib/python3.7/site-packages/airflow/example_dags/example_time_delta_sensor_async.py for tasks to queue
[2023-05-06T21:00:04.655+0000] {logging_mixin.py:149} INFO - [2023-05-06T21:00:04.654+0000] {dagbag.py:541} INFO - Filling up the DagBag from /home/airflow/.local/lib/python3.7/site-packages/airflow/example_dags/example_time_delta_sensor_async.py
[2023-05-06T21:00:04.661+0000] {processor.py:809} INFO - DAG(s) dict_keys(['example_time_delta_sensor_async']) retrieved from /home/airflow/.local/lib/python3.7/site-packages/airflow/example_dags/example_time_delta_sensor_async.py
[2023-05-06T21:00:04.680+0000] {logging_mixin.py:149} INFO - [2023-05-06T21:00:04.680+0000] {dag.py:2726} INFO - Sync 1 DAGs
[2023-05-06T21:00:04.722+0000] {logging_mixin.py:149} INFO - [2023-05-06T21:00:04.722+0000] {dag.py:3490} INFO - Setting next_dagrun for example_time_delta_sensor_async to None, run_after=None
[2023-05-06T21:00:04.755+0000] {processor.py:178} INFO - Processing /home/airflow/.local/lib/python3.7/site-packages/airflow/example_dags/example_time_delta_sensor_async.py took 0.108 seconds
[2023-05-06T21:00:35.024+0000] {processor.py:156} INFO - Started process (PID=2568) to work on /home/airflow/.local/lib/python3.7/site-packages/airflow/example_dags/example_time_delta_sensor_async.py
[2023-05-06T21:00:35.026+0000] {processor.py:799} INFO - Processing file /home/airflow/.local/lib/python3.7/site-packages/airflow/example_dags/example_time_delta_sensor_async.py for tasks to queue
[2023-05-06T21:00:35.027+0000] {logging_mixin.py:149} INFO - [2023-05-06T21:00:35.027+0000] {dagbag.py:541} INFO - Filling up the DagBag from /home/airflow/.local/lib/python3.7/site-packages/airflow/example_dags/example_time_delta_sensor_async.py
[2023-05-06T21:00:35.033+0000] {processor.py:809} INFO - DAG(s) dict_keys(['example_time_delta_sensor_async']) retrieved from /home/airflow/.local/lib/python3.7/site-packages/airflow/example_dags/example_time_delta_sensor_async.py
[2023-05-06T21:00:35.063+0000] {logging_mixin.py:149} INFO - [2023-05-06T21:00:35.063+0000] {dag.py:2726} INFO - Sync 1 DAGs
[2023-05-06T21:00:35.097+0000] {logging_mixin.py:149} INFO - [2023-05-06T21:00:35.097+0000] {dag.py:3490} INFO - Setting next_dagrun for example_time_delta_sensor_async to None, run_after=None
[2023-05-06T21:00:35.126+0000] {processor.py:178} INFO - Processing /home/airflow/.local/lib/python3.7/site-packages/airflow/example_dags/example_time_delta_sensor_async.py took 0.107 seconds
[2023-05-06T21:01:05.513+0000] {processor.py:156} INFO - Started process (PID=2806) to work on /home/airflow/.local/lib/python3.7/site-packages/airflow/example_dags/example_time_delta_sensor_async.py
[2023-05-06T21:01:05.514+0000] {processor.py:799} INFO - Processing file /home/airflow/.local/lib/python3.7/site-packages/airflow/example_dags/example_time_delta_sensor_async.py for tasks to queue
[2023-05-06T21:01:05.516+0000] {logging_mixin.py:149} INFO - [2023-05-06T21:01:05.516+0000] {dagbag.py:541} INFO - Filling up the DagBag from /home/airflow/.local/lib/python3.7/site-packages/airflow/example_dags/example_time_delta_sensor_async.py
[2023-05-06T21:01:05.522+0000] {processor.py:809} INFO - DAG(s) dict_keys(['example_time_delta_sensor_async']) retrieved from /home/airflow/.local/lib/python3.7/site-packages/airflow/example_dags/example_time_delta_sensor_async.py
[2023-05-06T21:01:05.553+0000] {logging_mixin.py:149} INFO - [2023-05-06T21:01:05.553+0000] {dag.py:2726} INFO - Sync 1 DAGs
[2023-05-06T21:01:05.587+0000] {logging_mixin.py:149} INFO - [2023-05-06T21:01:05.587+0000] {dag.py:3490} INFO - Setting next_dagrun for example_time_delta_sensor_async to None, run_after=None
[2023-05-06T21:01:05.613+0000] {processor.py:178} INFO - Processing /home/airflow/.local/lib/python3.7/site-packages/airflow/example_dags/example_time_delta_sensor_async.py took 0.104 seconds
[2023-05-06T21:01:36.336+0000] {processor.py:156} INFO - Started process (PID=3044) to work on /home/airflow/.local/lib/python3.7/site-packages/airflow/example_dags/example_time_delta_sensor_async.py
[2023-05-06T21:01:36.338+0000] {processor.py:799} INFO - Processing file /home/airflow/.local/lib/python3.7/site-packages/airflow/example_dags/example_time_delta_sensor_async.py for tasks to queue
[2023-05-06T21:01:36.340+0000] {logging_mixin.py:149} INFO - [2023-05-06T21:01:36.340+0000] {dagbag.py:541} INFO - Filling up the DagBag from /home/airflow/.local/lib/python3.7/site-packages/airflow/example_dags/example_time_delta_sensor_async.py
[2023-05-06T21:01:36.345+0000] {processor.py:809} INFO - DAG(s) dict_keys(['example_time_delta_sensor_async']) retrieved from /home/airflow/.local/lib/python3.7/site-packages/airflow/example_dags/example_time_delta_sensor_async.py
[2023-05-06T21:01:36.379+0000] {logging_mixin.py:149} INFO - [2023-05-06T21:01:36.378+0000] {dag.py:2726} INFO - Sync 1 DAGs
[2023-05-06T21:01:36.420+0000] {logging_mixin.py:149} INFO - [2023-05-06T21:01:36.420+0000] {dag.py:3490} INFO - Setting next_dagrun for example_time_delta_sensor_async to None, run_after=None
[2023-05-06T21:01:36.460+0000] {processor.py:178} INFO - Processing /home/airflow/.local/lib/python3.7/site-packages/airflow/example_dags/example_time_delta_sensor_async.py took 0.128 seconds
[2023-05-06T21:02:06.836+0000] {processor.py:156} INFO - Started process (PID=3282) to work on /home/airflow/.local/lib/python3.7/site-packages/airflow/example_dags/example_time_delta_sensor_async.py
[2023-05-06T21:02:06.838+0000] {processor.py:799} INFO - Processing file /home/airflow/.local/lib/python3.7/site-packages/airflow/example_dags/example_time_delta_sensor_async.py for tasks to queue
[2023-05-06T21:02:06.839+0000] {logging_mixin.py:149} INFO - [2023-05-06T21:02:06.839+0000] {dagbag.py:541} INFO - Filling up the DagBag from /home/airflow/.local/lib/python3.7/site-packages/airflow/example_dags/example_time_delta_sensor_async.py
[2023-05-06T21:02:06.846+0000] {processor.py:809} INFO - DAG(s) dict_keys(['example_time_delta_sensor_async']) retrieved from /home/airflow/.local/lib/python3.7/site-packages/airflow/example_dags/example_time_delta_sensor_async.py
[2023-05-06T21:02:06.897+0000] {logging_mixin.py:149} INFO - [2023-05-06T21:02:06.897+0000] {dag.py:2726} INFO - Sync 1 DAGs
[2023-05-06T21:02:06.935+0000] {logging_mixin.py:149} INFO - [2023-05-06T21:02:06.934+0000] {dag.py:3490} INFO - Setting next_dagrun for example_time_delta_sensor_async to None, run_after=None
[2023-05-06T21:02:06.965+0000] {processor.py:178} INFO - Processing /home/airflow/.local/lib/python3.7/site-packages/airflow/example_dags/example_time_delta_sensor_async.py took 0.132 seconds
[2023-05-06T21:02:37.199+0000] {processor.py:156} INFO - Started process (PID=3520) to work on /home/airflow/.local/lib/python3.7/site-packages/airflow/example_dags/example_time_delta_sensor_async.py
[2023-05-06T21:02:37.201+0000] {processor.py:799} INFO - Processing file /home/airflow/.local/lib/python3.7/site-packages/airflow/example_dags/example_time_delta_sensor_async.py for tasks to queue
[2023-05-06T21:02:37.203+0000] {logging_mixin.py:149} INFO - [2023-05-06T21:02:37.203+0000] {dagbag.py:541} INFO - Filling up the DagBag from /home/airflow/.local/lib/python3.7/site-packages/airflow/example_dags/example_time_delta_sensor_async.py
[2023-05-06T21:02:37.211+0000] {processor.py:809} INFO - DAG(s) dict_keys(['example_time_delta_sensor_async']) retrieved from /home/airflow/.local/lib/python3.7/site-packages/airflow/example_dags/example_time_delta_sensor_async.py
[2023-05-06T21:02:37.248+0000] {logging_mixin.py:149} INFO - [2023-05-06T21:02:37.247+0000] {dag.py:2726} INFO - Sync 1 DAGs
[2023-05-06T21:02:37.281+0000] {logging_mixin.py:149} INFO - [2023-05-06T21:02:37.281+0000] {dag.py:3490} INFO - Setting next_dagrun for example_time_delta_sensor_async to None, run_after=None
[2023-05-06T21:02:37.312+0000] {processor.py:178} INFO - Processing /home/airflow/.local/lib/python3.7/site-packages/airflow/example_dags/example_time_delta_sensor_async.py took 0.117 seconds
[2023-05-06T21:03:07.493+0000] {processor.py:156} INFO - Started process (PID=3758) to work on /home/airflow/.local/lib/python3.7/site-packages/airflow/example_dags/example_time_delta_sensor_async.py
[2023-05-06T21:03:07.495+0000] {processor.py:799} INFO - Processing file /home/airflow/.local/lib/python3.7/site-packages/airflow/example_dags/example_time_delta_sensor_async.py for tasks to queue
[2023-05-06T21:03:07.496+0000] {logging_mixin.py:149} INFO - [2023-05-06T21:03:07.496+0000] {dagbag.py:541} INFO - Filling up the DagBag from /home/airflow/.local/lib/python3.7/site-packages/airflow/example_dags/example_time_delta_sensor_async.py
[2023-05-06T21:03:07.503+0000] {processor.py:809} INFO - DAG(s) dict_keys(['example_time_delta_sensor_async']) retrieved from /home/airflow/.local/lib/python3.7/site-packages/airflow/example_dags/example_time_delta_sensor_async.py
[2023-05-06T21:03:07.536+0000] {logging_mixin.py:149} INFO - [2023-05-06T21:03:07.536+0000] {dag.py:2726} INFO - Sync 1 DAGs
[2023-05-06T21:03:07.576+0000] {logging_mixin.py:149} INFO - [2023-05-06T21:03:07.576+0000] {dag.py:3490} INFO - Setting next_dagrun for example_time_delta_sensor_async to None, run_after=None
[2023-05-06T21:03:07.614+0000] {processor.py:178} INFO - Processing /home/airflow/.local/lib/python3.7/site-packages/airflow/example_dags/example_time_delta_sensor_async.py took 0.127 seconds
[2023-05-06T21:03:38.215+0000] {processor.py:156} INFO - Started process (PID=3996) to work on /home/airflow/.local/lib/python3.7/site-packages/airflow/example_dags/example_time_delta_sensor_async.py
[2023-05-06T21:03:38.219+0000] {processor.py:799} INFO - Processing file /home/airflow/.local/lib/python3.7/site-packages/airflow/example_dags/example_time_delta_sensor_async.py for tasks to queue
[2023-05-06T21:03:38.221+0000] {logging_mixin.py:149} INFO - [2023-05-06T21:03:38.220+0000] {dagbag.py:541} INFO - Filling up the DagBag from /home/airflow/.local/lib/python3.7/site-packages/airflow/example_dags/example_time_delta_sensor_async.py
[2023-05-06T21:03:38.227+0000] {processor.py:809} INFO - DAG(s) dict_keys(['example_time_delta_sensor_async']) retrieved from /home/airflow/.local/lib/python3.7/site-packages/airflow/example_dags/example_time_delta_sensor_async.py
[2023-05-06T21:03:38.264+0000] {logging_mixin.py:149} INFO - [2023-05-06T21:03:38.264+0000] {dag.py:2726} INFO - Sync 1 DAGs
[2023-05-06T21:03:38.331+0000] {logging_mixin.py:149} INFO - [2023-05-06T21:03:38.330+0000] {dag.py:3490} INFO - Setting next_dagrun for example_time_delta_sensor_async to None, run_after=None
[2023-05-06T21:03:38.360+0000] {processor.py:178} INFO - Processing /home/airflow/.local/lib/python3.7/site-packages/airflow/example_dags/example_time_delta_sensor_async.py took 0.150 seconds
[2023-05-06T21:04:08.946+0000] {processor.py:156} INFO - Started process (PID=4234) to work on /home/airflow/.local/lib/python3.7/site-packages/airflow/example_dags/example_time_delta_sensor_async.py
[2023-05-06T21:04:08.948+0000] {processor.py:799} INFO - Processing file /home/airflow/.local/lib/python3.7/site-packages/airflow/example_dags/example_time_delta_sensor_async.py for tasks to queue
[2023-05-06T21:04:08.949+0000] {logging_mixin.py:149} INFO - [2023-05-06T21:04:08.949+0000] {dagbag.py:541} INFO - Filling up the DagBag from /home/airflow/.local/lib/python3.7/site-packages/airflow/example_dags/example_time_delta_sensor_async.py
[2023-05-06T21:04:08.956+0000] {processor.py:809} INFO - DAG(s) dict_keys(['example_time_delta_sensor_async']) retrieved from /home/airflow/.local/lib/python3.7/site-packages/airflow/example_dags/example_time_delta_sensor_async.py
[2023-05-06T21:04:08.991+0000] {logging_mixin.py:149} INFO - [2023-05-06T21:04:08.990+0000] {dag.py:2726} INFO - Sync 1 DAGs
[2023-05-06T21:04:09.029+0000] {logging_mixin.py:149} INFO - [2023-05-06T21:04:09.029+0000] {dag.py:3490} INFO - Setting next_dagrun for example_time_delta_sensor_async to None, run_after=None
[2023-05-06T21:04:09.059+0000] {processor.py:178} INFO - Processing /home/airflow/.local/lib/python3.7/site-packages/airflow/example_dags/example_time_delta_sensor_async.py took 0.118 seconds
[2023-05-06T21:04:39.783+0000] {processor.py:156} INFO - Started process (PID=4472) to work on /home/airflow/.local/lib/python3.7/site-packages/airflow/example_dags/example_time_delta_sensor_async.py
[2023-05-06T21:04:39.784+0000] {processor.py:799} INFO - Processing file /home/airflow/.local/lib/python3.7/site-packages/airflow/example_dags/example_time_delta_sensor_async.py for tasks to queue
[2023-05-06T21:04:39.786+0000] {logging_mixin.py:149} INFO - [2023-05-06T21:04:39.786+0000] {dagbag.py:541} INFO - Filling up the DagBag from /home/airflow/.local/lib/python3.7/site-packages/airflow/example_dags/example_time_delta_sensor_async.py
[2023-05-06T21:04:39.793+0000] {processor.py:809} INFO - DAG(s) dict_keys(['example_time_delta_sensor_async']) retrieved from /home/airflow/.local/lib/python3.7/site-packages/airflow/example_dags/example_time_delta_sensor_async.py
[2023-05-06T21:04:39.827+0000] {logging_mixin.py:149} INFO - [2023-05-06T21:04:39.826+0000] {dag.py:2726} INFO - Sync 1 DAGs
[2023-05-06T21:04:39.865+0000] {logging_mixin.py:149} INFO - [2023-05-06T21:04:39.865+0000] {dag.py:3490} INFO - Setting next_dagrun for example_time_delta_sensor_async to None, run_after=None
[2023-05-06T21:04:39.895+0000] {processor.py:178} INFO - Processing /home/airflow/.local/lib/python3.7/site-packages/airflow/example_dags/example_time_delta_sensor_async.py took 0.115 seconds
[2023-05-06T21:05:10.539+0000] {processor.py:156} INFO - Started process (PID=4710) to work on /home/airflow/.local/lib/python3.7/site-packages/airflow/example_dags/example_time_delta_sensor_async.py
[2023-05-06T21:05:10.542+0000] {processor.py:799} INFO - Processing file /home/airflow/.local/lib/python3.7/site-packages/airflow/example_dags/example_time_delta_sensor_async.py for tasks to queue
[2023-05-06T21:05:10.543+0000] {logging_mixin.py:149} INFO - [2023-05-06T21:05:10.543+0000] {dagbag.py:541} INFO - Filling up the DagBag from /home/airflow/.local/lib/python3.7/site-packages/airflow/example_dags/example_time_delta_sensor_async.py
[2023-05-06T21:05:10.549+0000] {processor.py:809} INFO - DAG(s) dict_keys(['example_time_delta_sensor_async']) retrieved from /home/airflow/.local/lib/python3.7/site-packages/airflow/example_dags/example_time_delta_sensor_async.py
[2023-05-06T21:05:10.579+0000] {logging_mixin.py:149} INFO - [2023-05-06T21:05:10.579+0000] {dag.py:2726} INFO - Sync 1 DAGs
[2023-05-06T21:05:10.613+0000] {logging_mixin.py:149} INFO - [2023-05-06T21:05:10.612+0000] {dag.py:3490} INFO - Setting next_dagrun for example_time_delta_sensor_async to None, run_after=None
[2023-05-06T21:05:10.642+0000] {processor.py:178} INFO - Processing /home/airflow/.local/lib/python3.7/site-packages/airflow/example_dags/example_time_delta_sensor_async.py took 0.107 seconds
[2023-05-06T21:05:40.933+0000] {processor.py:156} INFO - Started process (PID=4948) to work on /home/airflow/.local/lib/python3.7/site-packages/airflow/example_dags/example_time_delta_sensor_async.py
[2023-05-06T21:05:40.935+0000] {processor.py:799} INFO - Processing file /home/airflow/.local/lib/python3.7/site-packages/airflow/example_dags/example_time_delta_sensor_async.py for tasks to queue
[2023-05-06T21:05:40.936+0000] {logging_mixin.py:149} INFO - [2023-05-06T21:05:40.936+0000] {dagbag.py:541} INFO - Filling up the DagBag from /home/airflow/.local/lib/python3.7/site-packages/airflow/example_dags/example_time_delta_sensor_async.py
[2023-05-06T21:05:40.941+0000] {processor.py:809} INFO - DAG(s) dict_keys(['example_time_delta_sensor_async']) retrieved from /home/airflow/.local/lib/python3.7/site-packages/airflow/example_dags/example_time_delta_sensor_async.py
[2023-05-06T21:05:40.974+0000] {logging_mixin.py:149} INFO - [2023-05-06T21:05:40.974+0000] {dag.py:2726} INFO - Sync 1 DAGs
[2023-05-06T21:05:41.009+0000] {logging_mixin.py:149} INFO - [2023-05-06T21:05:41.008+0000] {dag.py:3490} INFO - Setting next_dagrun for example_time_delta_sensor_async to None, run_after=None
[2023-05-06T21:05:41.039+0000] {processor.py:178} INFO - Processing /home/airflow/.local/lib/python3.7/site-packages/airflow/example_dags/example_time_delta_sensor_async.py took 0.111 seconds
[2023-05-06T21:06:11.235+0000] {processor.py:156} INFO - Started process (PID=5186) to work on /home/airflow/.local/lib/python3.7/site-packages/airflow/example_dags/example_time_delta_sensor_async.py
[2023-05-06T21:06:11.236+0000] {processor.py:799} INFO - Processing file /home/airflow/.local/lib/python3.7/site-packages/airflow/example_dags/example_time_delta_sensor_async.py for tasks to queue
[2023-05-06T21:06:11.238+0000] {logging_mixin.py:149} INFO - [2023-05-06T21:06:11.238+0000] {dagbag.py:541} INFO - Filling up the DagBag from /home/airflow/.local/lib/python3.7/site-packages/airflow/example_dags/example_time_delta_sensor_async.py
[2023-05-06T21:06:11.244+0000] {processor.py:809} INFO - DAG(s) dict_keys(['example_time_delta_sensor_async']) retrieved from /home/airflow/.local/lib/python3.7/site-packages/airflow/example_dags/example_time_delta_sensor_async.py
[2023-05-06T21:06:11.290+0000] {logging_mixin.py:149} INFO - [2023-05-06T21:06:11.290+0000] {dag.py:2726} INFO - Sync 1 DAGs
[2023-05-06T21:06:11.330+0000] {logging_mixin.py:149} INFO - [2023-05-06T21:06:11.330+0000] {dag.py:3490} INFO - Setting next_dagrun for example_time_delta_sensor_async to None, run_after=None
[2023-05-06T21:06:11.364+0000] {processor.py:178} INFO - Processing /home/airflow/.local/lib/python3.7/site-packages/airflow/example_dags/example_time_delta_sensor_async.py took 0.134 seconds
[2023-05-06T21:06:42.067+0000] {processor.py:156} INFO - Started process (PID=5425) to work on /home/airflow/.local/lib/python3.7/site-packages/airflow/example_dags/example_time_delta_sensor_async.py
[2023-05-06T21:06:42.069+0000] {processor.py:799} INFO - Processing file /home/airflow/.local/lib/python3.7/site-packages/airflow/example_dags/example_time_delta_sensor_async.py for tasks to queue
[2023-05-06T21:06:42.070+0000] {logging_mixin.py:149} INFO - [2023-05-06T21:06:42.070+0000] {dagbag.py:541} INFO - Filling up the DagBag from /home/airflow/.local/lib/python3.7/site-packages/airflow/example_dags/example_time_delta_sensor_async.py
[2023-05-06T21:06:42.075+0000] {processor.py:809} INFO - DAG(s) dict_keys(['example_time_delta_sensor_async']) retrieved from /home/airflow/.local/lib/python3.7/site-packages/airflow/example_dags/example_time_delta_sensor_async.py
[2023-05-06T21:06:42.097+0000] {logging_mixin.py:149} INFO - [2023-05-06T21:06:42.096+0000] {dag.py:2726} INFO - Sync 1 DAGs
[2023-05-06T21:06:42.140+0000] {logging_mixin.py:149} INFO - [2023-05-06T21:06:42.140+0000] {dag.py:3490} INFO - Setting next_dagrun for example_time_delta_sensor_async to None, run_after=None
[2023-05-06T21:06:42.172+0000] {processor.py:178} INFO - Processing /home/airflow/.local/lib/python3.7/site-packages/airflow/example_dags/example_time_delta_sensor_async.py took 0.110 seconds
[2023-05-06T21:07:12.699+0000] {processor.py:156} INFO - Started process (PID=5665) to work on /home/airflow/.local/lib/python3.7/site-packages/airflow/example_dags/example_time_delta_sensor_async.py
[2023-05-06T21:07:12.701+0000] {processor.py:799} INFO - Processing file /home/airflow/.local/lib/python3.7/site-packages/airflow/example_dags/example_time_delta_sensor_async.py for tasks to queue
[2023-05-06T21:07:12.702+0000] {logging_mixin.py:149} INFO - [2023-05-06T21:07:12.702+0000] {dagbag.py:541} INFO - Filling up the DagBag from /home/airflow/.local/lib/python3.7/site-packages/airflow/example_dags/example_time_delta_sensor_async.py
[2023-05-06T21:07:12.707+0000] {processor.py:809} INFO - DAG(s) dict_keys(['example_time_delta_sensor_async']) retrieved from /home/airflow/.local/lib/python3.7/site-packages/airflow/example_dags/example_time_delta_sensor_async.py
[2023-05-06T21:07:12.744+0000] {logging_mixin.py:149} INFO - [2023-05-06T21:07:12.744+0000] {dag.py:2726} INFO - Sync 1 DAGs
[2023-05-06T21:07:12.785+0000] {logging_mixin.py:149} INFO - [2023-05-06T21:07:12.785+0000] {dag.py:3490} INFO - Setting next_dagrun for example_time_delta_sensor_async to None, run_after=None
[2023-05-06T21:07:12.814+0000] {processor.py:178} INFO - Processing /home/airflow/.local/lib/python3.7/site-packages/airflow/example_dags/example_time_delta_sensor_async.py took 0.120 seconds
