[2023-05-06T20:55:27.804+0000] {processor.py:156} INFO - Started process (PID=167) to work on /home/airflow/.local/lib/python3.7/site-packages/airflow/example_dags/example_branch_python_dop_operator_3.py
[2023-05-06T20:55:27.807+0000] {processor.py:799} INFO - Processing file /home/airflow/.local/lib/python3.7/site-packages/airflow/example_dags/example_branch_python_dop_operator_3.py for tasks to queue
[2023-05-06T20:55:27.808+0000] {logging_mixin.py:149} INFO - [2023-05-06T20:55:27.808+0000] {dagbag.py:541} INFO - Filling up the DagBag from /home/airflow/.local/lib/python3.7/site-packages/airflow/example_dags/example_branch_python_dop_operator_3.py
[2023-05-06T20:55:27.832+0000] {processor.py:809} INFO - DAG(s) dict_keys(['example_branch_dop_operator_v3']) retrieved from /home/airflow/.local/lib/python3.7/site-packages/airflow/example_dags/example_branch_python_dop_operator_3.py
[2023-05-06T20:55:27.879+0000] {logging_mixin.py:149} INFO - [2023-05-06T20:55:27.879+0000] {dag.py:2726} INFO - Sync 1 DAGs
[2023-05-06T20:55:27.971+0000] {logging_mixin.py:149} INFO - [2023-05-06T20:55:27.971+0000] {dag.py:3490} INFO - Setting next_dagrun for example_branch_dop_operator_v3 to 2023-05-06T20:54:00+00:00, run_after=2023-05-06T20:55:00+00:00
[2023-05-06T20:55:28.006+0000] {processor.py:178} INFO - Processing /home/airflow/.local/lib/python3.7/site-packages/airflow/example_dags/example_branch_python_dop_operator_3.py took 0.206 seconds
[2023-05-06T20:55:58.317+0000] {processor.py:156} INFO - Started process (PID=405) to work on /home/airflow/.local/lib/python3.7/site-packages/airflow/example_dags/example_branch_python_dop_operator_3.py
[2023-05-06T20:55:58.320+0000] {processor.py:799} INFO - Processing file /home/airflow/.local/lib/python3.7/site-packages/airflow/example_dags/example_branch_python_dop_operator_3.py for tasks to queue
[2023-05-06T20:55:58.321+0000] {logging_mixin.py:149} INFO - [2023-05-06T20:55:58.321+0000] {dagbag.py:541} INFO - Filling up the DagBag from /home/airflow/.local/lib/python3.7/site-packages/airflow/example_dags/example_branch_python_dop_operator_3.py
[2023-05-06T20:55:58.333+0000] {processor.py:809} INFO - DAG(s) dict_keys(['example_branch_dop_operator_v3']) retrieved from /home/airflow/.local/lib/python3.7/site-packages/airflow/example_dags/example_branch_python_dop_operator_3.py
[2023-05-06T20:55:58.366+0000] {logging_mixin.py:149} INFO - [2023-05-06T20:55:58.366+0000] {dag.py:2726} INFO - Sync 1 DAGs
[2023-05-06T20:55:58.446+0000] {logging_mixin.py:149} INFO - [2023-05-06T20:55:58.446+0000] {dag.py:3490} INFO - Setting next_dagrun for example_branch_dop_operator_v3 to 2023-05-06T20:54:00+00:00, run_after=2023-05-06T20:55:00+00:00
[2023-05-06T20:55:58.808+0000] {processor.py:178} INFO - Processing /home/airflow/.local/lib/python3.7/site-packages/airflow/example_dags/example_branch_python_dop_operator_3.py took 0.495 seconds
[2023-05-06T20:56:29.534+0000] {processor.py:156} INFO - Started process (PID=643) to work on /home/airflow/.local/lib/python3.7/site-packages/airflow/example_dags/example_branch_python_dop_operator_3.py
[2023-05-06T20:56:29.537+0000] {processor.py:799} INFO - Processing file /home/airflow/.local/lib/python3.7/site-packages/airflow/example_dags/example_branch_python_dop_operator_3.py for tasks to queue
[2023-05-06T20:56:29.539+0000] {logging_mixin.py:149} INFO - [2023-05-06T20:56:29.539+0000] {dagbag.py:541} INFO - Filling up the DagBag from /home/airflow/.local/lib/python3.7/site-packages/airflow/example_dags/example_branch_python_dop_operator_3.py
[2023-05-06T20:56:29.551+0000] {processor.py:809} INFO - DAG(s) dict_keys(['example_branch_dop_operator_v3']) retrieved from /home/airflow/.local/lib/python3.7/site-packages/airflow/example_dags/example_branch_python_dop_operator_3.py
[2023-05-06T20:56:29.772+0000] {logging_mixin.py:149} INFO - [2023-05-06T20:56:29.772+0000] {dag.py:2726} INFO - Sync 1 DAGs
[2023-05-06T20:56:29.817+0000] {logging_mixin.py:149} INFO - [2023-05-06T20:56:29.817+0000] {dag.py:3490} INFO - Setting next_dagrun for example_branch_dop_operator_v3 to 2023-05-06T20:55:00+00:00, run_after=2023-05-06T20:56:00+00:00
[2023-05-06T20:56:29.849+0000] {processor.py:178} INFO - Processing /home/airflow/.local/lib/python3.7/site-packages/airflow/example_dags/example_branch_python_dop_operator_3.py took 0.319 seconds
[2023-05-06T20:57:00.288+0000] {processor.py:156} INFO - Started process (PID=881) to work on /home/airflow/.local/lib/python3.7/site-packages/airflow/example_dags/example_branch_python_dop_operator_3.py
[2023-05-06T20:57:00.290+0000] {processor.py:799} INFO - Processing file /home/airflow/.local/lib/python3.7/site-packages/airflow/example_dags/example_branch_python_dop_operator_3.py for tasks to queue
[2023-05-06T20:57:00.292+0000] {logging_mixin.py:149} INFO - [2023-05-06T20:57:00.292+0000] {dagbag.py:541} INFO - Filling up the DagBag from /home/airflow/.local/lib/python3.7/site-packages/airflow/example_dags/example_branch_python_dop_operator_3.py
[2023-05-06T20:57:00.303+0000] {processor.py:809} INFO - DAG(s) dict_keys(['example_branch_dop_operator_v3']) retrieved from /home/airflow/.local/lib/python3.7/site-packages/airflow/example_dags/example_branch_python_dop_operator_3.py
[2023-05-06T20:57:00.335+0000] {logging_mixin.py:149} INFO - [2023-05-06T20:57:00.335+0000] {dag.py:2726} INFO - Sync 1 DAGs
[2023-05-06T20:57:00.375+0000] {logging_mixin.py:149} INFO - [2023-05-06T20:57:00.375+0000] {dag.py:3490} INFO - Setting next_dagrun for example_branch_dop_operator_v3 to 2023-05-06T20:56:00+00:00, run_after=2023-05-06T20:57:00+00:00
[2023-05-06T20:57:00.404+0000] {processor.py:178} INFO - Processing /home/airflow/.local/lib/python3.7/site-packages/airflow/example_dags/example_branch_python_dop_operator_3.py took 0.121 seconds
[2023-05-06T20:57:30.595+0000] {processor.py:156} INFO - Started process (PID=1119) to work on /home/airflow/.local/lib/python3.7/site-packages/airflow/example_dags/example_branch_python_dop_operator_3.py
[2023-05-06T20:57:30.598+0000] {processor.py:799} INFO - Processing file /home/airflow/.local/lib/python3.7/site-packages/airflow/example_dags/example_branch_python_dop_operator_3.py for tasks to queue
[2023-05-06T20:57:30.601+0000] {logging_mixin.py:149} INFO - [2023-05-06T20:57:30.601+0000] {dagbag.py:541} INFO - Filling up the DagBag from /home/airflow/.local/lib/python3.7/site-packages/airflow/example_dags/example_branch_python_dop_operator_3.py
[2023-05-06T20:57:30.618+0000] {processor.py:809} INFO - DAG(s) dict_keys(['example_branch_dop_operator_v3']) retrieved from /home/airflow/.local/lib/python3.7/site-packages/airflow/example_dags/example_branch_python_dop_operator_3.py
[2023-05-06T20:57:30.650+0000] {logging_mixin.py:149} INFO - [2023-05-06T20:57:30.650+0000] {dag.py:2726} INFO - Sync 1 DAGs
[2023-05-06T20:57:30.736+0000] {logging_mixin.py:149} INFO - [2023-05-06T20:57:30.735+0000] {dag.py:3490} INFO - Setting next_dagrun for example_branch_dop_operator_v3 to 2023-05-06T20:56:00+00:00, run_after=2023-05-06T20:57:00+00:00
[2023-05-06T20:57:30.800+0000] {processor.py:178} INFO - Processing /home/airflow/.local/lib/python3.7/site-packages/airflow/example_dags/example_branch_python_dop_operator_3.py took 0.210 seconds
[2023-05-06T20:58:01.021+0000] {processor.py:156} INFO - Started process (PID=1357) to work on /home/airflow/.local/lib/python3.7/site-packages/airflow/example_dags/example_branch_python_dop_operator_3.py
[2023-05-06T20:58:01.022+0000] {processor.py:799} INFO - Processing file /home/airflow/.local/lib/python3.7/site-packages/airflow/example_dags/example_branch_python_dop_operator_3.py for tasks to queue
[2023-05-06T20:58:01.023+0000] {logging_mixin.py:149} INFO - [2023-05-06T20:58:01.023+0000] {dagbag.py:541} INFO - Filling up the DagBag from /home/airflow/.local/lib/python3.7/site-packages/airflow/example_dags/example_branch_python_dop_operator_3.py
[2023-05-06T20:58:01.035+0000] {processor.py:809} INFO - DAG(s) dict_keys(['example_branch_dop_operator_v3']) retrieved from /home/airflow/.local/lib/python3.7/site-packages/airflow/example_dags/example_branch_python_dop_operator_3.py
[2023-05-06T20:58:01.209+0000] {logging_mixin.py:149} INFO - [2023-05-06T20:58:01.209+0000] {dag.py:2726} INFO - Sync 1 DAGs
[2023-05-06T20:58:01.251+0000] {logging_mixin.py:149} INFO - [2023-05-06T20:58:01.251+0000] {dag.py:3490} INFO - Setting next_dagrun for example_branch_dop_operator_v3 to 2023-05-06T20:57:00+00:00, run_after=2023-05-06T20:58:00+00:00
[2023-05-06T20:58:01.280+0000] {processor.py:178} INFO - Processing /home/airflow/.local/lib/python3.7/site-packages/airflow/example_dags/example_branch_python_dop_operator_3.py took 0.264 seconds
[2023-05-06T20:58:31.462+0000] {processor.py:156} INFO - Started process (PID=1593) to work on /home/airflow/.local/lib/python3.7/site-packages/airflow/example_dags/example_branch_python_dop_operator_3.py
[2023-05-06T20:58:31.465+0000] {processor.py:799} INFO - Processing file /home/airflow/.local/lib/python3.7/site-packages/airflow/example_dags/example_branch_python_dop_operator_3.py for tasks to queue
[2023-05-06T20:58:31.467+0000] {logging_mixin.py:149} INFO - [2023-05-06T20:58:31.466+0000] {dagbag.py:541} INFO - Filling up the DagBag from /home/airflow/.local/lib/python3.7/site-packages/airflow/example_dags/example_branch_python_dop_operator_3.py
[2023-05-06T20:58:31.475+0000] {processor.py:809} INFO - DAG(s) dict_keys(['example_branch_dop_operator_v3']) retrieved from /home/airflow/.local/lib/python3.7/site-packages/airflow/example_dags/example_branch_python_dop_operator_3.py
[2023-05-06T20:58:31.506+0000] {logging_mixin.py:149} INFO - [2023-05-06T20:58:31.505+0000] {dag.py:2726} INFO - Sync 1 DAGs
[2023-05-06T20:58:31.544+0000] {logging_mixin.py:149} INFO - [2023-05-06T20:58:31.544+0000] {dag.py:3490} INFO - Setting next_dagrun for example_branch_dop_operator_v3 to 2023-05-06T20:57:00+00:00, run_after=2023-05-06T20:58:00+00:00
[2023-05-06T20:58:31.571+0000] {processor.py:178} INFO - Processing /home/airflow/.local/lib/python3.7/site-packages/airflow/example_dags/example_branch_python_dop_operator_3.py took 0.112 seconds
[2023-05-06T20:59:01.687+0000] {processor.py:156} INFO - Started process (PID=1831) to work on /home/airflow/.local/lib/python3.7/site-packages/airflow/example_dags/example_branch_python_dop_operator_3.py
[2023-05-06T20:59:01.688+0000] {processor.py:799} INFO - Processing file /home/airflow/.local/lib/python3.7/site-packages/airflow/example_dags/example_branch_python_dop_operator_3.py for tasks to queue
[2023-05-06T20:59:01.690+0000] {logging_mixin.py:149} INFO - [2023-05-06T20:59:01.689+0000] {dagbag.py:541} INFO - Filling up the DagBag from /home/airflow/.local/lib/python3.7/site-packages/airflow/example_dags/example_branch_python_dop_operator_3.py
[2023-05-06T20:59:01.700+0000] {processor.py:809} INFO - DAG(s) dict_keys(['example_branch_dop_operator_v3']) retrieved from /home/airflow/.local/lib/python3.7/site-packages/airflow/example_dags/example_branch_python_dop_operator_3.py
[2023-05-06T20:59:01.733+0000] {logging_mixin.py:149} INFO - [2023-05-06T20:59:01.733+0000] {dag.py:2726} INFO - Sync 1 DAGs
[2023-05-06T20:59:01.776+0000] {logging_mixin.py:149} INFO - [2023-05-06T20:59:01.776+0000] {dag.py:3490} INFO - Setting next_dagrun for example_branch_dop_operator_v3 to 2023-05-06T20:58:00+00:00, run_after=2023-05-06T20:59:00+00:00
[2023-05-06T20:59:01.808+0000] {processor.py:178} INFO - Processing /home/airflow/.local/lib/python3.7/site-packages/airflow/example_dags/example_branch_python_dop_operator_3.py took 0.125 seconds
[2023-05-06T20:59:31.918+0000] {processor.py:156} INFO - Started process (PID=2069) to work on /home/airflow/.local/lib/python3.7/site-packages/airflow/example_dags/example_branch_python_dop_operator_3.py
[2023-05-06T20:59:31.920+0000] {processor.py:799} INFO - Processing file /home/airflow/.local/lib/python3.7/site-packages/airflow/example_dags/example_branch_python_dop_operator_3.py for tasks to queue
[2023-05-06T20:59:31.921+0000] {logging_mixin.py:149} INFO - [2023-05-06T20:59:31.921+0000] {dagbag.py:541} INFO - Filling up the DagBag from /home/airflow/.local/lib/python3.7/site-packages/airflow/example_dags/example_branch_python_dop_operator_3.py
[2023-05-06T20:59:31.932+0000] {processor.py:809} INFO - DAG(s) dict_keys(['example_branch_dop_operator_v3']) retrieved from /home/airflow/.local/lib/python3.7/site-packages/airflow/example_dags/example_branch_python_dop_operator_3.py
[2023-05-06T20:59:31.963+0000] {logging_mixin.py:149} INFO - [2023-05-06T20:59:31.963+0000] {dag.py:2726} INFO - Sync 1 DAGs
[2023-05-06T20:59:32.002+0000] {logging_mixin.py:149} INFO - [2023-05-06T20:59:32.002+0000] {dag.py:3490} INFO - Setting next_dagrun for example_branch_dop_operator_v3 to 2023-05-06T20:58:00+00:00, run_after=2023-05-06T20:59:00+00:00
[2023-05-06T20:59:32.026+0000] {processor.py:178} INFO - Processing /home/airflow/.local/lib/python3.7/site-packages/airflow/example_dags/example_branch_python_dop_operator_3.py took 0.112 seconds
[2023-05-06T21:00:02.251+0000] {processor.py:156} INFO - Started process (PID=2307) to work on /home/airflow/.local/lib/python3.7/site-packages/airflow/example_dags/example_branch_python_dop_operator_3.py
[2023-05-06T21:00:02.253+0000] {processor.py:799} INFO - Processing file /home/airflow/.local/lib/python3.7/site-packages/airflow/example_dags/example_branch_python_dop_operator_3.py for tasks to queue
[2023-05-06T21:00:02.254+0000] {logging_mixin.py:149} INFO - [2023-05-06T21:00:02.254+0000] {dagbag.py:541} INFO - Filling up the DagBag from /home/airflow/.local/lib/python3.7/site-packages/airflow/example_dags/example_branch_python_dop_operator_3.py
[2023-05-06T21:00:02.266+0000] {processor.py:809} INFO - DAG(s) dict_keys(['example_branch_dop_operator_v3']) retrieved from /home/airflow/.local/lib/python3.7/site-packages/airflow/example_dags/example_branch_python_dop_operator_3.py
[2023-05-06T21:00:02.292+0000] {logging_mixin.py:149} INFO - [2023-05-06T21:00:02.292+0000] {dag.py:2726} INFO - Sync 1 DAGs
[2023-05-06T21:00:02.338+0000] {logging_mixin.py:149} INFO - [2023-05-06T21:00:02.338+0000] {dag.py:3490} INFO - Setting next_dagrun for example_branch_dop_operator_v3 to 2023-05-06T20:59:00+00:00, run_after=2023-05-06T21:00:00+00:00
[2023-05-06T21:00:02.378+0000] {processor.py:178} INFO - Processing /home/airflow/.local/lib/python3.7/site-packages/airflow/example_dags/example_branch_python_dop_operator_3.py took 0.131 seconds
[2023-05-06T21:00:32.540+0000] {processor.py:156} INFO - Started process (PID=2545) to work on /home/airflow/.local/lib/python3.7/site-packages/airflow/example_dags/example_branch_python_dop_operator_3.py
[2023-05-06T21:00:32.542+0000] {processor.py:799} INFO - Processing file /home/airflow/.local/lib/python3.7/site-packages/airflow/example_dags/example_branch_python_dop_operator_3.py for tasks to queue
[2023-05-06T21:00:32.544+0000] {logging_mixin.py:149} INFO - [2023-05-06T21:00:32.544+0000] {dagbag.py:541} INFO - Filling up the DagBag from /home/airflow/.local/lib/python3.7/site-packages/airflow/example_dags/example_branch_python_dop_operator_3.py
[2023-05-06T21:00:32.554+0000] {processor.py:809} INFO - DAG(s) dict_keys(['example_branch_dop_operator_v3']) retrieved from /home/airflow/.local/lib/python3.7/site-packages/airflow/example_dags/example_branch_python_dop_operator_3.py
[2023-05-06T21:00:32.583+0000] {logging_mixin.py:149} INFO - [2023-05-06T21:00:32.583+0000] {dag.py:2726} INFO - Sync 1 DAGs
[2023-05-06T21:00:32.623+0000] {logging_mixin.py:149} INFO - [2023-05-06T21:00:32.622+0000] {dag.py:3490} INFO - Setting next_dagrun for example_branch_dop_operator_v3 to 2023-05-06T20:59:00+00:00, run_after=2023-05-06T21:00:00+00:00
[2023-05-06T21:00:32.648+0000] {processor.py:178} INFO - Processing /home/airflow/.local/lib/python3.7/site-packages/airflow/example_dags/example_branch_python_dop_operator_3.py took 0.112 seconds
[2023-05-06T21:01:03.187+0000] {processor.py:156} INFO - Started process (PID=2783) to work on /home/airflow/.local/lib/python3.7/site-packages/airflow/example_dags/example_branch_python_dop_operator_3.py
[2023-05-06T21:01:03.189+0000] {processor.py:799} INFO - Processing file /home/airflow/.local/lib/python3.7/site-packages/airflow/example_dags/example_branch_python_dop_operator_3.py for tasks to queue
[2023-05-06T21:01:03.190+0000] {logging_mixin.py:149} INFO - [2023-05-06T21:01:03.190+0000] {dagbag.py:541} INFO - Filling up the DagBag from /home/airflow/.local/lib/python3.7/site-packages/airflow/example_dags/example_branch_python_dop_operator_3.py
[2023-05-06T21:01:03.199+0000] {processor.py:809} INFO - DAG(s) dict_keys(['example_branch_dop_operator_v3']) retrieved from /home/airflow/.local/lib/python3.7/site-packages/airflow/example_dags/example_branch_python_dop_operator_3.py
[2023-05-06T21:01:03.231+0000] {logging_mixin.py:149} INFO - [2023-05-06T21:01:03.230+0000] {dag.py:2726} INFO - Sync 1 DAGs
[2023-05-06T21:01:03.269+0000] {logging_mixin.py:149} INFO - [2023-05-06T21:01:03.269+0000] {dag.py:3490} INFO - Setting next_dagrun for example_branch_dop_operator_v3 to 2023-05-06T21:00:00+00:00, run_after=2023-05-06T21:01:00+00:00
[2023-05-06T21:01:03.294+0000] {processor.py:178} INFO - Processing /home/airflow/.local/lib/python3.7/site-packages/airflow/example_dags/example_branch_python_dop_operator_3.py took 0.112 seconds
[2023-05-06T21:01:33.765+0000] {processor.py:156} INFO - Started process (PID=3021) to work on /home/airflow/.local/lib/python3.7/site-packages/airflow/example_dags/example_branch_python_dop_operator_3.py
[2023-05-06T21:01:33.767+0000] {processor.py:799} INFO - Processing file /home/airflow/.local/lib/python3.7/site-packages/airflow/example_dags/example_branch_python_dop_operator_3.py for tasks to queue
[2023-05-06T21:01:33.769+0000] {logging_mixin.py:149} INFO - [2023-05-06T21:01:33.769+0000] {dagbag.py:541} INFO - Filling up the DagBag from /home/airflow/.local/lib/python3.7/site-packages/airflow/example_dags/example_branch_python_dop_operator_3.py
[2023-05-06T21:01:33.779+0000] {processor.py:809} INFO - DAG(s) dict_keys(['example_branch_dop_operator_v3']) retrieved from /home/airflow/.local/lib/python3.7/site-packages/airflow/example_dags/example_branch_python_dop_operator_3.py
[2023-05-06T21:01:33.813+0000] {logging_mixin.py:149} INFO - [2023-05-06T21:01:33.813+0000] {dag.py:2726} INFO - Sync 1 DAGs
[2023-05-06T21:01:33.855+0000] {logging_mixin.py:149} INFO - [2023-05-06T21:01:33.855+0000] {dag.py:3490} INFO - Setting next_dagrun for example_branch_dop_operator_v3 to 2023-05-06T21:00:00+00:00, run_after=2023-05-06T21:01:00+00:00
[2023-05-06T21:01:33.884+0000] {processor.py:178} INFO - Processing /home/airflow/.local/lib/python3.7/site-packages/airflow/example_dags/example_branch_python_dop_operator_3.py took 0.123 seconds
[2023-05-06T21:02:04.417+0000] {processor.py:156} INFO - Started process (PID=3259) to work on /home/airflow/.local/lib/python3.7/site-packages/airflow/example_dags/example_branch_python_dop_operator_3.py
[2023-05-06T21:02:04.419+0000] {processor.py:799} INFO - Processing file /home/airflow/.local/lib/python3.7/site-packages/airflow/example_dags/example_branch_python_dop_operator_3.py for tasks to queue
[2023-05-06T21:02:04.420+0000] {logging_mixin.py:149} INFO - [2023-05-06T21:02:04.420+0000] {dagbag.py:541} INFO - Filling up the DagBag from /home/airflow/.local/lib/python3.7/site-packages/airflow/example_dags/example_branch_python_dop_operator_3.py
[2023-05-06T21:02:04.433+0000] {processor.py:809} INFO - DAG(s) dict_keys(['example_branch_dop_operator_v3']) retrieved from /home/airflow/.local/lib/python3.7/site-packages/airflow/example_dags/example_branch_python_dop_operator_3.py
[2023-05-06T21:02:04.465+0000] {logging_mixin.py:149} INFO - [2023-05-06T21:02:04.464+0000] {dag.py:2726} INFO - Sync 1 DAGs
[2023-05-06T21:02:04.510+0000] {logging_mixin.py:149} INFO - [2023-05-06T21:02:04.509+0000] {dag.py:3490} INFO - Setting next_dagrun for example_branch_dop_operator_v3 to 2023-05-06T21:01:00+00:00, run_after=2023-05-06T21:02:00+00:00
[2023-05-06T21:02:04.534+0000] {processor.py:178} INFO - Processing /home/airflow/.local/lib/python3.7/site-packages/airflow/example_dags/example_branch_python_dop_operator_3.py took 0.122 seconds
[2023-05-06T21:02:34.618+0000] {processor.py:156} INFO - Started process (PID=3497) to work on /home/airflow/.local/lib/python3.7/site-packages/airflow/example_dags/example_branch_python_dop_operator_3.py
[2023-05-06T21:02:34.621+0000] {processor.py:799} INFO - Processing file /home/airflow/.local/lib/python3.7/site-packages/airflow/example_dags/example_branch_python_dop_operator_3.py for tasks to queue
[2023-05-06T21:02:34.622+0000] {logging_mixin.py:149} INFO - [2023-05-06T21:02:34.622+0000] {dagbag.py:541} INFO - Filling up the DagBag from /home/airflow/.local/lib/python3.7/site-packages/airflow/example_dags/example_branch_python_dop_operator_3.py
[2023-05-06T21:02:34.633+0000] {processor.py:809} INFO - DAG(s) dict_keys(['example_branch_dop_operator_v3']) retrieved from /home/airflow/.local/lib/python3.7/site-packages/airflow/example_dags/example_branch_python_dop_operator_3.py
[2023-05-06T21:02:34.667+0000] {logging_mixin.py:149} INFO - [2023-05-06T21:02:34.666+0000] {dag.py:2726} INFO - Sync 1 DAGs
[2023-05-06T21:02:34.707+0000] {logging_mixin.py:149} INFO - [2023-05-06T21:02:34.707+0000] {dag.py:3490} INFO - Setting next_dagrun for example_branch_dop_operator_v3 to 2023-05-06T21:01:00+00:00, run_after=2023-05-06T21:02:00+00:00
[2023-05-06T21:02:34.732+0000] {processor.py:178} INFO - Processing /home/airflow/.local/lib/python3.7/site-packages/airflow/example_dags/example_branch_python_dop_operator_3.py took 0.119 seconds
[2023-05-06T21:03:05.013+0000] {processor.py:156} INFO - Started process (PID=3735) to work on /home/airflow/.local/lib/python3.7/site-packages/airflow/example_dags/example_branch_python_dop_operator_3.py
[2023-05-06T21:03:05.014+0000] {processor.py:799} INFO - Processing file /home/airflow/.local/lib/python3.7/site-packages/airflow/example_dags/example_branch_python_dop_operator_3.py for tasks to queue
[2023-05-06T21:03:05.016+0000] {logging_mixin.py:149} INFO - [2023-05-06T21:03:05.016+0000] {dagbag.py:541} INFO - Filling up the DagBag from /home/airflow/.local/lib/python3.7/site-packages/airflow/example_dags/example_branch_python_dop_operator_3.py
[2023-05-06T21:03:05.027+0000] {processor.py:809} INFO - DAG(s) dict_keys(['example_branch_dop_operator_v3']) retrieved from /home/airflow/.local/lib/python3.7/site-packages/airflow/example_dags/example_branch_python_dop_operator_3.py
[2023-05-06T21:03:05.059+0000] {logging_mixin.py:149} INFO - [2023-05-06T21:03:05.059+0000] {dag.py:2726} INFO - Sync 1 DAGs
[2023-05-06T21:03:05.104+0000] {logging_mixin.py:149} INFO - [2023-05-06T21:03:05.103+0000] {dag.py:3490} INFO - Setting next_dagrun for example_branch_dop_operator_v3 to 2023-05-06T21:02:00+00:00, run_after=2023-05-06T21:03:00+00:00
[2023-05-06T21:03:05.323+0000] {processor.py:178} INFO - Processing /home/airflow/.local/lib/python3.7/site-packages/airflow/example_dags/example_branch_python_dop_operator_3.py took 0.316 seconds
[2023-05-06T21:03:35.851+0000] {processor.py:156} INFO - Started process (PID=3973) to work on /home/airflow/.local/lib/python3.7/site-packages/airflow/example_dags/example_branch_python_dop_operator_3.py
[2023-05-06T21:03:35.853+0000] {processor.py:799} INFO - Processing file /home/airflow/.local/lib/python3.7/site-packages/airflow/example_dags/example_branch_python_dop_operator_3.py for tasks to queue
[2023-05-06T21:03:35.854+0000] {logging_mixin.py:149} INFO - [2023-05-06T21:03:35.854+0000] {dagbag.py:541} INFO - Filling up the DagBag from /home/airflow/.local/lib/python3.7/site-packages/airflow/example_dags/example_branch_python_dop_operator_3.py
[2023-05-06T21:03:35.864+0000] {processor.py:809} INFO - DAG(s) dict_keys(['example_branch_dop_operator_v3']) retrieved from /home/airflow/.local/lib/python3.7/site-packages/airflow/example_dags/example_branch_python_dop_operator_3.py
[2023-05-06T21:03:35.895+0000] {logging_mixin.py:149} INFO - [2023-05-06T21:03:35.894+0000] {dag.py:2726} INFO - Sync 1 DAGs
[2023-05-06T21:03:35.944+0000] {logging_mixin.py:149} INFO - [2023-05-06T21:03:35.944+0000] {dag.py:3490} INFO - Setting next_dagrun for example_branch_dop_operator_v3 to 2023-05-06T21:02:00+00:00, run_after=2023-05-06T21:03:00+00:00
[2023-05-06T21:03:35.975+0000] {processor.py:178} INFO - Processing /home/airflow/.local/lib/python3.7/site-packages/airflow/example_dags/example_branch_python_dop_operator_3.py took 0.127 seconds
[2023-05-06T21:04:06.592+0000] {processor.py:156} INFO - Started process (PID=4211) to work on /home/airflow/.local/lib/python3.7/site-packages/airflow/example_dags/example_branch_python_dop_operator_3.py
[2023-05-06T21:04:06.594+0000] {processor.py:799} INFO - Processing file /home/airflow/.local/lib/python3.7/site-packages/airflow/example_dags/example_branch_python_dop_operator_3.py for tasks to queue
[2023-05-06T21:04:06.596+0000] {logging_mixin.py:149} INFO - [2023-05-06T21:04:06.596+0000] {dagbag.py:541} INFO - Filling up the DagBag from /home/airflow/.local/lib/python3.7/site-packages/airflow/example_dags/example_branch_python_dop_operator_3.py
[2023-05-06T21:04:06.605+0000] {processor.py:809} INFO - DAG(s) dict_keys(['example_branch_dop_operator_v3']) retrieved from /home/airflow/.local/lib/python3.7/site-packages/airflow/example_dags/example_branch_python_dop_operator_3.py
[2023-05-06T21:04:06.637+0000] {logging_mixin.py:149} INFO - [2023-05-06T21:04:06.636+0000] {dag.py:2726} INFO - Sync 1 DAGs
[2023-05-06T21:04:06.677+0000] {logging_mixin.py:149} INFO - [2023-05-06T21:04:06.677+0000] {dag.py:3490} INFO - Setting next_dagrun for example_branch_dop_operator_v3 to 2023-05-06T21:03:00+00:00, run_after=2023-05-06T21:04:00+00:00
[2023-05-06T21:04:06.704+0000] {processor.py:178} INFO - Processing /home/airflow/.local/lib/python3.7/site-packages/airflow/example_dags/example_branch_python_dop_operator_3.py took 0.115 seconds
[2023-05-06T21:04:37.449+0000] {processor.py:156} INFO - Started process (PID=4449) to work on /home/airflow/.local/lib/python3.7/site-packages/airflow/example_dags/example_branch_python_dop_operator_3.py
[2023-05-06T21:04:37.450+0000] {processor.py:799} INFO - Processing file /home/airflow/.local/lib/python3.7/site-packages/airflow/example_dags/example_branch_python_dop_operator_3.py for tasks to queue
[2023-05-06T21:04:37.451+0000] {logging_mixin.py:149} INFO - [2023-05-06T21:04:37.451+0000] {dagbag.py:541} INFO - Filling up the DagBag from /home/airflow/.local/lib/python3.7/site-packages/airflow/example_dags/example_branch_python_dop_operator_3.py
[2023-05-06T21:04:37.461+0000] {processor.py:809} INFO - DAG(s) dict_keys(['example_branch_dop_operator_v3']) retrieved from /home/airflow/.local/lib/python3.7/site-packages/airflow/example_dags/example_branch_python_dop_operator_3.py
[2023-05-06T21:04:37.497+0000] {logging_mixin.py:149} INFO - [2023-05-06T21:04:37.497+0000] {dag.py:2726} INFO - Sync 1 DAGs
[2023-05-06T21:04:37.545+0000] {logging_mixin.py:149} INFO - [2023-05-06T21:04:37.545+0000] {dag.py:3490} INFO - Setting next_dagrun for example_branch_dop_operator_v3 to 2023-05-06T21:03:00+00:00, run_after=2023-05-06T21:04:00+00:00
[2023-05-06T21:04:37.589+0000] {processor.py:178} INFO - Processing /home/airflow/.local/lib/python3.7/site-packages/airflow/example_dags/example_branch_python_dop_operator_3.py took 0.144 seconds
[2023-05-06T21:05:08.211+0000] {processor.py:156} INFO - Started process (PID=4687) to work on /home/airflow/.local/lib/python3.7/site-packages/airflow/example_dags/example_branch_python_dop_operator_3.py
[2023-05-06T21:05:08.213+0000] {processor.py:799} INFO - Processing file /home/airflow/.local/lib/python3.7/site-packages/airflow/example_dags/example_branch_python_dop_operator_3.py for tasks to queue
[2023-05-06T21:05:08.214+0000] {logging_mixin.py:149} INFO - [2023-05-06T21:05:08.214+0000] {dagbag.py:541} INFO - Filling up the DagBag from /home/airflow/.local/lib/python3.7/site-packages/airflow/example_dags/example_branch_python_dop_operator_3.py
[2023-05-06T21:05:08.223+0000] {processor.py:809} INFO - DAG(s) dict_keys(['example_branch_dop_operator_v3']) retrieved from /home/airflow/.local/lib/python3.7/site-packages/airflow/example_dags/example_branch_python_dop_operator_3.py
[2023-05-06T21:05:08.253+0000] {logging_mixin.py:149} INFO - [2023-05-06T21:05:08.253+0000] {dag.py:2726} INFO - Sync 1 DAGs
[2023-05-06T21:05:08.291+0000] {logging_mixin.py:149} INFO - [2023-05-06T21:05:08.291+0000] {dag.py:3490} INFO - Setting next_dagrun for example_branch_dop_operator_v3 to 2023-05-06T21:04:00+00:00, run_after=2023-05-06T21:05:00+00:00
[2023-05-06T21:05:08.316+0000] {processor.py:178} INFO - Processing /home/airflow/.local/lib/python3.7/site-packages/airflow/example_dags/example_branch_python_dop_operator_3.py took 0.109 seconds
[2023-05-06T21:05:38.637+0000] {processor.py:156} INFO - Started process (PID=4925) to work on /home/airflow/.local/lib/python3.7/site-packages/airflow/example_dags/example_branch_python_dop_operator_3.py
[2023-05-06T21:05:38.640+0000] {processor.py:799} INFO - Processing file /home/airflow/.local/lib/python3.7/site-packages/airflow/example_dags/example_branch_python_dop_operator_3.py for tasks to queue
[2023-05-06T21:05:38.642+0000] {logging_mixin.py:149} INFO - [2023-05-06T21:05:38.642+0000] {dagbag.py:541} INFO - Filling up the DagBag from /home/airflow/.local/lib/python3.7/site-packages/airflow/example_dags/example_branch_python_dop_operator_3.py
[2023-05-06T21:05:38.653+0000] {processor.py:809} INFO - DAG(s) dict_keys(['example_branch_dop_operator_v3']) retrieved from /home/airflow/.local/lib/python3.7/site-packages/airflow/example_dags/example_branch_python_dop_operator_3.py
[2023-05-06T21:05:38.684+0000] {logging_mixin.py:149} INFO - [2023-05-06T21:05:38.684+0000] {dag.py:2726} INFO - Sync 1 DAGs
[2023-05-06T21:05:38.727+0000] {logging_mixin.py:149} INFO - [2023-05-06T21:05:38.727+0000] {dag.py:3490} INFO - Setting next_dagrun for example_branch_dop_operator_v3 to 2023-05-06T21:04:00+00:00, run_after=2023-05-06T21:05:00+00:00
[2023-05-06T21:05:38.755+0000] {processor.py:178} INFO - Processing /home/airflow/.local/lib/python3.7/site-packages/airflow/example_dags/example_branch_python_dop_operator_3.py took 0.121 seconds
[2023-05-06T21:06:09.276+0000] {processor.py:156} INFO - Started process (PID=5163) to work on /home/airflow/.local/lib/python3.7/site-packages/airflow/example_dags/example_branch_python_dop_operator_3.py
[2023-05-06T21:06:09.278+0000] {processor.py:799} INFO - Processing file /home/airflow/.local/lib/python3.7/site-packages/airflow/example_dags/example_branch_python_dop_operator_3.py for tasks to queue
[2023-05-06T21:06:09.279+0000] {logging_mixin.py:149} INFO - [2023-05-06T21:06:09.279+0000] {dagbag.py:541} INFO - Filling up the DagBag from /home/airflow/.local/lib/python3.7/site-packages/airflow/example_dags/example_branch_python_dop_operator_3.py
[2023-05-06T21:06:09.289+0000] {processor.py:809} INFO - DAG(s) dict_keys(['example_branch_dop_operator_v3']) retrieved from /home/airflow/.local/lib/python3.7/site-packages/airflow/example_dags/example_branch_python_dop_operator_3.py
[2023-05-06T21:06:09.319+0000] {logging_mixin.py:149} INFO - [2023-05-06T21:06:09.319+0000] {dag.py:2726} INFO - Sync 1 DAGs
[2023-05-06T21:06:09.375+0000] {logging_mixin.py:149} INFO - [2023-05-06T21:06:09.374+0000] {dag.py:3490} INFO - Setting next_dagrun for example_branch_dop_operator_v3 to 2023-05-06T21:05:00+00:00, run_after=2023-05-06T21:06:00+00:00
[2023-05-06T21:06:09.434+0000] {processor.py:178} INFO - Processing /home/airflow/.local/lib/python3.7/site-packages/airflow/example_dags/example_branch_python_dop_operator_3.py took 0.162 seconds
[2023-05-06T21:06:39.711+0000] {processor.py:156} INFO - Started process (PID=5402) to work on /home/airflow/.local/lib/python3.7/site-packages/airflow/example_dags/example_branch_python_dop_operator_3.py
[2023-05-06T21:06:39.713+0000] {processor.py:799} INFO - Processing file /home/airflow/.local/lib/python3.7/site-packages/airflow/example_dags/example_branch_python_dop_operator_3.py for tasks to queue
[2023-05-06T21:06:39.714+0000] {logging_mixin.py:149} INFO - [2023-05-06T21:06:39.714+0000] {dagbag.py:541} INFO - Filling up the DagBag from /home/airflow/.local/lib/python3.7/site-packages/airflow/example_dags/example_branch_python_dop_operator_3.py
[2023-05-06T21:06:39.725+0000] {processor.py:809} INFO - DAG(s) dict_keys(['example_branch_dop_operator_v3']) retrieved from /home/airflow/.local/lib/python3.7/site-packages/airflow/example_dags/example_branch_python_dop_operator_3.py
[2023-05-06T21:06:39.745+0000] {logging_mixin.py:149} INFO - [2023-05-06T21:06:39.745+0000] {dag.py:2726} INFO - Sync 1 DAGs
[2023-05-06T21:06:39.790+0000] {logging_mixin.py:149} INFO - [2023-05-06T21:06:39.790+0000] {dag.py:3490} INFO - Setting next_dagrun for example_branch_dop_operator_v3 to 2023-05-06T21:05:00+00:00, run_after=2023-05-06T21:06:00+00:00
[2023-05-06T21:06:39.818+0000] {processor.py:178} INFO - Processing /home/airflow/.local/lib/python3.7/site-packages/airflow/example_dags/example_branch_python_dop_operator_3.py took 0.111 seconds
[2023-05-06T21:07:10.133+0000] {processor.py:156} INFO - Started process (PID=5640) to work on /home/airflow/.local/lib/python3.7/site-packages/airflow/example_dags/example_branch_python_dop_operator_3.py
[2023-05-06T21:07:10.138+0000] {processor.py:799} INFO - Processing file /home/airflow/.local/lib/python3.7/site-packages/airflow/example_dags/example_branch_python_dop_operator_3.py for tasks to queue
[2023-05-06T21:07:10.141+0000] {logging_mixin.py:149} INFO - [2023-05-06T21:07:10.141+0000] {dagbag.py:541} INFO - Filling up the DagBag from /home/airflow/.local/lib/python3.7/site-packages/airflow/example_dags/example_branch_python_dop_operator_3.py
[2023-05-06T21:07:10.156+0000] {processor.py:809} INFO - DAG(s) dict_keys(['example_branch_dop_operator_v3']) retrieved from /home/airflow/.local/lib/python3.7/site-packages/airflow/example_dags/example_branch_python_dop_operator_3.py
[2023-05-06T21:07:10.198+0000] {logging_mixin.py:149} INFO - [2023-05-06T21:07:10.198+0000] {dag.py:2726} INFO - Sync 1 DAGs
[2023-05-06T21:07:10.254+0000] {logging_mixin.py:149} INFO - [2023-05-06T21:07:10.254+0000] {dag.py:3490} INFO - Setting next_dagrun for example_branch_dop_operator_v3 to 2023-05-06T21:06:00+00:00, run_after=2023-05-06T21:07:00+00:00
[2023-05-06T21:07:10.290+0000] {processor.py:178} INFO - Processing /home/airflow/.local/lib/python3.7/site-packages/airflow/example_dags/example_branch_python_dop_operator_3.py took 0.162 seconds
