[2023-05-06T20:55:31.659+0000] {processor.py:156} INFO - Started process (PID=312) to work on /home/airflow/.local/lib/python3.7/site-packages/airflow/example_dags/example_python_operator.py
[2023-05-06T20:55:31.661+0000] {processor.py:799} INFO - Processing file /home/airflow/.local/lib/python3.7/site-packages/airflow/example_dags/example_python_operator.py for tasks to queue
[2023-05-06T20:55:31.663+0000] {logging_mixin.py:149} INFO - [2023-05-06T20:55:31.662+0000] {dagbag.py:541} INFO - Filling up the DagBag from /home/airflow/.local/lib/python3.7/site-packages/airflow/example_dags/example_python_operator.py
[2023-05-06T20:55:31.673+0000] {logging_mixin.py:149} INFO - [2023-05-06T20:55:31.673+0000] {taskmixin.py:211} WARNING - Dependency <Task(_PythonDecoratedOperator): print_the_context>, log_sql_query already registered for DAG: example_python_operator
[2023-05-06T20:55:31.674+0000] {logging_mixin.py:149} INFO - [2023-05-06T20:55:31.674+0000] {taskmixin.py:211} WARNING - Dependency <Task(_PythonDecoratedOperator): log_sql_query>, print_the_context already registered for DAG: example_python_operator
[2023-05-06T20:55:31.675+0000] {logging_mixin.py:149} INFO - [2023-05-06T20:55:31.675+0000] {taskmixin.py:211} WARNING - Dependency <Task(_PythonDecoratedOperator): print_the_context>, log_sql_query already registered for DAG: example_python_operator
[2023-05-06T20:55:31.676+0000] {logging_mixin.py:149} INFO - [2023-05-06T20:55:31.676+0000] {taskmixin.py:211} WARNING - Dependency <Task(_PythonDecoratedOperator): log_sql_query>, print_the_context already registered for DAG: example_python_operator
[2023-05-06T20:55:31.678+0000] {logging_mixin.py:149} INFO - [2023-05-06T20:55:31.678+0000] {taskmixin.py:211} WARNING - Dependency <Task(_PythonDecoratedOperator): print_the_context>, log_sql_query already registered for DAG: example_python_operator
[2023-05-06T20:55:31.679+0000] {logging_mixin.py:149} INFO - [2023-05-06T20:55:31.679+0000] {taskmixin.py:211} WARNING - Dependency <Task(_PythonDecoratedOperator): log_sql_query>, print_the_context already registered for DAG: example_python_operator
[2023-05-06T20:55:31.681+0000] {logging_mixin.py:149} INFO - [2023-05-06T20:55:31.681+0000] {taskmixin.py:211} WARNING - Dependency <Task(_PythonDecoratedOperator): print_the_context>, log_sql_query already registered for DAG: example_python_operator
[2023-05-06T20:55:31.682+0000] {logging_mixin.py:149} INFO - [2023-05-06T20:55:31.682+0000] {taskmixin.py:211} WARNING - Dependency <Task(_PythonDecoratedOperator): log_sql_query>, print_the_context already registered for DAG: example_python_operator
[2023-05-06T20:55:31.689+0000] {processor.py:809} INFO - DAG(s) dict_keys(['example_python_operator']) retrieved from /home/airflow/.local/lib/python3.7/site-packages/airflow/example_dags/example_python_operator.py
[2023-05-06T20:55:31.711+0000] {logging_mixin.py:149} INFO - [2023-05-06T20:55:31.711+0000] {dag.py:2726} INFO - Sync 1 DAGs
[2023-05-06T20:55:31.755+0000] {logging_mixin.py:149} INFO - [2023-05-06T20:55:31.754+0000] {dag.py:3490} INFO - Setting next_dagrun for example_python_operator to None, run_after=None
[2023-05-06T20:55:31.792+0000] {processor.py:178} INFO - Processing /home/airflow/.local/lib/python3.7/site-packages/airflow/example_dags/example_python_operator.py took 0.137 seconds
[2023-05-06T20:56:04.233+0000] {processor.py:156} INFO - Started process (PID=550) to work on /home/airflow/.local/lib/python3.7/site-packages/airflow/example_dags/example_python_operator.py
[2023-05-06T20:56:04.235+0000] {processor.py:799} INFO - Processing file /home/airflow/.local/lib/python3.7/site-packages/airflow/example_dags/example_python_operator.py for tasks to queue
[2023-05-06T20:56:04.238+0000] {logging_mixin.py:149} INFO - [2023-05-06T20:56:04.237+0000] {dagbag.py:541} INFO - Filling up the DagBag from /home/airflow/.local/lib/python3.7/site-packages/airflow/example_dags/example_python_operator.py
[2023-05-06T20:56:04.249+0000] {logging_mixin.py:149} INFO - [2023-05-06T20:56:04.248+0000] {taskmixin.py:211} WARNING - Dependency <Task(_PythonDecoratedOperator): print_the_context>, log_sql_query already registered for DAG: example_python_operator
[2023-05-06T20:56:04.252+0000] {logging_mixin.py:149} INFO - [2023-05-06T20:56:04.251+0000] {taskmixin.py:211} WARNING - Dependency <Task(_PythonDecoratedOperator): log_sql_query>, print_the_context already registered for DAG: example_python_operator
[2023-05-06T20:56:04.254+0000] {logging_mixin.py:149} INFO - [2023-05-06T20:56:04.254+0000] {taskmixin.py:211} WARNING - Dependency <Task(_PythonDecoratedOperator): print_the_context>, log_sql_query already registered for DAG: example_python_operator
[2023-05-06T20:56:04.255+0000] {logging_mixin.py:149} INFO - [2023-05-06T20:56:04.255+0000] {taskmixin.py:211} WARNING - Dependency <Task(_PythonDecoratedOperator): log_sql_query>, print_the_context already registered for DAG: example_python_operator
[2023-05-06T20:56:04.258+0000] {logging_mixin.py:149} INFO - [2023-05-06T20:56:04.258+0000] {taskmixin.py:211} WARNING - Dependency <Task(_PythonDecoratedOperator): print_the_context>, log_sql_query already registered for DAG: example_python_operator
[2023-05-06T20:56:04.259+0000] {logging_mixin.py:149} INFO - [2023-05-06T20:56:04.259+0000] {taskmixin.py:211} WARNING - Dependency <Task(_PythonDecoratedOperator): log_sql_query>, print_the_context already registered for DAG: example_python_operator
[2023-05-06T20:56:04.261+0000] {logging_mixin.py:149} INFO - [2023-05-06T20:56:04.261+0000] {taskmixin.py:211} WARNING - Dependency <Task(_PythonDecoratedOperator): print_the_context>, log_sql_query already registered for DAG: example_python_operator
[2023-05-06T20:56:04.262+0000] {logging_mixin.py:149} INFO - [2023-05-06T20:56:04.262+0000] {taskmixin.py:211} WARNING - Dependency <Task(_PythonDecoratedOperator): log_sql_query>, print_the_context already registered for DAG: example_python_operator
[2023-05-06T20:56:04.269+0000] {processor.py:809} INFO - DAG(s) dict_keys(['example_python_operator']) retrieved from /home/airflow/.local/lib/python3.7/site-packages/airflow/example_dags/example_python_operator.py
[2023-05-06T20:56:04.579+0000] {logging_mixin.py:149} INFO - [2023-05-06T20:56:04.579+0000] {dag.py:2726} INFO - Sync 1 DAGs
[2023-05-06T20:56:04.617+0000] {logging_mixin.py:149} INFO - [2023-05-06T20:56:04.617+0000] {dag.py:3490} INFO - Setting next_dagrun for example_python_operator to None, run_after=None
[2023-05-06T20:56:04.653+0000] {processor.py:178} INFO - Processing /home/airflow/.local/lib/python3.7/site-packages/airflow/example_dags/example_python_operator.py took 0.424 seconds
[2023-05-06T20:56:35.420+0000] {processor.py:156} INFO - Started process (PID=788) to work on /home/airflow/.local/lib/python3.7/site-packages/airflow/example_dags/example_python_operator.py
[2023-05-06T20:56:35.421+0000] {processor.py:799} INFO - Processing file /home/airflow/.local/lib/python3.7/site-packages/airflow/example_dags/example_python_operator.py for tasks to queue
[2023-05-06T20:56:35.423+0000] {logging_mixin.py:149} INFO - [2023-05-06T20:56:35.423+0000] {dagbag.py:541} INFO - Filling up the DagBag from /home/airflow/.local/lib/python3.7/site-packages/airflow/example_dags/example_python_operator.py
[2023-05-06T20:56:35.604+0000] {logging_mixin.py:149} INFO - [2023-05-06T20:56:35.604+0000] {taskmixin.py:211} WARNING - Dependency <Task(_PythonDecoratedOperator): print_the_context>, log_sql_query already registered for DAG: example_python_operator
[2023-05-06T20:56:35.605+0000] {logging_mixin.py:149} INFO - [2023-05-06T20:56:35.605+0000] {taskmixin.py:211} WARNING - Dependency <Task(_PythonDecoratedOperator): log_sql_query>, print_the_context already registered for DAG: example_python_operator
[2023-05-06T20:56:35.607+0000] {logging_mixin.py:149} INFO - [2023-05-06T20:56:35.607+0000] {taskmixin.py:211} WARNING - Dependency <Task(_PythonDecoratedOperator): print_the_context>, log_sql_query already registered for DAG: example_python_operator
[2023-05-06T20:56:35.609+0000] {logging_mixin.py:149} INFO - [2023-05-06T20:56:35.608+0000] {taskmixin.py:211} WARNING - Dependency <Task(_PythonDecoratedOperator): log_sql_query>, print_the_context already registered for DAG: example_python_operator
[2023-05-06T20:56:35.611+0000] {logging_mixin.py:149} INFO - [2023-05-06T20:56:35.611+0000] {taskmixin.py:211} WARNING - Dependency <Task(_PythonDecoratedOperator): print_the_context>, log_sql_query already registered for DAG: example_python_operator
[2023-05-06T20:56:35.612+0000] {logging_mixin.py:149} INFO - [2023-05-06T20:56:35.612+0000] {taskmixin.py:211} WARNING - Dependency <Task(_PythonDecoratedOperator): log_sql_query>, print_the_context already registered for DAG: example_python_operator
[2023-05-06T20:56:35.614+0000] {logging_mixin.py:149} INFO - [2023-05-06T20:56:35.614+0000] {taskmixin.py:211} WARNING - Dependency <Task(_PythonDecoratedOperator): print_the_context>, log_sql_query already registered for DAG: example_python_operator
[2023-05-06T20:56:35.615+0000] {logging_mixin.py:149} INFO - [2023-05-06T20:56:35.614+0000] {taskmixin.py:211} WARNING - Dependency <Task(_PythonDecoratedOperator): log_sql_query>, print_the_context already registered for DAG: example_python_operator
[2023-05-06T20:56:35.620+0000] {processor.py:809} INFO - DAG(s) dict_keys(['example_python_operator']) retrieved from /home/airflow/.local/lib/python3.7/site-packages/airflow/example_dags/example_python_operator.py
[2023-05-06T20:56:35.652+0000] {logging_mixin.py:149} INFO - [2023-05-06T20:56:35.652+0000] {dag.py:2726} INFO - Sync 1 DAGs
[2023-05-06T20:56:35.692+0000] {logging_mixin.py:149} INFO - [2023-05-06T20:56:35.692+0000] {dag.py:3490} INFO - Setting next_dagrun for example_python_operator to None, run_after=None
[2023-05-06T20:56:35.785+0000] {processor.py:178} INFO - Processing /home/airflow/.local/lib/python3.7/site-packages/airflow/example_dags/example_python_operator.py took 0.369 seconds
[2023-05-06T20:57:06.366+0000] {processor.py:156} INFO - Started process (PID=1023) to work on /home/airflow/.local/lib/python3.7/site-packages/airflow/example_dags/example_python_operator.py
[2023-05-06T20:57:06.371+0000] {processor.py:799} INFO - Processing file /home/airflow/.local/lib/python3.7/site-packages/airflow/example_dags/example_python_operator.py for tasks to queue
[2023-05-06T20:57:06.377+0000] {logging_mixin.py:149} INFO - [2023-05-06T20:57:06.376+0000] {dagbag.py:541} INFO - Filling up the DagBag from /home/airflow/.local/lib/python3.7/site-packages/airflow/example_dags/example_python_operator.py
[2023-05-06T20:57:06.397+0000] {logging_mixin.py:149} INFO - [2023-05-06T20:57:06.397+0000] {taskmixin.py:211} WARNING - Dependency <Task(_PythonDecoratedOperator): print_the_context>, log_sql_query already registered for DAG: example_python_operator
[2023-05-06T20:57:06.399+0000] {logging_mixin.py:149} INFO - [2023-05-06T20:57:06.399+0000] {taskmixin.py:211} WARNING - Dependency <Task(_PythonDecoratedOperator): log_sql_query>, print_the_context already registered for DAG: example_python_operator
[2023-05-06T20:57:06.403+0000] {logging_mixin.py:149} INFO - [2023-05-06T20:57:06.402+0000] {taskmixin.py:211} WARNING - Dependency <Task(_PythonDecoratedOperator): print_the_context>, log_sql_query already registered for DAG: example_python_operator
[2023-05-06T20:57:06.405+0000] {logging_mixin.py:149} INFO - [2023-05-06T20:57:06.404+0000] {taskmixin.py:211} WARNING - Dependency <Task(_PythonDecoratedOperator): log_sql_query>, print_the_context already registered for DAG: example_python_operator
[2023-05-06T20:57:06.408+0000] {logging_mixin.py:149} INFO - [2023-05-06T20:57:06.408+0000] {taskmixin.py:211} WARNING - Dependency <Task(_PythonDecoratedOperator): print_the_context>, log_sql_query already registered for DAG: example_python_operator
[2023-05-06T20:57:06.410+0000] {logging_mixin.py:149} INFO - [2023-05-06T20:57:06.410+0000] {taskmixin.py:211} WARNING - Dependency <Task(_PythonDecoratedOperator): log_sql_query>, print_the_context already registered for DAG: example_python_operator
[2023-05-06T20:57:06.414+0000] {logging_mixin.py:149} INFO - [2023-05-06T20:57:06.413+0000] {taskmixin.py:211} WARNING - Dependency <Task(_PythonDecoratedOperator): print_the_context>, log_sql_query already registered for DAG: example_python_operator
[2023-05-06T20:57:06.416+0000] {logging_mixin.py:149} INFO - [2023-05-06T20:57:06.416+0000] {taskmixin.py:211} WARNING - Dependency <Task(_PythonDecoratedOperator): log_sql_query>, print_the_context already registered for DAG: example_python_operator
[2023-05-06T20:57:06.424+0000] {processor.py:809} INFO - DAG(s) dict_keys(['example_python_operator']) retrieved from /home/airflow/.local/lib/python3.7/site-packages/airflow/example_dags/example_python_operator.py
[2023-05-06T20:57:06.464+0000] {logging_mixin.py:149} INFO - [2023-05-06T20:57:06.464+0000] {dag.py:2726} INFO - Sync 1 DAGs
[2023-05-06T20:57:06.504+0000] {logging_mixin.py:149} INFO - [2023-05-06T20:57:06.504+0000] {dag.py:3490} INFO - Setting next_dagrun for example_python_operator to None, run_after=None
[2023-05-06T20:57:06.532+0000] {processor.py:178} INFO - Processing /home/airflow/.local/lib/python3.7/site-packages/airflow/example_dags/example_python_operator.py took 0.174 seconds
[2023-05-06T20:57:37.002+0000] {processor.py:156} INFO - Started process (PID=1264) to work on /home/airflow/.local/lib/python3.7/site-packages/airflow/example_dags/example_python_operator.py
[2023-05-06T20:57:37.005+0000] {processor.py:799} INFO - Processing file /home/airflow/.local/lib/python3.7/site-packages/airflow/example_dags/example_python_operator.py for tasks to queue
[2023-05-06T20:57:37.008+0000] {logging_mixin.py:149} INFO - [2023-05-06T20:57:37.007+0000] {dagbag.py:541} INFO - Filling up the DagBag from /home/airflow/.local/lib/python3.7/site-packages/airflow/example_dags/example_python_operator.py
[2023-05-06T20:57:37.025+0000] {logging_mixin.py:149} INFO - [2023-05-06T20:57:37.025+0000] {taskmixin.py:211} WARNING - Dependency <Task(_PythonDecoratedOperator): print_the_context>, log_sql_query already registered for DAG: example_python_operator
[2023-05-06T20:57:37.028+0000] {logging_mixin.py:149} INFO - [2023-05-06T20:57:37.027+0000] {taskmixin.py:211} WARNING - Dependency <Task(_PythonDecoratedOperator): log_sql_query>, print_the_context already registered for DAG: example_python_operator
[2023-05-06T20:57:37.031+0000] {logging_mixin.py:149} INFO - [2023-05-06T20:57:37.030+0000] {taskmixin.py:211} WARNING - Dependency <Task(_PythonDecoratedOperator): print_the_context>, log_sql_query already registered for DAG: example_python_operator
[2023-05-06T20:57:37.032+0000] {logging_mixin.py:149} INFO - [2023-05-06T20:57:37.032+0000] {taskmixin.py:211} WARNING - Dependency <Task(_PythonDecoratedOperator): log_sql_query>, print_the_context already registered for DAG: example_python_operator
[2023-05-06T20:57:37.034+0000] {logging_mixin.py:149} INFO - [2023-05-06T20:57:37.034+0000] {taskmixin.py:211} WARNING - Dependency <Task(_PythonDecoratedOperator): print_the_context>, log_sql_query already registered for DAG: example_python_operator
[2023-05-06T20:57:37.036+0000] {logging_mixin.py:149} INFO - [2023-05-06T20:57:37.035+0000] {taskmixin.py:211} WARNING - Dependency <Task(_PythonDecoratedOperator): log_sql_query>, print_the_context already registered for DAG: example_python_operator
[2023-05-06T20:57:37.038+0000] {logging_mixin.py:149} INFO - [2023-05-06T20:57:37.038+0000] {taskmixin.py:211} WARNING - Dependency <Task(_PythonDecoratedOperator): print_the_context>, log_sql_query already registered for DAG: example_python_operator
[2023-05-06T20:57:37.040+0000] {logging_mixin.py:149} INFO - [2023-05-06T20:57:37.040+0000] {taskmixin.py:211} WARNING - Dependency <Task(_PythonDecoratedOperator): log_sql_query>, print_the_context already registered for DAG: example_python_operator
[2023-05-06T20:57:37.048+0000] {processor.py:809} INFO - DAG(s) dict_keys(['example_python_operator']) retrieved from /home/airflow/.local/lib/python3.7/site-packages/airflow/example_dags/example_python_operator.py
[2023-05-06T20:57:37.075+0000] {logging_mixin.py:149} INFO - [2023-05-06T20:57:37.074+0000] {dag.py:2726} INFO - Sync 1 DAGs
[2023-05-06T20:57:37.126+0000] {logging_mixin.py:149} INFO - [2023-05-06T20:57:37.126+0000] {dag.py:3490} INFO - Setting next_dagrun for example_python_operator to None, run_after=None
[2023-05-06T20:57:37.164+0000] {processor.py:178} INFO - Processing /home/airflow/.local/lib/python3.7/site-packages/airflow/example_dags/example_python_operator.py took 0.169 seconds
[2023-05-06T20:58:07.648+0000] {processor.py:156} INFO - Started process (PID=1502) to work on /home/airflow/.local/lib/python3.7/site-packages/airflow/example_dags/example_python_operator.py
[2023-05-06T20:58:07.649+0000] {processor.py:799} INFO - Processing file /home/airflow/.local/lib/python3.7/site-packages/airflow/example_dags/example_python_operator.py for tasks to queue
[2023-05-06T20:58:07.651+0000] {logging_mixin.py:149} INFO - [2023-05-06T20:58:07.651+0000] {dagbag.py:541} INFO - Filling up the DagBag from /home/airflow/.local/lib/python3.7/site-packages/airflow/example_dags/example_python_operator.py
[2023-05-06T20:58:07.661+0000] {logging_mixin.py:149} INFO - [2023-05-06T20:58:07.660+0000] {taskmixin.py:211} WARNING - Dependency <Task(_PythonDecoratedOperator): print_the_context>, log_sql_query already registered for DAG: example_python_operator
[2023-05-06T20:58:07.662+0000] {logging_mixin.py:149} INFO - [2023-05-06T20:58:07.661+0000] {taskmixin.py:211} WARNING - Dependency <Task(_PythonDecoratedOperator): log_sql_query>, print_the_context already registered for DAG: example_python_operator
[2023-05-06T20:58:07.663+0000] {logging_mixin.py:149} INFO - [2023-05-06T20:58:07.663+0000] {taskmixin.py:211} WARNING - Dependency <Task(_PythonDecoratedOperator): print_the_context>, log_sql_query already registered for DAG: example_python_operator
[2023-05-06T20:58:07.664+0000] {logging_mixin.py:149} INFO - [2023-05-06T20:58:07.664+0000] {taskmixin.py:211} WARNING - Dependency <Task(_PythonDecoratedOperator): log_sql_query>, print_the_context already registered for DAG: example_python_operator
[2023-05-06T20:58:07.666+0000] {logging_mixin.py:149} INFO - [2023-05-06T20:58:07.665+0000] {taskmixin.py:211} WARNING - Dependency <Task(_PythonDecoratedOperator): print_the_context>, log_sql_query already registered for DAG: example_python_operator
[2023-05-06T20:58:07.667+0000] {logging_mixin.py:149} INFO - [2023-05-06T20:58:07.666+0000] {taskmixin.py:211} WARNING - Dependency <Task(_PythonDecoratedOperator): log_sql_query>, print_the_context already registered for DAG: example_python_operator
[2023-05-06T20:58:07.668+0000] {logging_mixin.py:149} INFO - [2023-05-06T20:58:07.668+0000] {taskmixin.py:211} WARNING - Dependency <Task(_PythonDecoratedOperator): print_the_context>, log_sql_query already registered for DAG: example_python_operator
[2023-05-06T20:58:07.669+0000] {logging_mixin.py:149} INFO - [2023-05-06T20:58:07.669+0000] {taskmixin.py:211} WARNING - Dependency <Task(_PythonDecoratedOperator): log_sql_query>, print_the_context already registered for DAG: example_python_operator
[2023-05-06T20:58:07.674+0000] {processor.py:809} INFO - DAG(s) dict_keys(['example_python_operator']) retrieved from /home/airflow/.local/lib/python3.7/site-packages/airflow/example_dags/example_python_operator.py
[2023-05-06T20:58:07.770+0000] {logging_mixin.py:149} INFO - [2023-05-06T20:58:07.769+0000] {dag.py:2726} INFO - Sync 1 DAGs
[2023-05-06T20:58:07.806+0000] {logging_mixin.py:149} INFO - [2023-05-06T20:58:07.806+0000] {dag.py:3490} INFO - Setting next_dagrun for example_python_operator to None, run_after=None
[2023-05-06T20:58:07.838+0000] {processor.py:178} INFO - Processing /home/airflow/.local/lib/python3.7/site-packages/airflow/example_dags/example_python_operator.py took 0.195 seconds
[2023-05-06T20:58:38.646+0000] {processor.py:156} INFO - Started process (PID=1741) to work on /home/airflow/.local/lib/python3.7/site-packages/airflow/example_dags/example_python_operator.py
[2023-05-06T20:58:38.648+0000] {processor.py:799} INFO - Processing file /home/airflow/.local/lib/python3.7/site-packages/airflow/example_dags/example_python_operator.py for tasks to queue
[2023-05-06T20:58:38.650+0000] {logging_mixin.py:149} INFO - [2023-05-06T20:58:38.650+0000] {dagbag.py:541} INFO - Filling up the DagBag from /home/airflow/.local/lib/python3.7/site-packages/airflow/example_dags/example_python_operator.py
[2023-05-06T20:58:38.664+0000] {logging_mixin.py:149} INFO - [2023-05-06T20:58:38.664+0000] {taskmixin.py:211} WARNING - Dependency <Task(_PythonDecoratedOperator): print_the_context>, log_sql_query already registered for DAG: example_python_operator
[2023-05-06T20:58:38.666+0000] {logging_mixin.py:149} INFO - [2023-05-06T20:58:38.666+0000] {taskmixin.py:211} WARNING - Dependency <Task(_PythonDecoratedOperator): log_sql_query>, print_the_context already registered for DAG: example_python_operator
[2023-05-06T20:58:38.669+0000] {logging_mixin.py:149} INFO - [2023-05-06T20:58:38.669+0000] {taskmixin.py:211} WARNING - Dependency <Task(_PythonDecoratedOperator): print_the_context>, log_sql_query already registered for DAG: example_python_operator
[2023-05-06T20:58:38.670+0000] {logging_mixin.py:149} INFO - [2023-05-06T20:58:38.670+0000] {taskmixin.py:211} WARNING - Dependency <Task(_PythonDecoratedOperator): log_sql_query>, print_the_context already registered for DAG: example_python_operator
[2023-05-06T20:58:38.672+0000] {logging_mixin.py:149} INFO - [2023-05-06T20:58:38.672+0000] {taskmixin.py:211} WARNING - Dependency <Task(_PythonDecoratedOperator): print_the_context>, log_sql_query already registered for DAG: example_python_operator
[2023-05-06T20:58:38.673+0000] {logging_mixin.py:149} INFO - [2023-05-06T20:58:38.673+0000] {taskmixin.py:211} WARNING - Dependency <Task(_PythonDecoratedOperator): log_sql_query>, print_the_context already registered for DAG: example_python_operator
[2023-05-06T20:58:38.675+0000] {logging_mixin.py:149} INFO - [2023-05-06T20:58:38.675+0000] {taskmixin.py:211} WARNING - Dependency <Task(_PythonDecoratedOperator): print_the_context>, log_sql_query already registered for DAG: example_python_operator
[2023-05-06T20:58:38.676+0000] {logging_mixin.py:149} INFO - [2023-05-06T20:58:38.676+0000] {taskmixin.py:211} WARNING - Dependency <Task(_PythonDecoratedOperator): log_sql_query>, print_the_context already registered for DAG: example_python_operator
[2023-05-06T20:58:38.687+0000] {processor.py:809} INFO - DAG(s) dict_keys(['example_python_operator']) retrieved from /home/airflow/.local/lib/python3.7/site-packages/airflow/example_dags/example_python_operator.py
[2023-05-06T20:58:38.728+0000] {logging_mixin.py:149} INFO - [2023-05-06T20:58:38.728+0000] {dag.py:2726} INFO - Sync 1 DAGs
[2023-05-06T20:58:38.781+0000] {logging_mixin.py:149} INFO - [2023-05-06T20:58:38.780+0000] {dag.py:3490} INFO - Setting next_dagrun for example_python_operator to None, run_after=None
[2023-05-06T20:58:38.823+0000] {processor.py:178} INFO - Processing /home/airflow/.local/lib/python3.7/site-packages/airflow/example_dags/example_python_operator.py took 0.183 seconds
[2023-05-06T20:59:09.710+0000] {processor.py:156} INFO - Started process (PID=1979) to work on /home/airflow/.local/lib/python3.7/site-packages/airflow/example_dags/example_python_operator.py
[2023-05-06T20:59:09.712+0000] {processor.py:799} INFO - Processing file /home/airflow/.local/lib/python3.7/site-packages/airflow/example_dags/example_python_operator.py for tasks to queue
[2023-05-06T20:59:09.714+0000] {logging_mixin.py:149} INFO - [2023-05-06T20:59:09.714+0000] {dagbag.py:541} INFO - Filling up the DagBag from /home/airflow/.local/lib/python3.7/site-packages/airflow/example_dags/example_python_operator.py
[2023-05-06T20:59:09.723+0000] {logging_mixin.py:149} INFO - [2023-05-06T20:59:09.723+0000] {taskmixin.py:211} WARNING - Dependency <Task(_PythonDecoratedOperator): print_the_context>, log_sql_query already registered for DAG: example_python_operator
[2023-05-06T20:59:09.724+0000] {logging_mixin.py:149} INFO - [2023-05-06T20:59:09.724+0000] {taskmixin.py:211} WARNING - Dependency <Task(_PythonDecoratedOperator): log_sql_query>, print_the_context already registered for DAG: example_python_operator
[2023-05-06T20:59:09.727+0000] {logging_mixin.py:149} INFO - [2023-05-06T20:59:09.727+0000] {taskmixin.py:211} WARNING - Dependency <Task(_PythonDecoratedOperator): print_the_context>, log_sql_query already registered for DAG: example_python_operator
[2023-05-06T20:59:09.729+0000] {logging_mixin.py:149} INFO - [2023-05-06T20:59:09.729+0000] {taskmixin.py:211} WARNING - Dependency <Task(_PythonDecoratedOperator): log_sql_query>, print_the_context already registered for DAG: example_python_operator
[2023-05-06T20:59:09.731+0000] {logging_mixin.py:149} INFO - [2023-05-06T20:59:09.731+0000] {taskmixin.py:211} WARNING - Dependency <Task(_PythonDecoratedOperator): print_the_context>, log_sql_query already registered for DAG: example_python_operator
[2023-05-06T20:59:09.732+0000] {logging_mixin.py:149} INFO - [2023-05-06T20:59:09.732+0000] {taskmixin.py:211} WARNING - Dependency <Task(_PythonDecoratedOperator): log_sql_query>, print_the_context already registered for DAG: example_python_operator
[2023-05-06T20:59:09.734+0000] {logging_mixin.py:149} INFO - [2023-05-06T20:59:09.733+0000] {taskmixin.py:211} WARNING - Dependency <Task(_PythonDecoratedOperator): print_the_context>, log_sql_query already registered for DAG: example_python_operator
[2023-05-06T20:59:09.735+0000] {logging_mixin.py:149} INFO - [2023-05-06T20:59:09.735+0000] {taskmixin.py:211} WARNING - Dependency <Task(_PythonDecoratedOperator): log_sql_query>, print_the_context already registered for DAG: example_python_operator
[2023-05-06T20:59:09.741+0000] {processor.py:809} INFO - DAG(s) dict_keys(['example_python_operator']) retrieved from /home/airflow/.local/lib/python3.7/site-packages/airflow/example_dags/example_python_operator.py
[2023-05-06T20:59:09.780+0000] {logging_mixin.py:149} INFO - [2023-05-06T20:59:09.780+0000] {dag.py:2726} INFO - Sync 1 DAGs
[2023-05-06T20:59:09.815+0000] {logging_mixin.py:149} INFO - [2023-05-06T20:59:09.815+0000] {dag.py:3490} INFO - Setting next_dagrun for example_python_operator to None, run_after=None
[2023-05-06T20:59:09.854+0000] {processor.py:178} INFO - Processing /home/airflow/.local/lib/python3.7/site-packages/airflow/example_dags/example_python_operator.py took 0.148 seconds
[2023-05-06T20:59:40.671+0000] {processor.py:156} INFO - Started process (PID=2217) to work on /home/airflow/.local/lib/python3.7/site-packages/airflow/example_dags/example_python_operator.py
[2023-05-06T20:59:40.673+0000] {processor.py:799} INFO - Processing file /home/airflow/.local/lib/python3.7/site-packages/airflow/example_dags/example_python_operator.py for tasks to queue
[2023-05-06T20:59:40.675+0000] {logging_mixin.py:149} INFO - [2023-05-06T20:59:40.674+0000] {dagbag.py:541} INFO - Filling up the DagBag from /home/airflow/.local/lib/python3.7/site-packages/airflow/example_dags/example_python_operator.py
[2023-05-06T20:59:40.688+0000] {logging_mixin.py:149} INFO - [2023-05-06T20:59:40.687+0000] {taskmixin.py:211} WARNING - Dependency <Task(_PythonDecoratedOperator): print_the_context>, log_sql_query already registered for DAG: example_python_operator
[2023-05-06T20:59:40.689+0000] {logging_mixin.py:149} INFO - [2023-05-06T20:59:40.689+0000] {taskmixin.py:211} WARNING - Dependency <Task(_PythonDecoratedOperator): log_sql_query>, print_the_context already registered for DAG: example_python_operator
[2023-05-06T20:59:40.692+0000] {logging_mixin.py:149} INFO - [2023-05-06T20:59:40.691+0000] {taskmixin.py:211} WARNING - Dependency <Task(_PythonDecoratedOperator): print_the_context>, log_sql_query already registered for DAG: example_python_operator
[2023-05-06T20:59:40.693+0000] {logging_mixin.py:149} INFO - [2023-05-06T20:59:40.693+0000] {taskmixin.py:211} WARNING - Dependency <Task(_PythonDecoratedOperator): log_sql_query>, print_the_context already registered for DAG: example_python_operator
[2023-05-06T20:59:40.695+0000] {logging_mixin.py:149} INFO - [2023-05-06T20:59:40.695+0000] {taskmixin.py:211} WARNING - Dependency <Task(_PythonDecoratedOperator): print_the_context>, log_sql_query already registered for DAG: example_python_operator
[2023-05-06T20:59:40.696+0000] {logging_mixin.py:149} INFO - [2023-05-06T20:59:40.696+0000] {taskmixin.py:211} WARNING - Dependency <Task(_PythonDecoratedOperator): log_sql_query>, print_the_context already registered for DAG: example_python_operator
[2023-05-06T20:59:40.698+0000] {logging_mixin.py:149} INFO - [2023-05-06T20:59:40.698+0000] {taskmixin.py:211} WARNING - Dependency <Task(_PythonDecoratedOperator): print_the_context>, log_sql_query already registered for DAG: example_python_operator
[2023-05-06T20:59:40.699+0000] {logging_mixin.py:149} INFO - [2023-05-06T20:59:40.699+0000] {taskmixin.py:211} WARNING - Dependency <Task(_PythonDecoratedOperator): log_sql_query>, print_the_context already registered for DAG: example_python_operator
[2023-05-06T20:59:40.704+0000] {processor.py:809} INFO - DAG(s) dict_keys(['example_python_operator']) retrieved from /home/airflow/.local/lib/python3.7/site-packages/airflow/example_dags/example_python_operator.py
[2023-05-06T20:59:40.749+0000] {logging_mixin.py:149} INFO - [2023-05-06T20:59:40.748+0000] {dag.py:2726} INFO - Sync 1 DAGs
[2023-05-06T20:59:40.791+0000] {logging_mixin.py:149} INFO - [2023-05-06T20:59:40.791+0000] {dag.py:3490} INFO - Setting next_dagrun for example_python_operator to None, run_after=None
[2023-05-06T20:59:40.825+0000] {processor.py:178} INFO - Processing /home/airflow/.local/lib/python3.7/site-packages/airflow/example_dags/example_python_operator.py took 0.158 seconds
[2023-05-06T21:00:11.015+0000] {processor.py:156} INFO - Started process (PID=2457) to work on /home/airflow/.local/lib/python3.7/site-packages/airflow/example_dags/example_python_operator.py
[2023-05-06T21:00:11.019+0000] {processor.py:799} INFO - Processing file /home/airflow/.local/lib/python3.7/site-packages/airflow/example_dags/example_python_operator.py for tasks to queue
[2023-05-06T21:00:11.021+0000] {logging_mixin.py:149} INFO - [2023-05-06T21:00:11.021+0000] {dagbag.py:541} INFO - Filling up the DagBag from /home/airflow/.local/lib/python3.7/site-packages/airflow/example_dags/example_python_operator.py
[2023-05-06T21:00:11.031+0000] {logging_mixin.py:149} INFO - [2023-05-06T21:00:11.030+0000] {taskmixin.py:211} WARNING - Dependency <Task(_PythonDecoratedOperator): print_the_context>, log_sql_query already registered for DAG: example_python_operator
[2023-05-06T21:00:11.032+0000] {logging_mixin.py:149} INFO - [2023-05-06T21:00:11.032+0000] {taskmixin.py:211} WARNING - Dependency <Task(_PythonDecoratedOperator): log_sql_query>, print_the_context already registered for DAG: example_python_operator
[2023-05-06T21:00:11.035+0000] {logging_mixin.py:149} INFO - [2023-05-06T21:00:11.035+0000] {taskmixin.py:211} WARNING - Dependency <Task(_PythonDecoratedOperator): print_the_context>, log_sql_query already registered for DAG: example_python_operator
[2023-05-06T21:00:11.036+0000] {logging_mixin.py:149} INFO - [2023-05-06T21:00:11.036+0000] {taskmixin.py:211} WARNING - Dependency <Task(_PythonDecoratedOperator): log_sql_query>, print_the_context already registered for DAG: example_python_operator
[2023-05-06T21:00:11.038+0000] {logging_mixin.py:149} INFO - [2023-05-06T21:00:11.038+0000] {taskmixin.py:211} WARNING - Dependency <Task(_PythonDecoratedOperator): print_the_context>, log_sql_query already registered for DAG: example_python_operator
[2023-05-06T21:00:11.038+0000] {logging_mixin.py:149} INFO - [2023-05-06T21:00:11.038+0000] {taskmixin.py:211} WARNING - Dependency <Task(_PythonDecoratedOperator): log_sql_query>, print_the_context already registered for DAG: example_python_operator
[2023-05-06T21:00:11.040+0000] {logging_mixin.py:149} INFO - [2023-05-06T21:00:11.040+0000] {taskmixin.py:211} WARNING - Dependency <Task(_PythonDecoratedOperator): print_the_context>, log_sql_query already registered for DAG: example_python_operator
[2023-05-06T21:00:11.041+0000] {logging_mixin.py:149} INFO - [2023-05-06T21:00:11.040+0000] {taskmixin.py:211} WARNING - Dependency <Task(_PythonDecoratedOperator): log_sql_query>, print_the_context already registered for DAG: example_python_operator
[2023-05-06T21:00:11.046+0000] {processor.py:809} INFO - DAG(s) dict_keys(['example_python_operator']) retrieved from /home/airflow/.local/lib/python3.7/site-packages/airflow/example_dags/example_python_operator.py
[2023-05-06T21:00:11.064+0000] {logging_mixin.py:149} INFO - [2023-05-06T21:00:11.064+0000] {dag.py:2726} INFO - Sync 1 DAGs
[2023-05-06T21:00:11.103+0000] {logging_mixin.py:149} INFO - [2023-05-06T21:00:11.103+0000] {dag.py:3490} INFO - Setting next_dagrun for example_python_operator to None, run_after=None
[2023-05-06T21:00:11.132+0000] {processor.py:178} INFO - Processing /home/airflow/.local/lib/python3.7/site-packages/airflow/example_dags/example_python_operator.py took 0.123 seconds
[2023-05-06T21:00:41.428+0000] {processor.py:156} INFO - Started process (PID=2693) to work on /home/airflow/.local/lib/python3.7/site-packages/airflow/example_dags/example_python_operator.py
[2023-05-06T21:00:41.431+0000] {processor.py:799} INFO - Processing file /home/airflow/.local/lib/python3.7/site-packages/airflow/example_dags/example_python_operator.py for tasks to queue
[2023-05-06T21:00:41.436+0000] {logging_mixin.py:149} INFO - [2023-05-06T21:00:41.435+0000] {dagbag.py:541} INFO - Filling up the DagBag from /home/airflow/.local/lib/python3.7/site-packages/airflow/example_dags/example_python_operator.py
[2023-05-06T21:00:41.457+0000] {logging_mixin.py:149} INFO - [2023-05-06T21:00:41.456+0000] {taskmixin.py:211} WARNING - Dependency <Task(_PythonDecoratedOperator): print_the_context>, log_sql_query already registered for DAG: example_python_operator
[2023-05-06T21:00:41.459+0000] {logging_mixin.py:149} INFO - [2023-05-06T21:00:41.458+0000] {taskmixin.py:211} WARNING - Dependency <Task(_PythonDecoratedOperator): log_sql_query>, print_the_context already registered for DAG: example_python_operator
[2023-05-06T21:00:41.466+0000] {logging_mixin.py:149} INFO - [2023-05-06T21:00:41.465+0000] {taskmixin.py:211} WARNING - Dependency <Task(_PythonDecoratedOperator): print_the_context>, log_sql_query already registered for DAG: example_python_operator
[2023-05-06T21:00:41.469+0000] {logging_mixin.py:149} INFO - [2023-05-06T21:00:41.469+0000] {taskmixin.py:211} WARNING - Dependency <Task(_PythonDecoratedOperator): log_sql_query>, print_the_context already registered for DAG: example_python_operator
[2023-05-06T21:00:41.472+0000] {logging_mixin.py:149} INFO - [2023-05-06T21:00:41.472+0000] {taskmixin.py:211} WARNING - Dependency <Task(_PythonDecoratedOperator): print_the_context>, log_sql_query already registered for DAG: example_python_operator
[2023-05-06T21:00:41.474+0000] {logging_mixin.py:149} INFO - [2023-05-06T21:00:41.473+0000] {taskmixin.py:211} WARNING - Dependency <Task(_PythonDecoratedOperator): log_sql_query>, print_the_context already registered for DAG: example_python_operator
[2023-05-06T21:00:41.477+0000] {logging_mixin.py:149} INFO - [2023-05-06T21:00:41.477+0000] {taskmixin.py:211} WARNING - Dependency <Task(_PythonDecoratedOperator): print_the_context>, log_sql_query already registered for DAG: example_python_operator
[2023-05-06T21:00:41.479+0000] {logging_mixin.py:149} INFO - [2023-05-06T21:00:41.478+0000] {taskmixin.py:211} WARNING - Dependency <Task(_PythonDecoratedOperator): log_sql_query>, print_the_context already registered for DAG: example_python_operator
[2023-05-06T21:00:41.490+0000] {processor.py:809} INFO - DAG(s) dict_keys(['example_python_operator']) retrieved from /home/airflow/.local/lib/python3.7/site-packages/airflow/example_dags/example_python_operator.py
[2023-05-06T21:00:41.614+0000] {logging_mixin.py:149} INFO - [2023-05-06T21:00:41.614+0000] {dag.py:2726} INFO - Sync 1 DAGs
[2023-05-06T21:00:41.655+0000] {logging_mixin.py:149} INFO - [2023-05-06T21:00:41.655+0000] {dag.py:3490} INFO - Setting next_dagrun for example_python_operator to None, run_after=None
[2023-05-06T21:00:41.704+0000] {processor.py:178} INFO - Processing /home/airflow/.local/lib/python3.7/site-packages/airflow/example_dags/example_python_operator.py took 0.284 seconds
[2023-05-06T21:01:11.927+0000] {processor.py:156} INFO - Started process (PID=2931) to work on /home/airflow/.local/lib/python3.7/site-packages/airflow/example_dags/example_python_operator.py
[2023-05-06T21:01:11.930+0000] {processor.py:799} INFO - Processing file /home/airflow/.local/lib/python3.7/site-packages/airflow/example_dags/example_python_operator.py for tasks to queue
[2023-05-06T21:01:11.931+0000] {logging_mixin.py:149} INFO - [2023-05-06T21:01:11.931+0000] {dagbag.py:541} INFO - Filling up the DagBag from /home/airflow/.local/lib/python3.7/site-packages/airflow/example_dags/example_python_operator.py
[2023-05-06T21:01:11.943+0000] {logging_mixin.py:149} INFO - [2023-05-06T21:01:11.943+0000] {taskmixin.py:211} WARNING - Dependency <Task(_PythonDecoratedOperator): print_the_context>, log_sql_query already registered for DAG: example_python_operator
[2023-05-06T21:01:11.944+0000] {logging_mixin.py:149} INFO - [2023-05-06T21:01:11.944+0000] {taskmixin.py:211} WARNING - Dependency <Task(_PythonDecoratedOperator): log_sql_query>, print_the_context already registered for DAG: example_python_operator
[2023-05-06T21:01:11.946+0000] {logging_mixin.py:149} INFO - [2023-05-06T21:01:11.946+0000] {taskmixin.py:211} WARNING - Dependency <Task(_PythonDecoratedOperator): print_the_context>, log_sql_query already registered for DAG: example_python_operator
[2023-05-06T21:01:11.947+0000] {logging_mixin.py:149} INFO - [2023-05-06T21:01:11.947+0000] {taskmixin.py:211} WARNING - Dependency <Task(_PythonDecoratedOperator): log_sql_query>, print_the_context already registered for DAG: example_python_operator
[2023-05-06T21:01:11.950+0000] {logging_mixin.py:149} INFO - [2023-05-06T21:01:11.949+0000] {taskmixin.py:211} WARNING - Dependency <Task(_PythonDecoratedOperator): print_the_context>, log_sql_query already registered for DAG: example_python_operator
[2023-05-06T21:01:11.951+0000] {logging_mixin.py:149} INFO - [2023-05-06T21:01:11.951+0000] {taskmixin.py:211} WARNING - Dependency <Task(_PythonDecoratedOperator): log_sql_query>, print_the_context already registered for DAG: example_python_operator
[2023-05-06T21:01:11.952+0000] {logging_mixin.py:149} INFO - [2023-05-06T21:01:11.952+0000] {taskmixin.py:211} WARNING - Dependency <Task(_PythonDecoratedOperator): print_the_context>, log_sql_query already registered for DAG: example_python_operator
[2023-05-06T21:01:11.953+0000] {logging_mixin.py:149} INFO - [2023-05-06T21:01:11.953+0000] {taskmixin.py:211} WARNING - Dependency <Task(_PythonDecoratedOperator): log_sql_query>, print_the_context already registered for DAG: example_python_operator
[2023-05-06T21:01:11.958+0000] {processor.py:809} INFO - DAG(s) dict_keys(['example_python_operator']) retrieved from /home/airflow/.local/lib/python3.7/site-packages/airflow/example_dags/example_python_operator.py
[2023-05-06T21:01:11.994+0000] {logging_mixin.py:149} INFO - [2023-05-06T21:01:11.993+0000] {dag.py:2726} INFO - Sync 1 DAGs
[2023-05-06T21:01:12.031+0000] {logging_mixin.py:149} INFO - [2023-05-06T21:01:12.031+0000] {dag.py:3490} INFO - Setting next_dagrun for example_python_operator to None, run_after=None
[2023-05-06T21:01:12.059+0000] {processor.py:178} INFO - Processing /home/airflow/.local/lib/python3.7/site-packages/airflow/example_dags/example_python_operator.py took 0.136 seconds
[2023-05-06T21:01:42.366+0000] {processor.py:156} INFO - Started process (PID=3171) to work on /home/airflow/.local/lib/python3.7/site-packages/airflow/example_dags/example_python_operator.py
[2023-05-06T21:01:42.369+0000] {processor.py:799} INFO - Processing file /home/airflow/.local/lib/python3.7/site-packages/airflow/example_dags/example_python_operator.py for tasks to queue
[2023-05-06T21:01:42.371+0000] {logging_mixin.py:149} INFO - [2023-05-06T21:01:42.371+0000] {dagbag.py:541} INFO - Filling up the DagBag from /home/airflow/.local/lib/python3.7/site-packages/airflow/example_dags/example_python_operator.py
[2023-05-06T21:01:42.379+0000] {logging_mixin.py:149} INFO - [2023-05-06T21:01:42.379+0000] {taskmixin.py:211} WARNING - Dependency <Task(_PythonDecoratedOperator): print_the_context>, log_sql_query already registered for DAG: example_python_operator
[2023-05-06T21:01:42.381+0000] {logging_mixin.py:149} INFO - [2023-05-06T21:01:42.381+0000] {taskmixin.py:211} WARNING - Dependency <Task(_PythonDecoratedOperator): log_sql_query>, print_the_context already registered for DAG: example_python_operator
[2023-05-06T21:01:42.384+0000] {logging_mixin.py:149} INFO - [2023-05-06T21:01:42.384+0000] {taskmixin.py:211} WARNING - Dependency <Task(_PythonDecoratedOperator): print_the_context>, log_sql_query already registered for DAG: example_python_operator
[2023-05-06T21:01:42.385+0000] {logging_mixin.py:149} INFO - [2023-05-06T21:01:42.385+0000] {taskmixin.py:211} WARNING - Dependency <Task(_PythonDecoratedOperator): log_sql_query>, print_the_context already registered for DAG: example_python_operator
[2023-05-06T21:01:42.387+0000] {logging_mixin.py:149} INFO - [2023-05-06T21:01:42.387+0000] {taskmixin.py:211} WARNING - Dependency <Task(_PythonDecoratedOperator): print_the_context>, log_sql_query already registered for DAG: example_python_operator
[2023-05-06T21:01:42.388+0000] {logging_mixin.py:149} INFO - [2023-05-06T21:01:42.388+0000] {taskmixin.py:211} WARNING - Dependency <Task(_PythonDecoratedOperator): log_sql_query>, print_the_context already registered for DAG: example_python_operator
[2023-05-06T21:01:42.389+0000] {logging_mixin.py:149} INFO - [2023-05-06T21:01:42.389+0000] {taskmixin.py:211} WARNING - Dependency <Task(_PythonDecoratedOperator): print_the_context>, log_sql_query already registered for DAG: example_python_operator
[2023-05-06T21:01:42.390+0000] {logging_mixin.py:149} INFO - [2023-05-06T21:01:42.390+0000] {taskmixin.py:211} WARNING - Dependency <Task(_PythonDecoratedOperator): log_sql_query>, print_the_context already registered for DAG: example_python_operator
[2023-05-06T21:01:42.394+0000] {processor.py:809} INFO - DAG(s) dict_keys(['example_python_operator']) retrieved from /home/airflow/.local/lib/python3.7/site-packages/airflow/example_dags/example_python_operator.py
[2023-05-06T21:01:42.430+0000] {logging_mixin.py:149} INFO - [2023-05-06T21:01:42.429+0000] {dag.py:2726} INFO - Sync 1 DAGs
[2023-05-06T21:01:42.467+0000] {logging_mixin.py:149} INFO - [2023-05-06T21:01:42.467+0000] {dag.py:3490} INFO - Setting next_dagrun for example_python_operator to None, run_after=None
[2023-05-06T21:01:42.507+0000] {processor.py:178} INFO - Processing /home/airflow/.local/lib/python3.7/site-packages/airflow/example_dags/example_python_operator.py took 0.144 seconds
[2023-05-06T21:02:12.730+0000] {processor.py:156} INFO - Started process (PID=3407) to work on /home/airflow/.local/lib/python3.7/site-packages/airflow/example_dags/example_python_operator.py
[2023-05-06T21:02:12.732+0000] {processor.py:799} INFO - Processing file /home/airflow/.local/lib/python3.7/site-packages/airflow/example_dags/example_python_operator.py for tasks to queue
[2023-05-06T21:02:12.733+0000] {logging_mixin.py:149} INFO - [2023-05-06T21:02:12.733+0000] {dagbag.py:541} INFO - Filling up the DagBag from /home/airflow/.local/lib/python3.7/site-packages/airflow/example_dags/example_python_operator.py
[2023-05-06T21:02:12.743+0000] {logging_mixin.py:149} INFO - [2023-05-06T21:02:12.743+0000] {taskmixin.py:211} WARNING - Dependency <Task(_PythonDecoratedOperator): print_the_context>, log_sql_query already registered for DAG: example_python_operator
[2023-05-06T21:02:12.744+0000] {logging_mixin.py:149} INFO - [2023-05-06T21:02:12.744+0000] {taskmixin.py:211} WARNING - Dependency <Task(_PythonDecoratedOperator): log_sql_query>, print_the_context already registered for DAG: example_python_operator
[2023-05-06T21:02:12.745+0000] {logging_mixin.py:149} INFO - [2023-05-06T21:02:12.745+0000] {taskmixin.py:211} WARNING - Dependency <Task(_PythonDecoratedOperator): print_the_context>, log_sql_query already registered for DAG: example_python_operator
[2023-05-06T21:02:12.746+0000] {logging_mixin.py:149} INFO - [2023-05-06T21:02:12.746+0000] {taskmixin.py:211} WARNING - Dependency <Task(_PythonDecoratedOperator): log_sql_query>, print_the_context already registered for DAG: example_python_operator
[2023-05-06T21:02:12.747+0000] {logging_mixin.py:149} INFO - [2023-05-06T21:02:12.747+0000] {taskmixin.py:211} WARNING - Dependency <Task(_PythonDecoratedOperator): print_the_context>, log_sql_query already registered for DAG: example_python_operator
[2023-05-06T21:02:12.749+0000] {logging_mixin.py:149} INFO - [2023-05-06T21:02:12.749+0000] {taskmixin.py:211} WARNING - Dependency <Task(_PythonDecoratedOperator): log_sql_query>, print_the_context already registered for DAG: example_python_operator
[2023-05-06T21:02:12.752+0000] {logging_mixin.py:149} INFO - [2023-05-06T21:02:12.751+0000] {taskmixin.py:211} WARNING - Dependency <Task(_PythonDecoratedOperator): print_the_context>, log_sql_query already registered for DAG: example_python_operator
[2023-05-06T21:02:12.753+0000] {logging_mixin.py:149} INFO - [2023-05-06T21:02:12.753+0000] {taskmixin.py:211} WARNING - Dependency <Task(_PythonDecoratedOperator): log_sql_query>, print_the_context already registered for DAG: example_python_operator
[2023-05-06T21:02:12.757+0000] {processor.py:809} INFO - DAG(s) dict_keys(['example_python_operator']) retrieved from /home/airflow/.local/lib/python3.7/site-packages/airflow/example_dags/example_python_operator.py
[2023-05-06T21:02:12.791+0000] {logging_mixin.py:149} INFO - [2023-05-06T21:02:12.791+0000] {dag.py:2726} INFO - Sync 1 DAGs
[2023-05-06T21:02:12.824+0000] {logging_mixin.py:149} INFO - [2023-05-06T21:02:12.824+0000] {dag.py:3490} INFO - Setting next_dagrun for example_python_operator to None, run_after=None
[2023-05-06T21:02:12.852+0000] {processor.py:178} INFO - Processing /home/airflow/.local/lib/python3.7/site-packages/airflow/example_dags/example_python_operator.py took 0.126 seconds
[2023-05-06T21:02:43.155+0000] {processor.py:156} INFO - Started process (PID=3645) to work on /home/airflow/.local/lib/python3.7/site-packages/airflow/example_dags/example_python_operator.py
[2023-05-06T21:02:43.157+0000] {processor.py:799} INFO - Processing file /home/airflow/.local/lib/python3.7/site-packages/airflow/example_dags/example_python_operator.py for tasks to queue
[2023-05-06T21:02:43.158+0000] {logging_mixin.py:149} INFO - [2023-05-06T21:02:43.158+0000] {dagbag.py:541} INFO - Filling up the DagBag from /home/airflow/.local/lib/python3.7/site-packages/airflow/example_dags/example_python_operator.py
[2023-05-06T21:02:43.170+0000] {logging_mixin.py:149} INFO - [2023-05-06T21:02:43.170+0000] {taskmixin.py:211} WARNING - Dependency <Task(_PythonDecoratedOperator): print_the_context>, log_sql_query already registered for DAG: example_python_operator
[2023-05-06T21:02:43.171+0000] {logging_mixin.py:149} INFO - [2023-05-06T21:02:43.171+0000] {taskmixin.py:211} WARNING - Dependency <Task(_PythonDecoratedOperator): log_sql_query>, print_the_context already registered for DAG: example_python_operator
[2023-05-06T21:02:43.172+0000] {logging_mixin.py:149} INFO - [2023-05-06T21:02:43.172+0000] {taskmixin.py:211} WARNING - Dependency <Task(_PythonDecoratedOperator): print_the_context>, log_sql_query already registered for DAG: example_python_operator
[2023-05-06T21:02:43.173+0000] {logging_mixin.py:149} INFO - [2023-05-06T21:02:43.173+0000] {taskmixin.py:211} WARNING - Dependency <Task(_PythonDecoratedOperator): log_sql_query>, print_the_context already registered for DAG: example_python_operator
[2023-05-06T21:02:43.175+0000] {logging_mixin.py:149} INFO - [2023-05-06T21:02:43.175+0000] {taskmixin.py:211} WARNING - Dependency <Task(_PythonDecoratedOperator): print_the_context>, log_sql_query already registered for DAG: example_python_operator
[2023-05-06T21:02:43.175+0000] {logging_mixin.py:149} INFO - [2023-05-06T21:02:43.175+0000] {taskmixin.py:211} WARNING - Dependency <Task(_PythonDecoratedOperator): log_sql_query>, print_the_context already registered for DAG: example_python_operator
[2023-05-06T21:02:43.177+0000] {logging_mixin.py:149} INFO - [2023-05-06T21:02:43.177+0000] {taskmixin.py:211} WARNING - Dependency <Task(_PythonDecoratedOperator): print_the_context>, log_sql_query already registered for DAG: example_python_operator
[2023-05-06T21:02:43.179+0000] {logging_mixin.py:149} INFO - [2023-05-06T21:02:43.178+0000] {taskmixin.py:211} WARNING - Dependency <Task(_PythonDecoratedOperator): log_sql_query>, print_the_context already registered for DAG: example_python_operator
[2023-05-06T21:02:43.184+0000] {processor.py:809} INFO - DAG(s) dict_keys(['example_python_operator']) retrieved from /home/airflow/.local/lib/python3.7/site-packages/airflow/example_dags/example_python_operator.py
[2023-05-06T21:02:43.221+0000] {logging_mixin.py:149} INFO - [2023-05-06T21:02:43.221+0000] {dag.py:2726} INFO - Sync 1 DAGs
[2023-05-06T21:02:43.258+0000] {logging_mixin.py:149} INFO - [2023-05-06T21:02:43.258+0000] {dag.py:3490} INFO - Setting next_dagrun for example_python_operator to None, run_after=None
[2023-05-06T21:02:43.287+0000] {processor.py:178} INFO - Processing /home/airflow/.local/lib/python3.7/site-packages/airflow/example_dags/example_python_operator.py took 0.136 seconds
[2023-05-06T21:03:14.067+0000] {processor.py:156} INFO - Started process (PID=3883) to work on /home/airflow/.local/lib/python3.7/site-packages/airflow/example_dags/example_python_operator.py
[2023-05-06T21:03:14.069+0000] {processor.py:799} INFO - Processing file /home/airflow/.local/lib/python3.7/site-packages/airflow/example_dags/example_python_operator.py for tasks to queue
[2023-05-06T21:03:14.070+0000] {logging_mixin.py:149} INFO - [2023-05-06T21:03:14.070+0000] {dagbag.py:541} INFO - Filling up the DagBag from /home/airflow/.local/lib/python3.7/site-packages/airflow/example_dags/example_python_operator.py
[2023-05-06T21:03:14.080+0000] {logging_mixin.py:149} INFO - [2023-05-06T21:03:14.080+0000] {taskmixin.py:211} WARNING - Dependency <Task(_PythonDecoratedOperator): print_the_context>, log_sql_query already registered for DAG: example_python_operator
[2023-05-06T21:03:14.081+0000] {logging_mixin.py:149} INFO - [2023-05-06T21:03:14.081+0000] {taskmixin.py:211} WARNING - Dependency <Task(_PythonDecoratedOperator): log_sql_query>, print_the_context already registered for DAG: example_python_operator
[2023-05-06T21:03:14.082+0000] {logging_mixin.py:149} INFO - [2023-05-06T21:03:14.082+0000] {taskmixin.py:211} WARNING - Dependency <Task(_PythonDecoratedOperator): print_the_context>, log_sql_query already registered for DAG: example_python_operator
[2023-05-06T21:03:14.083+0000] {logging_mixin.py:149} INFO - [2023-05-06T21:03:14.083+0000] {taskmixin.py:211} WARNING - Dependency <Task(_PythonDecoratedOperator): log_sql_query>, print_the_context already registered for DAG: example_python_operator
[2023-05-06T21:03:14.085+0000] {logging_mixin.py:149} INFO - [2023-05-06T21:03:14.084+0000] {taskmixin.py:211} WARNING - Dependency <Task(_PythonDecoratedOperator): print_the_context>, log_sql_query already registered for DAG: example_python_operator
[2023-05-06T21:03:14.086+0000] {logging_mixin.py:149} INFO - [2023-05-06T21:03:14.085+0000] {taskmixin.py:211} WARNING - Dependency <Task(_PythonDecoratedOperator): log_sql_query>, print_the_context already registered for DAG: example_python_operator
[2023-05-06T21:03:14.087+0000] {logging_mixin.py:149} INFO - [2023-05-06T21:03:14.087+0000] {taskmixin.py:211} WARNING - Dependency <Task(_PythonDecoratedOperator): print_the_context>, log_sql_query already registered for DAG: example_python_operator
[2023-05-06T21:03:14.088+0000] {logging_mixin.py:149} INFO - [2023-05-06T21:03:14.088+0000] {taskmixin.py:211} WARNING - Dependency <Task(_PythonDecoratedOperator): log_sql_query>, print_the_context already registered for DAG: example_python_operator
[2023-05-06T21:03:14.093+0000] {processor.py:809} INFO - DAG(s) dict_keys(['example_python_operator']) retrieved from /home/airflow/.local/lib/python3.7/site-packages/airflow/example_dags/example_python_operator.py
[2023-05-06T21:03:14.132+0000] {logging_mixin.py:149} INFO - [2023-05-06T21:03:14.132+0000] {dag.py:2726} INFO - Sync 1 DAGs
[2023-05-06T21:03:14.171+0000] {logging_mixin.py:149} INFO - [2023-05-06T21:03:14.170+0000] {dag.py:3490} INFO - Setting next_dagrun for example_python_operator to None, run_after=None
[2023-05-06T21:03:14.200+0000] {processor.py:178} INFO - Processing /home/airflow/.local/lib/python3.7/site-packages/airflow/example_dags/example_python_operator.py took 0.138 seconds
[2023-05-06T21:03:44.768+0000] {processor.py:156} INFO - Started process (PID=4121) to work on /home/airflow/.local/lib/python3.7/site-packages/airflow/example_dags/example_python_operator.py
[2023-05-06T21:03:44.770+0000] {processor.py:799} INFO - Processing file /home/airflow/.local/lib/python3.7/site-packages/airflow/example_dags/example_python_operator.py for tasks to queue
[2023-05-06T21:03:44.771+0000] {logging_mixin.py:149} INFO - [2023-05-06T21:03:44.771+0000] {dagbag.py:541} INFO - Filling up the DagBag from /home/airflow/.local/lib/python3.7/site-packages/airflow/example_dags/example_python_operator.py
[2023-05-06T21:03:44.781+0000] {logging_mixin.py:149} INFO - [2023-05-06T21:03:44.781+0000] {taskmixin.py:211} WARNING - Dependency <Task(_PythonDecoratedOperator): print_the_context>, log_sql_query already registered for DAG: example_python_operator
[2023-05-06T21:03:44.782+0000] {logging_mixin.py:149} INFO - [2023-05-06T21:03:44.782+0000] {taskmixin.py:211} WARNING - Dependency <Task(_PythonDecoratedOperator): log_sql_query>, print_the_context already registered for DAG: example_python_operator
[2023-05-06T21:03:44.784+0000] {logging_mixin.py:149} INFO - [2023-05-06T21:03:44.784+0000] {taskmixin.py:211} WARNING - Dependency <Task(_PythonDecoratedOperator): print_the_context>, log_sql_query already registered for DAG: example_python_operator
[2023-05-06T21:03:44.784+0000] {logging_mixin.py:149} INFO - [2023-05-06T21:03:44.784+0000] {taskmixin.py:211} WARNING - Dependency <Task(_PythonDecoratedOperator): log_sql_query>, print_the_context already registered for DAG: example_python_operator
[2023-05-06T21:03:44.786+0000] {logging_mixin.py:149} INFO - [2023-05-06T21:03:44.786+0000] {taskmixin.py:211} WARNING - Dependency <Task(_PythonDecoratedOperator): print_the_context>, log_sql_query already registered for DAG: example_python_operator
[2023-05-06T21:03:44.787+0000] {logging_mixin.py:149} INFO - [2023-05-06T21:03:44.787+0000] {taskmixin.py:211} WARNING - Dependency <Task(_PythonDecoratedOperator): log_sql_query>, print_the_context already registered for DAG: example_python_operator
[2023-05-06T21:03:44.788+0000] {logging_mixin.py:149} INFO - [2023-05-06T21:03:44.788+0000] {taskmixin.py:211} WARNING - Dependency <Task(_PythonDecoratedOperator): print_the_context>, log_sql_query already registered for DAG: example_python_operator
[2023-05-06T21:03:44.789+0000] {logging_mixin.py:149} INFO - [2023-05-06T21:03:44.789+0000] {taskmixin.py:211} WARNING - Dependency <Task(_PythonDecoratedOperator): log_sql_query>, print_the_context already registered for DAG: example_python_operator
[2023-05-06T21:03:44.794+0000] {processor.py:809} INFO - DAG(s) dict_keys(['example_python_operator']) retrieved from /home/airflow/.local/lib/python3.7/site-packages/airflow/example_dags/example_python_operator.py
[2023-05-06T21:03:44.842+0000] {logging_mixin.py:149} INFO - [2023-05-06T21:03:44.842+0000] {dag.py:2726} INFO - Sync 1 DAGs
[2023-05-06T21:03:44.881+0000] {logging_mixin.py:149} INFO - [2023-05-06T21:03:44.881+0000] {dag.py:3490} INFO - Setting next_dagrun for example_python_operator to None, run_after=None
[2023-05-06T21:03:44.910+0000] {processor.py:178} INFO - Processing /home/airflow/.local/lib/python3.7/site-packages/airflow/example_dags/example_python_operator.py took 0.148 seconds
[2023-05-06T21:04:15.645+0000] {processor.py:156} INFO - Started process (PID=4359) to work on /home/airflow/.local/lib/python3.7/site-packages/airflow/example_dags/example_python_operator.py
[2023-05-06T21:04:15.647+0000] {processor.py:799} INFO - Processing file /home/airflow/.local/lib/python3.7/site-packages/airflow/example_dags/example_python_operator.py for tasks to queue
[2023-05-06T21:04:15.648+0000] {logging_mixin.py:149} INFO - [2023-05-06T21:04:15.648+0000] {dagbag.py:541} INFO - Filling up the DagBag from /home/airflow/.local/lib/python3.7/site-packages/airflow/example_dags/example_python_operator.py
[2023-05-06T21:04:15.660+0000] {logging_mixin.py:149} INFO - [2023-05-06T21:04:15.659+0000] {taskmixin.py:211} WARNING - Dependency <Task(_PythonDecoratedOperator): print_the_context>, log_sql_query already registered for DAG: example_python_operator
[2023-05-06T21:04:15.660+0000] {logging_mixin.py:149} INFO - [2023-05-06T21:04:15.660+0000] {taskmixin.py:211} WARNING - Dependency <Task(_PythonDecoratedOperator): log_sql_query>, print_the_context already registered for DAG: example_python_operator
[2023-05-06T21:04:15.663+0000] {logging_mixin.py:149} INFO - [2023-05-06T21:04:15.663+0000] {taskmixin.py:211} WARNING - Dependency <Task(_PythonDecoratedOperator): print_the_context>, log_sql_query already registered for DAG: example_python_operator
[2023-05-06T21:04:15.665+0000] {logging_mixin.py:149} INFO - [2023-05-06T21:04:15.664+0000] {taskmixin.py:211} WARNING - Dependency <Task(_PythonDecoratedOperator): log_sql_query>, print_the_context already registered for DAG: example_python_operator
[2023-05-06T21:04:15.666+0000] {logging_mixin.py:149} INFO - [2023-05-06T21:04:15.666+0000] {taskmixin.py:211} WARNING - Dependency <Task(_PythonDecoratedOperator): print_the_context>, log_sql_query already registered for DAG: example_python_operator
[2023-05-06T21:04:15.667+0000] {logging_mixin.py:149} INFO - [2023-05-06T21:04:15.667+0000] {taskmixin.py:211} WARNING - Dependency <Task(_PythonDecoratedOperator): log_sql_query>, print_the_context already registered for DAG: example_python_operator
[2023-05-06T21:04:15.669+0000] {logging_mixin.py:149} INFO - [2023-05-06T21:04:15.669+0000] {taskmixin.py:211} WARNING - Dependency <Task(_PythonDecoratedOperator): print_the_context>, log_sql_query already registered for DAG: example_python_operator
[2023-05-06T21:04:15.670+0000] {logging_mixin.py:149} INFO - [2023-05-06T21:04:15.669+0000] {taskmixin.py:211} WARNING - Dependency <Task(_PythonDecoratedOperator): log_sql_query>, print_the_context already registered for DAG: example_python_operator
[2023-05-06T21:04:15.674+0000] {processor.py:809} INFO - DAG(s) dict_keys(['example_python_operator']) retrieved from /home/airflow/.local/lib/python3.7/site-packages/airflow/example_dags/example_python_operator.py
[2023-05-06T21:04:15.714+0000] {logging_mixin.py:149} INFO - [2023-05-06T21:04:15.714+0000] {dag.py:2726} INFO - Sync 1 DAGs
[2023-05-06T21:04:15.756+0000] {logging_mixin.py:149} INFO - [2023-05-06T21:04:15.756+0000] {dag.py:3490} INFO - Setting next_dagrun for example_python_operator to None, run_after=None
[2023-05-06T21:04:15.788+0000] {processor.py:178} INFO - Processing /home/airflow/.local/lib/python3.7/site-packages/airflow/example_dags/example_python_operator.py took 0.146 seconds
[2023-05-06T21:04:46.449+0000] {processor.py:156} INFO - Started process (PID=4597) to work on /home/airflow/.local/lib/python3.7/site-packages/airflow/example_dags/example_python_operator.py
[2023-05-06T21:04:46.450+0000] {processor.py:799} INFO - Processing file /home/airflow/.local/lib/python3.7/site-packages/airflow/example_dags/example_python_operator.py for tasks to queue
[2023-05-06T21:04:46.452+0000] {logging_mixin.py:149} INFO - [2023-05-06T21:04:46.451+0000] {dagbag.py:541} INFO - Filling up the DagBag from /home/airflow/.local/lib/python3.7/site-packages/airflow/example_dags/example_python_operator.py
[2023-05-06T21:04:46.462+0000] {logging_mixin.py:149} INFO - [2023-05-06T21:04:46.461+0000] {taskmixin.py:211} WARNING - Dependency <Task(_PythonDecoratedOperator): print_the_context>, log_sql_query already registered for DAG: example_python_operator
[2023-05-06T21:04:46.463+0000] {logging_mixin.py:149} INFO - [2023-05-06T21:04:46.462+0000] {taskmixin.py:211} WARNING - Dependency <Task(_PythonDecoratedOperator): log_sql_query>, print_the_context already registered for DAG: example_python_operator
[2023-05-06T21:04:46.464+0000] {logging_mixin.py:149} INFO - [2023-05-06T21:04:46.464+0000] {taskmixin.py:211} WARNING - Dependency <Task(_PythonDecoratedOperator): print_the_context>, log_sql_query already registered for DAG: example_python_operator
[2023-05-06T21:04:46.465+0000] {logging_mixin.py:149} INFO - [2023-05-06T21:04:46.465+0000] {taskmixin.py:211} WARNING - Dependency <Task(_PythonDecoratedOperator): log_sql_query>, print_the_context already registered for DAG: example_python_operator
[2023-05-06T21:04:46.467+0000] {logging_mixin.py:149} INFO - [2023-05-06T21:04:46.467+0000] {taskmixin.py:211} WARNING - Dependency <Task(_PythonDecoratedOperator): print_the_context>, log_sql_query already registered for DAG: example_python_operator
[2023-05-06T21:04:46.468+0000] {logging_mixin.py:149} INFO - [2023-05-06T21:04:46.468+0000] {taskmixin.py:211} WARNING - Dependency <Task(_PythonDecoratedOperator): log_sql_query>, print_the_context already registered for DAG: example_python_operator
[2023-05-06T21:04:46.472+0000] {logging_mixin.py:149} INFO - [2023-05-06T21:04:46.472+0000] {taskmixin.py:211} WARNING - Dependency <Task(_PythonDecoratedOperator): print_the_context>, log_sql_query already registered for DAG: example_python_operator
[2023-05-06T21:04:46.474+0000] {logging_mixin.py:149} INFO - [2023-05-06T21:04:46.473+0000] {taskmixin.py:211} WARNING - Dependency <Task(_PythonDecoratedOperator): log_sql_query>, print_the_context already registered for DAG: example_python_operator
[2023-05-06T21:04:46.478+0000] {processor.py:809} INFO - DAG(s) dict_keys(['example_python_operator']) retrieved from /home/airflow/.local/lib/python3.7/site-packages/airflow/example_dags/example_python_operator.py
[2023-05-06T21:04:46.516+0000] {logging_mixin.py:149} INFO - [2023-05-06T21:04:46.516+0000] {dag.py:2726} INFO - Sync 1 DAGs
[2023-05-06T21:04:46.556+0000] {logging_mixin.py:149} INFO - [2023-05-06T21:04:46.556+0000] {dag.py:3490} INFO - Setting next_dagrun for example_python_operator to None, run_after=None
[2023-05-06T21:04:46.585+0000] {processor.py:178} INFO - Processing /home/airflow/.local/lib/python3.7/site-packages/airflow/example_dags/example_python_operator.py took 0.141 seconds
[2023-05-06T21:05:16.834+0000] {processor.py:156} INFO - Started process (PID=4835) to work on /home/airflow/.local/lib/python3.7/site-packages/airflow/example_dags/example_python_operator.py
[2023-05-06T21:05:16.836+0000] {processor.py:799} INFO - Processing file /home/airflow/.local/lib/python3.7/site-packages/airflow/example_dags/example_python_operator.py for tasks to queue
[2023-05-06T21:05:16.837+0000] {logging_mixin.py:149} INFO - [2023-05-06T21:05:16.837+0000] {dagbag.py:541} INFO - Filling up the DagBag from /home/airflow/.local/lib/python3.7/site-packages/airflow/example_dags/example_python_operator.py
[2023-05-06T21:05:16.847+0000] {logging_mixin.py:149} INFO - [2023-05-06T21:05:16.846+0000] {taskmixin.py:211} WARNING - Dependency <Task(_PythonDecoratedOperator): print_the_context>, log_sql_query already registered for DAG: example_python_operator
[2023-05-06T21:05:16.848+0000] {logging_mixin.py:149} INFO - [2023-05-06T21:05:16.848+0000] {taskmixin.py:211} WARNING - Dependency <Task(_PythonDecoratedOperator): log_sql_query>, print_the_context already registered for DAG: example_python_operator
[2023-05-06T21:05:16.850+0000] {logging_mixin.py:149} INFO - [2023-05-06T21:05:16.850+0000] {taskmixin.py:211} WARNING - Dependency <Task(_PythonDecoratedOperator): print_the_context>, log_sql_query already registered for DAG: example_python_operator
[2023-05-06T21:05:16.851+0000] {logging_mixin.py:149} INFO - [2023-05-06T21:05:16.851+0000] {taskmixin.py:211} WARNING - Dependency <Task(_PythonDecoratedOperator): log_sql_query>, print_the_context already registered for DAG: example_python_operator
[2023-05-06T21:05:16.852+0000] {logging_mixin.py:149} INFO - [2023-05-06T21:05:16.852+0000] {taskmixin.py:211} WARNING - Dependency <Task(_PythonDecoratedOperator): print_the_context>, log_sql_query already registered for DAG: example_python_operator
[2023-05-06T21:05:16.853+0000] {logging_mixin.py:149} INFO - [2023-05-06T21:05:16.853+0000] {taskmixin.py:211} WARNING - Dependency <Task(_PythonDecoratedOperator): log_sql_query>, print_the_context already registered for DAG: example_python_operator
[2023-05-06T21:05:16.855+0000] {logging_mixin.py:149} INFO - [2023-05-06T21:05:16.855+0000] {taskmixin.py:211} WARNING - Dependency <Task(_PythonDecoratedOperator): print_the_context>, log_sql_query already registered for DAG: example_python_operator
[2023-05-06T21:05:16.856+0000] {logging_mixin.py:149} INFO - [2023-05-06T21:05:16.856+0000] {taskmixin.py:211} WARNING - Dependency <Task(_PythonDecoratedOperator): log_sql_query>, print_the_context already registered for DAG: example_python_operator
[2023-05-06T21:05:16.861+0000] {processor.py:809} INFO - DAG(s) dict_keys(['example_python_operator']) retrieved from /home/airflow/.local/lib/python3.7/site-packages/airflow/example_dags/example_python_operator.py
[2023-05-06T21:05:16.897+0000] {logging_mixin.py:149} INFO - [2023-05-06T21:05:16.897+0000] {dag.py:2726} INFO - Sync 1 DAGs
[2023-05-06T21:05:16.937+0000] {logging_mixin.py:149} INFO - [2023-05-06T21:05:16.937+0000] {dag.py:3490} INFO - Setting next_dagrun for example_python_operator to None, run_after=None
[2023-05-06T21:05:16.967+0000] {processor.py:178} INFO - Processing /home/airflow/.local/lib/python3.7/site-packages/airflow/example_dags/example_python_operator.py took 0.136 seconds
[2023-05-06T21:05:47.525+0000] {processor.py:156} INFO - Started process (PID=5073) to work on /home/airflow/.local/lib/python3.7/site-packages/airflow/example_dags/example_python_operator.py
[2023-05-06T21:05:47.526+0000] {processor.py:799} INFO - Processing file /home/airflow/.local/lib/python3.7/site-packages/airflow/example_dags/example_python_operator.py for tasks to queue
[2023-05-06T21:05:47.528+0000] {logging_mixin.py:149} INFO - [2023-05-06T21:05:47.528+0000] {dagbag.py:541} INFO - Filling up the DagBag from /home/airflow/.local/lib/python3.7/site-packages/airflow/example_dags/example_python_operator.py
[2023-05-06T21:05:47.537+0000] {logging_mixin.py:149} INFO - [2023-05-06T21:05:47.536+0000] {taskmixin.py:211} WARNING - Dependency <Task(_PythonDecoratedOperator): print_the_context>, log_sql_query already registered for DAG: example_python_operator
[2023-05-06T21:05:47.538+0000] {logging_mixin.py:149} INFO - [2023-05-06T21:05:47.537+0000] {taskmixin.py:211} WARNING - Dependency <Task(_PythonDecoratedOperator): log_sql_query>, print_the_context already registered for DAG: example_python_operator
[2023-05-06T21:05:47.539+0000] {logging_mixin.py:149} INFO - [2023-05-06T21:05:47.539+0000] {taskmixin.py:211} WARNING - Dependency <Task(_PythonDecoratedOperator): print_the_context>, log_sql_query already registered for DAG: example_python_operator
[2023-05-06T21:05:47.540+0000] {logging_mixin.py:149} INFO - [2023-05-06T21:05:47.540+0000] {taskmixin.py:211} WARNING - Dependency <Task(_PythonDecoratedOperator): log_sql_query>, print_the_context already registered for DAG: example_python_operator
[2023-05-06T21:05:47.541+0000] {logging_mixin.py:149} INFO - [2023-05-06T21:05:47.541+0000] {taskmixin.py:211} WARNING - Dependency <Task(_PythonDecoratedOperator): print_the_context>, log_sql_query already registered for DAG: example_python_operator
[2023-05-06T21:05:47.542+0000] {logging_mixin.py:149} INFO - [2023-05-06T21:05:47.542+0000] {taskmixin.py:211} WARNING - Dependency <Task(_PythonDecoratedOperator): log_sql_query>, print_the_context already registered for DAG: example_python_operator
[2023-05-06T21:05:47.543+0000] {logging_mixin.py:149} INFO - [2023-05-06T21:05:47.543+0000] {taskmixin.py:211} WARNING - Dependency <Task(_PythonDecoratedOperator): print_the_context>, log_sql_query already registered for DAG: example_python_operator
[2023-05-06T21:05:47.544+0000] {logging_mixin.py:149} INFO - [2023-05-06T21:05:47.544+0000] {taskmixin.py:211} WARNING - Dependency <Task(_PythonDecoratedOperator): log_sql_query>, print_the_context already registered for DAG: example_python_operator
[2023-05-06T21:05:47.549+0000] {processor.py:809} INFO - DAG(s) dict_keys(['example_python_operator']) retrieved from /home/airflow/.local/lib/python3.7/site-packages/airflow/example_dags/example_python_operator.py
[2023-05-06T21:05:47.585+0000] {logging_mixin.py:149} INFO - [2023-05-06T21:05:47.584+0000] {dag.py:2726} INFO - Sync 1 DAGs
[2023-05-06T21:05:47.621+0000] {logging_mixin.py:149} INFO - [2023-05-06T21:05:47.621+0000] {dag.py:3490} INFO - Setting next_dagrun for example_python_operator to None, run_after=None
[2023-05-06T21:05:47.649+0000] {processor.py:178} INFO - Processing /home/airflow/.local/lib/python3.7/site-packages/airflow/example_dags/example_python_operator.py took 0.129 seconds
[2023-05-06T21:06:18.055+0000] {processor.py:156} INFO - Started process (PID=5311) to work on /home/airflow/.local/lib/python3.7/site-packages/airflow/example_dags/example_python_operator.py
[2023-05-06T21:06:18.056+0000] {processor.py:799} INFO - Processing file /home/airflow/.local/lib/python3.7/site-packages/airflow/example_dags/example_python_operator.py for tasks to queue
[2023-05-06T21:06:18.058+0000] {logging_mixin.py:149} INFO - [2023-05-06T21:06:18.058+0000] {dagbag.py:541} INFO - Filling up the DagBag from /home/airflow/.local/lib/python3.7/site-packages/airflow/example_dags/example_python_operator.py
[2023-05-06T21:06:18.079+0000] {logging_mixin.py:149} INFO - [2023-05-06T21:06:18.078+0000] {taskmixin.py:211} WARNING - Dependency <Task(_PythonDecoratedOperator): print_the_context>, log_sql_query already registered for DAG: example_python_operator
[2023-05-06T21:06:18.080+0000] {logging_mixin.py:149} INFO - [2023-05-06T21:06:18.080+0000] {taskmixin.py:211} WARNING - Dependency <Task(_PythonDecoratedOperator): log_sql_query>, print_the_context already registered for DAG: example_python_operator
[2023-05-06T21:06:18.083+0000] {logging_mixin.py:149} INFO - [2023-05-06T21:06:18.083+0000] {taskmixin.py:211} WARNING - Dependency <Task(_PythonDecoratedOperator): print_the_context>, log_sql_query already registered for DAG: example_python_operator
[2023-05-06T21:06:18.084+0000] {logging_mixin.py:149} INFO - [2023-05-06T21:06:18.084+0000] {taskmixin.py:211} WARNING - Dependency <Task(_PythonDecoratedOperator): log_sql_query>, print_the_context already registered for DAG: example_python_operator
[2023-05-06T21:06:18.087+0000] {logging_mixin.py:149} INFO - [2023-05-06T21:06:18.087+0000] {taskmixin.py:211} WARNING - Dependency <Task(_PythonDecoratedOperator): print_the_context>, log_sql_query already registered for DAG: example_python_operator
[2023-05-06T21:06:18.089+0000] {logging_mixin.py:149} INFO - [2023-05-06T21:06:18.089+0000] {taskmixin.py:211} WARNING - Dependency <Task(_PythonDecoratedOperator): log_sql_query>, print_the_context already registered for DAG: example_python_operator
[2023-05-06T21:06:18.091+0000] {logging_mixin.py:149} INFO - [2023-05-06T21:06:18.091+0000] {taskmixin.py:211} WARNING - Dependency <Task(_PythonDecoratedOperator): print_the_context>, log_sql_query already registered for DAG: example_python_operator
[2023-05-06T21:06:18.092+0000] {logging_mixin.py:149} INFO - [2023-05-06T21:06:18.092+0000] {taskmixin.py:211} WARNING - Dependency <Task(_PythonDecoratedOperator): log_sql_query>, print_the_context already registered for DAG: example_python_operator
[2023-05-06T21:06:18.097+0000] {processor.py:809} INFO - DAG(s) dict_keys(['example_python_operator']) retrieved from /home/airflow/.local/lib/python3.7/site-packages/airflow/example_dags/example_python_operator.py
[2023-05-06T21:06:18.118+0000] {logging_mixin.py:149} INFO - [2023-05-06T21:06:18.118+0000] {dag.py:2726} INFO - Sync 1 DAGs
[2023-05-06T21:06:18.161+0000] {logging_mixin.py:149} INFO - [2023-05-06T21:06:18.160+0000] {dag.py:3490} INFO - Setting next_dagrun for example_python_operator to None, run_after=None
[2023-05-06T21:06:18.202+0000] {processor.py:178} INFO - Processing /home/airflow/.local/lib/python3.7/site-packages/airflow/example_dags/example_python_operator.py took 0.152 seconds
[2023-05-06T21:06:48.728+0000] {processor.py:156} INFO - Started process (PID=5550) to work on /home/airflow/.local/lib/python3.7/site-packages/airflow/example_dags/example_python_operator.py
[2023-05-06T21:06:48.730+0000] {processor.py:799} INFO - Processing file /home/airflow/.local/lib/python3.7/site-packages/airflow/example_dags/example_python_operator.py for tasks to queue
[2023-05-06T21:06:48.735+0000] {logging_mixin.py:149} INFO - [2023-05-06T21:06:48.735+0000] {dagbag.py:541} INFO - Filling up the DagBag from /home/airflow/.local/lib/python3.7/site-packages/airflow/example_dags/example_python_operator.py
[2023-05-06T21:06:48.754+0000] {logging_mixin.py:149} INFO - [2023-05-06T21:06:48.753+0000] {taskmixin.py:211} WARNING - Dependency <Task(_PythonDecoratedOperator): print_the_context>, log_sql_query already registered for DAG: example_python_operator
[2023-05-06T21:06:48.755+0000] {logging_mixin.py:149} INFO - [2023-05-06T21:06:48.755+0000] {taskmixin.py:211} WARNING - Dependency <Task(_PythonDecoratedOperator): log_sql_query>, print_the_context already registered for DAG: example_python_operator
[2023-05-06T21:06:48.758+0000] {logging_mixin.py:149} INFO - [2023-05-06T21:06:48.757+0000] {taskmixin.py:211} WARNING - Dependency <Task(_PythonDecoratedOperator): print_the_context>, log_sql_query already registered for DAG: example_python_operator
[2023-05-06T21:06:48.760+0000] {logging_mixin.py:149} INFO - [2023-05-06T21:06:48.760+0000] {taskmixin.py:211} WARNING - Dependency <Task(_PythonDecoratedOperator): log_sql_query>, print_the_context already registered for DAG: example_python_operator
[2023-05-06T21:06:48.764+0000] {logging_mixin.py:149} INFO - [2023-05-06T21:06:48.763+0000] {taskmixin.py:211} WARNING - Dependency <Task(_PythonDecoratedOperator): print_the_context>, log_sql_query already registered for DAG: example_python_operator
[2023-05-06T21:06:48.766+0000] {logging_mixin.py:149} INFO - [2023-05-06T21:06:48.765+0000] {taskmixin.py:211} WARNING - Dependency <Task(_PythonDecoratedOperator): log_sql_query>, print_the_context already registered for DAG: example_python_operator
[2023-05-06T21:06:48.768+0000] {logging_mixin.py:149} INFO - [2023-05-06T21:06:48.768+0000] {taskmixin.py:211} WARNING - Dependency <Task(_PythonDecoratedOperator): print_the_context>, log_sql_query already registered for DAG: example_python_operator
[2023-05-06T21:06:48.769+0000] {logging_mixin.py:149} INFO - [2023-05-06T21:06:48.769+0000] {taskmixin.py:211} WARNING - Dependency <Task(_PythonDecoratedOperator): log_sql_query>, print_the_context already registered for DAG: example_python_operator
[2023-05-06T21:06:48.776+0000] {processor.py:809} INFO - DAG(s) dict_keys(['example_python_operator']) retrieved from /home/airflow/.local/lib/python3.7/site-packages/airflow/example_dags/example_python_operator.py
[2023-05-06T21:06:48.905+0000] {logging_mixin.py:149} INFO - [2023-05-06T21:06:48.905+0000] {dag.py:2726} INFO - Sync 1 DAGs
[2023-05-06T21:06:48.954+0000] {logging_mixin.py:149} INFO - [2023-05-06T21:06:48.953+0000] {dag.py:3490} INFO - Setting next_dagrun for example_python_operator to None, run_after=None
[2023-05-06T21:06:48.995+0000] {processor.py:178} INFO - Processing /home/airflow/.local/lib/python3.7/site-packages/airflow/example_dags/example_python_operator.py took 0.272 seconds
[2023-05-06T21:07:19.085+0000] {processor.py:156} INFO - Started process (PID=5788) to work on /home/airflow/.local/lib/python3.7/site-packages/airflow/example_dags/example_python_operator.py
[2023-05-06T21:07:19.087+0000] {processor.py:799} INFO - Processing file /home/airflow/.local/lib/python3.7/site-packages/airflow/example_dags/example_python_operator.py for tasks to queue
[2023-05-06T21:07:19.089+0000] {logging_mixin.py:149} INFO - [2023-05-06T21:07:19.088+0000] {dagbag.py:541} INFO - Filling up the DagBag from /home/airflow/.local/lib/python3.7/site-packages/airflow/example_dags/example_python_operator.py
[2023-05-06T21:07:19.101+0000] {logging_mixin.py:149} INFO - [2023-05-06T21:07:19.100+0000] {taskmixin.py:211} WARNING - Dependency <Task(_PythonDecoratedOperator): print_the_context>, log_sql_query already registered for DAG: example_python_operator
[2023-05-06T21:07:19.102+0000] {logging_mixin.py:149} INFO - [2023-05-06T21:07:19.101+0000] {taskmixin.py:211} WARNING - Dependency <Task(_PythonDecoratedOperator): log_sql_query>, print_the_context already registered for DAG: example_python_operator
[2023-05-06T21:07:19.104+0000] {logging_mixin.py:149} INFO - [2023-05-06T21:07:19.103+0000] {taskmixin.py:211} WARNING - Dependency <Task(_PythonDecoratedOperator): print_the_context>, log_sql_query already registered for DAG: example_python_operator
[2023-05-06T21:07:19.104+0000] {logging_mixin.py:149} INFO - [2023-05-06T21:07:19.104+0000] {taskmixin.py:211} WARNING - Dependency <Task(_PythonDecoratedOperator): log_sql_query>, print_the_context already registered for DAG: example_python_operator
[2023-05-06T21:07:19.106+0000] {logging_mixin.py:149} INFO - [2023-05-06T21:07:19.106+0000] {taskmixin.py:211} WARNING - Dependency <Task(_PythonDecoratedOperator): print_the_context>, log_sql_query already registered for DAG: example_python_operator
[2023-05-06T21:07:19.107+0000] {logging_mixin.py:149} INFO - [2023-05-06T21:07:19.106+0000] {taskmixin.py:211} WARNING - Dependency <Task(_PythonDecoratedOperator): log_sql_query>, print_the_context already registered for DAG: example_python_operator
[2023-05-06T21:07:19.108+0000] {logging_mixin.py:149} INFO - [2023-05-06T21:07:19.108+0000] {taskmixin.py:211} WARNING - Dependency <Task(_PythonDecoratedOperator): print_the_context>, log_sql_query already registered for DAG: example_python_operator
[2023-05-06T21:07:19.109+0000] {logging_mixin.py:149} INFO - [2023-05-06T21:07:19.109+0000] {taskmixin.py:211} WARNING - Dependency <Task(_PythonDecoratedOperator): log_sql_query>, print_the_context already registered for DAG: example_python_operator
[2023-05-06T21:07:19.114+0000] {processor.py:809} INFO - DAG(s) dict_keys(['example_python_operator']) retrieved from /home/airflow/.local/lib/python3.7/site-packages/airflow/example_dags/example_python_operator.py
[2023-05-06T21:07:19.153+0000] {logging_mixin.py:149} INFO - [2023-05-06T21:07:19.153+0000] {dag.py:2726} INFO - Sync 1 DAGs
[2023-05-06T21:07:19.192+0000] {logging_mixin.py:149} INFO - [2023-05-06T21:07:19.191+0000] {dag.py:3490} INFO - Setting next_dagrun for example_python_operator to None, run_after=None
[2023-05-06T21:07:19.220+0000] {processor.py:178} INFO - Processing /home/airflow/.local/lib/python3.7/site-packages/airflow/example_dags/example_python_operator.py took 0.140 seconds
