[2023-05-06T20:55:30.620+0000] {processor.py:156} INFO - Started process (PID=257) to work on /home/airflow/.local/lib/python3.7/site-packages/airflow/example_dags/example_skip_dag.py
[2023-05-06T20:55:30.622+0000] {processor.py:799} INFO - Processing file /home/airflow/.local/lib/python3.7/site-packages/airflow/example_dags/example_skip_dag.py for tasks to queue
[2023-05-06T20:55:30.624+0000] {logging_mixin.py:149} INFO - [2023-05-06T20:55:30.624+0000] {dagbag.py:541} INFO - Filling up the DagBag from /home/airflow/.local/lib/python3.7/site-packages/airflow/example_dags/example_skip_dag.py
[2023-05-06T20:55:30.634+0000] {processor.py:809} INFO - DAG(s) dict_keys(['example_skip_dag']) retrieved from /home/airflow/.local/lib/python3.7/site-packages/airflow/example_dags/example_skip_dag.py
[2023-05-06T20:55:30.651+0000] {logging_mixin.py:149} INFO - [2023-05-06T20:55:30.651+0000] {dag.py:2726} INFO - Sync 1 DAGs
[2023-05-06T20:55:30.692+0000] {logging_mixin.py:149} INFO - [2023-05-06T20:55:30.692+0000] {dag.py:3490} INFO - Setting next_dagrun for example_skip_dag to 2023-05-05T20:55:30.692510+00:00, run_after=2023-05-06T20:55:30.692510+00:00
[2023-05-06T20:55:30.728+0000] {processor.py:178} INFO - Processing /home/airflow/.local/lib/python3.7/site-packages/airflow/example_dags/example_skip_dag.py took 0.113 seconds
[2023-05-06T20:56:01.860+0000] {processor.py:156} INFO - Started process (PID=490) to work on /home/airflow/.local/lib/python3.7/site-packages/airflow/example_dags/example_skip_dag.py
[2023-05-06T20:56:01.861+0000] {processor.py:799} INFO - Processing file /home/airflow/.local/lib/python3.7/site-packages/airflow/example_dags/example_skip_dag.py for tasks to queue
[2023-05-06T20:56:01.864+0000] {logging_mixin.py:149} INFO - [2023-05-06T20:56:01.863+0000] {dagbag.py:541} INFO - Filling up the DagBag from /home/airflow/.local/lib/python3.7/site-packages/airflow/example_dags/example_skip_dag.py
[2023-05-06T20:56:01.880+0000] {processor.py:809} INFO - DAG(s) dict_keys(['example_skip_dag']) retrieved from /home/airflow/.local/lib/python3.7/site-packages/airflow/example_dags/example_skip_dag.py
[2023-05-06T20:56:01.918+0000] {logging_mixin.py:149} INFO - [2023-05-06T20:56:01.918+0000] {dag.py:2726} INFO - Sync 1 DAGs
[2023-05-06T20:56:02.123+0000] {logging_mixin.py:149} INFO - [2023-05-06T20:56:02.123+0000] {dag.py:3490} INFO - Setting next_dagrun for example_skip_dag to 2023-05-05T20:56:02.123342+00:00, run_after=2023-05-06T20:56:02.123342+00:00
[2023-05-06T20:56:02.159+0000] {processor.py:178} INFO - Processing /home/airflow/.local/lib/python3.7/site-packages/airflow/example_dags/example_skip_dag.py took 0.303 seconds
[2023-05-06T20:56:32.846+0000] {processor.py:156} INFO - Started process (PID=728) to work on /home/airflow/.local/lib/python3.7/site-packages/airflow/example_dags/example_skip_dag.py
[2023-05-06T20:56:32.848+0000] {processor.py:799} INFO - Processing file /home/airflow/.local/lib/python3.7/site-packages/airflow/example_dags/example_skip_dag.py for tasks to queue
[2023-05-06T20:56:32.850+0000] {logging_mixin.py:149} INFO - [2023-05-06T20:56:32.850+0000] {dagbag.py:541} INFO - Filling up the DagBag from /home/airflow/.local/lib/python3.7/site-packages/airflow/example_dags/example_skip_dag.py
[2023-05-06T20:56:32.862+0000] {processor.py:809} INFO - DAG(s) dict_keys(['example_skip_dag']) retrieved from /home/airflow/.local/lib/python3.7/site-packages/airflow/example_dags/example_skip_dag.py
[2023-05-06T20:56:33.091+0000] {logging_mixin.py:149} INFO - [2023-05-06T20:56:33.091+0000] {dag.py:2726} INFO - Sync 1 DAGs
[2023-05-06T20:56:33.137+0000] {logging_mixin.py:149} INFO - [2023-05-06T20:56:33.136+0000] {dag.py:3490} INFO - Setting next_dagrun for example_skip_dag to 2023-05-05T20:56:33.136622+00:00, run_after=2023-05-06T20:56:33.136622+00:00
[2023-05-06T20:56:33.172+0000] {processor.py:178} INFO - Processing /home/airflow/.local/lib/python3.7/site-packages/airflow/example_dags/example_skip_dag.py took 0.332 seconds
[2023-05-06T20:57:03.322+0000] {processor.py:156} INFO - Started process (PID=968) to work on /home/airflow/.local/lib/python3.7/site-packages/airflow/example_dags/example_skip_dag.py
[2023-05-06T20:57:03.324+0000] {processor.py:799} INFO - Processing file /home/airflow/.local/lib/python3.7/site-packages/airflow/example_dags/example_skip_dag.py for tasks to queue
[2023-05-06T20:57:03.325+0000] {logging_mixin.py:149} INFO - [2023-05-06T20:57:03.325+0000] {dagbag.py:541} INFO - Filling up the DagBag from /home/airflow/.local/lib/python3.7/site-packages/airflow/example_dags/example_skip_dag.py
[2023-05-06T20:57:03.335+0000] {processor.py:809} INFO - DAG(s) dict_keys(['example_skip_dag']) retrieved from /home/airflow/.local/lib/python3.7/site-packages/airflow/example_dags/example_skip_dag.py
[2023-05-06T20:57:03.369+0000] {logging_mixin.py:149} INFO - [2023-05-06T20:57:03.369+0000] {dag.py:2726} INFO - Sync 1 DAGs
[2023-05-06T20:57:03.405+0000] {logging_mixin.py:149} INFO - [2023-05-06T20:57:03.405+0000] {dag.py:3490} INFO - Setting next_dagrun for example_skip_dag to 2023-05-05T20:57:03.404944+00:00, run_after=2023-05-06T20:57:03.404944+00:00
[2023-05-06T20:57:03.432+0000] {processor.py:178} INFO - Processing /home/airflow/.local/lib/python3.7/site-packages/airflow/example_dags/example_skip_dag.py took 0.114 seconds
[2023-05-06T20:57:33.855+0000] {processor.py:156} INFO - Started process (PID=1206) to work on /home/airflow/.local/lib/python3.7/site-packages/airflow/example_dags/example_skip_dag.py
[2023-05-06T20:57:33.857+0000] {processor.py:799} INFO - Processing file /home/airflow/.local/lib/python3.7/site-packages/airflow/example_dags/example_skip_dag.py for tasks to queue
[2023-05-06T20:57:33.858+0000] {logging_mixin.py:149} INFO - [2023-05-06T20:57:33.858+0000] {dagbag.py:541} INFO - Filling up the DagBag from /home/airflow/.local/lib/python3.7/site-packages/airflow/example_dags/example_skip_dag.py
[2023-05-06T20:57:33.868+0000] {processor.py:809} INFO - DAG(s) dict_keys(['example_skip_dag']) retrieved from /home/airflow/.local/lib/python3.7/site-packages/airflow/example_dags/example_skip_dag.py
[2023-05-06T20:57:33.887+0000] {logging_mixin.py:149} INFO - [2023-05-06T20:57:33.886+0000] {dag.py:2726} INFO - Sync 1 DAGs
[2023-05-06T20:57:33.923+0000] {logging_mixin.py:149} INFO - [2023-05-06T20:57:33.922+0000] {dag.py:3490} INFO - Setting next_dagrun for example_skip_dag to 2023-05-05T20:57:33.922752+00:00, run_after=2023-05-06T20:57:33.922752+00:00
[2023-05-06T20:57:33.955+0000] {processor.py:178} INFO - Processing /home/airflow/.local/lib/python3.7/site-packages/airflow/example_dags/example_skip_dag.py took 0.105 seconds
[2023-05-06T20:58:04.473+0000] {processor.py:156} INFO - Started process (PID=1442) to work on /home/airflow/.local/lib/python3.7/site-packages/airflow/example_dags/example_skip_dag.py
[2023-05-06T20:58:04.475+0000] {processor.py:799} INFO - Processing file /home/airflow/.local/lib/python3.7/site-packages/airflow/example_dags/example_skip_dag.py for tasks to queue
[2023-05-06T20:58:04.476+0000] {logging_mixin.py:149} INFO - [2023-05-06T20:58:04.476+0000] {dagbag.py:541} INFO - Filling up the DagBag from /home/airflow/.local/lib/python3.7/site-packages/airflow/example_dags/example_skip_dag.py
[2023-05-06T20:58:04.512+0000] {processor.py:809} INFO - DAG(s) dict_keys(['example_skip_dag']) retrieved from /home/airflow/.local/lib/python3.7/site-packages/airflow/example_dags/example_skip_dag.py
[2023-05-06T20:58:04.548+0000] {logging_mixin.py:149} INFO - [2023-05-06T20:58:04.547+0000] {dag.py:2726} INFO - Sync 1 DAGs
[2023-05-06T20:58:04.588+0000] {logging_mixin.py:149} INFO - [2023-05-06T20:58:04.588+0000] {dag.py:3490} INFO - Setting next_dagrun for example_skip_dag to 2023-05-05T20:58:04.588264+00:00, run_after=2023-05-06T20:58:04.588264+00:00
[2023-05-06T20:58:04.627+0000] {processor.py:178} INFO - Processing /home/airflow/.local/lib/python3.7/site-packages/airflow/example_dags/example_skip_dag.py took 0.159 seconds
[2023-05-06T20:58:35.209+0000] {processor.py:156} INFO - Started process (PID=1681) to work on /home/airflow/.local/lib/python3.7/site-packages/airflow/example_dags/example_skip_dag.py
[2023-05-06T20:58:35.212+0000] {processor.py:799} INFO - Processing file /home/airflow/.local/lib/python3.7/site-packages/airflow/example_dags/example_skip_dag.py for tasks to queue
[2023-05-06T20:58:35.214+0000] {logging_mixin.py:149} INFO - [2023-05-06T20:58:35.214+0000] {dagbag.py:541} INFO - Filling up the DagBag from /home/airflow/.local/lib/python3.7/site-packages/airflow/example_dags/example_skip_dag.py
[2023-05-06T20:58:35.227+0000] {processor.py:809} INFO - DAG(s) dict_keys(['example_skip_dag']) retrieved from /home/airflow/.local/lib/python3.7/site-packages/airflow/example_dags/example_skip_dag.py
[2023-05-06T20:58:35.261+0000] {logging_mixin.py:149} INFO - [2023-05-06T20:58:35.261+0000] {dag.py:2726} INFO - Sync 1 DAGs
[2023-05-06T20:58:35.299+0000] {logging_mixin.py:149} INFO - [2023-05-06T20:58:35.298+0000] {dag.py:3490} INFO - Setting next_dagrun for example_skip_dag to 2023-05-05T20:58:35.298566+00:00, run_after=2023-05-06T20:58:35.298566+00:00
[2023-05-06T20:58:35.332+0000] {processor.py:178} INFO - Processing /home/airflow/.local/lib/python3.7/site-packages/airflow/example_dags/example_skip_dag.py took 0.127 seconds
[2023-05-06T20:59:05.486+0000] {processor.py:156} INFO - Started process (PID=1916) to work on /home/airflow/.local/lib/python3.7/site-packages/airflow/example_dags/example_skip_dag.py
[2023-05-06T20:59:05.488+0000] {processor.py:799} INFO - Processing file /home/airflow/.local/lib/python3.7/site-packages/airflow/example_dags/example_skip_dag.py for tasks to queue
[2023-05-06T20:59:05.490+0000] {logging_mixin.py:149} INFO - [2023-05-06T20:59:05.489+0000] {dagbag.py:541} INFO - Filling up the DagBag from /home/airflow/.local/lib/python3.7/site-packages/airflow/example_dags/example_skip_dag.py
[2023-05-06T20:59:05.498+0000] {processor.py:809} INFO - DAG(s) dict_keys(['example_skip_dag']) retrieved from /home/airflow/.local/lib/python3.7/site-packages/airflow/example_dags/example_skip_dag.py
[2023-05-06T20:59:05.528+0000] {logging_mixin.py:149} INFO - [2023-05-06T20:59:05.528+0000] {dag.py:2726} INFO - Sync 1 DAGs
[2023-05-06T20:59:05.566+0000] {logging_mixin.py:149} INFO - [2023-05-06T20:59:05.565+0000] {dag.py:3490} INFO - Setting next_dagrun for example_skip_dag to 2023-05-05T20:59:05.565689+00:00, run_after=2023-05-06T20:59:05.565689+00:00
[2023-05-06T20:59:05.595+0000] {processor.py:178} INFO - Processing /home/airflow/.local/lib/python3.7/site-packages/airflow/example_dags/example_skip_dag.py took 0.114 seconds
[2023-05-06T20:59:35.893+0000] {processor.py:156} INFO - Started process (PID=2154) to work on /home/airflow/.local/lib/python3.7/site-packages/airflow/example_dags/example_skip_dag.py
[2023-05-06T20:59:35.894+0000] {processor.py:799} INFO - Processing file /home/airflow/.local/lib/python3.7/site-packages/airflow/example_dags/example_skip_dag.py for tasks to queue
[2023-05-06T20:59:35.896+0000] {logging_mixin.py:149} INFO - [2023-05-06T20:59:35.896+0000] {dagbag.py:541} INFO - Filling up the DagBag from /home/airflow/.local/lib/python3.7/site-packages/airflow/example_dags/example_skip_dag.py
[2023-05-06T20:59:35.909+0000] {processor.py:809} INFO - DAG(s) dict_keys(['example_skip_dag']) retrieved from /home/airflow/.local/lib/python3.7/site-packages/airflow/example_dags/example_skip_dag.py
[2023-05-06T20:59:35.950+0000] {logging_mixin.py:149} INFO - [2023-05-06T20:59:35.950+0000] {dag.py:2726} INFO - Sync 1 DAGs
[2023-05-06T20:59:35.989+0000] {logging_mixin.py:149} INFO - [2023-05-06T20:59:35.989+0000] {dag.py:3490} INFO - Setting next_dagrun for example_skip_dag to 2023-05-05T20:59:35.989152+00:00, run_after=2023-05-06T20:59:35.989152+00:00
[2023-05-06T20:59:36.022+0000] {processor.py:178} INFO - Processing /home/airflow/.local/lib/python3.7/site-packages/airflow/example_dags/example_skip_dag.py took 0.132 seconds
[2023-05-06T21:00:06.805+0000] {processor.py:156} INFO - Started process (PID=2392) to work on /home/airflow/.local/lib/python3.7/site-packages/airflow/example_dags/example_skip_dag.py
[2023-05-06T21:00:06.806+0000] {processor.py:799} INFO - Processing file /home/airflow/.local/lib/python3.7/site-packages/airflow/example_dags/example_skip_dag.py for tasks to queue
[2023-05-06T21:00:06.808+0000] {logging_mixin.py:149} INFO - [2023-05-06T21:00:06.808+0000] {dagbag.py:541} INFO - Filling up the DagBag from /home/airflow/.local/lib/python3.7/site-packages/airflow/example_dags/example_skip_dag.py
[2023-05-06T21:00:06.816+0000] {processor.py:809} INFO - DAG(s) dict_keys(['example_skip_dag']) retrieved from /home/airflow/.local/lib/python3.7/site-packages/airflow/example_dags/example_skip_dag.py
[2023-05-06T21:00:06.833+0000] {logging_mixin.py:149} INFO - [2023-05-06T21:00:06.833+0000] {dag.py:2726} INFO - Sync 1 DAGs
[2023-05-06T21:00:06.865+0000] {logging_mixin.py:149} INFO - [2023-05-06T21:00:06.865+0000] {dag.py:3490} INFO - Setting next_dagrun for example_skip_dag to 2023-05-05T21:00:06.865506+00:00, run_after=2023-05-06T21:00:06.865506+00:00
[2023-05-06T21:00:06.894+0000] {processor.py:178} INFO - Processing /home/airflow/.local/lib/python3.7/site-packages/airflow/example_dags/example_skip_dag.py took 0.093 seconds
[2023-05-06T21:00:37.063+0000] {processor.py:156} INFO - Started process (PID=2628) to work on /home/airflow/.local/lib/python3.7/site-packages/airflow/example_dags/example_skip_dag.py
[2023-05-06T21:00:37.065+0000] {processor.py:799} INFO - Processing file /home/airflow/.local/lib/python3.7/site-packages/airflow/example_dags/example_skip_dag.py for tasks to queue
[2023-05-06T21:00:37.066+0000] {logging_mixin.py:149} INFO - [2023-05-06T21:00:37.066+0000] {dagbag.py:541} INFO - Filling up the DagBag from /home/airflow/.local/lib/python3.7/site-packages/airflow/example_dags/example_skip_dag.py
[2023-05-06T21:00:37.074+0000] {processor.py:809} INFO - DAG(s) dict_keys(['example_skip_dag']) retrieved from /home/airflow/.local/lib/python3.7/site-packages/airflow/example_dags/example_skip_dag.py
[2023-05-06T21:00:37.109+0000] {logging_mixin.py:149} INFO - [2023-05-06T21:00:37.109+0000] {dag.py:2726} INFO - Sync 1 DAGs
[2023-05-06T21:00:37.153+0000] {logging_mixin.py:149} INFO - [2023-05-06T21:00:37.152+0000] {dag.py:3490} INFO - Setting next_dagrun for example_skip_dag to 2023-05-05T21:00:37.152418+00:00, run_after=2023-05-06T21:00:37.152418+00:00
[2023-05-06T21:00:37.179+0000] {processor.py:178} INFO - Processing /home/airflow/.local/lib/python3.7/site-packages/airflow/example_dags/example_skip_dag.py took 0.121 seconds
[2023-05-06T21:01:07.593+0000] {processor.py:156} INFO - Started process (PID=2866) to work on /home/airflow/.local/lib/python3.7/site-packages/airflow/example_dags/example_skip_dag.py
[2023-05-06T21:01:07.595+0000] {processor.py:799} INFO - Processing file /home/airflow/.local/lib/python3.7/site-packages/airflow/example_dags/example_skip_dag.py for tasks to queue
[2023-05-06T21:01:07.596+0000] {logging_mixin.py:149} INFO - [2023-05-06T21:01:07.596+0000] {dagbag.py:541} INFO - Filling up the DagBag from /home/airflow/.local/lib/python3.7/site-packages/airflow/example_dags/example_skip_dag.py
[2023-05-06T21:01:07.606+0000] {processor.py:809} INFO - DAG(s) dict_keys(['example_skip_dag']) retrieved from /home/airflow/.local/lib/python3.7/site-packages/airflow/example_dags/example_skip_dag.py
[2023-05-06T21:01:07.638+0000] {logging_mixin.py:149} INFO - [2023-05-06T21:01:07.638+0000] {dag.py:2726} INFO - Sync 1 DAGs
[2023-05-06T21:01:07.674+0000] {logging_mixin.py:149} INFO - [2023-05-06T21:01:07.673+0000] {dag.py:3490} INFO - Setting next_dagrun for example_skip_dag to 2023-05-05T21:01:07.673739+00:00, run_after=2023-05-06T21:01:07.673739+00:00
[2023-05-06T21:01:07.703+0000] {processor.py:178} INFO - Processing /home/airflow/.local/lib/python3.7/site-packages/airflow/example_dags/example_skip_dag.py took 0.114 seconds
[2023-05-06T21:01:38.476+0000] {processor.py:156} INFO - Started process (PID=3104) to work on /home/airflow/.local/lib/python3.7/site-packages/airflow/example_dags/example_skip_dag.py
[2023-05-06T21:01:38.478+0000] {processor.py:799} INFO - Processing file /home/airflow/.local/lib/python3.7/site-packages/airflow/example_dags/example_skip_dag.py for tasks to queue
[2023-05-06T21:01:38.480+0000] {logging_mixin.py:149} INFO - [2023-05-06T21:01:38.480+0000] {dagbag.py:541} INFO - Filling up the DagBag from /home/airflow/.local/lib/python3.7/site-packages/airflow/example_dags/example_skip_dag.py
[2023-05-06T21:01:38.493+0000] {processor.py:809} INFO - DAG(s) dict_keys(['example_skip_dag']) retrieved from /home/airflow/.local/lib/python3.7/site-packages/airflow/example_dags/example_skip_dag.py
[2023-05-06T21:01:38.537+0000] {logging_mixin.py:149} INFO - [2023-05-06T21:01:38.537+0000] {dag.py:2726} INFO - Sync 1 DAGs
[2023-05-06T21:01:38.587+0000] {logging_mixin.py:149} INFO - [2023-05-06T21:01:38.587+0000] {dag.py:3490} INFO - Setting next_dagrun for example_skip_dag to 2023-05-05T21:01:38.586750+00:00, run_after=2023-05-06T21:01:38.586750+00:00
[2023-05-06T21:01:38.627+0000] {processor.py:178} INFO - Processing /home/airflow/.local/lib/python3.7/site-packages/airflow/example_dags/example_skip_dag.py took 0.157 seconds
[2023-05-06T21:02:09.112+0000] {processor.py:156} INFO - Started process (PID=3342) to work on /home/airflow/.local/lib/python3.7/site-packages/airflow/example_dags/example_skip_dag.py
[2023-05-06T21:02:09.114+0000] {processor.py:799} INFO - Processing file /home/airflow/.local/lib/python3.7/site-packages/airflow/example_dags/example_skip_dag.py for tasks to queue
[2023-05-06T21:02:09.115+0000] {logging_mixin.py:149} INFO - [2023-05-06T21:02:09.115+0000] {dagbag.py:541} INFO - Filling up the DagBag from /home/airflow/.local/lib/python3.7/site-packages/airflow/example_dags/example_skip_dag.py
[2023-05-06T21:02:09.126+0000] {processor.py:809} INFO - DAG(s) dict_keys(['example_skip_dag']) retrieved from /home/airflow/.local/lib/python3.7/site-packages/airflow/example_dags/example_skip_dag.py
[2023-05-06T21:02:09.159+0000] {logging_mixin.py:149} INFO - [2023-05-06T21:02:09.159+0000] {dag.py:2726} INFO - Sync 1 DAGs
[2023-05-06T21:02:09.198+0000] {logging_mixin.py:149} INFO - [2023-05-06T21:02:09.197+0000] {dag.py:3490} INFO - Setting next_dagrun for example_skip_dag to 2023-05-05T21:02:09.197528+00:00, run_after=2023-05-06T21:02:09.197528+00:00
[2023-05-06T21:02:09.231+0000] {processor.py:178} INFO - Processing /home/airflow/.local/lib/python3.7/site-packages/airflow/example_dags/example_skip_dag.py took 0.124 seconds
[2023-05-06T21:02:39.338+0000] {processor.py:156} INFO - Started process (PID=3580) to work on /home/airflow/.local/lib/python3.7/site-packages/airflow/example_dags/example_skip_dag.py
[2023-05-06T21:02:39.341+0000] {processor.py:799} INFO - Processing file /home/airflow/.local/lib/python3.7/site-packages/airflow/example_dags/example_skip_dag.py for tasks to queue
[2023-05-06T21:02:39.342+0000] {logging_mixin.py:149} INFO - [2023-05-06T21:02:39.342+0000] {dagbag.py:541} INFO - Filling up the DagBag from /home/airflow/.local/lib/python3.7/site-packages/airflow/example_dags/example_skip_dag.py
[2023-05-06T21:02:39.353+0000] {processor.py:809} INFO - DAG(s) dict_keys(['example_skip_dag']) retrieved from /home/airflow/.local/lib/python3.7/site-packages/airflow/example_dags/example_skip_dag.py
[2023-05-06T21:02:39.389+0000] {logging_mixin.py:149} INFO - [2023-05-06T21:02:39.389+0000] {dag.py:2726} INFO - Sync 1 DAGs
[2023-05-06T21:02:39.443+0000] {logging_mixin.py:149} INFO - [2023-05-06T21:02:39.442+0000] {dag.py:3490} INFO - Setting next_dagrun for example_skip_dag to 2023-05-05T21:02:39.442343+00:00, run_after=2023-05-06T21:02:39.442343+00:00
[2023-05-06T21:02:39.487+0000] {processor.py:178} INFO - Processing /home/airflow/.local/lib/python3.7/site-packages/airflow/example_dags/example_skip_dag.py took 0.153 seconds
[2023-05-06T21:03:09.643+0000] {processor.py:156} INFO - Started process (PID=3818) to work on /home/airflow/.local/lib/python3.7/site-packages/airflow/example_dags/example_skip_dag.py
[2023-05-06T21:03:09.645+0000] {processor.py:799} INFO - Processing file /home/airflow/.local/lib/python3.7/site-packages/airflow/example_dags/example_skip_dag.py for tasks to queue
[2023-05-06T21:03:09.647+0000] {logging_mixin.py:149} INFO - [2023-05-06T21:03:09.647+0000] {dagbag.py:541} INFO - Filling up the DagBag from /home/airflow/.local/lib/python3.7/site-packages/airflow/example_dags/example_skip_dag.py
[2023-05-06T21:03:09.658+0000] {processor.py:809} INFO - DAG(s) dict_keys(['example_skip_dag']) retrieved from /home/airflow/.local/lib/python3.7/site-packages/airflow/example_dags/example_skip_dag.py
[2023-05-06T21:03:09.696+0000] {logging_mixin.py:149} INFO - [2023-05-06T21:03:09.696+0000] {dag.py:2726} INFO - Sync 1 DAGs
[2023-05-06T21:03:09.734+0000] {logging_mixin.py:149} INFO - [2023-05-06T21:03:09.734+0000] {dag.py:3490} INFO - Setting next_dagrun for example_skip_dag to 2023-05-05T21:03:09.733802+00:00, run_after=2023-05-06T21:03:09.733802+00:00
[2023-05-06T21:03:09.766+0000] {processor.py:178} INFO - Processing /home/airflow/.local/lib/python3.7/site-packages/airflow/example_dags/example_skip_dag.py took 0.127 seconds
[2023-05-06T21:03:40.383+0000] {processor.py:156} INFO - Started process (PID=4056) to work on /home/airflow/.local/lib/python3.7/site-packages/airflow/example_dags/example_skip_dag.py
[2023-05-06T21:03:40.385+0000] {processor.py:799} INFO - Processing file /home/airflow/.local/lib/python3.7/site-packages/airflow/example_dags/example_skip_dag.py for tasks to queue
[2023-05-06T21:03:40.386+0000] {logging_mixin.py:149} INFO - [2023-05-06T21:03:40.386+0000] {dagbag.py:541} INFO - Filling up the DagBag from /home/airflow/.local/lib/python3.7/site-packages/airflow/example_dags/example_skip_dag.py
[2023-05-06T21:03:40.396+0000] {processor.py:809} INFO - DAG(s) dict_keys(['example_skip_dag']) retrieved from /home/airflow/.local/lib/python3.7/site-packages/airflow/example_dags/example_skip_dag.py
[2023-05-06T21:03:40.432+0000] {logging_mixin.py:149} INFO - [2023-05-06T21:03:40.431+0000] {dag.py:2726} INFO - Sync 1 DAGs
[2023-05-06T21:03:40.469+0000] {logging_mixin.py:149} INFO - [2023-05-06T21:03:40.469+0000] {dag.py:3490} INFO - Setting next_dagrun for example_skip_dag to 2023-05-05T21:03:40.468791+00:00, run_after=2023-05-06T21:03:40.468791+00:00
[2023-05-06T21:03:40.506+0000] {processor.py:178} INFO - Processing /home/airflow/.local/lib/python3.7/site-packages/airflow/example_dags/example_skip_dag.py took 0.126 seconds
[2023-05-06T21:04:11.417+0000] {processor.py:156} INFO - Started process (PID=4296) to work on /home/airflow/.local/lib/python3.7/site-packages/airflow/example_dags/example_skip_dag.py
[2023-05-06T21:04:11.419+0000] {processor.py:799} INFO - Processing file /home/airflow/.local/lib/python3.7/site-packages/airflow/example_dags/example_skip_dag.py for tasks to queue
[2023-05-06T21:04:11.421+0000] {logging_mixin.py:149} INFO - [2023-05-06T21:04:11.421+0000] {dagbag.py:541} INFO - Filling up the DagBag from /home/airflow/.local/lib/python3.7/site-packages/airflow/example_dags/example_skip_dag.py
[2023-05-06T21:04:11.430+0000] {processor.py:809} INFO - DAG(s) dict_keys(['example_skip_dag']) retrieved from /home/airflow/.local/lib/python3.7/site-packages/airflow/example_dags/example_skip_dag.py
[2023-05-06T21:04:11.466+0000] {logging_mixin.py:149} INFO - [2023-05-06T21:04:11.465+0000] {dag.py:2726} INFO - Sync 1 DAGs
[2023-05-06T21:04:11.507+0000] {logging_mixin.py:149} INFO - [2023-05-06T21:04:11.507+0000] {dag.py:3490} INFO - Setting next_dagrun for example_skip_dag to 2023-05-05T21:04:11.507114+00:00, run_after=2023-05-06T21:04:11.507114+00:00
[2023-05-06T21:04:11.540+0000] {processor.py:178} INFO - Processing /home/airflow/.local/lib/python3.7/site-packages/airflow/example_dags/example_skip_dag.py took 0.126 seconds
[2023-05-06T21:04:42.008+0000] {processor.py:156} INFO - Started process (PID=4534) to work on /home/airflow/.local/lib/python3.7/site-packages/airflow/example_dags/example_skip_dag.py
[2023-05-06T21:04:42.010+0000] {processor.py:799} INFO - Processing file /home/airflow/.local/lib/python3.7/site-packages/airflow/example_dags/example_skip_dag.py for tasks to queue
[2023-05-06T21:04:42.011+0000] {logging_mixin.py:149} INFO - [2023-05-06T21:04:42.011+0000] {dagbag.py:541} INFO - Filling up the DagBag from /home/airflow/.local/lib/python3.7/site-packages/airflow/example_dags/example_skip_dag.py
[2023-05-06T21:04:42.023+0000] {processor.py:809} INFO - DAG(s) dict_keys(['example_skip_dag']) retrieved from /home/airflow/.local/lib/python3.7/site-packages/airflow/example_dags/example_skip_dag.py
[2023-05-06T21:04:42.066+0000] {logging_mixin.py:149} INFO - [2023-05-06T21:04:42.066+0000] {dag.py:2726} INFO - Sync 1 DAGs
[2023-05-06T21:04:42.110+0000] {logging_mixin.py:149} INFO - [2023-05-06T21:04:42.110+0000] {dag.py:3490} INFO - Setting next_dagrun for example_skip_dag to 2023-05-05T21:04:42.110234+00:00, run_after=2023-05-06T21:04:42.110234+00:00
[2023-05-06T21:04:42.144+0000] {processor.py:178} INFO - Processing /home/airflow/.local/lib/python3.7/site-packages/airflow/example_dags/example_skip_dag.py took 0.139 seconds
[2023-05-06T21:05:12.611+0000] {processor.py:156} INFO - Started process (PID=4772) to work on /home/airflow/.local/lib/python3.7/site-packages/airflow/example_dags/example_skip_dag.py
[2023-05-06T21:05:12.612+0000] {processor.py:799} INFO - Processing file /home/airflow/.local/lib/python3.7/site-packages/airflow/example_dags/example_skip_dag.py for tasks to queue
[2023-05-06T21:05:12.614+0000] {logging_mixin.py:149} INFO - [2023-05-06T21:05:12.614+0000] {dagbag.py:541} INFO - Filling up the DagBag from /home/airflow/.local/lib/python3.7/site-packages/airflow/example_dags/example_skip_dag.py
[2023-05-06T21:05:12.622+0000] {processor.py:809} INFO - DAG(s) dict_keys(['example_skip_dag']) retrieved from /home/airflow/.local/lib/python3.7/site-packages/airflow/example_dags/example_skip_dag.py
[2023-05-06T21:05:12.652+0000] {logging_mixin.py:149} INFO - [2023-05-06T21:05:12.652+0000] {dag.py:2726} INFO - Sync 1 DAGs
[2023-05-06T21:05:12.683+0000] {logging_mixin.py:149} INFO - [2023-05-06T21:05:12.683+0000] {dag.py:3490} INFO - Setting next_dagrun for example_skip_dag to 2023-05-05T21:05:12.683156+00:00, run_after=2023-05-06T21:05:12.683156+00:00
[2023-05-06T21:05:12.708+0000] {processor.py:178} INFO - Processing /home/airflow/.local/lib/python3.7/site-packages/airflow/example_dags/example_skip_dag.py took 0.101 seconds
[2023-05-06T21:05:43.180+0000] {processor.py:156} INFO - Started process (PID=5010) to work on /home/airflow/.local/lib/python3.7/site-packages/airflow/example_dags/example_skip_dag.py
[2023-05-06T21:05:43.182+0000] {processor.py:799} INFO - Processing file /home/airflow/.local/lib/python3.7/site-packages/airflow/example_dags/example_skip_dag.py for tasks to queue
[2023-05-06T21:05:43.183+0000] {logging_mixin.py:149} INFO - [2023-05-06T21:05:43.183+0000] {dagbag.py:541} INFO - Filling up the DagBag from /home/airflow/.local/lib/python3.7/site-packages/airflow/example_dags/example_skip_dag.py
[2023-05-06T21:05:43.193+0000] {processor.py:809} INFO - DAG(s) dict_keys(['example_skip_dag']) retrieved from /home/airflow/.local/lib/python3.7/site-packages/airflow/example_dags/example_skip_dag.py
[2023-05-06T21:05:43.227+0000] {logging_mixin.py:149} INFO - [2023-05-06T21:05:43.227+0000] {dag.py:2726} INFO - Sync 1 DAGs
[2023-05-06T21:05:43.260+0000] {logging_mixin.py:149} INFO - [2023-05-06T21:05:43.260+0000] {dag.py:3490} INFO - Setting next_dagrun for example_skip_dag to 2023-05-05T21:05:43.260054+00:00, run_after=2023-05-06T21:05:43.260054+00:00
[2023-05-06T21:05:43.285+0000] {processor.py:178} INFO - Processing /home/airflow/.local/lib/python3.7/site-packages/airflow/example_dags/example_skip_dag.py took 0.108 seconds
[2023-05-06T21:06:13.514+0000] {processor.py:156} INFO - Started process (PID=5248) to work on /home/airflow/.local/lib/python3.7/site-packages/airflow/example_dags/example_skip_dag.py
[2023-05-06T21:06:13.516+0000] {processor.py:799} INFO - Processing file /home/airflow/.local/lib/python3.7/site-packages/airflow/example_dags/example_skip_dag.py for tasks to queue
[2023-05-06T21:06:13.517+0000] {logging_mixin.py:149} INFO - [2023-05-06T21:06:13.517+0000] {dagbag.py:541} INFO - Filling up the DagBag from /home/airflow/.local/lib/python3.7/site-packages/airflow/example_dags/example_skip_dag.py
[2023-05-06T21:06:13.527+0000] {processor.py:809} INFO - DAG(s) dict_keys(['example_skip_dag']) retrieved from /home/airflow/.local/lib/python3.7/site-packages/airflow/example_dags/example_skip_dag.py
[2023-05-06T21:06:13.559+0000] {logging_mixin.py:149} INFO - [2023-05-06T21:06:13.559+0000] {dag.py:2726} INFO - Sync 1 DAGs
[2023-05-06T21:06:13.595+0000] {logging_mixin.py:149} INFO - [2023-05-06T21:06:13.595+0000] {dag.py:3490} INFO - Setting next_dagrun for example_skip_dag to 2023-05-05T21:06:13.595316+00:00, run_after=2023-05-06T21:06:13.595316+00:00
[2023-05-06T21:06:13.625+0000] {processor.py:178} INFO - Processing /home/airflow/.local/lib/python3.7/site-packages/airflow/example_dags/example_skip_dag.py took 0.115 seconds
[2023-05-06T21:06:44.057+0000] {processor.py:156} INFO - Started process (PID=5485) to work on /home/airflow/.local/lib/python3.7/site-packages/airflow/example_dags/example_skip_dag.py
[2023-05-06T21:06:44.059+0000] {processor.py:799} INFO - Processing file /home/airflow/.local/lib/python3.7/site-packages/airflow/example_dags/example_skip_dag.py for tasks to queue
[2023-05-06T21:06:44.060+0000] {logging_mixin.py:149} INFO - [2023-05-06T21:06:44.060+0000] {dagbag.py:541} INFO - Filling up the DagBag from /home/airflow/.local/lib/python3.7/site-packages/airflow/example_dags/example_skip_dag.py
[2023-05-06T21:06:44.070+0000] {processor.py:809} INFO - DAG(s) dict_keys(['example_skip_dag']) retrieved from /home/airflow/.local/lib/python3.7/site-packages/airflow/example_dags/example_skip_dag.py
[2023-05-06T21:06:44.107+0000] {logging_mixin.py:149} INFO - [2023-05-06T21:06:44.106+0000] {dag.py:2726} INFO - Sync 1 DAGs
[2023-05-06T21:06:44.151+0000] {logging_mixin.py:149} INFO - [2023-05-06T21:06:44.151+0000] {dag.py:3490} INFO - Setting next_dagrun for example_skip_dag to 2023-05-05T21:06:44.150975+00:00, run_after=2023-05-06T21:06:44.150975+00:00
[2023-05-06T21:06:44.179+0000] {processor.py:178} INFO - Processing /home/airflow/.local/lib/python3.7/site-packages/airflow/example_dags/example_skip_dag.py took 0.126 seconds
[2023-05-06T21:07:14.816+0000] {processor.py:156} INFO - Started process (PID=5725) to work on /home/airflow/.local/lib/python3.7/site-packages/airflow/example_dags/example_skip_dag.py
[2023-05-06T21:07:14.818+0000] {processor.py:799} INFO - Processing file /home/airflow/.local/lib/python3.7/site-packages/airflow/example_dags/example_skip_dag.py for tasks to queue
[2023-05-06T21:07:14.820+0000] {logging_mixin.py:149} INFO - [2023-05-06T21:07:14.819+0000] {dagbag.py:541} INFO - Filling up the DagBag from /home/airflow/.local/lib/python3.7/site-packages/airflow/example_dags/example_skip_dag.py
[2023-05-06T21:07:14.828+0000] {processor.py:809} INFO - DAG(s) dict_keys(['example_skip_dag']) retrieved from /home/airflow/.local/lib/python3.7/site-packages/airflow/example_dags/example_skip_dag.py
[2023-05-06T21:07:14.865+0000] {logging_mixin.py:149} INFO - [2023-05-06T21:07:14.865+0000] {dag.py:2726} INFO - Sync 1 DAGs
[2023-05-06T21:07:14.903+0000] {logging_mixin.py:149} INFO - [2023-05-06T21:07:14.903+0000] {dag.py:3490} INFO - Setting next_dagrun for example_skip_dag to 2023-05-05T21:07:14.903466+00:00, run_after=2023-05-06T21:07:14.903466+00:00
[2023-05-06T21:07:14.930+0000] {processor.py:178} INFO - Processing /home/airflow/.local/lib/python3.7/site-packages/airflow/example_dags/example_skip_dag.py took 0.118 seconds
