[2023-05-06T20:55:29.473+0000] {processor.py:156} INFO - Started process (PID=227) to work on /home/airflow/.local/lib/python3.7/site-packages/airflow/example_dags/example_task_group_decorator.py
[2023-05-06T20:55:29.475+0000] {processor.py:799} INFO - Processing file /home/airflow/.local/lib/python3.7/site-packages/airflow/example_dags/example_task_group_decorator.py for tasks to queue
[2023-05-06T20:55:29.476+0000] {logging_mixin.py:149} INFO - [2023-05-06T20:55:29.476+0000] {dagbag.py:541} INFO - Filling up the DagBag from /home/airflow/.local/lib/python3.7/site-packages/airflow/example_dags/example_task_group_decorator.py
[2023-05-06T20:55:29.498+0000] {processor.py:809} INFO - DAG(s) dict_keys(['example_task_group_decorator']) retrieved from /home/airflow/.local/lib/python3.7/site-packages/airflow/example_dags/example_task_group_decorator.py
[2023-05-06T20:55:29.516+0000] {logging_mixin.py:149} INFO - [2023-05-06T20:55:29.516+0000] {dag.py:2726} INFO - Sync 1 DAGs
[2023-05-06T20:55:29.560+0000] {logging_mixin.py:149} INFO - [2023-05-06T20:55:29.559+0000] {dag.py:3490} INFO - Setting next_dagrun for example_task_group_decorator to 2023-05-05T20:55:29.559641+00:00, run_after=2023-05-06T20:55:29.559641+00:00
[2023-05-06T20:55:29.613+0000] {processor.py:178} INFO - Processing /home/airflow/.local/lib/python3.7/site-packages/airflow/example_dags/example_task_group_decorator.py took 0.145 seconds
[2023-05-06T20:56:00.607+0000] {processor.py:156} INFO - Started process (PID=460) to work on /home/airflow/.local/lib/python3.7/site-packages/airflow/example_dags/example_task_group_decorator.py
[2023-05-06T20:56:00.610+0000] {processor.py:799} INFO - Processing file /home/airflow/.local/lib/python3.7/site-packages/airflow/example_dags/example_task_group_decorator.py for tasks to queue
[2023-05-06T20:56:00.612+0000] {logging_mixin.py:149} INFO - [2023-05-06T20:56:00.612+0000] {dagbag.py:541} INFO - Filling up the DagBag from /home/airflow/.local/lib/python3.7/site-packages/airflow/example_dags/example_task_group_decorator.py
[2023-05-06T20:56:00.643+0000] {processor.py:809} INFO - DAG(s) dict_keys(['example_task_group_decorator']) retrieved from /home/airflow/.local/lib/python3.7/site-packages/airflow/example_dags/example_task_group_decorator.py
[2023-05-06T20:56:00.683+0000] {logging_mixin.py:149} INFO - [2023-05-06T20:56:00.683+0000] {dag.py:2726} INFO - Sync 1 DAGs
[2023-05-06T20:56:00.883+0000] {logging_mixin.py:149} INFO - [2023-05-06T20:56:00.882+0000] {dag.py:3490} INFO - Setting next_dagrun for example_task_group_decorator to 2023-05-05T20:56:00.882766+00:00, run_after=2023-05-06T20:56:00.882766+00:00
[2023-05-06T20:56:00.914+0000] {processor.py:178} INFO - Processing /home/airflow/.local/lib/python3.7/site-packages/airflow/example_dags/example_task_group_decorator.py took 0.311 seconds
[2023-05-06T20:56:31.607+0000] {processor.py:156} INFO - Started process (PID=698) to work on /home/airflow/.local/lib/python3.7/site-packages/airflow/example_dags/example_task_group_decorator.py
[2023-05-06T20:56:31.609+0000] {processor.py:799} INFO - Processing file /home/airflow/.local/lib/python3.7/site-packages/airflow/example_dags/example_task_group_decorator.py for tasks to queue
[2023-05-06T20:56:31.611+0000] {logging_mixin.py:149} INFO - [2023-05-06T20:56:31.611+0000] {dagbag.py:541} INFO - Filling up the DagBag from /home/airflow/.local/lib/python3.7/site-packages/airflow/example_dags/example_task_group_decorator.py
[2023-05-06T20:56:31.648+0000] {processor.py:809} INFO - DAG(s) dict_keys(['example_task_group_decorator']) retrieved from /home/airflow/.local/lib/python3.7/site-packages/airflow/example_dags/example_task_group_decorator.py
[2023-05-06T20:56:31.851+0000] {logging_mixin.py:149} INFO - [2023-05-06T20:56:31.851+0000] {dag.py:2726} INFO - Sync 1 DAGs
[2023-05-06T20:56:31.889+0000] {logging_mixin.py:149} INFO - [2023-05-06T20:56:31.889+0000] {dag.py:3490} INFO - Setting next_dagrun for example_task_group_decorator to 2023-05-05T20:56:31.889324+00:00, run_after=2023-05-06T20:56:31.889324+00:00
[2023-05-06T20:56:31.919+0000] {processor.py:178} INFO - Processing /home/airflow/.local/lib/python3.7/site-packages/airflow/example_dags/example_task_group_decorator.py took 0.316 seconds
[2023-05-06T20:57:02.340+0000] {processor.py:156} INFO - Started process (PID=936) to work on /home/airflow/.local/lib/python3.7/site-packages/airflow/example_dags/example_task_group_decorator.py
[2023-05-06T20:57:02.345+0000] {processor.py:799} INFO - Processing file /home/airflow/.local/lib/python3.7/site-packages/airflow/example_dags/example_task_group_decorator.py for tasks to queue
[2023-05-06T20:57:02.347+0000] {logging_mixin.py:149} INFO - [2023-05-06T20:57:02.346+0000] {dagbag.py:541} INFO - Filling up the DagBag from /home/airflow/.local/lib/python3.7/site-packages/airflow/example_dags/example_task_group_decorator.py
[2023-05-06T20:57:02.369+0000] {processor.py:809} INFO - DAG(s) dict_keys(['example_task_group_decorator']) retrieved from /home/airflow/.local/lib/python3.7/site-packages/airflow/example_dags/example_task_group_decorator.py
[2023-05-06T20:57:02.416+0000] {logging_mixin.py:149} INFO - [2023-05-06T20:57:02.416+0000] {dag.py:2726} INFO - Sync 1 DAGs
[2023-05-06T20:57:02.456+0000] {logging_mixin.py:149} INFO - [2023-05-06T20:57:02.456+0000] {dag.py:3490} INFO - Setting next_dagrun for example_task_group_decorator to 2023-05-05T20:57:02.455625+00:00, run_after=2023-05-06T20:57:02.455625+00:00
[2023-05-06T20:57:02.486+0000] {processor.py:178} INFO - Processing /home/airflow/.local/lib/python3.7/site-packages/airflow/example_dags/example_task_group_decorator.py took 0.149 seconds
[2023-05-06T20:57:32.819+0000] {processor.py:156} INFO - Started process (PID=1174) to work on /home/airflow/.local/lib/python3.7/site-packages/airflow/example_dags/example_task_group_decorator.py
[2023-05-06T20:57:32.822+0000] {processor.py:799} INFO - Processing file /home/airflow/.local/lib/python3.7/site-packages/airflow/example_dags/example_task_group_decorator.py for tasks to queue
[2023-05-06T20:57:32.824+0000] {logging_mixin.py:149} INFO - [2023-05-06T20:57:32.824+0000] {dagbag.py:541} INFO - Filling up the DagBag from /home/airflow/.local/lib/python3.7/site-packages/airflow/example_dags/example_task_group_decorator.py
[2023-05-06T20:57:32.853+0000] {processor.py:809} INFO - DAG(s) dict_keys(['example_task_group_decorator']) retrieved from /home/airflow/.local/lib/python3.7/site-packages/airflow/example_dags/example_task_group_decorator.py
[2023-05-06T20:57:32.880+0000] {logging_mixin.py:149} INFO - [2023-05-06T20:57:32.879+0000] {dag.py:2726} INFO - Sync 1 DAGs
[2023-05-06T20:57:32.930+0000] {logging_mixin.py:149} INFO - [2023-05-06T20:57:32.929+0000] {dag.py:3490} INFO - Setting next_dagrun for example_task_group_decorator to 2023-05-05T20:57:32.929446+00:00, run_after=2023-05-06T20:57:32.929446+00:00
[2023-05-06T20:57:32.967+0000] {processor.py:178} INFO - Processing /home/airflow/.local/lib/python3.7/site-packages/airflow/example_dags/example_task_group_decorator.py took 0.155 seconds
[2023-05-06T20:58:03.502+0000] {processor.py:156} INFO - Started process (PID=1412) to work on /home/airflow/.local/lib/python3.7/site-packages/airflow/example_dags/example_task_group_decorator.py
[2023-05-06T20:58:03.504+0000] {processor.py:799} INFO - Processing file /home/airflow/.local/lib/python3.7/site-packages/airflow/example_dags/example_task_group_decorator.py for tasks to queue
[2023-05-06T20:58:03.505+0000] {logging_mixin.py:149} INFO - [2023-05-06T20:58:03.505+0000] {dagbag.py:541} INFO - Filling up the DagBag from /home/airflow/.local/lib/python3.7/site-packages/airflow/example_dags/example_task_group_decorator.py
[2023-05-06T20:58:03.527+0000] {processor.py:809} INFO - DAG(s) dict_keys(['example_task_group_decorator']) retrieved from /home/airflow/.local/lib/python3.7/site-packages/airflow/example_dags/example_task_group_decorator.py
[2023-05-06T20:58:03.571+0000] {logging_mixin.py:149} INFO - [2023-05-06T20:58:03.571+0000] {dag.py:2726} INFO - Sync 1 DAGs
[2023-05-06T20:58:03.609+0000] {logging_mixin.py:149} INFO - [2023-05-06T20:58:03.609+0000] {dag.py:3490} INFO - Setting next_dagrun for example_task_group_decorator to 2023-05-05T20:58:03.609285+00:00, run_after=2023-05-06T20:58:03.609285+00:00
[2023-05-06T20:58:03.639+0000] {processor.py:178} INFO - Processing /home/airflow/.local/lib/python3.7/site-packages/airflow/example_dags/example_task_group_decorator.py took 0.142 seconds
[2023-05-06T20:58:34.527+0000] {processor.py:156} INFO - Started process (PID=1651) to work on /home/airflow/.local/lib/python3.7/site-packages/airflow/example_dags/example_task_group_decorator.py
[2023-05-06T20:58:34.528+0000] {processor.py:799} INFO - Processing file /home/airflow/.local/lib/python3.7/site-packages/airflow/example_dags/example_task_group_decorator.py for tasks to queue
[2023-05-06T20:58:34.530+0000] {logging_mixin.py:149} INFO - [2023-05-06T20:58:34.530+0000] {dagbag.py:541} INFO - Filling up the DagBag from /home/airflow/.local/lib/python3.7/site-packages/airflow/example_dags/example_task_group_decorator.py
[2023-05-06T20:58:34.550+0000] {processor.py:809} INFO - DAG(s) dict_keys(['example_task_group_decorator']) retrieved from /home/airflow/.local/lib/python3.7/site-packages/airflow/example_dags/example_task_group_decorator.py
[2023-05-06T20:58:34.590+0000] {logging_mixin.py:149} INFO - [2023-05-06T20:58:34.590+0000] {dag.py:2726} INFO - Sync 1 DAGs
[2023-05-06T20:58:34.626+0000] {logging_mixin.py:149} INFO - [2023-05-06T20:58:34.626+0000] {dag.py:3490} INFO - Setting next_dagrun for example_task_group_decorator to 2023-05-05T20:58:34.625961+00:00, run_after=2023-05-06T20:58:34.625961+00:00
[2023-05-06T20:58:34.660+0000] {processor.py:178} INFO - Processing /home/airflow/.local/lib/python3.7/site-packages/airflow/example_dags/example_task_group_decorator.py took 0.137 seconds
[2023-05-06T20:59:04.977+0000] {processor.py:156} INFO - Started process (PID=1889) to work on /home/airflow/.local/lib/python3.7/site-packages/airflow/example_dags/example_task_group_decorator.py
[2023-05-06T20:59:04.980+0000] {processor.py:799} INFO - Processing file /home/airflow/.local/lib/python3.7/site-packages/airflow/example_dags/example_task_group_decorator.py for tasks to queue
[2023-05-06T20:59:04.981+0000] {logging_mixin.py:149} INFO - [2023-05-06T20:59:04.981+0000] {dagbag.py:541} INFO - Filling up the DagBag from /home/airflow/.local/lib/python3.7/site-packages/airflow/example_dags/example_task_group_decorator.py
[2023-05-06T20:59:04.999+0000] {processor.py:809} INFO - DAG(s) dict_keys(['example_task_group_decorator']) retrieved from /home/airflow/.local/lib/python3.7/site-packages/airflow/example_dags/example_task_group_decorator.py
[2023-05-06T20:59:05.039+0000] {logging_mixin.py:149} INFO - [2023-05-06T20:59:05.039+0000] {dag.py:2726} INFO - Sync 1 DAGs
[2023-05-06T20:59:05.077+0000] {logging_mixin.py:149} INFO - [2023-05-06T20:59:05.077+0000] {dag.py:3490} INFO - Setting next_dagrun for example_task_group_decorator to 2023-05-05T20:59:05.076983+00:00, run_after=2023-05-06T20:59:05.076983+00:00
[2023-05-06T20:59:05.111+0000] {processor.py:178} INFO - Processing /home/airflow/.local/lib/python3.7/site-packages/airflow/example_dags/example_task_group_decorator.py took 0.138 seconds
[2023-05-06T20:59:35.334+0000] {processor.py:156} INFO - Started process (PID=2129) to work on /home/airflow/.local/lib/python3.7/site-packages/airflow/example_dags/example_task_group_decorator.py
[2023-05-06T20:59:35.336+0000] {processor.py:799} INFO - Processing file /home/airflow/.local/lib/python3.7/site-packages/airflow/example_dags/example_task_group_decorator.py for tasks to queue
[2023-05-06T20:59:35.338+0000] {logging_mixin.py:149} INFO - [2023-05-06T20:59:35.337+0000] {dagbag.py:541} INFO - Filling up the DagBag from /home/airflow/.local/lib/python3.7/site-packages/airflow/example_dags/example_task_group_decorator.py
[2023-05-06T20:59:35.359+0000] {processor.py:809} INFO - DAG(s) dict_keys(['example_task_group_decorator']) retrieved from /home/airflow/.local/lib/python3.7/site-packages/airflow/example_dags/example_task_group_decorator.py
[2023-05-06T20:59:35.402+0000] {logging_mixin.py:149} INFO - [2023-05-06T20:59:35.402+0000] {dag.py:2726} INFO - Sync 1 DAGs
[2023-05-06T20:59:35.438+0000] {logging_mixin.py:149} INFO - [2023-05-06T20:59:35.438+0000] {dag.py:3490} INFO - Setting next_dagrun for example_task_group_decorator to 2023-05-05T20:59:35.438142+00:00, run_after=2023-05-06T20:59:35.438142+00:00
[2023-05-06T20:59:35.472+0000] {processor.py:178} INFO - Processing /home/airflow/.local/lib/python3.7/site-packages/airflow/example_dags/example_task_group_decorator.py took 0.143 seconds
[2023-05-06T21:00:06.365+0000] {processor.py:156} INFO - Started process (PID=2367) to work on /home/airflow/.local/lib/python3.7/site-packages/airflow/example_dags/example_task_group_decorator.py
[2023-05-06T21:00:06.367+0000] {processor.py:799} INFO - Processing file /home/airflow/.local/lib/python3.7/site-packages/airflow/example_dags/example_task_group_decorator.py for tasks to queue
[2023-05-06T21:00:06.368+0000] {logging_mixin.py:149} INFO - [2023-05-06T21:00:06.368+0000] {dagbag.py:541} INFO - Filling up the DagBag from /home/airflow/.local/lib/python3.7/site-packages/airflow/example_dags/example_task_group_decorator.py
[2023-05-06T21:00:06.391+0000] {processor.py:809} INFO - DAG(s) dict_keys(['example_task_group_decorator']) retrieved from /home/airflow/.local/lib/python3.7/site-packages/airflow/example_dags/example_task_group_decorator.py
[2023-05-06T21:00:06.409+0000] {logging_mixin.py:149} INFO - [2023-05-06T21:00:06.408+0000] {dag.py:2726} INFO - Sync 1 DAGs
[2023-05-06T21:00:06.444+0000] {logging_mixin.py:149} INFO - [2023-05-06T21:00:06.444+0000] {dag.py:3490} INFO - Setting next_dagrun for example_task_group_decorator to 2023-05-05T21:00:06.444042+00:00, run_after=2023-05-06T21:00:06.444042+00:00
[2023-05-06T21:00:06.472+0000] {processor.py:178} INFO - Processing /home/airflow/.local/lib/python3.7/site-packages/airflow/example_dags/example_task_group_decorator.py took 0.112 seconds
[2023-05-06T21:00:36.638+0000] {processor.py:156} INFO - Started process (PID=2605) to work on /home/airflow/.local/lib/python3.7/site-packages/airflow/example_dags/example_task_group_decorator.py
[2023-05-06T21:00:36.640+0000] {processor.py:799} INFO - Processing file /home/airflow/.local/lib/python3.7/site-packages/airflow/example_dags/example_task_group_decorator.py for tasks to queue
[2023-05-06T21:00:36.641+0000] {logging_mixin.py:149} INFO - [2023-05-06T21:00:36.641+0000] {dagbag.py:541} INFO - Filling up the DagBag from /home/airflow/.local/lib/python3.7/site-packages/airflow/example_dags/example_task_group_decorator.py
[2023-05-06T21:00:36.660+0000] {processor.py:809} INFO - DAG(s) dict_keys(['example_task_group_decorator']) retrieved from /home/airflow/.local/lib/python3.7/site-packages/airflow/example_dags/example_task_group_decorator.py
[2023-05-06T21:00:36.697+0000] {logging_mixin.py:149} INFO - [2023-05-06T21:00:36.697+0000] {dag.py:2726} INFO - Sync 1 DAGs
[2023-05-06T21:00:36.734+0000] {logging_mixin.py:149} INFO - [2023-05-06T21:00:36.734+0000] {dag.py:3490} INFO - Setting next_dagrun for example_task_group_decorator to 2023-05-05T21:00:36.734282+00:00, run_after=2023-05-06T21:00:36.734282+00:00
[2023-05-06T21:00:36.769+0000] {processor.py:178} INFO - Processing /home/airflow/.local/lib/python3.7/site-packages/airflow/example_dags/example_task_group_decorator.py took 0.135 seconds
[2023-05-06T21:01:07.137+0000] {processor.py:156} INFO - Started process (PID=2843) to work on /home/airflow/.local/lib/python3.7/site-packages/airflow/example_dags/example_task_group_decorator.py
[2023-05-06T21:01:07.139+0000] {processor.py:799} INFO - Processing file /home/airflow/.local/lib/python3.7/site-packages/airflow/example_dags/example_task_group_decorator.py for tasks to queue
[2023-05-06T21:01:07.140+0000] {logging_mixin.py:149} INFO - [2023-05-06T21:01:07.140+0000] {dagbag.py:541} INFO - Filling up the DagBag from /home/airflow/.local/lib/python3.7/site-packages/airflow/example_dags/example_task_group_decorator.py
[2023-05-06T21:01:07.158+0000] {processor.py:809} INFO - DAG(s) dict_keys(['example_task_group_decorator']) retrieved from /home/airflow/.local/lib/python3.7/site-packages/airflow/example_dags/example_task_group_decorator.py
[2023-05-06T21:01:07.196+0000] {logging_mixin.py:149} INFO - [2023-05-06T21:01:07.196+0000] {dag.py:2726} INFO - Sync 1 DAGs
[2023-05-06T21:01:07.231+0000] {logging_mixin.py:149} INFO - [2023-05-06T21:01:07.231+0000] {dag.py:3490} INFO - Setting next_dagrun for example_task_group_decorator to 2023-05-05T21:01:07.230684+00:00, run_after=2023-05-06T21:01:07.230684+00:00
[2023-05-06T21:01:07.258+0000] {processor.py:178} INFO - Processing /home/airflow/.local/lib/python3.7/site-packages/airflow/example_dags/example_task_group_decorator.py took 0.124 seconds
[2023-05-06T21:01:38.080+0000] {processor.py:156} INFO - Started process (PID=3081) to work on /home/airflow/.local/lib/python3.7/site-packages/airflow/example_dags/example_task_group_decorator.py
[2023-05-06T21:01:38.082+0000] {processor.py:799} INFO - Processing file /home/airflow/.local/lib/python3.7/site-packages/airflow/example_dags/example_task_group_decorator.py for tasks to queue
[2023-05-06T21:01:38.083+0000] {logging_mixin.py:149} INFO - [2023-05-06T21:01:38.083+0000] {dagbag.py:541} INFO - Filling up the DagBag from /home/airflow/.local/lib/python3.7/site-packages/airflow/example_dags/example_task_group_decorator.py
[2023-05-06T21:01:38.109+0000] {processor.py:809} INFO - DAG(s) dict_keys(['example_task_group_decorator']) retrieved from /home/airflow/.local/lib/python3.7/site-packages/airflow/example_dags/example_task_group_decorator.py
[2023-05-06T21:01:38.149+0000] {logging_mixin.py:149} INFO - [2023-05-06T21:01:38.149+0000] {dag.py:2726} INFO - Sync 1 DAGs
[2023-05-06T21:01:38.189+0000] {logging_mixin.py:149} INFO - [2023-05-06T21:01:38.189+0000] {dag.py:3490} INFO - Setting next_dagrun for example_task_group_decorator to 2023-05-05T21:01:38.188797+00:00, run_after=2023-05-06T21:01:38.188797+00:00
[2023-05-06T21:01:38.219+0000] {processor.py:178} INFO - Processing /home/airflow/.local/lib/python3.7/site-packages/airflow/example_dags/example_task_group_decorator.py took 0.141 seconds
[2023-05-06T21:02:08.608+0000] {processor.py:156} INFO - Started process (PID=3319) to work on /home/airflow/.local/lib/python3.7/site-packages/airflow/example_dags/example_task_group_decorator.py
[2023-05-06T21:02:08.609+0000] {processor.py:799} INFO - Processing file /home/airflow/.local/lib/python3.7/site-packages/airflow/example_dags/example_task_group_decorator.py for tasks to queue
[2023-05-06T21:02:08.610+0000] {logging_mixin.py:149} INFO - [2023-05-06T21:02:08.610+0000] {dagbag.py:541} INFO - Filling up the DagBag from /home/airflow/.local/lib/python3.7/site-packages/airflow/example_dags/example_task_group_decorator.py
[2023-05-06T21:02:08.633+0000] {processor.py:809} INFO - DAG(s) dict_keys(['example_task_group_decorator']) retrieved from /home/airflow/.local/lib/python3.7/site-packages/airflow/example_dags/example_task_group_decorator.py
[2023-05-06T21:02:08.674+0000] {logging_mixin.py:149} INFO - [2023-05-06T21:02:08.674+0000] {dag.py:2726} INFO - Sync 1 DAGs
[2023-05-06T21:02:08.713+0000] {logging_mixin.py:149} INFO - [2023-05-06T21:02:08.713+0000] {dag.py:3490} INFO - Setting next_dagrun for example_task_group_decorator to 2023-05-05T21:02:08.712692+00:00, run_after=2023-05-06T21:02:08.712692+00:00
[2023-05-06T21:02:08.741+0000] {processor.py:178} INFO - Processing /home/airflow/.local/lib/python3.7/site-packages/airflow/example_dags/example_task_group_decorator.py took 0.138 seconds
[2023-05-06T21:02:38.831+0000] {processor.py:156} INFO - Started process (PID=3557) to work on /home/airflow/.local/lib/python3.7/site-packages/airflow/example_dags/example_task_group_decorator.py
[2023-05-06T21:02:38.834+0000] {processor.py:799} INFO - Processing file /home/airflow/.local/lib/python3.7/site-packages/airflow/example_dags/example_task_group_decorator.py for tasks to queue
[2023-05-06T21:02:38.835+0000] {logging_mixin.py:149} INFO - [2023-05-06T21:02:38.835+0000] {dagbag.py:541} INFO - Filling up the DagBag from /home/airflow/.local/lib/python3.7/site-packages/airflow/example_dags/example_task_group_decorator.py
[2023-05-06T21:02:38.856+0000] {processor.py:809} INFO - DAG(s) dict_keys(['example_task_group_decorator']) retrieved from /home/airflow/.local/lib/python3.7/site-packages/airflow/example_dags/example_task_group_decorator.py
[2023-05-06T21:02:38.894+0000] {logging_mixin.py:149} INFO - [2023-05-06T21:02:38.894+0000] {dag.py:2726} INFO - Sync 1 DAGs
[2023-05-06T21:02:38.929+0000] {logging_mixin.py:149} INFO - [2023-05-06T21:02:38.929+0000] {dag.py:3490} INFO - Setting next_dagrun for example_task_group_decorator to 2023-05-05T21:02:38.929254+00:00, run_after=2023-05-06T21:02:38.929254+00:00
[2023-05-06T21:02:38.960+0000] {processor.py:178} INFO - Processing /home/airflow/.local/lib/python3.7/site-packages/airflow/example_dags/example_task_group_decorator.py took 0.133 seconds
[2023-05-06T21:03:09.124+0000] {processor.py:156} INFO - Started process (PID=3795) to work on /home/airflow/.local/lib/python3.7/site-packages/airflow/example_dags/example_task_group_decorator.py
[2023-05-06T21:03:09.125+0000] {processor.py:799} INFO - Processing file /home/airflow/.local/lib/python3.7/site-packages/airflow/example_dags/example_task_group_decorator.py for tasks to queue
[2023-05-06T21:03:09.127+0000] {logging_mixin.py:149} INFO - [2023-05-06T21:03:09.127+0000] {dagbag.py:541} INFO - Filling up the DagBag from /home/airflow/.local/lib/python3.7/site-packages/airflow/example_dags/example_task_group_decorator.py
[2023-05-06T21:03:09.146+0000] {processor.py:809} INFO - DAG(s) dict_keys(['example_task_group_decorator']) retrieved from /home/airflow/.local/lib/python3.7/site-packages/airflow/example_dags/example_task_group_decorator.py
[2023-05-06T21:03:09.186+0000] {logging_mixin.py:149} INFO - [2023-05-06T21:03:09.185+0000] {dag.py:2726} INFO - Sync 1 DAGs
[2023-05-06T21:03:09.221+0000] {logging_mixin.py:149} INFO - [2023-05-06T21:03:09.221+0000] {dag.py:3490} INFO - Setting next_dagrun for example_task_group_decorator to 2023-05-05T21:03:09.221100+00:00, run_after=2023-05-06T21:03:09.221100+00:00
[2023-05-06T21:03:09.255+0000] {processor.py:178} INFO - Processing /home/airflow/.local/lib/python3.7/site-packages/airflow/example_dags/example_task_group_decorator.py took 0.135 seconds
[2023-05-06T21:03:39.992+0000] {processor.py:156} INFO - Started process (PID=4033) to work on /home/airflow/.local/lib/python3.7/site-packages/airflow/example_dags/example_task_group_decorator.py
[2023-05-06T21:03:39.993+0000] {processor.py:799} INFO - Processing file /home/airflow/.local/lib/python3.7/site-packages/airflow/example_dags/example_task_group_decorator.py for tasks to queue
[2023-05-06T21:03:39.995+0000] {logging_mixin.py:149} INFO - [2023-05-06T21:03:39.995+0000] {dagbag.py:541} INFO - Filling up the DagBag from /home/airflow/.local/lib/python3.7/site-packages/airflow/example_dags/example_task_group_decorator.py
[2023-05-06T21:03:40.019+0000] {processor.py:809} INFO - DAG(s) dict_keys(['example_task_group_decorator']) retrieved from /home/airflow/.local/lib/python3.7/site-packages/airflow/example_dags/example_task_group_decorator.py
[2023-05-06T21:03:40.061+0000] {logging_mixin.py:149} INFO - [2023-05-06T21:03:40.061+0000] {dag.py:2726} INFO - Sync 1 DAGs
[2023-05-06T21:03:40.100+0000] {logging_mixin.py:149} INFO - [2023-05-06T21:03:40.100+0000] {dag.py:3490} INFO - Setting next_dagrun for example_task_group_decorator to 2023-05-05T21:03:40.100267+00:00, run_after=2023-05-06T21:03:40.100267+00:00
[2023-05-06T21:03:40.133+0000] {processor.py:178} INFO - Processing /home/airflow/.local/lib/python3.7/site-packages/airflow/example_dags/example_task_group_decorator.py took 0.147 seconds
[2023-05-06T21:04:10.671+0000] {processor.py:156} INFO - Started process (PID=4271) to work on /home/airflow/.local/lib/python3.7/site-packages/airflow/example_dags/example_task_group_decorator.py
[2023-05-06T21:04:10.672+0000] {processor.py:799} INFO - Processing file /home/airflow/.local/lib/python3.7/site-packages/airflow/example_dags/example_task_group_decorator.py for tasks to queue
[2023-05-06T21:04:10.674+0000] {logging_mixin.py:149} INFO - [2023-05-06T21:04:10.674+0000] {dagbag.py:541} INFO - Filling up the DagBag from /home/airflow/.local/lib/python3.7/site-packages/airflow/example_dags/example_task_group_decorator.py
[2023-05-06T21:04:10.698+0000] {processor.py:809} INFO - DAG(s) dict_keys(['example_task_group_decorator']) retrieved from /home/airflow/.local/lib/python3.7/site-packages/airflow/example_dags/example_task_group_decorator.py
[2023-05-06T21:04:10.741+0000] {logging_mixin.py:149} INFO - [2023-05-06T21:04:10.741+0000] {dag.py:2726} INFO - Sync 1 DAGs
[2023-05-06T21:04:10.777+0000] {logging_mixin.py:149} INFO - [2023-05-06T21:04:10.777+0000] {dag.py:3490} INFO - Setting next_dagrun for example_task_group_decorator to 2023-05-05T21:04:10.776758+00:00, run_after=2023-05-06T21:04:10.776758+00:00
[2023-05-06T21:04:11.014+0000] {processor.py:178} INFO - Processing /home/airflow/.local/lib/python3.7/site-packages/airflow/example_dags/example_task_group_decorator.py took 0.348 seconds
[2023-05-06T21:04:41.459+0000] {processor.py:156} INFO - Started process (PID=4509) to work on /home/airflow/.local/lib/python3.7/site-packages/airflow/example_dags/example_task_group_decorator.py
[2023-05-06T21:04:41.461+0000] {processor.py:799} INFO - Processing file /home/airflow/.local/lib/python3.7/site-packages/airflow/example_dags/example_task_group_decorator.py for tasks to queue
[2023-05-06T21:04:41.462+0000] {logging_mixin.py:149} INFO - [2023-05-06T21:04:41.462+0000] {dagbag.py:541} INFO - Filling up the DagBag from /home/airflow/.local/lib/python3.7/site-packages/airflow/example_dags/example_task_group_decorator.py
[2023-05-06T21:04:41.483+0000] {processor.py:809} INFO - DAG(s) dict_keys(['example_task_group_decorator']) retrieved from /home/airflow/.local/lib/python3.7/site-packages/airflow/example_dags/example_task_group_decorator.py
[2023-05-06T21:04:41.522+0000] {logging_mixin.py:149} INFO - [2023-05-06T21:04:41.522+0000] {dag.py:2726} INFO - Sync 1 DAGs
[2023-05-06T21:04:41.559+0000] {logging_mixin.py:149} INFO - [2023-05-06T21:04:41.558+0000] {dag.py:3490} INFO - Setting next_dagrun for example_task_group_decorator to 2023-05-05T21:04:41.558627+00:00, run_after=2023-05-06T21:04:41.558627+00:00
[2023-05-06T21:04:41.589+0000] {processor.py:178} INFO - Processing /home/airflow/.local/lib/python3.7/site-packages/airflow/example_dags/example_task_group_decorator.py took 0.133 seconds
[2023-05-06T21:05:12.135+0000] {processor.py:156} INFO - Started process (PID=4747) to work on /home/airflow/.local/lib/python3.7/site-packages/airflow/example_dags/example_task_group_decorator.py
[2023-05-06T21:05:12.136+0000] {processor.py:799} INFO - Processing file /home/airflow/.local/lib/python3.7/site-packages/airflow/example_dags/example_task_group_decorator.py for tasks to queue
[2023-05-06T21:05:12.137+0000] {logging_mixin.py:149} INFO - [2023-05-06T21:05:12.137+0000] {dagbag.py:541} INFO - Filling up the DagBag from /home/airflow/.local/lib/python3.7/site-packages/airflow/example_dags/example_task_group_decorator.py
[2023-05-06T21:05:12.159+0000] {processor.py:809} INFO - DAG(s) dict_keys(['example_task_group_decorator']) retrieved from /home/airflow/.local/lib/python3.7/site-packages/airflow/example_dags/example_task_group_decorator.py
[2023-05-06T21:05:12.197+0000] {logging_mixin.py:149} INFO - [2023-05-06T21:05:12.197+0000] {dag.py:2726} INFO - Sync 1 DAGs
[2023-05-06T21:05:12.235+0000] {logging_mixin.py:149} INFO - [2023-05-06T21:05:12.235+0000] {dag.py:3490} INFO - Setting next_dagrun for example_task_group_decorator to 2023-05-05T21:05:12.235253+00:00, run_after=2023-05-06T21:05:12.235253+00:00
[2023-05-06T21:05:12.266+0000] {processor.py:178} INFO - Processing /home/airflow/.local/lib/python3.7/site-packages/airflow/example_dags/example_task_group_decorator.py took 0.135 seconds
[2023-05-06T21:05:42.611+0000] {processor.py:156} INFO - Started process (PID=4985) to work on /home/airflow/.local/lib/python3.7/site-packages/airflow/example_dags/example_task_group_decorator.py
[2023-05-06T21:05:42.615+0000] {processor.py:799} INFO - Processing file /home/airflow/.local/lib/python3.7/site-packages/airflow/example_dags/example_task_group_decorator.py for tasks to queue
[2023-05-06T21:05:42.618+0000] {logging_mixin.py:149} INFO - [2023-05-06T21:05:42.617+0000] {dagbag.py:541} INFO - Filling up the DagBag from /home/airflow/.local/lib/python3.7/site-packages/airflow/example_dags/example_task_group_decorator.py
[2023-05-06T21:05:42.640+0000] {processor.py:809} INFO - DAG(s) dict_keys(['example_task_group_decorator']) retrieved from /home/airflow/.local/lib/python3.7/site-packages/airflow/example_dags/example_task_group_decorator.py
[2023-05-06T21:05:42.687+0000] {logging_mixin.py:149} INFO - [2023-05-06T21:05:42.687+0000] {dag.py:2726} INFO - Sync 1 DAGs
[2023-05-06T21:05:42.733+0000] {logging_mixin.py:149} INFO - [2023-05-06T21:05:42.732+0000] {dag.py:3490} INFO - Setting next_dagrun for example_task_group_decorator to 2023-05-05T21:05:42.732496+00:00, run_after=2023-05-06T21:05:42.732496+00:00
[2023-05-06T21:05:42.766+0000] {processor.py:178} INFO - Processing /home/airflow/.local/lib/python3.7/site-packages/airflow/example_dags/example_task_group_decorator.py took 0.159 seconds
[2023-05-06T21:06:12.944+0000] {processor.py:156} INFO - Started process (PID=5223) to work on /home/airflow/.local/lib/python3.7/site-packages/airflow/example_dags/example_task_group_decorator.py
[2023-05-06T21:06:12.945+0000] {processor.py:799} INFO - Processing file /home/airflow/.local/lib/python3.7/site-packages/airflow/example_dags/example_task_group_decorator.py for tasks to queue
[2023-05-06T21:06:12.947+0000] {logging_mixin.py:149} INFO - [2023-05-06T21:06:12.947+0000] {dagbag.py:541} INFO - Filling up the DagBag from /home/airflow/.local/lib/python3.7/site-packages/airflow/example_dags/example_task_group_decorator.py
[2023-05-06T21:06:12.971+0000] {processor.py:809} INFO - DAG(s) dict_keys(['example_task_group_decorator']) retrieved from /home/airflow/.local/lib/python3.7/site-packages/airflow/example_dags/example_task_group_decorator.py
[2023-05-06T21:06:13.018+0000] {logging_mixin.py:149} INFO - [2023-05-06T21:06:13.018+0000] {dag.py:2726} INFO - Sync 1 DAGs
[2023-05-06T21:06:13.061+0000] {logging_mixin.py:149} INFO - [2023-05-06T21:06:13.061+0000] {dag.py:3490} INFO - Setting next_dagrun for example_task_group_decorator to 2023-05-05T21:06:13.060567+00:00, run_after=2023-05-06T21:06:13.060567+00:00
[2023-05-06T21:06:13.100+0000] {processor.py:178} INFO - Processing /home/airflow/.local/lib/python3.7/site-packages/airflow/example_dags/example_task_group_decorator.py took 0.161 seconds
[2023-05-06T21:06:43.638+0000] {processor.py:156} INFO - Started process (PID=5462) to work on /home/airflow/.local/lib/python3.7/site-packages/airflow/example_dags/example_task_group_decorator.py
[2023-05-06T21:06:43.640+0000] {processor.py:799} INFO - Processing file /home/airflow/.local/lib/python3.7/site-packages/airflow/example_dags/example_task_group_decorator.py for tasks to queue
[2023-05-06T21:06:43.641+0000] {logging_mixin.py:149} INFO - [2023-05-06T21:06:43.641+0000] {dagbag.py:541} INFO - Filling up the DagBag from /home/airflow/.local/lib/python3.7/site-packages/airflow/example_dags/example_task_group_decorator.py
[2023-05-06T21:06:43.660+0000] {processor.py:809} INFO - DAG(s) dict_keys(['example_task_group_decorator']) retrieved from /home/airflow/.local/lib/python3.7/site-packages/airflow/example_dags/example_task_group_decorator.py
[2023-05-06T21:06:43.701+0000] {logging_mixin.py:149} INFO - [2023-05-06T21:06:43.701+0000] {dag.py:2726} INFO - Sync 1 DAGs
[2023-05-06T21:06:43.738+0000] {logging_mixin.py:149} INFO - [2023-05-06T21:06:43.738+0000] {dag.py:3490} INFO - Setting next_dagrun for example_task_group_decorator to 2023-05-05T21:06:43.738020+00:00, run_after=2023-05-06T21:06:43.738020+00:00
[2023-05-06T21:06:43.768+0000] {processor.py:178} INFO - Processing /home/airflow/.local/lib/python3.7/site-packages/airflow/example_dags/example_task_group_decorator.py took 0.135 seconds
[2023-05-06T21:07:14.297+0000] {processor.py:156} INFO - Started process (PID=5700) to work on /home/airflow/.local/lib/python3.7/site-packages/airflow/example_dags/example_task_group_decorator.py
[2023-05-06T21:07:14.301+0000] {processor.py:799} INFO - Processing file /home/airflow/.local/lib/python3.7/site-packages/airflow/example_dags/example_task_group_decorator.py for tasks to queue
[2023-05-06T21:07:14.303+0000] {logging_mixin.py:149} INFO - [2023-05-06T21:07:14.303+0000] {dagbag.py:541} INFO - Filling up the DagBag from /home/airflow/.local/lib/python3.7/site-packages/airflow/example_dags/example_task_group_decorator.py
[2023-05-06T21:07:14.325+0000] {processor.py:809} INFO - DAG(s) dict_keys(['example_task_group_decorator']) retrieved from /home/airflow/.local/lib/python3.7/site-packages/airflow/example_dags/example_task_group_decorator.py
[2023-05-06T21:07:14.367+0000] {logging_mixin.py:149} INFO - [2023-05-06T21:07:14.367+0000] {dag.py:2726} INFO - Sync 1 DAGs
[2023-05-06T21:07:14.405+0000] {logging_mixin.py:149} INFO - [2023-05-06T21:07:14.405+0000] {dag.py:3490} INFO - Setting next_dagrun for example_task_group_decorator to 2023-05-05T21:07:14.405039+00:00, run_after=2023-05-06T21:07:14.405039+00:00
[2023-05-06T21:07:14.436+0000] {processor.py:178} INFO - Processing /home/airflow/.local/lib/python3.7/site-packages/airflow/example_dags/example_task_group_decorator.py took 0.144 seconds
