[2023-05-06T20:55:30.615+0000] {processor.py:156} INFO - Started process (PID=254) to work on /home/airflow/.local/lib/python3.7/site-packages/airflow/example_dags/example_params_trigger_ui.py
[2023-05-06T20:55:30.618+0000] {processor.py:799} INFO - Processing file /home/airflow/.local/lib/python3.7/site-packages/airflow/example_dags/example_params_trigger_ui.py for tasks to queue
[2023-05-06T20:55:30.620+0000] {logging_mixin.py:149} INFO - [2023-05-06T20:55:30.620+0000] {dagbag.py:541} INFO - Filling up the DagBag from /home/airflow/.local/lib/python3.7/site-packages/airflow/example_dags/example_params_trigger_ui.py
[2023-05-06T20:55:30.677+0000] {processor.py:809} INFO - DAG(s) dict_keys(['example_params_trigger_ui']) retrieved from /home/airflow/.local/lib/python3.7/site-packages/airflow/example_dags/example_params_trigger_ui.py
[2023-05-06T20:55:30.695+0000] {logging_mixin.py:149} INFO - [2023-05-06T20:55:30.695+0000] {dag.py:2726} INFO - Sync 1 DAGs
[2023-05-06T20:55:30.732+0000] {logging_mixin.py:149} INFO - [2023-05-06T20:55:30.732+0000] {dag.py:3490} INFO - Setting next_dagrun for example_params_trigger_ui to None, run_after=None
[2023-05-06T20:55:30.777+0000] {processor.py:178} INFO - Processing /home/airflow/.local/lib/python3.7/site-packages/airflow/example_dags/example_params_trigger_ui.py took 0.166 seconds
[2023-05-06T20:56:02.170+0000] {processor.py:156} INFO - Started process (PID=495) to work on /home/airflow/.local/lib/python3.7/site-packages/airflow/example_dags/example_params_trigger_ui.py
[2023-05-06T20:56:02.174+0000] {processor.py:799} INFO - Processing file /home/airflow/.local/lib/python3.7/site-packages/airflow/example_dags/example_params_trigger_ui.py for tasks to queue
[2023-05-06T20:56:02.175+0000] {logging_mixin.py:149} INFO - [2023-05-06T20:56:02.175+0000] {dagbag.py:541} INFO - Filling up the DagBag from /home/airflow/.local/lib/python3.7/site-packages/airflow/example_dags/example_params_trigger_ui.py
[2023-05-06T20:56:02.208+0000] {processor.py:809} INFO - DAG(s) dict_keys(['example_params_trigger_ui']) retrieved from /home/airflow/.local/lib/python3.7/site-packages/airflow/example_dags/example_params_trigger_ui.py
[2023-05-06T20:56:02.496+0000] {logging_mixin.py:149} INFO - [2023-05-06T20:56:02.496+0000] {dag.py:2726} INFO - Sync 1 DAGs
[2023-05-06T20:56:02.527+0000] {logging_mixin.py:149} INFO - [2023-05-06T20:56:02.527+0000] {dag.py:3490} INFO - Setting next_dagrun for example_params_trigger_ui to None, run_after=None
[2023-05-06T20:56:02.638+0000] {processor.py:178} INFO - Processing /home/airflow/.local/lib/python3.7/site-packages/airflow/example_dags/example_params_trigger_ui.py took 0.474 seconds
[2023-05-06T20:56:33.109+0000] {processor.py:156} INFO - Started process (PID=733) to work on /home/airflow/.local/lib/python3.7/site-packages/airflow/example_dags/example_params_trigger_ui.py
[2023-05-06T20:56:33.112+0000] {processor.py:799} INFO - Processing file /home/airflow/.local/lib/python3.7/site-packages/airflow/example_dags/example_params_trigger_ui.py for tasks to queue
[2023-05-06T20:56:33.113+0000] {logging_mixin.py:149} INFO - [2023-05-06T20:56:33.113+0000] {dagbag.py:541} INFO - Filling up the DagBag from /home/airflow/.local/lib/python3.7/site-packages/airflow/example_dags/example_params_trigger_ui.py
[2023-05-06T20:56:33.333+0000] {processor.py:809} INFO - DAG(s) dict_keys(['example_params_trigger_ui']) retrieved from /home/airflow/.local/lib/python3.7/site-packages/airflow/example_dags/example_params_trigger_ui.py
[2023-05-06T20:56:33.477+0000] {logging_mixin.py:149} INFO - [2023-05-06T20:56:33.477+0000] {dag.py:2726} INFO - Sync 1 DAGs
[2023-05-06T20:56:33.515+0000] {logging_mixin.py:149} INFO - [2023-05-06T20:56:33.515+0000] {dag.py:3490} INFO - Setting next_dagrun for example_params_trigger_ui to None, run_after=None
[2023-05-06T20:56:33.557+0000] {processor.py:178} INFO - Processing /home/airflow/.local/lib/python3.7/site-packages/airflow/example_dags/example_params_trigger_ui.py took 0.453 seconds
[2023-05-06T20:57:04.335+0000] {processor.py:156} INFO - Started process (PID=973) to work on /home/airflow/.local/lib/python3.7/site-packages/airflow/example_dags/example_params_trigger_ui.py
[2023-05-06T20:57:04.337+0000] {processor.py:799} INFO - Processing file /home/airflow/.local/lib/python3.7/site-packages/airflow/example_dags/example_params_trigger_ui.py for tasks to queue
[2023-05-06T20:57:04.338+0000] {logging_mixin.py:149} INFO - [2023-05-06T20:57:04.338+0000] {dagbag.py:541} INFO - Filling up the DagBag from /home/airflow/.local/lib/python3.7/site-packages/airflow/example_dags/example_params_trigger_ui.py
[2023-05-06T20:57:04.372+0000] {processor.py:809} INFO - DAG(s) dict_keys(['example_params_trigger_ui']) retrieved from /home/airflow/.local/lib/python3.7/site-packages/airflow/example_dags/example_params_trigger_ui.py
[2023-05-06T20:57:04.507+0000] {logging_mixin.py:149} INFO - [2023-05-06T20:57:04.507+0000] {dag.py:2726} INFO - Sync 1 DAGs
[2023-05-06T20:57:04.553+0000] {logging_mixin.py:149} INFO - [2023-05-06T20:57:04.552+0000] {dag.py:3490} INFO - Setting next_dagrun for example_params_trigger_ui to None, run_after=None
[2023-05-06T20:57:04.584+0000] {processor.py:178} INFO - Processing /home/airflow/.local/lib/python3.7/site-packages/airflow/example_dags/example_params_trigger_ui.py took 0.254 seconds
[2023-05-06T20:57:34.868+0000] {processor.py:156} INFO - Started process (PID=1211) to work on /home/airflow/.local/lib/python3.7/site-packages/airflow/example_dags/example_params_trigger_ui.py
[2023-05-06T20:57:34.870+0000] {processor.py:799} INFO - Processing file /home/airflow/.local/lib/python3.7/site-packages/airflow/example_dags/example_params_trigger_ui.py for tasks to queue
[2023-05-06T20:57:34.872+0000] {logging_mixin.py:149} INFO - [2023-05-06T20:57:34.872+0000] {dagbag.py:541} INFO - Filling up the DagBag from /home/airflow/.local/lib/python3.7/site-packages/airflow/example_dags/example_params_trigger_ui.py
[2023-05-06T20:57:34.905+0000] {processor.py:809} INFO - DAG(s) dict_keys(['example_params_trigger_ui']) retrieved from /home/airflow/.local/lib/python3.7/site-packages/airflow/example_dags/example_params_trigger_ui.py
[2023-05-06T20:57:34.928+0000] {logging_mixin.py:149} INFO - [2023-05-06T20:57:34.928+0000] {dag.py:2726} INFO - Sync 1 DAGs
[2023-05-06T20:57:34.972+0000] {logging_mixin.py:149} INFO - [2023-05-06T20:57:34.972+0000] {dag.py:3490} INFO - Setting next_dagrun for example_params_trigger_ui to None, run_after=None
[2023-05-06T20:57:35.008+0000] {processor.py:178} INFO - Processing /home/airflow/.local/lib/python3.7/site-packages/airflow/example_dags/example_params_trigger_ui.py took 0.145 seconds
[2023-05-06T20:58:05.665+0000] {processor.py:156} INFO - Started process (PID=1449) to work on /home/airflow/.local/lib/python3.7/site-packages/airflow/example_dags/example_params_trigger_ui.py
[2023-05-06T20:58:05.667+0000] {processor.py:799} INFO - Processing file /home/airflow/.local/lib/python3.7/site-packages/airflow/example_dags/example_params_trigger_ui.py for tasks to queue
[2023-05-06T20:58:05.669+0000] {logging_mixin.py:149} INFO - [2023-05-06T20:58:05.669+0000] {dagbag.py:541} INFO - Filling up the DagBag from /home/airflow/.local/lib/python3.7/site-packages/airflow/example_dags/example_params_trigger_ui.py
[2023-05-06T20:58:05.702+0000] {processor.py:809} INFO - DAG(s) dict_keys(['example_params_trigger_ui']) retrieved from /home/airflow/.local/lib/python3.7/site-packages/airflow/example_dags/example_params_trigger_ui.py
[2023-05-06T20:58:05.826+0000] {logging_mixin.py:149} INFO - [2023-05-06T20:58:05.825+0000] {dag.py:2726} INFO - Sync 1 DAGs
[2023-05-06T20:58:05.870+0000] {logging_mixin.py:149} INFO - [2023-05-06T20:58:05.870+0000] {dag.py:3490} INFO - Setting next_dagrun for example_params_trigger_ui to None, run_after=None
[2023-05-06T20:58:05.904+0000] {processor.py:178} INFO - Processing /home/airflow/.local/lib/python3.7/site-packages/airflow/example_dags/example_params_trigger_ui.py took 0.243 seconds
[2023-05-06T20:58:36.391+0000] {processor.py:156} INFO - Started process (PID=1688) to work on /home/airflow/.local/lib/python3.7/site-packages/airflow/example_dags/example_params_trigger_ui.py
[2023-05-06T20:58:36.393+0000] {processor.py:799} INFO - Processing file /home/airflow/.local/lib/python3.7/site-packages/airflow/example_dags/example_params_trigger_ui.py for tasks to queue
[2023-05-06T20:58:36.395+0000] {logging_mixin.py:149} INFO - [2023-05-06T20:58:36.394+0000] {dagbag.py:541} INFO - Filling up the DagBag from /home/airflow/.local/lib/python3.7/site-packages/airflow/example_dags/example_params_trigger_ui.py
[2023-05-06T20:58:36.427+0000] {processor.py:809} INFO - DAG(s) dict_keys(['example_params_trigger_ui']) retrieved from /home/airflow/.local/lib/python3.7/site-packages/airflow/example_dags/example_params_trigger_ui.py
[2023-05-06T20:58:36.552+0000] {logging_mixin.py:149} INFO - [2023-05-06T20:58:36.552+0000] {dag.py:2726} INFO - Sync 1 DAGs
[2023-05-06T20:58:36.598+0000] {logging_mixin.py:149} INFO - [2023-05-06T20:58:36.597+0000] {dag.py:3490} INFO - Setting next_dagrun for example_params_trigger_ui to None, run_after=None
[2023-05-06T20:58:36.634+0000] {processor.py:178} INFO - Processing /home/airflow/.local/lib/python3.7/site-packages/airflow/example_dags/example_params_trigger_ui.py took 0.247 seconds
[2023-05-06T20:59:06.841+0000] {processor.py:156} INFO - Started process (PID=1931) to work on /home/airflow/.local/lib/python3.7/site-packages/airflow/example_dags/example_params_trigger_ui.py
[2023-05-06T20:59:06.842+0000] {processor.py:799} INFO - Processing file /home/airflow/.local/lib/python3.7/site-packages/airflow/example_dags/example_params_trigger_ui.py for tasks to queue
[2023-05-06T20:59:06.844+0000] {logging_mixin.py:149} INFO - [2023-05-06T20:59:06.844+0000] {dagbag.py:541} INFO - Filling up the DagBag from /home/airflow/.local/lib/python3.7/site-packages/airflow/example_dags/example_params_trigger_ui.py
[2023-05-06T20:59:06.873+0000] {processor.py:809} INFO - DAG(s) dict_keys(['example_params_trigger_ui']) retrieved from /home/airflow/.local/lib/python3.7/site-packages/airflow/example_dags/example_params_trigger_ui.py
[2023-05-06T20:59:06.999+0000] {logging_mixin.py:149} INFO - [2023-05-06T20:59:06.999+0000] {dag.py:2726} INFO - Sync 1 DAGs
[2023-05-06T20:59:07.038+0000] {logging_mixin.py:149} INFO - [2023-05-06T20:59:07.038+0000] {dag.py:3490} INFO - Setting next_dagrun for example_params_trigger_ui to None, run_after=None
[2023-05-06T20:59:07.079+0000] {processor.py:178} INFO - Processing /home/airflow/.local/lib/python3.7/site-packages/airflow/example_dags/example_params_trigger_ui.py took 0.242 seconds
[2023-05-06T20:59:37.352+0000] {processor.py:156} INFO - Started process (PID=2172) to work on /home/airflow/.local/lib/python3.7/site-packages/airflow/example_dags/example_params_trigger_ui.py
[2023-05-06T20:59:37.354+0000] {processor.py:799} INFO - Processing file /home/airflow/.local/lib/python3.7/site-packages/airflow/example_dags/example_params_trigger_ui.py for tasks to queue
[2023-05-06T20:59:37.356+0000] {logging_mixin.py:149} INFO - [2023-05-06T20:59:37.356+0000] {dagbag.py:541} INFO - Filling up the DagBag from /home/airflow/.local/lib/python3.7/site-packages/airflow/example_dags/example_params_trigger_ui.py
[2023-05-06T20:59:37.413+0000] {processor.py:809} INFO - DAG(s) dict_keys(['example_params_trigger_ui']) retrieved from /home/airflow/.local/lib/python3.7/site-packages/airflow/example_dags/example_params_trigger_ui.py
[2023-05-06T20:59:37.551+0000] {logging_mixin.py:149} INFO - [2023-05-06T20:59:37.551+0000] {dag.py:2726} INFO - Sync 1 DAGs
[2023-05-06T20:59:37.617+0000] {logging_mixin.py:149} INFO - [2023-05-06T20:59:37.616+0000] {dag.py:3490} INFO - Setting next_dagrun for example_params_trigger_ui to None, run_after=None
[2023-05-06T20:59:37.662+0000] {processor.py:178} INFO - Processing /home/airflow/.local/lib/python3.7/site-packages/airflow/example_dags/example_params_trigger_ui.py took 0.314 seconds
[2023-05-06T21:00:07.819+0000] {processor.py:156} INFO - Started process (PID=2397) to work on /home/airflow/.local/lib/python3.7/site-packages/airflow/example_dags/example_params_trigger_ui.py
[2023-05-06T21:00:07.821+0000] {processor.py:799} INFO - Processing file /home/airflow/.local/lib/python3.7/site-packages/airflow/example_dags/example_params_trigger_ui.py for tasks to queue
[2023-05-06T21:00:07.825+0000] {logging_mixin.py:149} INFO - [2023-05-06T21:00:07.824+0000] {dagbag.py:541} INFO - Filling up the DagBag from /home/airflow/.local/lib/python3.7/site-packages/airflow/example_dags/example_params_trigger_ui.py
[2023-05-06T21:00:07.853+0000] {processor.py:809} INFO - DAG(s) dict_keys(['example_params_trigger_ui']) retrieved from /home/airflow/.local/lib/python3.7/site-packages/airflow/example_dags/example_params_trigger_ui.py
[2023-05-06T21:00:07.873+0000] {logging_mixin.py:149} INFO - [2023-05-06T21:00:07.873+0000] {dag.py:2726} INFO - Sync 1 DAGs
[2023-05-06T21:00:07.907+0000] {logging_mixin.py:149} INFO - [2023-05-06T21:00:07.907+0000] {dag.py:3490} INFO - Setting next_dagrun for example_params_trigger_ui to None, run_after=None
[2023-05-06T21:00:07.936+0000] {processor.py:178} INFO - Processing /home/airflow/.local/lib/python3.7/site-packages/airflow/example_dags/example_params_trigger_ui.py took 0.121 seconds
[2023-05-06T21:00:38.175+0000] {processor.py:156} INFO - Started process (PID=2635) to work on /home/airflow/.local/lib/python3.7/site-packages/airflow/example_dags/example_params_trigger_ui.py
[2023-05-06T21:00:38.176+0000] {processor.py:799} INFO - Processing file /home/airflow/.local/lib/python3.7/site-packages/airflow/example_dags/example_params_trigger_ui.py for tasks to queue
[2023-05-06T21:00:38.178+0000] {logging_mixin.py:149} INFO - [2023-05-06T21:00:38.178+0000] {dagbag.py:541} INFO - Filling up the DagBag from /home/airflow/.local/lib/python3.7/site-packages/airflow/example_dags/example_params_trigger_ui.py
[2023-05-06T21:00:38.206+0000] {processor.py:809} INFO - DAG(s) dict_keys(['example_params_trigger_ui']) retrieved from /home/airflow/.local/lib/python3.7/site-packages/airflow/example_dags/example_params_trigger_ui.py
[2023-05-06T21:00:38.324+0000] {logging_mixin.py:149} INFO - [2023-05-06T21:00:38.324+0000] {dag.py:2726} INFO - Sync 1 DAGs
[2023-05-06T21:00:38.365+0000] {logging_mixin.py:149} INFO - [2023-05-06T21:00:38.365+0000] {dag.py:3490} INFO - Setting next_dagrun for example_params_trigger_ui to None, run_after=None
[2023-05-06T21:00:38.398+0000] {processor.py:178} INFO - Processing /home/airflow/.local/lib/python3.7/site-packages/airflow/example_dags/example_params_trigger_ui.py took 0.227 seconds
[2023-05-06T21:01:08.746+0000] {processor.py:156} INFO - Started process (PID=2873) to work on /home/airflow/.local/lib/python3.7/site-packages/airflow/example_dags/example_params_trigger_ui.py
[2023-05-06T21:01:08.749+0000] {processor.py:799} INFO - Processing file /home/airflow/.local/lib/python3.7/site-packages/airflow/example_dags/example_params_trigger_ui.py for tasks to queue
[2023-05-06T21:01:08.751+0000] {logging_mixin.py:149} INFO - [2023-05-06T21:01:08.751+0000] {dagbag.py:541} INFO - Filling up the DagBag from /home/airflow/.local/lib/python3.7/site-packages/airflow/example_dags/example_params_trigger_ui.py
[2023-05-06T21:01:08.779+0000] {processor.py:809} INFO - DAG(s) dict_keys(['example_params_trigger_ui']) retrieved from /home/airflow/.local/lib/python3.7/site-packages/airflow/example_dags/example_params_trigger_ui.py
[2023-05-06T21:01:08.889+0000] {logging_mixin.py:149} INFO - [2023-05-06T21:01:08.889+0000] {dag.py:2726} INFO - Sync 1 DAGs
[2023-05-06T21:01:08.928+0000] {logging_mixin.py:149} INFO - [2023-05-06T21:01:08.928+0000] {dag.py:3490} INFO - Setting next_dagrun for example_params_trigger_ui to None, run_after=None
[2023-05-06T21:01:08.962+0000] {processor.py:178} INFO - Processing /home/airflow/.local/lib/python3.7/site-packages/airflow/example_dags/example_params_trigger_ui.py took 0.220 seconds
[2023-05-06T21:01:39.696+0000] {processor.py:156} INFO - Started process (PID=3113) to work on /home/airflow/.local/lib/python3.7/site-packages/airflow/example_dags/example_params_trigger_ui.py
[2023-05-06T21:01:39.703+0000] {processor.py:799} INFO - Processing file /home/airflow/.local/lib/python3.7/site-packages/airflow/example_dags/example_params_trigger_ui.py for tasks to queue
[2023-05-06T21:01:39.708+0000] {logging_mixin.py:149} INFO - [2023-05-06T21:01:39.708+0000] {dagbag.py:541} INFO - Filling up the DagBag from /home/airflow/.local/lib/python3.7/site-packages/airflow/example_dags/example_params_trigger_ui.py
[2023-05-06T21:01:39.765+0000] {processor.py:809} INFO - DAG(s) dict_keys(['example_params_trigger_ui']) retrieved from /home/airflow/.local/lib/python3.7/site-packages/airflow/example_dags/example_params_trigger_ui.py
[2023-05-06T21:01:39.990+0000] {logging_mixin.py:149} INFO - [2023-05-06T21:01:39.990+0000] {dag.py:2726} INFO - Sync 1 DAGs
[2023-05-06T21:01:40.038+0000] {logging_mixin.py:149} INFO - [2023-05-06T21:01:40.038+0000] {dag.py:3490} INFO - Setting next_dagrun for example_params_trigger_ui to None, run_after=None
[2023-05-06T21:01:40.077+0000] {processor.py:178} INFO - Processing /home/airflow/.local/lib/python3.7/site-packages/airflow/example_dags/example_params_trigger_ui.py took 0.391 seconds
[2023-05-06T21:02:10.285+0000] {processor.py:156} INFO - Started process (PID=3349) to work on /home/airflow/.local/lib/python3.7/site-packages/airflow/example_dags/example_params_trigger_ui.py
[2023-05-06T21:02:10.287+0000] {processor.py:799} INFO - Processing file /home/airflow/.local/lib/python3.7/site-packages/airflow/example_dags/example_params_trigger_ui.py for tasks to queue
[2023-05-06T21:02:10.289+0000] {logging_mixin.py:149} INFO - [2023-05-06T21:02:10.289+0000] {dagbag.py:541} INFO - Filling up the DagBag from /home/airflow/.local/lib/python3.7/site-packages/airflow/example_dags/example_params_trigger_ui.py
[2023-05-06T21:02:10.318+0000] {processor.py:809} INFO - DAG(s) dict_keys(['example_params_trigger_ui']) retrieved from /home/airflow/.local/lib/python3.7/site-packages/airflow/example_dags/example_params_trigger_ui.py
[2023-05-06T21:02:10.429+0000] {logging_mixin.py:149} INFO - [2023-05-06T21:02:10.429+0000] {dag.py:2726} INFO - Sync 1 DAGs
[2023-05-06T21:02:10.463+0000] {logging_mixin.py:149} INFO - [2023-05-06T21:02:10.463+0000] {dag.py:3490} INFO - Setting next_dagrun for example_params_trigger_ui to None, run_after=None
[2023-05-06T21:02:10.490+0000] {processor.py:178} INFO - Processing /home/airflow/.local/lib/python3.7/site-packages/airflow/example_dags/example_params_trigger_ui.py took 0.209 seconds
[2023-05-06T21:02:40.545+0000] {processor.py:156} INFO - Started process (PID=3587) to work on /home/airflow/.local/lib/python3.7/site-packages/airflow/example_dags/example_params_trigger_ui.py
[2023-05-06T21:02:40.547+0000] {processor.py:799} INFO - Processing file /home/airflow/.local/lib/python3.7/site-packages/airflow/example_dags/example_params_trigger_ui.py for tasks to queue
[2023-05-06T21:02:40.548+0000] {logging_mixin.py:149} INFO - [2023-05-06T21:02:40.548+0000] {dagbag.py:541} INFO - Filling up the DagBag from /home/airflow/.local/lib/python3.7/site-packages/airflow/example_dags/example_params_trigger_ui.py
[2023-05-06T21:02:40.578+0000] {processor.py:809} INFO - DAG(s) dict_keys(['example_params_trigger_ui']) retrieved from /home/airflow/.local/lib/python3.7/site-packages/airflow/example_dags/example_params_trigger_ui.py
[2023-05-06T21:02:40.719+0000] {logging_mixin.py:149} INFO - [2023-05-06T21:02:40.718+0000] {dag.py:2726} INFO - Sync 1 DAGs
[2023-05-06T21:02:40.755+0000] {logging_mixin.py:149} INFO - [2023-05-06T21:02:40.754+0000] {dag.py:3490} INFO - Setting next_dagrun for example_params_trigger_ui to None, run_after=None
[2023-05-06T21:02:40.781+0000] {processor.py:178} INFO - Processing /home/airflow/.local/lib/python3.7/site-packages/airflow/example_dags/example_params_trigger_ui.py took 0.239 seconds
[2023-05-06T21:03:11.824+0000] {processor.py:156} INFO - Started process (PID=3828) to work on /home/airflow/.local/lib/python3.7/site-packages/airflow/example_dags/example_params_trigger_ui.py
[2023-05-06T21:03:11.827+0000] {processor.py:799} INFO - Processing file /home/airflow/.local/lib/python3.7/site-packages/airflow/example_dags/example_params_trigger_ui.py for tasks to queue
[2023-05-06T21:03:11.829+0000] {logging_mixin.py:149} INFO - [2023-05-06T21:03:11.829+0000] {dagbag.py:541} INFO - Filling up the DagBag from /home/airflow/.local/lib/python3.7/site-packages/airflow/example_dags/example_params_trigger_ui.py
[2023-05-06T21:03:11.862+0000] {processor.py:809} INFO - DAG(s) dict_keys(['example_params_trigger_ui']) retrieved from /home/airflow/.local/lib/python3.7/site-packages/airflow/example_dags/example_params_trigger_ui.py
[2023-05-06T21:03:11.975+0000] {logging_mixin.py:149} INFO - [2023-05-06T21:03:11.975+0000] {dag.py:2726} INFO - Sync 1 DAGs
[2023-05-06T21:03:12.010+0000] {logging_mixin.py:149} INFO - [2023-05-06T21:03:12.009+0000] {dag.py:3490} INFO - Setting next_dagrun for example_params_trigger_ui to None, run_after=None
[2023-05-06T21:03:12.040+0000] {processor.py:178} INFO - Processing /home/airflow/.local/lib/python3.7/site-packages/airflow/example_dags/example_params_trigger_ui.py took 0.220 seconds
[2023-05-06T21:03:42.545+0000] {processor.py:156} INFO - Started process (PID=4066) to work on /home/airflow/.local/lib/python3.7/site-packages/airflow/example_dags/example_params_trigger_ui.py
[2023-05-06T21:03:42.546+0000] {processor.py:799} INFO - Processing file /home/airflow/.local/lib/python3.7/site-packages/airflow/example_dags/example_params_trigger_ui.py for tasks to queue
[2023-05-06T21:03:42.548+0000] {logging_mixin.py:149} INFO - [2023-05-06T21:03:42.547+0000] {dagbag.py:541} INFO - Filling up the DagBag from /home/airflow/.local/lib/python3.7/site-packages/airflow/example_dags/example_params_trigger_ui.py
[2023-05-06T21:03:42.576+0000] {processor.py:809} INFO - DAG(s) dict_keys(['example_params_trigger_ui']) retrieved from /home/airflow/.local/lib/python3.7/site-packages/airflow/example_dags/example_params_trigger_ui.py
[2023-05-06T21:03:42.699+0000] {logging_mixin.py:149} INFO - [2023-05-06T21:03:42.698+0000] {dag.py:2726} INFO - Sync 1 DAGs
[2023-05-06T21:03:42.733+0000] {logging_mixin.py:149} INFO - [2023-05-06T21:03:42.733+0000] {dag.py:3490} INFO - Setting next_dagrun for example_params_trigger_ui to None, run_after=None
[2023-05-06T21:03:42.762+0000] {processor.py:178} INFO - Processing /home/airflow/.local/lib/python3.7/site-packages/airflow/example_dags/example_params_trigger_ui.py took 0.221 seconds
[2023-05-06T21:04:13.446+0000] {processor.py:156} INFO - Started process (PID=4304) to work on /home/airflow/.local/lib/python3.7/site-packages/airflow/example_dags/example_params_trigger_ui.py
[2023-05-06T21:04:13.448+0000] {processor.py:799} INFO - Processing file /home/airflow/.local/lib/python3.7/site-packages/airflow/example_dags/example_params_trigger_ui.py for tasks to queue
[2023-05-06T21:04:13.450+0000] {logging_mixin.py:149} INFO - [2023-05-06T21:04:13.450+0000] {dagbag.py:541} INFO - Filling up the DagBag from /home/airflow/.local/lib/python3.7/site-packages/airflow/example_dags/example_params_trigger_ui.py
[2023-05-06T21:04:13.477+0000] {processor.py:809} INFO - DAG(s) dict_keys(['example_params_trigger_ui']) retrieved from /home/airflow/.local/lib/python3.7/site-packages/airflow/example_dags/example_params_trigger_ui.py
[2023-05-06T21:04:13.594+0000] {logging_mixin.py:149} INFO - [2023-05-06T21:04:13.593+0000] {dag.py:2726} INFO - Sync 1 DAGs
[2023-05-06T21:04:13.630+0000] {logging_mixin.py:149} INFO - [2023-05-06T21:04:13.630+0000] {dag.py:3490} INFO - Setting next_dagrun for example_params_trigger_ui to None, run_after=None
[2023-05-06T21:04:13.660+0000] {processor.py:178} INFO - Processing /home/airflow/.local/lib/python3.7/site-packages/airflow/example_dags/example_params_trigger_ui.py took 0.218 seconds
[2023-05-06T21:04:44.046+0000] {processor.py:156} INFO - Started process (PID=4542) to work on /home/airflow/.local/lib/python3.7/site-packages/airflow/example_dags/example_params_trigger_ui.py
[2023-05-06T21:04:44.048+0000] {processor.py:799} INFO - Processing file /home/airflow/.local/lib/python3.7/site-packages/airflow/example_dags/example_params_trigger_ui.py for tasks to queue
[2023-05-06T21:04:44.052+0000] {logging_mixin.py:149} INFO - [2023-05-06T21:04:44.051+0000] {dagbag.py:541} INFO - Filling up the DagBag from /home/airflow/.local/lib/python3.7/site-packages/airflow/example_dags/example_params_trigger_ui.py
[2023-05-06T21:04:44.100+0000] {processor.py:809} INFO - DAG(s) dict_keys(['example_params_trigger_ui']) retrieved from /home/airflow/.local/lib/python3.7/site-packages/airflow/example_dags/example_params_trigger_ui.py
[2023-05-06T21:04:44.241+0000] {logging_mixin.py:149} INFO - [2023-05-06T21:04:44.240+0000] {dag.py:2726} INFO - Sync 1 DAGs
[2023-05-06T21:04:44.283+0000] {logging_mixin.py:149} INFO - [2023-05-06T21:04:44.283+0000] {dag.py:3490} INFO - Setting next_dagrun for example_params_trigger_ui to None, run_after=None
[2023-05-06T21:04:44.320+0000] {processor.py:178} INFO - Processing /home/airflow/.local/lib/python3.7/site-packages/airflow/example_dags/example_params_trigger_ui.py took 0.282 seconds
[2023-05-06T21:05:14.637+0000] {processor.py:156} INFO - Started process (PID=4780) to work on /home/airflow/.local/lib/python3.7/site-packages/airflow/example_dags/example_params_trigger_ui.py
[2023-05-06T21:05:14.639+0000] {processor.py:799} INFO - Processing file /home/airflow/.local/lib/python3.7/site-packages/airflow/example_dags/example_params_trigger_ui.py for tasks to queue
[2023-05-06T21:05:14.640+0000] {logging_mixin.py:149} INFO - [2023-05-06T21:05:14.640+0000] {dagbag.py:541} INFO - Filling up the DagBag from /home/airflow/.local/lib/python3.7/site-packages/airflow/example_dags/example_params_trigger_ui.py
[2023-05-06T21:05:14.671+0000] {processor.py:809} INFO - DAG(s) dict_keys(['example_params_trigger_ui']) retrieved from /home/airflow/.local/lib/python3.7/site-packages/airflow/example_dags/example_params_trigger_ui.py
[2023-05-06T21:05:14.790+0000] {logging_mixin.py:149} INFO - [2023-05-06T21:05:14.790+0000] {dag.py:2726} INFO - Sync 1 DAGs
[2023-05-06T21:05:14.825+0000] {logging_mixin.py:149} INFO - [2023-05-06T21:05:14.825+0000] {dag.py:3490} INFO - Setting next_dagrun for example_params_trigger_ui to None, run_after=None
[2023-05-06T21:05:14.856+0000] {processor.py:178} INFO - Processing /home/airflow/.local/lib/python3.7/site-packages/airflow/example_dags/example_params_trigger_ui.py took 0.224 seconds
[2023-05-06T21:05:45.210+0000] {processor.py:156} INFO - Started process (PID=5018) to work on /home/airflow/.local/lib/python3.7/site-packages/airflow/example_dags/example_params_trigger_ui.py
[2023-05-06T21:05:45.212+0000] {processor.py:799} INFO - Processing file /home/airflow/.local/lib/python3.7/site-packages/airflow/example_dags/example_params_trigger_ui.py for tasks to queue
[2023-05-06T21:05:45.215+0000] {logging_mixin.py:149} INFO - [2023-05-06T21:05:45.214+0000] {dagbag.py:541} INFO - Filling up the DagBag from /home/airflow/.local/lib/python3.7/site-packages/airflow/example_dags/example_params_trigger_ui.py
[2023-05-06T21:05:45.246+0000] {processor.py:809} INFO - DAG(s) dict_keys(['example_params_trigger_ui']) retrieved from /home/airflow/.local/lib/python3.7/site-packages/airflow/example_dags/example_params_trigger_ui.py
[2023-05-06T21:05:45.419+0000] {logging_mixin.py:149} INFO - [2023-05-06T21:05:45.419+0000] {dag.py:2726} INFO - Sync 1 DAGs
[2023-05-06T21:05:45.463+0000] {logging_mixin.py:149} INFO - [2023-05-06T21:05:45.463+0000] {dag.py:3490} INFO - Setting next_dagrun for example_params_trigger_ui to None, run_after=None
[2023-05-06T21:05:45.500+0000] {processor.py:178} INFO - Processing /home/airflow/.local/lib/python3.7/site-packages/airflow/example_dags/example_params_trigger_ui.py took 0.295 seconds
[2023-05-06T21:06:15.679+0000] {processor.py:156} INFO - Started process (PID=5253) to work on /home/airflow/.local/lib/python3.7/site-packages/airflow/example_dags/example_params_trigger_ui.py
[2023-05-06T21:06:15.681+0000] {processor.py:799} INFO - Processing file /home/airflow/.local/lib/python3.7/site-packages/airflow/example_dags/example_params_trigger_ui.py for tasks to queue
[2023-05-06T21:06:15.682+0000] {logging_mixin.py:149} INFO - [2023-05-06T21:06:15.682+0000] {dagbag.py:541} INFO - Filling up the DagBag from /home/airflow/.local/lib/python3.7/site-packages/airflow/example_dags/example_params_trigger_ui.py
[2023-05-06T21:06:15.708+0000] {processor.py:809} INFO - DAG(s) dict_keys(['example_params_trigger_ui']) retrieved from /home/airflow/.local/lib/python3.7/site-packages/airflow/example_dags/example_params_trigger_ui.py
[2023-05-06T21:06:15.724+0000] {logging_mixin.py:149} INFO - [2023-05-06T21:06:15.724+0000] {dag.py:2726} INFO - Sync 1 DAGs
[2023-05-06T21:06:15.774+0000] {logging_mixin.py:149} INFO - [2023-05-06T21:06:15.774+0000] {dag.py:3490} INFO - Setting next_dagrun for example_params_trigger_ui to None, run_after=None
[2023-05-06T21:06:15.830+0000] {processor.py:178} INFO - Processing /home/airflow/.local/lib/python3.7/site-packages/airflow/example_dags/example_params_trigger_ui.py took 0.155 seconds
[2023-05-06T21:06:46.172+0000] {processor.py:156} INFO - Started process (PID=5492) to work on /home/airflow/.local/lib/python3.7/site-packages/airflow/example_dags/example_params_trigger_ui.py
[2023-05-06T21:06:46.174+0000] {processor.py:799} INFO - Processing file /home/airflow/.local/lib/python3.7/site-packages/airflow/example_dags/example_params_trigger_ui.py for tasks to queue
[2023-05-06T21:06:46.175+0000] {logging_mixin.py:149} INFO - [2023-05-06T21:06:46.175+0000] {dagbag.py:541} INFO - Filling up the DagBag from /home/airflow/.local/lib/python3.7/site-packages/airflow/example_dags/example_params_trigger_ui.py
[2023-05-06T21:06:46.204+0000] {processor.py:809} INFO - DAG(s) dict_keys(['example_params_trigger_ui']) retrieved from /home/airflow/.local/lib/python3.7/site-packages/airflow/example_dags/example_params_trigger_ui.py
[2023-05-06T21:06:46.340+0000] {logging_mixin.py:149} INFO - [2023-05-06T21:06:46.340+0000] {dag.py:2726} INFO - Sync 1 DAGs
[2023-05-06T21:06:46.388+0000] {logging_mixin.py:149} INFO - [2023-05-06T21:06:46.388+0000] {dag.py:3490} INFO - Setting next_dagrun for example_params_trigger_ui to None, run_after=None
[2023-05-06T21:06:46.675+0000] {processor.py:178} INFO - Processing /home/airflow/.local/lib/python3.7/site-packages/airflow/example_dags/example_params_trigger_ui.py took 0.508 seconds
[2023-05-06T21:07:16.838+0000] {processor.py:156} INFO - Started process (PID=5730) to work on /home/airflow/.local/lib/python3.7/site-packages/airflow/example_dags/example_params_trigger_ui.py
[2023-05-06T21:07:16.840+0000] {processor.py:799} INFO - Processing file /home/airflow/.local/lib/python3.7/site-packages/airflow/example_dags/example_params_trigger_ui.py for tasks to queue
[2023-05-06T21:07:16.841+0000] {logging_mixin.py:149} INFO - [2023-05-06T21:07:16.841+0000] {dagbag.py:541} INFO - Filling up the DagBag from /home/airflow/.local/lib/python3.7/site-packages/airflow/example_dags/example_params_trigger_ui.py
[2023-05-06T21:07:16.876+0000] {processor.py:809} INFO - DAG(s) dict_keys(['example_params_trigger_ui']) retrieved from /home/airflow/.local/lib/python3.7/site-packages/airflow/example_dags/example_params_trigger_ui.py
[2023-05-06T21:07:17.012+0000] {logging_mixin.py:149} INFO - [2023-05-06T21:07:17.012+0000] {dag.py:2726} INFO - Sync 1 DAGs
[2023-05-06T21:07:17.063+0000] {logging_mixin.py:149} INFO - [2023-05-06T21:07:17.063+0000] {dag.py:3490} INFO - Setting next_dagrun for example_params_trigger_ui to None, run_after=None
[2023-05-06T21:07:17.091+0000] {processor.py:178} INFO - Processing /home/airflow/.local/lib/python3.7/site-packages/airflow/example_dags/example_params_trigger_ui.py took 0.257 seconds
