[2023-05-06T20:55:31.210+0000] {processor.py:156} INFO - Started process (PID=287) to work on /home/airflow/.local/lib/python3.7/site-packages/airflow/example_dags/example_dag_decorator.py
[2023-05-06T20:55:31.212+0000] {processor.py:799} INFO - Processing file /home/airflow/.local/lib/python3.7/site-packages/airflow/example_dags/example_dag_decorator.py for tasks to queue
[2023-05-06T20:55:31.213+0000] {logging_mixin.py:149} INFO - [2023-05-06T20:55:31.213+0000] {dagbag.py:541} INFO - Filling up the DagBag from /home/airflow/.local/lib/python3.7/site-packages/airflow/example_dags/example_dag_decorator.py
[2023-05-06T20:55:31.223+0000] {logging_mixin.py:149} INFO - [2023-05-06T20:55:31.222+0000] {taskmixin.py:211} WARNING - Dependency <Task(_PythonDecoratedOperator): prepare_email>, send_email already registered for DAG: example_dag_decorator
[2023-05-06T20:55:31.224+0000] {logging_mixin.py:149} INFO - [2023-05-06T20:55:31.224+0000] {taskmixin.py:211} WARNING - Dependency <Task(EmailOperator): send_email>, prepare_email already registered for DAG: example_dag_decorator
[2023-05-06T20:55:31.236+0000] {processor.py:809} INFO - DAG(s) dict_keys(['example_dag_decorator']) retrieved from /home/airflow/.local/lib/python3.7/site-packages/airflow/example_dags/example_dag_decorator.py
[2023-05-06T20:55:31.254+0000] {logging_mixin.py:149} INFO - [2023-05-06T20:55:31.254+0000] {dag.py:2726} INFO - Sync 1 DAGs
[2023-05-06T20:55:31.298+0000] {logging_mixin.py:149} INFO - [2023-05-06T20:55:31.298+0000] {dag.py:3490} INFO - Setting next_dagrun for example_dag_decorator to None, run_after=None
[2023-05-06T20:55:31.346+0000] {processor.py:178} INFO - Processing /home/airflow/.local/lib/python3.7/site-packages/airflow/example_dags/example_dag_decorator.py took 0.140 seconds
[2023-05-06T20:56:03.440+0000] {processor.py:156} INFO - Started process (PID=527) to work on /home/airflow/.local/lib/python3.7/site-packages/airflow/example_dags/example_dag_decorator.py
[2023-05-06T20:56:03.443+0000] {processor.py:799} INFO - Processing file /home/airflow/.local/lib/python3.7/site-packages/airflow/example_dags/example_dag_decorator.py for tasks to queue
[2023-05-06T20:56:03.444+0000] {logging_mixin.py:149} INFO - [2023-05-06T20:56:03.444+0000] {dagbag.py:541} INFO - Filling up the DagBag from /home/airflow/.local/lib/python3.7/site-packages/airflow/example_dags/example_dag_decorator.py
[2023-05-06T20:56:03.454+0000] {logging_mixin.py:149} INFO - [2023-05-06T20:56:03.454+0000] {taskmixin.py:211} WARNING - Dependency <Task(_PythonDecoratedOperator): prepare_email>, send_email already registered for DAG: example_dag_decorator
[2023-05-06T20:56:03.456+0000] {logging_mixin.py:149} INFO - [2023-05-06T20:56:03.455+0000] {taskmixin.py:211} WARNING - Dependency <Task(EmailOperator): send_email>, prepare_email already registered for DAG: example_dag_decorator
[2023-05-06T20:56:03.467+0000] {processor.py:809} INFO - DAG(s) dict_keys(['example_dag_decorator']) retrieved from /home/airflow/.local/lib/python3.7/site-packages/airflow/example_dags/example_dag_decorator.py
[2023-05-06T20:56:03.709+0000] {logging_mixin.py:149} INFO - [2023-05-06T20:56:03.709+0000] {dag.py:2726} INFO - Sync 1 DAGs
[2023-05-06T20:56:03.740+0000] {logging_mixin.py:149} INFO - [2023-05-06T20:56:03.739+0000] {dag.py:3490} INFO - Setting next_dagrun for example_dag_decorator to None, run_after=None
[2023-05-06T20:56:03.780+0000] {processor.py:178} INFO - Processing /home/airflow/.local/lib/python3.7/site-packages/airflow/example_dags/example_dag_decorator.py took 0.345 seconds
[2023-05-06T20:56:34.616+0000] {processor.py:156} INFO - Started process (PID=765) to work on /home/airflow/.local/lib/python3.7/site-packages/airflow/example_dags/example_dag_decorator.py
[2023-05-06T20:56:34.618+0000] {processor.py:799} INFO - Processing file /home/airflow/.local/lib/python3.7/site-packages/airflow/example_dags/example_dag_decorator.py for tasks to queue
[2023-05-06T20:56:34.620+0000] {logging_mixin.py:149} INFO - [2023-05-06T20:56:34.619+0000] {dagbag.py:541} INFO - Filling up the DagBag from /home/airflow/.local/lib/python3.7/site-packages/airflow/example_dags/example_dag_decorator.py
[2023-05-06T20:56:34.631+0000] {logging_mixin.py:149} INFO - [2023-05-06T20:56:34.631+0000] {taskmixin.py:211} WARNING - Dependency <Task(_PythonDecoratedOperator): prepare_email>, send_email already registered for DAG: example_dag_decorator
[2023-05-06T20:56:34.633+0000] {logging_mixin.py:149} INFO - [2023-05-06T20:56:34.633+0000] {taskmixin.py:211} WARNING - Dependency <Task(EmailOperator): send_email>, prepare_email already registered for DAG: example_dag_decorator
[2023-05-06T20:56:34.838+0000] {processor.py:809} INFO - DAG(s) dict_keys(['example_dag_decorator']) retrieved from /home/airflow/.local/lib/python3.7/site-packages/airflow/example_dags/example_dag_decorator.py
[2023-05-06T20:56:34.944+0000] {logging_mixin.py:149} INFO - [2023-05-06T20:56:34.943+0000] {dag.py:2726} INFO - Sync 1 DAGs
[2023-05-06T20:56:34.985+0000] {logging_mixin.py:149} INFO - [2023-05-06T20:56:34.985+0000] {dag.py:3490} INFO - Setting next_dagrun for example_dag_decorator to None, run_after=None
[2023-05-06T20:56:35.022+0000] {processor.py:178} INFO - Processing /home/airflow/.local/lib/python3.7/site-packages/airflow/example_dags/example_dag_decorator.py took 0.410 seconds
[2023-05-06T20:57:05.910+0000] {processor.py:156} INFO - Started process (PID=1003) to work on /home/airflow/.local/lib/python3.7/site-packages/airflow/example_dags/example_dag_decorator.py
[2023-05-06T20:57:05.912+0000] {processor.py:799} INFO - Processing file /home/airflow/.local/lib/python3.7/site-packages/airflow/example_dags/example_dag_decorator.py for tasks to queue
[2023-05-06T20:57:05.913+0000] {logging_mixin.py:149} INFO - [2023-05-06T20:57:05.913+0000] {dagbag.py:541} INFO - Filling up the DagBag from /home/airflow/.local/lib/python3.7/site-packages/airflow/example_dags/example_dag_decorator.py
[2023-05-06T20:57:05.923+0000] {logging_mixin.py:149} INFO - [2023-05-06T20:57:05.923+0000] {taskmixin.py:211} WARNING - Dependency <Task(_PythonDecoratedOperator): prepare_email>, send_email already registered for DAG: example_dag_decorator
[2023-05-06T20:57:05.924+0000] {logging_mixin.py:149} INFO - [2023-05-06T20:57:05.924+0000] {taskmixin.py:211} WARNING - Dependency <Task(EmailOperator): send_email>, prepare_email already registered for DAG: example_dag_decorator
[2023-05-06T20:57:05.935+0000] {processor.py:809} INFO - DAG(s) dict_keys(['example_dag_decorator']) retrieved from /home/airflow/.local/lib/python3.7/site-packages/airflow/example_dags/example_dag_decorator.py
[2023-05-06T20:57:06.045+0000] {logging_mixin.py:149} INFO - [2023-05-06T20:57:06.045+0000] {dag.py:2726} INFO - Sync 1 DAGs
[2023-05-06T20:57:06.090+0000] {logging_mixin.py:149} INFO - [2023-05-06T20:57:06.090+0000] {dag.py:3490} INFO - Setting next_dagrun for example_dag_decorator to None, run_after=None
[2023-05-06T20:57:06.128+0000] {processor.py:178} INFO - Processing /home/airflow/.local/lib/python3.7/site-packages/airflow/example_dags/example_dag_decorator.py took 0.222 seconds
[2023-05-06T20:57:36.464+0000] {processor.py:156} INFO - Started process (PID=1241) to work on /home/airflow/.local/lib/python3.7/site-packages/airflow/example_dags/example_dag_decorator.py
[2023-05-06T20:57:36.466+0000] {processor.py:799} INFO - Processing file /home/airflow/.local/lib/python3.7/site-packages/airflow/example_dags/example_dag_decorator.py for tasks to queue
[2023-05-06T20:57:36.468+0000] {logging_mixin.py:149} INFO - [2023-05-06T20:57:36.468+0000] {dagbag.py:541} INFO - Filling up the DagBag from /home/airflow/.local/lib/python3.7/site-packages/airflow/example_dags/example_dag_decorator.py
[2023-05-06T20:57:36.478+0000] {logging_mixin.py:149} INFO - [2023-05-06T20:57:36.478+0000] {taskmixin.py:211} WARNING - Dependency <Task(_PythonDecoratedOperator): prepare_email>, send_email already registered for DAG: example_dag_decorator
[2023-05-06T20:57:36.480+0000] {logging_mixin.py:149} INFO - [2023-05-06T20:57:36.479+0000] {taskmixin.py:211} WARNING - Dependency <Task(EmailOperator): send_email>, prepare_email already registered for DAG: example_dag_decorator
[2023-05-06T20:57:36.502+0000] {processor.py:809} INFO - DAG(s) dict_keys(['example_dag_decorator']) retrieved from /home/airflow/.local/lib/python3.7/site-packages/airflow/example_dags/example_dag_decorator.py
[2023-05-06T20:57:36.529+0000] {logging_mixin.py:149} INFO - [2023-05-06T20:57:36.528+0000] {dag.py:2726} INFO - Sync 1 DAGs
[2023-05-06T20:57:36.592+0000] {logging_mixin.py:149} INFO - [2023-05-06T20:57:36.592+0000] {dag.py:3490} INFO - Setting next_dagrun for example_dag_decorator to None, run_after=None
[2023-05-06T20:57:36.628+0000] {processor.py:178} INFO - Processing /home/airflow/.local/lib/python3.7/site-packages/airflow/example_dags/example_dag_decorator.py took 0.169 seconds
[2023-05-06T20:58:07.249+0000] {processor.py:156} INFO - Started process (PID=1479) to work on /home/airflow/.local/lib/python3.7/site-packages/airflow/example_dags/example_dag_decorator.py
[2023-05-06T20:58:07.251+0000] {processor.py:799} INFO - Processing file /home/airflow/.local/lib/python3.7/site-packages/airflow/example_dags/example_dag_decorator.py for tasks to queue
[2023-05-06T20:58:07.252+0000] {logging_mixin.py:149} INFO - [2023-05-06T20:58:07.252+0000] {dagbag.py:541} INFO - Filling up the DagBag from /home/airflow/.local/lib/python3.7/site-packages/airflow/example_dags/example_dag_decorator.py
[2023-05-06T20:58:07.266+0000] {logging_mixin.py:149} INFO - [2023-05-06T20:58:07.266+0000] {taskmixin.py:211} WARNING - Dependency <Task(_PythonDecoratedOperator): prepare_email>, send_email already registered for DAG: example_dag_decorator
[2023-05-06T20:58:07.267+0000] {logging_mixin.py:149} INFO - [2023-05-06T20:58:07.267+0000] {taskmixin.py:211} WARNING - Dependency <Task(EmailOperator): send_email>, prepare_email already registered for DAG: example_dag_decorator
[2023-05-06T20:58:07.277+0000] {processor.py:809} INFO - DAG(s) dict_keys(['example_dag_decorator']) retrieved from /home/airflow/.local/lib/python3.7/site-packages/airflow/example_dags/example_dag_decorator.py
[2023-05-06T20:58:07.370+0000] {logging_mixin.py:149} INFO - [2023-05-06T20:58:07.370+0000] {dag.py:2726} INFO - Sync 1 DAGs
[2023-05-06T20:58:07.406+0000] {logging_mixin.py:149} INFO - [2023-05-06T20:58:07.405+0000] {dag.py:3490} INFO - Setting next_dagrun for example_dag_decorator to None, run_after=None
[2023-05-06T20:58:07.445+0000] {processor.py:178} INFO - Processing /home/airflow/.local/lib/python3.7/site-packages/airflow/example_dags/example_dag_decorator.py took 0.201 seconds
[2023-05-06T20:58:37.964+0000] {processor.py:156} INFO - Started process (PID=1718) to work on /home/airflow/.local/lib/python3.7/site-packages/airflow/example_dags/example_dag_decorator.py
[2023-05-06T20:58:37.966+0000] {processor.py:799} INFO - Processing file /home/airflow/.local/lib/python3.7/site-packages/airflow/example_dags/example_dag_decorator.py for tasks to queue
[2023-05-06T20:58:37.967+0000] {logging_mixin.py:149} INFO - [2023-05-06T20:58:37.967+0000] {dagbag.py:541} INFO - Filling up the DagBag from /home/airflow/.local/lib/python3.7/site-packages/airflow/example_dags/example_dag_decorator.py
[2023-05-06T20:58:37.976+0000] {logging_mixin.py:149} INFO - [2023-05-06T20:58:37.975+0000] {taskmixin.py:211} WARNING - Dependency <Task(_PythonDecoratedOperator): prepare_email>, send_email already registered for DAG: example_dag_decorator
[2023-05-06T20:58:37.977+0000] {logging_mixin.py:149} INFO - [2023-05-06T20:58:37.977+0000] {taskmixin.py:211} WARNING - Dependency <Task(EmailOperator): send_email>, prepare_email already registered for DAG: example_dag_decorator
[2023-05-06T20:58:37.989+0000] {processor.py:809} INFO - DAG(s) dict_keys(['example_dag_decorator']) retrieved from /home/airflow/.local/lib/python3.7/site-packages/airflow/example_dags/example_dag_decorator.py
[2023-05-06T20:58:38.102+0000] {logging_mixin.py:149} INFO - [2023-05-06T20:58:38.102+0000] {dag.py:2726} INFO - Sync 1 DAGs
[2023-05-06T20:58:38.138+0000] {logging_mixin.py:149} INFO - [2023-05-06T20:58:38.138+0000] {dag.py:3490} INFO - Setting next_dagrun for example_dag_decorator to None, run_after=None
[2023-05-06T20:58:38.326+0000] {processor.py:178} INFO - Processing /home/airflow/.local/lib/python3.7/site-packages/airflow/example_dags/example_dag_decorator.py took 0.366 seconds
[2023-05-06T20:59:09.303+0000] {processor.py:156} INFO - Started process (PID=1956) to work on /home/airflow/.local/lib/python3.7/site-packages/airflow/example_dags/example_dag_decorator.py
[2023-05-06T20:59:09.304+0000] {processor.py:799} INFO - Processing file /home/airflow/.local/lib/python3.7/site-packages/airflow/example_dags/example_dag_decorator.py for tasks to queue
[2023-05-06T20:59:09.306+0000] {logging_mixin.py:149} INFO - [2023-05-06T20:59:09.305+0000] {dagbag.py:541} INFO - Filling up the DagBag from /home/airflow/.local/lib/python3.7/site-packages/airflow/example_dags/example_dag_decorator.py
[2023-05-06T20:59:09.315+0000] {logging_mixin.py:149} INFO - [2023-05-06T20:59:09.315+0000] {taskmixin.py:211} WARNING - Dependency <Task(_PythonDecoratedOperator): prepare_email>, send_email already registered for DAG: example_dag_decorator
[2023-05-06T20:59:09.316+0000] {logging_mixin.py:149} INFO - [2023-05-06T20:59:09.315+0000] {taskmixin.py:211} WARNING - Dependency <Task(EmailOperator): send_email>, prepare_email already registered for DAG: example_dag_decorator
[2023-05-06T20:59:09.327+0000] {processor.py:809} INFO - DAG(s) dict_keys(['example_dag_decorator']) retrieved from /home/airflow/.local/lib/python3.7/site-packages/airflow/example_dags/example_dag_decorator.py
[2023-05-06T20:59:09.423+0000] {logging_mixin.py:149} INFO - [2023-05-06T20:59:09.423+0000] {dag.py:2726} INFO - Sync 1 DAGs
[2023-05-06T20:59:09.464+0000] {logging_mixin.py:149} INFO - [2023-05-06T20:59:09.463+0000] {dag.py:3490} INFO - Setting next_dagrun for example_dag_decorator to None, run_after=None
[2023-05-06T20:59:09.500+0000] {processor.py:178} INFO - Processing /home/airflow/.local/lib/python3.7/site-packages/airflow/example_dags/example_dag_decorator.py took 0.202 seconds
[2023-05-06T20:59:40.048+0000] {processor.py:156} INFO - Started process (PID=2194) to work on /home/airflow/.local/lib/python3.7/site-packages/airflow/example_dags/example_dag_decorator.py
[2023-05-06T20:59:40.051+0000] {processor.py:799} INFO - Processing file /home/airflow/.local/lib/python3.7/site-packages/airflow/example_dags/example_dag_decorator.py for tasks to queue
[2023-05-06T20:59:40.053+0000] {logging_mixin.py:149} INFO - [2023-05-06T20:59:40.053+0000] {dagbag.py:541} INFO - Filling up the DagBag from /home/airflow/.local/lib/python3.7/site-packages/airflow/example_dags/example_dag_decorator.py
[2023-05-06T20:59:40.066+0000] {logging_mixin.py:149} INFO - [2023-05-06T20:59:40.066+0000] {taskmixin.py:211} WARNING - Dependency <Task(_PythonDecoratedOperator): prepare_email>, send_email already registered for DAG: example_dag_decorator
[2023-05-06T20:59:40.068+0000] {logging_mixin.py:149} INFO - [2023-05-06T20:59:40.068+0000] {taskmixin.py:211} WARNING - Dependency <Task(EmailOperator): send_email>, prepare_email already registered for DAG: example_dag_decorator
[2023-05-06T20:59:40.161+0000] {processor.py:809} INFO - DAG(s) dict_keys(['example_dag_decorator']) retrieved from /home/airflow/.local/lib/python3.7/site-packages/airflow/example_dags/example_dag_decorator.py
[2023-05-06T20:59:40.373+0000] {logging_mixin.py:149} INFO - [2023-05-06T20:59:40.373+0000] {dag.py:2726} INFO - Sync 1 DAGs
[2023-05-06T20:59:40.414+0000] {logging_mixin.py:149} INFO - [2023-05-06T20:59:40.414+0000] {dag.py:3490} INFO - Setting next_dagrun for example_dag_decorator to None, run_after=None
[2023-05-06T20:59:40.454+0000] {processor.py:178} INFO - Processing /home/airflow/.local/lib/python3.7/site-packages/airflow/example_dags/example_dag_decorator.py took 0.410 seconds
[2023-05-06T21:00:10.559+0000] {processor.py:156} INFO - Started process (PID=2440) to work on /home/airflow/.local/lib/python3.7/site-packages/airflow/example_dags/example_dag_decorator.py
[2023-05-06T21:00:10.560+0000] {processor.py:799} INFO - Processing file /home/airflow/.local/lib/python3.7/site-packages/airflow/example_dags/example_dag_decorator.py for tasks to queue
[2023-05-06T21:00:10.563+0000] {logging_mixin.py:149} INFO - [2023-05-06T21:00:10.563+0000] {dagbag.py:541} INFO - Filling up the DagBag from /home/airflow/.local/lib/python3.7/site-packages/airflow/example_dags/example_dag_decorator.py
[2023-05-06T21:00:10.572+0000] {logging_mixin.py:149} INFO - [2023-05-06T21:00:10.571+0000] {taskmixin.py:211} WARNING - Dependency <Task(_PythonDecoratedOperator): prepare_email>, send_email already registered for DAG: example_dag_decorator
[2023-05-06T21:00:10.573+0000] {logging_mixin.py:149} INFO - [2023-05-06T21:00:10.573+0000] {taskmixin.py:211} WARNING - Dependency <Task(EmailOperator): send_email>, prepare_email already registered for DAG: example_dag_decorator
[2023-05-06T21:00:10.585+0000] {processor.py:809} INFO - DAG(s) dict_keys(['example_dag_decorator']) retrieved from /home/airflow/.local/lib/python3.7/site-packages/airflow/example_dags/example_dag_decorator.py
[2023-05-06T21:00:10.605+0000] {logging_mixin.py:149} INFO - [2023-05-06T21:00:10.604+0000] {dag.py:2726} INFO - Sync 1 DAGs
[2023-05-06T21:00:10.641+0000] {logging_mixin.py:149} INFO - [2023-05-06T21:00:10.641+0000] {dag.py:3490} INFO - Setting next_dagrun for example_dag_decorator to None, run_after=None
[2023-05-06T21:00:10.669+0000] {processor.py:178} INFO - Processing /home/airflow/.local/lib/python3.7/site-packages/airflow/example_dags/example_dag_decorator.py took 0.114 seconds
[2023-05-06T21:00:40.894+0000] {processor.py:156} INFO - Started process (PID=2670) to work on /home/airflow/.local/lib/python3.7/site-packages/airflow/example_dags/example_dag_decorator.py
[2023-05-06T21:00:40.895+0000] {processor.py:799} INFO - Processing file /home/airflow/.local/lib/python3.7/site-packages/airflow/example_dags/example_dag_decorator.py for tasks to queue
[2023-05-06T21:00:40.897+0000] {logging_mixin.py:149} INFO - [2023-05-06T21:00:40.897+0000] {dagbag.py:541} INFO - Filling up the DagBag from /home/airflow/.local/lib/python3.7/site-packages/airflow/example_dags/example_dag_decorator.py
[2023-05-06T21:00:40.906+0000] {logging_mixin.py:149} INFO - [2023-05-06T21:00:40.905+0000] {taskmixin.py:211} WARNING - Dependency <Task(_PythonDecoratedOperator): prepare_email>, send_email already registered for DAG: example_dag_decorator
[2023-05-06T21:00:40.907+0000] {logging_mixin.py:149} INFO - [2023-05-06T21:00:40.907+0000] {taskmixin.py:211} WARNING - Dependency <Task(EmailOperator): send_email>, prepare_email already registered for DAG: example_dag_decorator
[2023-05-06T21:00:40.920+0000] {processor.py:809} INFO - DAG(s) dict_keys(['example_dag_decorator']) retrieved from /home/airflow/.local/lib/python3.7/site-packages/airflow/example_dags/example_dag_decorator.py
[2023-05-06T21:00:41.020+0000] {logging_mixin.py:149} INFO - [2023-05-06T21:00:41.020+0000] {dag.py:2726} INFO - Sync 1 DAGs
[2023-05-06T21:00:41.059+0000] {logging_mixin.py:149} INFO - [2023-05-06T21:00:41.059+0000] {dag.py:3490} INFO - Setting next_dagrun for example_dag_decorator to None, run_after=None
[2023-05-06T21:00:41.095+0000] {processor.py:178} INFO - Processing /home/airflow/.local/lib/python3.7/site-packages/airflow/example_dags/example_dag_decorator.py took 0.206 seconds
[2023-05-06T21:01:11.527+0000] {processor.py:156} INFO - Started process (PID=2908) to work on /home/airflow/.local/lib/python3.7/site-packages/airflow/example_dags/example_dag_decorator.py
[2023-05-06T21:01:11.528+0000] {processor.py:799} INFO - Processing file /home/airflow/.local/lib/python3.7/site-packages/airflow/example_dags/example_dag_decorator.py for tasks to queue
[2023-05-06T21:01:11.530+0000] {logging_mixin.py:149} INFO - [2023-05-06T21:01:11.530+0000] {dagbag.py:541} INFO - Filling up the DagBag from /home/airflow/.local/lib/python3.7/site-packages/airflow/example_dags/example_dag_decorator.py
[2023-05-06T21:01:11.538+0000] {logging_mixin.py:149} INFO - [2023-05-06T21:01:11.538+0000] {taskmixin.py:211} WARNING - Dependency <Task(_PythonDecoratedOperator): prepare_email>, send_email already registered for DAG: example_dag_decorator
[2023-05-06T21:01:11.540+0000] {logging_mixin.py:149} INFO - [2023-05-06T21:01:11.539+0000] {taskmixin.py:211} WARNING - Dependency <Task(EmailOperator): send_email>, prepare_email already registered for DAG: example_dag_decorator
[2023-05-06T21:01:11.551+0000] {processor.py:809} INFO - DAG(s) dict_keys(['example_dag_decorator']) retrieved from /home/airflow/.local/lib/python3.7/site-packages/airflow/example_dags/example_dag_decorator.py
[2023-05-06T21:01:11.640+0000] {logging_mixin.py:149} INFO - [2023-05-06T21:01:11.640+0000] {dag.py:2726} INFO - Sync 1 DAGs
[2023-05-06T21:01:11.680+0000] {logging_mixin.py:149} INFO - [2023-05-06T21:01:11.680+0000] {dag.py:3490} INFO - Setting next_dagrun for example_dag_decorator to None, run_after=None
[2023-05-06T21:01:11.714+0000] {processor.py:178} INFO - Processing /home/airflow/.local/lib/python3.7/site-packages/airflow/example_dags/example_dag_decorator.py took 0.191 seconds
[2023-05-06T21:01:41.896+0000] {processor.py:156} INFO - Started process (PID=3151) to work on /home/airflow/.local/lib/python3.7/site-packages/airflow/example_dags/example_dag_decorator.py
[2023-05-06T21:01:41.898+0000] {processor.py:799} INFO - Processing file /home/airflow/.local/lib/python3.7/site-packages/airflow/example_dags/example_dag_decorator.py for tasks to queue
[2023-05-06T21:01:41.901+0000] {logging_mixin.py:149} INFO - [2023-05-06T21:01:41.900+0000] {dagbag.py:541} INFO - Filling up the DagBag from /home/airflow/.local/lib/python3.7/site-packages/airflow/example_dags/example_dag_decorator.py
[2023-05-06T21:01:41.909+0000] {logging_mixin.py:149} INFO - [2023-05-06T21:01:41.909+0000] {taskmixin.py:211} WARNING - Dependency <Task(_PythonDecoratedOperator): prepare_email>, send_email already registered for DAG: example_dag_decorator
[2023-05-06T21:01:41.910+0000] {logging_mixin.py:149} INFO - [2023-05-06T21:01:41.910+0000] {taskmixin.py:211} WARNING - Dependency <Task(EmailOperator): send_email>, prepare_email already registered for DAG: example_dag_decorator
[2023-05-06T21:01:41.926+0000] {processor.py:809} INFO - DAG(s) dict_keys(['example_dag_decorator']) retrieved from /home/airflow/.local/lib/python3.7/site-packages/airflow/example_dags/example_dag_decorator.py
[2023-05-06T21:01:42.051+0000] {logging_mixin.py:149} INFO - [2023-05-06T21:01:42.050+0000] {dag.py:2726} INFO - Sync 1 DAGs
[2023-05-06T21:01:42.085+0000] {logging_mixin.py:149} INFO - [2023-05-06T21:01:42.085+0000] {dag.py:3490} INFO - Setting next_dagrun for example_dag_decorator to None, run_after=None
[2023-05-06T21:01:42.116+0000] {processor.py:178} INFO - Processing /home/airflow/.local/lib/python3.7/site-packages/airflow/example_dags/example_dag_decorator.py took 0.224 seconds
[2023-05-06T21:02:12.323+0000] {processor.py:156} INFO - Started process (PID=3384) to work on /home/airflow/.local/lib/python3.7/site-packages/airflow/example_dags/example_dag_decorator.py
[2023-05-06T21:02:12.325+0000] {processor.py:799} INFO - Processing file /home/airflow/.local/lib/python3.7/site-packages/airflow/example_dags/example_dag_decorator.py for tasks to queue
[2023-05-06T21:02:12.327+0000] {logging_mixin.py:149} INFO - [2023-05-06T21:02:12.327+0000] {dagbag.py:541} INFO - Filling up the DagBag from /home/airflow/.local/lib/python3.7/site-packages/airflow/example_dags/example_dag_decorator.py
[2023-05-06T21:02:12.335+0000] {logging_mixin.py:149} INFO - [2023-05-06T21:02:12.335+0000] {taskmixin.py:211} WARNING - Dependency <Task(_PythonDecoratedOperator): prepare_email>, send_email already registered for DAG: example_dag_decorator
[2023-05-06T21:02:12.336+0000] {logging_mixin.py:149} INFO - [2023-05-06T21:02:12.336+0000] {taskmixin.py:211} WARNING - Dependency <Task(EmailOperator): send_email>, prepare_email already registered for DAG: example_dag_decorator
[2023-05-06T21:02:12.348+0000] {processor.py:809} INFO - DAG(s) dict_keys(['example_dag_decorator']) retrieved from /home/airflow/.local/lib/python3.7/site-packages/airflow/example_dags/example_dag_decorator.py
[2023-05-06T21:02:12.445+0000] {logging_mixin.py:149} INFO - [2023-05-06T21:02:12.445+0000] {dag.py:2726} INFO - Sync 1 DAGs
[2023-05-06T21:02:12.489+0000] {logging_mixin.py:149} INFO - [2023-05-06T21:02:12.489+0000] {dag.py:3490} INFO - Setting next_dagrun for example_dag_decorator to None, run_after=None
[2023-05-06T21:02:12.524+0000] {processor.py:178} INFO - Processing /home/airflow/.local/lib/python3.7/site-packages/airflow/example_dags/example_dag_decorator.py took 0.205 seconds
[2023-05-06T21:02:42.748+0000] {processor.py:156} INFO - Started process (PID=3622) to work on /home/airflow/.local/lib/python3.7/site-packages/airflow/example_dags/example_dag_decorator.py
[2023-05-06T21:02:42.749+0000] {processor.py:799} INFO - Processing file /home/airflow/.local/lib/python3.7/site-packages/airflow/example_dags/example_dag_decorator.py for tasks to queue
[2023-05-06T21:02:42.750+0000] {logging_mixin.py:149} INFO - [2023-05-06T21:02:42.750+0000] {dagbag.py:541} INFO - Filling up the DagBag from /home/airflow/.local/lib/python3.7/site-packages/airflow/example_dags/example_dag_decorator.py
[2023-05-06T21:02:42.761+0000] {logging_mixin.py:149} INFO - [2023-05-06T21:02:42.761+0000] {taskmixin.py:211} WARNING - Dependency <Task(_PythonDecoratedOperator): prepare_email>, send_email already registered for DAG: example_dag_decorator
[2023-05-06T21:02:42.762+0000] {logging_mixin.py:149} INFO - [2023-05-06T21:02:42.761+0000] {taskmixin.py:211} WARNING - Dependency <Task(EmailOperator): send_email>, prepare_email already registered for DAG: example_dag_decorator
[2023-05-06T21:02:42.774+0000] {processor.py:809} INFO - DAG(s) dict_keys(['example_dag_decorator']) retrieved from /home/airflow/.local/lib/python3.7/site-packages/airflow/example_dags/example_dag_decorator.py
[2023-05-06T21:02:42.867+0000] {logging_mixin.py:149} INFO - [2023-05-06T21:02:42.867+0000] {dag.py:2726} INFO - Sync 1 DAGs
[2023-05-06T21:02:42.902+0000] {logging_mixin.py:149} INFO - [2023-05-06T21:02:42.901+0000] {dag.py:3490} INFO - Setting next_dagrun for example_dag_decorator to None, run_after=None
[2023-05-06T21:02:42.934+0000] {processor.py:178} INFO - Processing /home/airflow/.local/lib/python3.7/site-packages/airflow/example_dags/example_dag_decorator.py took 0.190 seconds
[2023-05-06T21:03:13.603+0000] {processor.py:156} INFO - Started process (PID=3860) to work on /home/airflow/.local/lib/python3.7/site-packages/airflow/example_dags/example_dag_decorator.py
[2023-05-06T21:03:13.605+0000] {processor.py:799} INFO - Processing file /home/airflow/.local/lib/python3.7/site-packages/airflow/example_dags/example_dag_decorator.py for tasks to queue
[2023-05-06T21:03:13.606+0000] {logging_mixin.py:149} INFO - [2023-05-06T21:03:13.606+0000] {dagbag.py:541} INFO - Filling up the DagBag from /home/airflow/.local/lib/python3.7/site-packages/airflow/example_dags/example_dag_decorator.py
[2023-05-06T21:03:13.616+0000] {logging_mixin.py:149} INFO - [2023-05-06T21:03:13.616+0000] {taskmixin.py:211} WARNING - Dependency <Task(_PythonDecoratedOperator): prepare_email>, send_email already registered for DAG: example_dag_decorator
[2023-05-06T21:03:13.617+0000] {logging_mixin.py:149} INFO - [2023-05-06T21:03:13.617+0000] {taskmixin.py:211} WARNING - Dependency <Task(EmailOperator): send_email>, prepare_email already registered for DAG: example_dag_decorator
[2023-05-06T21:03:13.629+0000] {processor.py:809} INFO - DAG(s) dict_keys(['example_dag_decorator']) retrieved from /home/airflow/.local/lib/python3.7/site-packages/airflow/example_dags/example_dag_decorator.py
[2023-05-06T21:03:13.722+0000] {logging_mixin.py:149} INFO - [2023-05-06T21:03:13.722+0000] {dag.py:2726} INFO - Sync 1 DAGs
[2023-05-06T21:03:13.765+0000] {logging_mixin.py:149} INFO - [2023-05-06T21:03:13.765+0000] {dag.py:3490} INFO - Setting next_dagrun for example_dag_decorator to None, run_after=None
[2023-05-06T21:03:13.835+0000] {processor.py:178} INFO - Processing /home/airflow/.local/lib/python3.7/site-packages/airflow/example_dags/example_dag_decorator.py took 0.236 seconds
[2023-05-06T21:03:44.331+0000] {processor.py:156} INFO - Started process (PID=4098) to work on /home/airflow/.local/lib/python3.7/site-packages/airflow/example_dags/example_dag_decorator.py
[2023-05-06T21:03:44.333+0000] {processor.py:799} INFO - Processing file /home/airflow/.local/lib/python3.7/site-packages/airflow/example_dags/example_dag_decorator.py for tasks to queue
[2023-05-06T21:03:44.334+0000] {logging_mixin.py:149} INFO - [2023-05-06T21:03:44.334+0000] {dagbag.py:541} INFO - Filling up the DagBag from /home/airflow/.local/lib/python3.7/site-packages/airflow/example_dags/example_dag_decorator.py
[2023-05-06T21:03:44.343+0000] {logging_mixin.py:149} INFO - [2023-05-06T21:03:44.343+0000] {taskmixin.py:211} WARNING - Dependency <Task(_PythonDecoratedOperator): prepare_email>, send_email already registered for DAG: example_dag_decorator
[2023-05-06T21:03:44.344+0000] {logging_mixin.py:149} INFO - [2023-05-06T21:03:44.344+0000] {taskmixin.py:211} WARNING - Dependency <Task(EmailOperator): send_email>, prepare_email already registered for DAG: example_dag_decorator
[2023-05-06T21:03:44.359+0000] {processor.py:809} INFO - DAG(s) dict_keys(['example_dag_decorator']) retrieved from /home/airflow/.local/lib/python3.7/site-packages/airflow/example_dags/example_dag_decorator.py
[2023-05-06T21:03:44.464+0000] {logging_mixin.py:149} INFO - [2023-05-06T21:03:44.464+0000] {dag.py:2726} INFO - Sync 1 DAGs
[2023-05-06T21:03:44.504+0000] {logging_mixin.py:149} INFO - [2023-05-06T21:03:44.504+0000] {dag.py:3490} INFO - Setting next_dagrun for example_dag_decorator to None, run_after=None
[2023-05-06T21:03:44.540+0000] {processor.py:178} INFO - Processing /home/airflow/.local/lib/python3.7/site-packages/airflow/example_dags/example_dag_decorator.py took 0.213 seconds
[2023-05-06T21:04:15.206+0000] {processor.py:156} INFO - Started process (PID=4336) to work on /home/airflow/.local/lib/python3.7/site-packages/airflow/example_dags/example_dag_decorator.py
[2023-05-06T21:04:15.207+0000] {processor.py:799} INFO - Processing file /home/airflow/.local/lib/python3.7/site-packages/airflow/example_dags/example_dag_decorator.py for tasks to queue
[2023-05-06T21:04:15.209+0000] {logging_mixin.py:149} INFO - [2023-05-06T21:04:15.209+0000] {dagbag.py:541} INFO - Filling up the DagBag from /home/airflow/.local/lib/python3.7/site-packages/airflow/example_dags/example_dag_decorator.py
[2023-05-06T21:04:15.218+0000] {logging_mixin.py:149} INFO - [2023-05-06T21:04:15.218+0000] {taskmixin.py:211} WARNING - Dependency <Task(_PythonDecoratedOperator): prepare_email>, send_email already registered for DAG: example_dag_decorator
[2023-05-06T21:04:15.219+0000] {logging_mixin.py:149} INFO - [2023-05-06T21:04:15.219+0000] {taskmixin.py:211} WARNING - Dependency <Task(EmailOperator): send_email>, prepare_email already registered for DAG: example_dag_decorator
[2023-05-06T21:04:15.232+0000] {processor.py:809} INFO - DAG(s) dict_keys(['example_dag_decorator']) retrieved from /home/airflow/.local/lib/python3.7/site-packages/airflow/example_dags/example_dag_decorator.py
[2023-05-06T21:04:15.333+0000] {logging_mixin.py:149} INFO - [2023-05-06T21:04:15.333+0000] {dag.py:2726} INFO - Sync 1 DAGs
[2023-05-06T21:04:15.379+0000] {logging_mixin.py:149} INFO - [2023-05-06T21:04:15.378+0000] {dag.py:3490} INFO - Setting next_dagrun for example_dag_decorator to None, run_after=None
[2023-05-06T21:04:15.422+0000] {processor.py:178} INFO - Processing /home/airflow/.local/lib/python3.7/site-packages/airflow/example_dags/example_dag_decorator.py took 0.220 seconds
[2023-05-06T21:04:46.010+0000] {processor.py:156} INFO - Started process (PID=4574) to work on /home/airflow/.local/lib/python3.7/site-packages/airflow/example_dags/example_dag_decorator.py
[2023-05-06T21:04:46.011+0000] {processor.py:799} INFO - Processing file /home/airflow/.local/lib/python3.7/site-packages/airflow/example_dags/example_dag_decorator.py for tasks to queue
[2023-05-06T21:04:46.013+0000] {logging_mixin.py:149} INFO - [2023-05-06T21:04:46.013+0000] {dagbag.py:541} INFO - Filling up the DagBag from /home/airflow/.local/lib/python3.7/site-packages/airflow/example_dags/example_dag_decorator.py
[2023-05-06T21:04:46.024+0000] {logging_mixin.py:149} INFO - [2023-05-06T21:04:46.024+0000] {taskmixin.py:211} WARNING - Dependency <Task(_PythonDecoratedOperator): prepare_email>, send_email already registered for DAG: example_dag_decorator
[2023-05-06T21:04:46.025+0000] {logging_mixin.py:149} INFO - [2023-05-06T21:04:46.025+0000] {taskmixin.py:211} WARNING - Dependency <Task(EmailOperator): send_email>, prepare_email already registered for DAG: example_dag_decorator
[2023-05-06T21:04:46.039+0000] {processor.py:809} INFO - DAG(s) dict_keys(['example_dag_decorator']) retrieved from /home/airflow/.local/lib/python3.7/site-packages/airflow/example_dags/example_dag_decorator.py
[2023-05-06T21:04:46.144+0000] {logging_mixin.py:149} INFO - [2023-05-06T21:04:46.144+0000] {dag.py:2726} INFO - Sync 1 DAGs
[2023-05-06T21:04:46.187+0000] {logging_mixin.py:149} INFO - [2023-05-06T21:04:46.186+0000] {dag.py:3490} INFO - Setting next_dagrun for example_dag_decorator to None, run_after=None
[2023-05-06T21:04:46.224+0000] {processor.py:178} INFO - Processing /home/airflow/.local/lib/python3.7/site-packages/airflow/example_dags/example_dag_decorator.py took 0.219 seconds
[2023-05-06T21:05:16.412+0000] {processor.py:156} INFO - Started process (PID=4812) to work on /home/airflow/.local/lib/python3.7/site-packages/airflow/example_dags/example_dag_decorator.py
[2023-05-06T21:05:16.415+0000] {processor.py:799} INFO - Processing file /home/airflow/.local/lib/python3.7/site-packages/airflow/example_dags/example_dag_decorator.py for tasks to queue
[2023-05-06T21:05:16.417+0000] {logging_mixin.py:149} INFO - [2023-05-06T21:05:16.417+0000] {dagbag.py:541} INFO - Filling up the DagBag from /home/airflow/.local/lib/python3.7/site-packages/airflow/example_dags/example_dag_decorator.py
[2023-05-06T21:05:16.428+0000] {logging_mixin.py:149} INFO - [2023-05-06T21:05:16.428+0000] {taskmixin.py:211} WARNING - Dependency <Task(_PythonDecoratedOperator): prepare_email>, send_email already registered for DAG: example_dag_decorator
[2023-05-06T21:05:16.429+0000] {logging_mixin.py:149} INFO - [2023-05-06T21:05:16.429+0000] {taskmixin.py:211} WARNING - Dependency <Task(EmailOperator): send_email>, prepare_email already registered for DAG: example_dag_decorator
[2023-05-06T21:05:16.444+0000] {processor.py:809} INFO - DAG(s) dict_keys(['example_dag_decorator']) retrieved from /home/airflow/.local/lib/python3.7/site-packages/airflow/example_dags/example_dag_decorator.py
[2023-05-06T21:05:16.549+0000] {logging_mixin.py:149} INFO - [2023-05-06T21:05:16.548+0000] {dag.py:2726} INFO - Sync 1 DAGs
[2023-05-06T21:05:16.593+0000] {logging_mixin.py:149} INFO - [2023-05-06T21:05:16.592+0000] {dag.py:3490} INFO - Setting next_dagrun for example_dag_decorator to None, run_after=None
[2023-05-06T21:05:16.627+0000] {processor.py:178} INFO - Processing /home/airflow/.local/lib/python3.7/site-packages/airflow/example_dags/example_dag_decorator.py took 0.220 seconds
[2023-05-06T21:05:47.098+0000] {processor.py:156} INFO - Started process (PID=5050) to work on /home/airflow/.local/lib/python3.7/site-packages/airflow/example_dags/example_dag_decorator.py
[2023-05-06T21:05:47.099+0000] {processor.py:799} INFO - Processing file /home/airflow/.local/lib/python3.7/site-packages/airflow/example_dags/example_dag_decorator.py for tasks to queue
[2023-05-06T21:05:47.101+0000] {logging_mixin.py:149} INFO - [2023-05-06T21:05:47.101+0000] {dagbag.py:541} INFO - Filling up the DagBag from /home/airflow/.local/lib/python3.7/site-packages/airflow/example_dags/example_dag_decorator.py
[2023-05-06T21:05:47.109+0000] {logging_mixin.py:149} INFO - [2023-05-06T21:05:47.109+0000] {taskmixin.py:211} WARNING - Dependency <Task(_PythonDecoratedOperator): prepare_email>, send_email already registered for DAG: example_dag_decorator
[2023-05-06T21:05:47.110+0000] {logging_mixin.py:149} INFO - [2023-05-06T21:05:47.110+0000] {taskmixin.py:211} WARNING - Dependency <Task(EmailOperator): send_email>, prepare_email already registered for DAG: example_dag_decorator
[2023-05-06T21:05:47.121+0000] {processor.py:809} INFO - DAG(s) dict_keys(['example_dag_decorator']) retrieved from /home/airflow/.local/lib/python3.7/site-packages/airflow/example_dags/example_dag_decorator.py
[2023-05-06T21:05:47.213+0000] {logging_mixin.py:149} INFO - [2023-05-06T21:05:47.213+0000] {dag.py:2726} INFO - Sync 1 DAGs
[2023-05-06T21:05:47.248+0000] {logging_mixin.py:149} INFO - [2023-05-06T21:05:47.248+0000] {dag.py:3490} INFO - Setting next_dagrun for example_dag_decorator to None, run_after=None
[2023-05-06T21:05:47.279+0000] {processor.py:178} INFO - Processing /home/airflow/.local/lib/python3.7/site-packages/airflow/example_dags/example_dag_decorator.py took 0.185 seconds
[2023-05-06T21:06:17.601+0000] {processor.py:156} INFO - Started process (PID=5288) to work on /home/airflow/.local/lib/python3.7/site-packages/airflow/example_dags/example_dag_decorator.py
[2023-05-06T21:06:17.603+0000] {processor.py:799} INFO - Processing file /home/airflow/.local/lib/python3.7/site-packages/airflow/example_dags/example_dag_decorator.py for tasks to queue
[2023-05-06T21:06:17.604+0000] {logging_mixin.py:149} INFO - [2023-05-06T21:06:17.604+0000] {dagbag.py:541} INFO - Filling up the DagBag from /home/airflow/.local/lib/python3.7/site-packages/airflow/example_dags/example_dag_decorator.py
[2023-05-06T21:06:17.614+0000] {logging_mixin.py:149} INFO - [2023-05-06T21:06:17.614+0000] {taskmixin.py:211} WARNING - Dependency <Task(_PythonDecoratedOperator): prepare_email>, send_email already registered for DAG: example_dag_decorator
[2023-05-06T21:06:17.615+0000] {logging_mixin.py:149} INFO - [2023-05-06T21:06:17.615+0000] {taskmixin.py:211} WARNING - Dependency <Task(EmailOperator): send_email>, prepare_email already registered for DAG: example_dag_decorator
[2023-05-06T21:06:17.629+0000] {processor.py:809} INFO - DAG(s) dict_keys(['example_dag_decorator']) retrieved from /home/airflow/.local/lib/python3.7/site-packages/airflow/example_dags/example_dag_decorator.py
[2023-05-06T21:06:17.649+0000] {logging_mixin.py:149} INFO - [2023-05-06T21:06:17.648+0000] {dag.py:2726} INFO - Sync 1 DAGs
[2023-05-06T21:06:17.686+0000] {logging_mixin.py:149} INFO - [2023-05-06T21:06:17.686+0000] {dag.py:3490} INFO - Setting next_dagrun for example_dag_decorator to None, run_after=None
[2023-05-06T21:06:17.722+0000] {processor.py:178} INFO - Processing /home/airflow/.local/lib/python3.7/site-packages/airflow/example_dags/example_dag_decorator.py took 0.125 seconds
[2023-05-06T21:06:48.175+0000] {processor.py:156} INFO - Started process (PID=5527) to work on /home/airflow/.local/lib/python3.7/site-packages/airflow/example_dags/example_dag_decorator.py
[2023-05-06T21:06:48.177+0000] {processor.py:799} INFO - Processing file /home/airflow/.local/lib/python3.7/site-packages/airflow/example_dags/example_dag_decorator.py for tasks to queue
[2023-05-06T21:06:48.179+0000] {logging_mixin.py:149} INFO - [2023-05-06T21:06:48.178+0000] {dagbag.py:541} INFO - Filling up the DagBag from /home/airflow/.local/lib/python3.7/site-packages/airflow/example_dags/example_dag_decorator.py
[2023-05-06T21:06:48.191+0000] {logging_mixin.py:149} INFO - [2023-05-06T21:06:48.191+0000] {taskmixin.py:211} WARNING - Dependency <Task(_PythonDecoratedOperator): prepare_email>, send_email already registered for DAG: example_dag_decorator
[2023-05-06T21:06:48.192+0000] {logging_mixin.py:149} INFO - [2023-05-06T21:06:48.192+0000] {taskmixin.py:211} WARNING - Dependency <Task(EmailOperator): send_email>, prepare_email already registered for DAG: example_dag_decorator
[2023-05-06T21:06:48.207+0000] {processor.py:809} INFO - DAG(s) dict_keys(['example_dag_decorator']) retrieved from /home/airflow/.local/lib/python3.7/site-packages/airflow/example_dags/example_dag_decorator.py
[2023-05-06T21:06:48.326+0000] {logging_mixin.py:149} INFO - [2023-05-06T21:06:48.326+0000] {dag.py:2726} INFO - Sync 1 DAGs
[2023-05-06T21:06:48.379+0000] {logging_mixin.py:149} INFO - [2023-05-06T21:06:48.378+0000] {dag.py:3490} INFO - Setting next_dagrun for example_dag_decorator to None, run_after=None
[2023-05-06T21:06:48.430+0000] {processor.py:178} INFO - Processing /home/airflow/.local/lib/python3.7/site-packages/airflow/example_dags/example_dag_decorator.py took 0.261 seconds
[2023-05-06T21:07:18.669+0000] {processor.py:156} INFO - Started process (PID=5765) to work on /home/airflow/.local/lib/python3.7/site-packages/airflow/example_dags/example_dag_decorator.py
[2023-05-06T21:07:18.671+0000] {processor.py:799} INFO - Processing file /home/airflow/.local/lib/python3.7/site-packages/airflow/example_dags/example_dag_decorator.py for tasks to queue
[2023-05-06T21:07:18.673+0000] {logging_mixin.py:149} INFO - [2023-05-06T21:07:18.673+0000] {dagbag.py:541} INFO - Filling up the DagBag from /home/airflow/.local/lib/python3.7/site-packages/airflow/example_dags/example_dag_decorator.py
[2023-05-06T21:07:18.682+0000] {logging_mixin.py:149} INFO - [2023-05-06T21:07:18.682+0000] {taskmixin.py:211} WARNING - Dependency <Task(_PythonDecoratedOperator): prepare_email>, send_email already registered for DAG: example_dag_decorator
[2023-05-06T21:07:18.684+0000] {logging_mixin.py:149} INFO - [2023-05-06T21:07:18.684+0000] {taskmixin.py:211} WARNING - Dependency <Task(EmailOperator): send_email>, prepare_email already registered for DAG: example_dag_decorator
[2023-05-06T21:07:18.696+0000] {processor.py:809} INFO - DAG(s) dict_keys(['example_dag_decorator']) retrieved from /home/airflow/.local/lib/python3.7/site-packages/airflow/example_dags/example_dag_decorator.py
[2023-05-06T21:07:18.794+0000] {logging_mixin.py:149} INFO - [2023-05-06T21:07:18.794+0000] {dag.py:2726} INFO - Sync 1 DAGs
[2023-05-06T21:07:18.834+0000] {logging_mixin.py:149} INFO - [2023-05-06T21:07:18.834+0000] {dag.py:3490} INFO - Setting next_dagrun for example_dag_decorator to None, run_after=None
[2023-05-06T21:07:18.865+0000] {processor.py:178} INFO - Processing /home/airflow/.local/lib/python3.7/site-packages/airflow/example_dags/example_dag_decorator.py took 0.199 seconds
