[2023-05-06T20:55:28.515+0000] {processor.py:156} INFO - Started process (PID=197) to work on /home/airflow/.local/lib/python3.7/site-packages/airflow/example_dags/example_short_circuit_operator.py
[2023-05-06T20:55:28.517+0000] {processor.py:799} INFO - Processing file /home/airflow/.local/lib/python3.7/site-packages/airflow/example_dags/example_short_circuit_operator.py for tasks to queue
[2023-05-06T20:55:28.519+0000] {logging_mixin.py:149} INFO - [2023-05-06T20:55:28.519+0000] {dagbag.py:541} INFO - Filling up the DagBag from /home/airflow/.local/lib/python3.7/site-packages/airflow/example_dags/example_short_circuit_operator.py
[2023-05-06T20:55:28.531+0000] {processor.py:809} INFO - DAG(s) dict_keys(['example_short_circuit_operator']) retrieved from /home/airflow/.local/lib/python3.7/site-packages/airflow/example_dags/example_short_circuit_operator.py
[2023-05-06T20:55:28.550+0000] {logging_mixin.py:149} INFO - [2023-05-06T20:55:28.550+0000] {dag.py:2726} INFO - Sync 1 DAGs
[2023-05-06T20:55:28.587+0000] {logging_mixin.py:149} INFO - [2023-05-06T20:55:28.587+0000] {dag.py:3490} INFO - Setting next_dagrun for example_short_circuit_operator to 2023-05-05T20:55:28.587294+00:00, run_after=2023-05-06T20:55:28.587294+00:00
[2023-05-06T20:55:28.620+0000] {processor.py:178} INFO - Processing /home/airflow/.local/lib/python3.7/site-packages/airflow/example_dags/example_short_circuit_operator.py took 0.108 seconds
[2023-05-06T20:55:59.671+0000] {processor.py:156} INFO - Started process (PID=430) to work on /home/airflow/.local/lib/python3.7/site-packages/airflow/example_dags/example_short_circuit_operator.py
[2023-05-06T20:55:59.673+0000] {processor.py:799} INFO - Processing file /home/airflow/.local/lib/python3.7/site-packages/airflow/example_dags/example_short_circuit_operator.py for tasks to queue
[2023-05-06T20:55:59.674+0000] {logging_mixin.py:149} INFO - [2023-05-06T20:55:59.674+0000] {dagbag.py:541} INFO - Filling up the DagBag from /home/airflow/.local/lib/python3.7/site-packages/airflow/example_dags/example_short_circuit_operator.py
[2023-05-06T20:55:59.685+0000] {processor.py:809} INFO - DAG(s) dict_keys(['example_short_circuit_operator']) retrieved from /home/airflow/.local/lib/python3.7/site-packages/airflow/example_dags/example_short_circuit_operator.py
[2023-05-06T20:55:59.727+0000] {logging_mixin.py:149} INFO - [2023-05-06T20:55:59.727+0000] {dag.py:2726} INFO - Sync 1 DAGs
[2023-05-06T20:55:59.770+0000] {logging_mixin.py:149} INFO - [2023-05-06T20:55:59.770+0000] {dag.py:3490} INFO - Setting next_dagrun for example_short_circuit_operator to 2023-05-05T20:55:59.769701+00:00, run_after=2023-05-06T20:55:59.769701+00:00
[2023-05-06T20:55:59.975+0000] {processor.py:178} INFO - Processing /home/airflow/.local/lib/python3.7/site-packages/airflow/example_dags/example_short_circuit_operator.py took 0.308 seconds
[2023-05-06T20:56:30.735+0000] {processor.py:156} INFO - Started process (PID=670) to work on /home/airflow/.local/lib/python3.7/site-packages/airflow/example_dags/example_short_circuit_operator.py
[2023-05-06T20:56:30.738+0000] {processor.py:799} INFO - Processing file /home/airflow/.local/lib/python3.7/site-packages/airflow/example_dags/example_short_circuit_operator.py for tasks to queue
[2023-05-06T20:56:30.740+0000] {logging_mixin.py:149} INFO - [2023-05-06T20:56:30.739+0000] {dagbag.py:541} INFO - Filling up the DagBag from /home/airflow/.local/lib/python3.7/site-packages/airflow/example_dags/example_short_circuit_operator.py
[2023-05-06T20:56:30.751+0000] {processor.py:809} INFO - DAG(s) dict_keys(['example_short_circuit_operator']) retrieved from /home/airflow/.local/lib/python3.7/site-packages/airflow/example_dags/example_short_circuit_operator.py
[2023-05-06T20:56:30.955+0000] {logging_mixin.py:149} INFO - [2023-05-06T20:56:30.955+0000] {dag.py:2726} INFO - Sync 1 DAGs
[2023-05-06T20:56:30.994+0000] {logging_mixin.py:149} INFO - [2023-05-06T20:56:30.994+0000] {dag.py:3490} INFO - Setting next_dagrun for example_short_circuit_operator to 2023-05-05T20:56:30.993863+00:00, run_after=2023-05-06T20:56:30.993863+00:00
[2023-05-06T20:56:31.022+0000] {processor.py:178} INFO - Processing /home/airflow/.local/lib/python3.7/site-packages/airflow/example_dags/example_short_circuit_operator.py took 0.292 seconds
[2023-05-06T20:57:01.825+0000] {processor.py:156} INFO - Started process (PID=906) to work on /home/airflow/.local/lib/python3.7/site-packages/airflow/example_dags/example_short_circuit_operator.py
[2023-05-06T20:57:01.828+0000] {processor.py:799} INFO - Processing file /home/airflow/.local/lib/python3.7/site-packages/airflow/example_dags/example_short_circuit_operator.py for tasks to queue
[2023-05-06T20:57:01.832+0000] {logging_mixin.py:149} INFO - [2023-05-06T20:57:01.832+0000] {dagbag.py:541} INFO - Filling up the DagBag from /home/airflow/.local/lib/python3.7/site-packages/airflow/example_dags/example_short_circuit_operator.py
[2023-05-06T20:57:01.851+0000] {processor.py:809} INFO - DAG(s) dict_keys(['example_short_circuit_operator']) retrieved from /home/airflow/.local/lib/python3.7/site-packages/airflow/example_dags/example_short_circuit_operator.py
[2023-05-06T20:57:01.898+0000] {logging_mixin.py:149} INFO - [2023-05-06T20:57:01.897+0000] {dag.py:2726} INFO - Sync 1 DAGs
[2023-05-06T20:57:01.953+0000] {logging_mixin.py:149} INFO - [2023-05-06T20:57:01.952+0000] {dag.py:3490} INFO - Setting next_dagrun for example_short_circuit_operator to 2023-05-05T20:57:01.952570+00:00, run_after=2023-05-06T20:57:01.952570+00:00
[2023-05-06T20:57:01.989+0000] {processor.py:178} INFO - Processing /home/airflow/.local/lib/python3.7/site-packages/airflow/example_dags/example_short_circuit_operator.py took 0.169 seconds
[2023-05-06T20:57:32.366+0000] {processor.py:156} INFO - Started process (PID=1144) to work on /home/airflow/.local/lib/python3.7/site-packages/airflow/example_dags/example_short_circuit_operator.py
[2023-05-06T20:57:32.368+0000] {processor.py:799} INFO - Processing file /home/airflow/.local/lib/python3.7/site-packages/airflow/example_dags/example_short_circuit_operator.py for tasks to queue
[2023-05-06T20:57:32.370+0000] {logging_mixin.py:149} INFO - [2023-05-06T20:57:32.370+0000] {dagbag.py:541} INFO - Filling up the DagBag from /home/airflow/.local/lib/python3.7/site-packages/airflow/example_dags/example_short_circuit_operator.py
[2023-05-06T20:57:32.381+0000] {processor.py:809} INFO - DAG(s) dict_keys(['example_short_circuit_operator']) retrieved from /home/airflow/.local/lib/python3.7/site-packages/airflow/example_dags/example_short_circuit_operator.py
[2023-05-06T20:57:32.399+0000] {logging_mixin.py:149} INFO - [2023-05-06T20:57:32.399+0000] {dag.py:2726} INFO - Sync 1 DAGs
[2023-05-06T20:57:32.440+0000] {logging_mixin.py:149} INFO - [2023-05-06T20:57:32.440+0000] {dag.py:3490} INFO - Setting next_dagrun for example_short_circuit_operator to 2023-05-05T20:57:32.439652+00:00, run_after=2023-05-06T20:57:32.439652+00:00
[2023-05-06T20:57:32.473+0000] {processor.py:178} INFO - Processing /home/airflow/.local/lib/python3.7/site-packages/airflow/example_dags/example_short_circuit_operator.py took 0.112 seconds
[2023-05-06T20:58:02.927+0000] {processor.py:156} INFO - Started process (PID=1384) to work on /home/airflow/.local/lib/python3.7/site-packages/airflow/example_dags/example_short_circuit_operator.py
[2023-05-06T20:58:02.928+0000] {processor.py:799} INFO - Processing file /home/airflow/.local/lib/python3.7/site-packages/airflow/example_dags/example_short_circuit_operator.py for tasks to queue
[2023-05-06T20:58:02.930+0000] {logging_mixin.py:149} INFO - [2023-05-06T20:58:02.930+0000] {dagbag.py:541} INFO - Filling up the DagBag from /home/airflow/.local/lib/python3.7/site-packages/airflow/example_dags/example_short_circuit_operator.py
[2023-05-06T20:58:02.942+0000] {processor.py:809} INFO - DAG(s) dict_keys(['example_short_circuit_operator']) retrieved from /home/airflow/.local/lib/python3.7/site-packages/airflow/example_dags/example_short_circuit_operator.py
[2023-05-06T20:58:02.978+0000] {logging_mixin.py:149} INFO - [2023-05-06T20:58:02.978+0000] {dag.py:2726} INFO - Sync 1 DAGs
[2023-05-06T20:58:03.017+0000] {logging_mixin.py:149} INFO - [2023-05-06T20:58:03.017+0000] {dag.py:3490} INFO - Setting next_dagrun for example_short_circuit_operator to 2023-05-05T20:58:03.017183+00:00, run_after=2023-05-06T20:58:03.017183+00:00
[2023-05-06T20:58:03.049+0000] {processor.py:178} INFO - Processing /home/airflow/.local/lib/python3.7/site-packages/airflow/example_dags/example_short_circuit_operator.py took 0.127 seconds
[2023-05-06T20:58:33.161+0000] {processor.py:156} INFO - Started process (PID=1621) to work on /home/airflow/.local/lib/python3.7/site-packages/airflow/example_dags/example_short_circuit_operator.py
[2023-05-06T20:58:33.164+0000] {processor.py:799} INFO - Processing file /home/airflow/.local/lib/python3.7/site-packages/airflow/example_dags/example_short_circuit_operator.py for tasks to queue
[2023-05-06T20:58:33.166+0000] {logging_mixin.py:149} INFO - [2023-05-06T20:58:33.165+0000] {dagbag.py:541} INFO - Filling up the DagBag from /home/airflow/.local/lib/python3.7/site-packages/airflow/example_dags/example_short_circuit_operator.py
[2023-05-06T20:58:33.178+0000] {processor.py:809} INFO - DAG(s) dict_keys(['example_short_circuit_operator']) retrieved from /home/airflow/.local/lib/python3.7/site-packages/airflow/example_dags/example_short_circuit_operator.py
[2023-05-06T20:58:33.219+0000] {logging_mixin.py:149} INFO - [2023-05-06T20:58:33.219+0000] {dag.py:2726} INFO - Sync 1 DAGs
[2023-05-06T20:58:33.263+0000] {logging_mixin.py:149} INFO - [2023-05-06T20:58:33.263+0000] {dag.py:3490} INFO - Setting next_dagrun for example_short_circuit_operator to 2023-05-05T20:58:33.263183+00:00, run_after=2023-05-06T20:58:33.263183+00:00
[2023-05-06T20:58:33.291+0000] {processor.py:178} INFO - Processing /home/airflow/.local/lib/python3.7/site-packages/airflow/example_dags/example_short_circuit_operator.py took 0.135 seconds
[2023-05-06T20:59:03.358+0000] {processor.py:156} INFO - Started process (PID=1859) to work on /home/airflow/.local/lib/python3.7/site-packages/airflow/example_dags/example_short_circuit_operator.py
[2023-05-06T20:59:03.361+0000] {processor.py:799} INFO - Processing file /home/airflow/.local/lib/python3.7/site-packages/airflow/example_dags/example_short_circuit_operator.py for tasks to queue
[2023-05-06T20:59:03.362+0000] {logging_mixin.py:149} INFO - [2023-05-06T20:59:03.362+0000] {dagbag.py:541} INFO - Filling up the DagBag from /home/airflow/.local/lib/python3.7/site-packages/airflow/example_dags/example_short_circuit_operator.py
[2023-05-06T20:59:03.374+0000] {processor.py:809} INFO - DAG(s) dict_keys(['example_short_circuit_operator']) retrieved from /home/airflow/.local/lib/python3.7/site-packages/airflow/example_dags/example_short_circuit_operator.py
[2023-05-06T20:59:03.410+0000] {logging_mixin.py:149} INFO - [2023-05-06T20:59:03.410+0000] {dag.py:2726} INFO - Sync 1 DAGs
[2023-05-06T20:59:03.453+0000] {logging_mixin.py:149} INFO - [2023-05-06T20:59:03.452+0000] {dag.py:3490} INFO - Setting next_dagrun for example_short_circuit_operator to 2023-05-05T20:59:03.452651+00:00, run_after=2023-05-06T20:59:03.452651+00:00
[2023-05-06T20:59:03.490+0000] {processor.py:178} INFO - Processing /home/airflow/.local/lib/python3.7/site-packages/airflow/example_dags/example_short_circuit_operator.py took 0.136 seconds
[2023-05-06T20:59:34.545+0000] {processor.py:156} INFO - Started process (PID=2099) to work on /home/airflow/.local/lib/python3.7/site-packages/airflow/example_dags/example_short_circuit_operator.py
[2023-05-06T20:59:34.547+0000] {processor.py:799} INFO - Processing file /home/airflow/.local/lib/python3.7/site-packages/airflow/example_dags/example_short_circuit_operator.py for tasks to queue
[2023-05-06T20:59:34.549+0000] {logging_mixin.py:149} INFO - [2023-05-06T20:59:34.549+0000] {dagbag.py:541} INFO - Filling up the DagBag from /home/airflow/.local/lib/python3.7/site-packages/airflow/example_dags/example_short_circuit_operator.py
[2023-05-06T20:59:34.568+0000] {processor.py:809} INFO - DAG(s) dict_keys(['example_short_circuit_operator']) retrieved from /home/airflow/.local/lib/python3.7/site-packages/airflow/example_dags/example_short_circuit_operator.py
[2023-05-06T20:59:34.621+0000] {logging_mixin.py:149} INFO - [2023-05-06T20:59:34.621+0000] {dag.py:2726} INFO - Sync 1 DAGs
[2023-05-06T20:59:34.683+0000] {logging_mixin.py:149} INFO - [2023-05-06T20:59:34.682+0000] {dag.py:3490} INFO - Setting next_dagrun for example_short_circuit_operator to 2023-05-05T20:59:34.682373+00:00, run_after=2023-05-06T20:59:34.682373+00:00
[2023-05-06T20:59:34.734+0000] {processor.py:178} INFO - Processing /home/airflow/.local/lib/python3.7/site-packages/airflow/example_dags/example_short_circuit_operator.py took 0.196 seconds
[2023-05-06T21:00:04.813+0000] {processor.py:156} INFO - Started process (PID=2335) to work on /home/airflow/.local/lib/python3.7/site-packages/airflow/example_dags/example_short_circuit_operator.py
[2023-05-06T21:00:04.818+0000] {processor.py:799} INFO - Processing file /home/airflow/.local/lib/python3.7/site-packages/airflow/example_dags/example_short_circuit_operator.py for tasks to queue
[2023-05-06T21:00:04.820+0000] {logging_mixin.py:149} INFO - [2023-05-06T21:00:04.820+0000] {dagbag.py:541} INFO - Filling up the DagBag from /home/airflow/.local/lib/python3.7/site-packages/airflow/example_dags/example_short_circuit_operator.py
[2023-05-06T21:00:04.833+0000] {processor.py:809} INFO - DAG(s) dict_keys(['example_short_circuit_operator']) retrieved from /home/airflow/.local/lib/python3.7/site-packages/airflow/example_dags/example_short_circuit_operator.py
[2023-05-06T21:00:04.852+0000] {logging_mixin.py:149} INFO - [2023-05-06T21:00:04.852+0000] {dag.py:2726} INFO - Sync 1 DAGs
[2023-05-06T21:00:04.901+0000] {logging_mixin.py:149} INFO - [2023-05-06T21:00:04.901+0000] {dag.py:3490} INFO - Setting next_dagrun for example_short_circuit_operator to 2023-05-05T21:00:04.900393+00:00, run_after=2023-05-06T21:00:04.900393+00:00
[2023-05-06T21:00:04.934+0000] {processor.py:178} INFO - Processing /home/airflow/.local/lib/python3.7/site-packages/airflow/example_dags/example_short_circuit_operator.py took 0.125 seconds
[2023-05-06T21:00:35.172+0000] {processor.py:156} INFO - Started process (PID=2573) to work on /home/airflow/.local/lib/python3.7/site-packages/airflow/example_dags/example_short_circuit_operator.py
[2023-05-06T21:00:35.174+0000] {processor.py:799} INFO - Processing file /home/airflow/.local/lib/python3.7/site-packages/airflow/example_dags/example_short_circuit_operator.py for tasks to queue
[2023-05-06T21:00:35.176+0000] {logging_mixin.py:149} INFO - [2023-05-06T21:00:35.176+0000] {dagbag.py:541} INFO - Filling up the DagBag from /home/airflow/.local/lib/python3.7/site-packages/airflow/example_dags/example_short_circuit_operator.py
[2023-05-06T21:00:35.188+0000] {processor.py:809} INFO - DAG(s) dict_keys(['example_short_circuit_operator']) retrieved from /home/airflow/.local/lib/python3.7/site-packages/airflow/example_dags/example_short_circuit_operator.py
[2023-05-06T21:00:35.230+0000] {logging_mixin.py:149} INFO - [2023-05-06T21:00:35.229+0000] {dag.py:2726} INFO - Sync 1 DAGs
[2023-05-06T21:00:35.271+0000] {logging_mixin.py:149} INFO - [2023-05-06T21:00:35.271+0000] {dag.py:3490} INFO - Setting next_dagrun for example_short_circuit_operator to 2023-05-05T21:00:35.271051+00:00, run_after=2023-05-06T21:00:35.271051+00:00
[2023-05-06T21:00:35.300+0000] {processor.py:178} INFO - Processing /home/airflow/.local/lib/python3.7/site-packages/airflow/example_dags/example_short_circuit_operator.py took 0.133 seconds
[2023-05-06T21:01:05.659+0000] {processor.py:156} INFO - Started process (PID=2811) to work on /home/airflow/.local/lib/python3.7/site-packages/airflow/example_dags/example_short_circuit_operator.py
[2023-05-06T21:01:05.661+0000] {processor.py:799} INFO - Processing file /home/airflow/.local/lib/python3.7/site-packages/airflow/example_dags/example_short_circuit_operator.py for tasks to queue
[2023-05-06T21:01:05.662+0000] {logging_mixin.py:149} INFO - [2023-05-06T21:01:05.662+0000] {dagbag.py:541} INFO - Filling up the DagBag from /home/airflow/.local/lib/python3.7/site-packages/airflow/example_dags/example_short_circuit_operator.py
[2023-05-06T21:01:05.675+0000] {processor.py:809} INFO - DAG(s) dict_keys(['example_short_circuit_operator']) retrieved from /home/airflow/.local/lib/python3.7/site-packages/airflow/example_dags/example_short_circuit_operator.py
[2023-05-06T21:01:05.715+0000] {logging_mixin.py:149} INFO - [2023-05-06T21:01:05.715+0000] {dag.py:2726} INFO - Sync 1 DAGs
[2023-05-06T21:01:05.754+0000] {logging_mixin.py:149} INFO - [2023-05-06T21:01:05.754+0000] {dag.py:3490} INFO - Setting next_dagrun for example_short_circuit_operator to 2023-05-05T21:01:05.754086+00:00, run_after=2023-05-06T21:01:05.754086+00:00
[2023-05-06T21:01:05.788+0000] {processor.py:178} INFO - Processing /home/airflow/.local/lib/python3.7/site-packages/airflow/example_dags/example_short_circuit_operator.py took 0.132 seconds
[2023-05-06T21:01:36.524+0000] {processor.py:156} INFO - Started process (PID=3049) to work on /home/airflow/.local/lib/python3.7/site-packages/airflow/example_dags/example_short_circuit_operator.py
[2023-05-06T21:01:36.527+0000] {processor.py:799} INFO - Processing file /home/airflow/.local/lib/python3.7/site-packages/airflow/example_dags/example_short_circuit_operator.py for tasks to queue
[2023-05-06T21:01:36.530+0000] {logging_mixin.py:149} INFO - [2023-05-06T21:01:36.529+0000] {dagbag.py:541} INFO - Filling up the DagBag from /home/airflow/.local/lib/python3.7/site-packages/airflow/example_dags/example_short_circuit_operator.py
[2023-05-06T21:01:36.544+0000] {processor.py:809} INFO - DAG(s) dict_keys(['example_short_circuit_operator']) retrieved from /home/airflow/.local/lib/python3.7/site-packages/airflow/example_dags/example_short_circuit_operator.py
[2023-05-06T21:01:36.584+0000] {logging_mixin.py:149} INFO - [2023-05-06T21:01:36.584+0000] {dag.py:2726} INFO - Sync 1 DAGs
[2023-05-06T21:01:36.626+0000] {logging_mixin.py:149} INFO - [2023-05-06T21:01:36.626+0000] {dag.py:3490} INFO - Setting next_dagrun for example_short_circuit_operator to 2023-05-05T21:01:36.625962+00:00, run_after=2023-05-06T21:01:36.625962+00:00
[2023-05-06T21:01:36.658+0000] {processor.py:178} INFO - Processing /home/airflow/.local/lib/python3.7/site-packages/airflow/example_dags/example_short_circuit_operator.py took 0.138 seconds
[2023-05-06T21:02:07.014+0000] {processor.py:156} INFO - Started process (PID=3287) to work on /home/airflow/.local/lib/python3.7/site-packages/airflow/example_dags/example_short_circuit_operator.py
[2023-05-06T21:02:07.017+0000] {processor.py:799} INFO - Processing file /home/airflow/.local/lib/python3.7/site-packages/airflow/example_dags/example_short_circuit_operator.py for tasks to queue
[2023-05-06T21:02:07.019+0000] {logging_mixin.py:149} INFO - [2023-05-06T21:02:07.019+0000] {dagbag.py:541} INFO - Filling up the DagBag from /home/airflow/.local/lib/python3.7/site-packages/airflow/example_dags/example_short_circuit_operator.py
[2023-05-06T21:02:07.033+0000] {processor.py:809} INFO - DAG(s) dict_keys(['example_short_circuit_operator']) retrieved from /home/airflow/.local/lib/python3.7/site-packages/airflow/example_dags/example_short_circuit_operator.py
[2023-05-06T21:02:07.077+0000] {logging_mixin.py:149} INFO - [2023-05-06T21:02:07.077+0000] {dag.py:2726} INFO - Sync 1 DAGs
[2023-05-06T21:02:07.125+0000] {logging_mixin.py:149} INFO - [2023-05-06T21:02:07.125+0000] {dag.py:3490} INFO - Setting next_dagrun for example_short_circuit_operator to 2023-05-05T21:02:07.124782+00:00, run_after=2023-05-06T21:02:07.124782+00:00
[2023-05-06T21:02:07.164+0000] {processor.py:178} INFO - Processing /home/airflow/.local/lib/python3.7/site-packages/airflow/example_dags/example_short_circuit_operator.py took 0.154 seconds
[2023-05-06T21:02:37.409+0000] {processor.py:156} INFO - Started process (PID=3530) to work on /home/airflow/.local/lib/python3.7/site-packages/airflow/example_dags/example_short_circuit_operator.py
[2023-05-06T21:02:37.412+0000] {processor.py:799} INFO - Processing file /home/airflow/.local/lib/python3.7/site-packages/airflow/example_dags/example_short_circuit_operator.py for tasks to queue
[2023-05-06T21:02:37.413+0000] {logging_mixin.py:149} INFO - [2023-05-06T21:02:37.413+0000] {dagbag.py:541} INFO - Filling up the DagBag from /home/airflow/.local/lib/python3.7/site-packages/airflow/example_dags/example_short_circuit_operator.py
[2023-05-06T21:02:37.427+0000] {processor.py:809} INFO - DAG(s) dict_keys(['example_short_circuit_operator']) retrieved from /home/airflow/.local/lib/python3.7/site-packages/airflow/example_dags/example_short_circuit_operator.py
[2023-05-06T21:02:37.476+0000] {logging_mixin.py:149} INFO - [2023-05-06T21:02:37.476+0000] {dag.py:2726} INFO - Sync 1 DAGs
[2023-05-06T21:02:37.533+0000] {logging_mixin.py:149} INFO - [2023-05-06T21:02:37.532+0000] {dag.py:3490} INFO - Setting next_dagrun for example_short_circuit_operator to 2023-05-05T21:02:37.532287+00:00, run_after=2023-05-06T21:02:37.532287+00:00
[2023-05-06T21:02:37.565+0000] {processor.py:178} INFO - Processing /home/airflow/.local/lib/python3.7/site-packages/airflow/example_dags/example_short_circuit_operator.py took 0.161 seconds
[2023-05-06T21:03:07.707+0000] {processor.py:156} INFO - Started process (PID=3768) to work on /home/airflow/.local/lib/python3.7/site-packages/airflow/example_dags/example_short_circuit_operator.py
[2023-05-06T21:03:07.709+0000] {processor.py:799} INFO - Processing file /home/airflow/.local/lib/python3.7/site-packages/airflow/example_dags/example_short_circuit_operator.py for tasks to queue
[2023-05-06T21:03:07.711+0000] {logging_mixin.py:149} INFO - [2023-05-06T21:03:07.711+0000] {dagbag.py:541} INFO - Filling up the DagBag from /home/airflow/.local/lib/python3.7/site-packages/airflow/example_dags/example_short_circuit_operator.py
[2023-05-06T21:03:07.724+0000] {processor.py:809} INFO - DAG(s) dict_keys(['example_short_circuit_operator']) retrieved from /home/airflow/.local/lib/python3.7/site-packages/airflow/example_dags/example_short_circuit_operator.py
[2023-05-06T21:03:07.767+0000] {logging_mixin.py:149} INFO - [2023-05-06T21:03:07.767+0000] {dag.py:2726} INFO - Sync 1 DAGs
[2023-05-06T21:03:07.804+0000] {logging_mixin.py:149} INFO - [2023-05-06T21:03:07.803+0000] {dag.py:3490} INFO - Setting next_dagrun for example_short_circuit_operator to 2023-05-05T21:03:07.803614+00:00, run_after=2023-05-06T21:03:07.803614+00:00
[2023-05-06T21:03:07.839+0000] {processor.py:178} INFO - Processing /home/airflow/.local/lib/python3.7/site-packages/airflow/example_dags/example_short_circuit_operator.py took 0.138 seconds
[2023-05-06T21:03:38.413+0000] {processor.py:156} INFO - Started process (PID=4001) to work on /home/airflow/.local/lib/python3.7/site-packages/airflow/example_dags/example_short_circuit_operator.py
[2023-05-06T21:03:38.416+0000] {processor.py:799} INFO - Processing file /home/airflow/.local/lib/python3.7/site-packages/airflow/example_dags/example_short_circuit_operator.py for tasks to queue
[2023-05-06T21:03:38.418+0000] {logging_mixin.py:149} INFO - [2023-05-06T21:03:38.418+0000] {dagbag.py:541} INFO - Filling up the DagBag from /home/airflow/.local/lib/python3.7/site-packages/airflow/example_dags/example_short_circuit_operator.py
[2023-05-06T21:03:38.430+0000] {processor.py:809} INFO - DAG(s) dict_keys(['example_short_circuit_operator']) retrieved from /home/airflow/.local/lib/python3.7/site-packages/airflow/example_dags/example_short_circuit_operator.py
[2023-05-06T21:03:38.475+0000] {logging_mixin.py:149} INFO - [2023-05-06T21:03:38.475+0000] {dag.py:2726} INFO - Sync 1 DAGs
[2023-05-06T21:03:38.521+0000] {logging_mixin.py:149} INFO - [2023-05-06T21:03:38.520+0000] {dag.py:3490} INFO - Setting next_dagrun for example_short_circuit_operator to 2023-05-05T21:03:38.520498+00:00, run_after=2023-05-06T21:03:38.520498+00:00
[2023-05-06T21:03:38.561+0000] {processor.py:178} INFO - Processing /home/airflow/.local/lib/python3.7/site-packages/airflow/example_dags/example_short_circuit_operator.py took 0.152 seconds
[2023-05-06T21:04:09.118+0000] {processor.py:156} INFO - Started process (PID=4239) to work on /home/airflow/.local/lib/python3.7/site-packages/airflow/example_dags/example_short_circuit_operator.py
[2023-05-06T21:04:09.120+0000] {processor.py:799} INFO - Processing file /home/airflow/.local/lib/python3.7/site-packages/airflow/example_dags/example_short_circuit_operator.py for tasks to queue
[2023-05-06T21:04:09.122+0000] {logging_mixin.py:149} INFO - [2023-05-06T21:04:09.122+0000] {dagbag.py:541} INFO - Filling up the DagBag from /home/airflow/.local/lib/python3.7/site-packages/airflow/example_dags/example_short_circuit_operator.py
[2023-05-06T21:04:09.136+0000] {processor.py:809} INFO - DAG(s) dict_keys(['example_short_circuit_operator']) retrieved from /home/airflow/.local/lib/python3.7/site-packages/airflow/example_dags/example_short_circuit_operator.py
[2023-05-06T21:04:09.185+0000] {logging_mixin.py:149} INFO - [2023-05-06T21:04:09.185+0000] {dag.py:2726} INFO - Sync 1 DAGs
[2023-05-06T21:04:09.231+0000] {logging_mixin.py:149} INFO - [2023-05-06T21:04:09.230+0000] {dag.py:3490} INFO - Setting next_dagrun for example_short_circuit_operator to 2023-05-05T21:04:09.230494+00:00, run_after=2023-05-06T21:04:09.230494+00:00
[2023-05-06T21:04:09.269+0000] {processor.py:178} INFO - Processing /home/airflow/.local/lib/python3.7/site-packages/airflow/example_dags/example_short_circuit_operator.py took 0.156 seconds
[2023-05-06T21:04:39.945+0000] {processor.py:156} INFO - Started process (PID=4477) to work on /home/airflow/.local/lib/python3.7/site-packages/airflow/example_dags/example_short_circuit_operator.py
[2023-05-06T21:04:39.948+0000] {processor.py:799} INFO - Processing file /home/airflow/.local/lib/python3.7/site-packages/airflow/example_dags/example_short_circuit_operator.py for tasks to queue
[2023-05-06T21:04:39.951+0000] {logging_mixin.py:149} INFO - [2023-05-06T21:04:39.951+0000] {dagbag.py:541} INFO - Filling up the DagBag from /home/airflow/.local/lib/python3.7/site-packages/airflow/example_dags/example_short_circuit_operator.py
[2023-05-06T21:04:39.964+0000] {processor.py:809} INFO - DAG(s) dict_keys(['example_short_circuit_operator']) retrieved from /home/airflow/.local/lib/python3.7/site-packages/airflow/example_dags/example_short_circuit_operator.py
[2023-05-06T21:04:40.006+0000] {logging_mixin.py:149} INFO - [2023-05-06T21:04:40.006+0000] {dag.py:2726} INFO - Sync 1 DAGs
[2023-05-06T21:04:40.048+0000] {logging_mixin.py:149} INFO - [2023-05-06T21:04:40.048+0000] {dag.py:3490} INFO - Setting next_dagrun for example_short_circuit_operator to 2023-05-05T21:04:40.048276+00:00, run_after=2023-05-06T21:04:40.048276+00:00
[2023-05-06T21:04:40.085+0000] {processor.py:178} INFO - Processing /home/airflow/.local/lib/python3.7/site-packages/airflow/example_dags/example_short_circuit_operator.py took 0.143 seconds
[2023-05-06T21:05:10.692+0000] {processor.py:156} INFO - Started process (PID=4715) to work on /home/airflow/.local/lib/python3.7/site-packages/airflow/example_dags/example_short_circuit_operator.py
[2023-05-06T21:05:10.694+0000] {processor.py:799} INFO - Processing file /home/airflow/.local/lib/python3.7/site-packages/airflow/example_dags/example_short_circuit_operator.py for tasks to queue
[2023-05-06T21:05:10.696+0000] {logging_mixin.py:149} INFO - [2023-05-06T21:05:10.696+0000] {dagbag.py:541} INFO - Filling up the DagBag from /home/airflow/.local/lib/python3.7/site-packages/airflow/example_dags/example_short_circuit_operator.py
[2023-05-06T21:05:10.707+0000] {processor.py:809} INFO - DAG(s) dict_keys(['example_short_circuit_operator']) retrieved from /home/airflow/.local/lib/python3.7/site-packages/airflow/example_dags/example_short_circuit_operator.py
[2023-05-06T21:05:10.744+0000] {logging_mixin.py:149} INFO - [2023-05-06T21:05:10.744+0000] {dag.py:2726} INFO - Sync 1 DAGs
[2023-05-06T21:05:10.779+0000] {logging_mixin.py:149} INFO - [2023-05-06T21:05:10.779+0000] {dag.py:3490} INFO - Setting next_dagrun for example_short_circuit_operator to 2023-05-05T21:05:10.779007+00:00, run_after=2023-05-06T21:05:10.779007+00:00
[2023-05-06T21:05:10.808+0000] {processor.py:178} INFO - Processing /home/airflow/.local/lib/python3.7/site-packages/airflow/example_dags/example_short_circuit_operator.py took 0.120 seconds
[2023-05-06T21:05:41.093+0000] {processor.py:156} INFO - Started process (PID=4953) to work on /home/airflow/.local/lib/python3.7/site-packages/airflow/example_dags/example_short_circuit_operator.py
[2023-05-06T21:05:41.095+0000] {processor.py:799} INFO - Processing file /home/airflow/.local/lib/python3.7/site-packages/airflow/example_dags/example_short_circuit_operator.py for tasks to queue
[2023-05-06T21:05:41.097+0000] {logging_mixin.py:149} INFO - [2023-05-06T21:05:41.097+0000] {dagbag.py:541} INFO - Filling up the DagBag from /home/airflow/.local/lib/python3.7/site-packages/airflow/example_dags/example_short_circuit_operator.py
[2023-05-06T21:05:41.114+0000] {processor.py:809} INFO - DAG(s) dict_keys(['example_short_circuit_operator']) retrieved from /home/airflow/.local/lib/python3.7/site-packages/airflow/example_dags/example_short_circuit_operator.py
[2023-05-06T21:05:41.158+0000] {logging_mixin.py:149} INFO - [2023-05-06T21:05:41.157+0000] {dag.py:2726} INFO - Sync 1 DAGs
[2023-05-06T21:05:41.209+0000] {logging_mixin.py:149} INFO - [2023-05-06T21:05:41.209+0000] {dag.py:3490} INFO - Setting next_dagrun for example_short_circuit_operator to 2023-05-05T21:05:41.209058+00:00, run_after=2023-05-06T21:05:41.209058+00:00
[2023-05-06T21:05:41.251+0000] {processor.py:178} INFO - Processing /home/airflow/.local/lib/python3.7/site-packages/airflow/example_dags/example_short_circuit_operator.py took 0.163 seconds
[2023-05-06T21:06:11.471+0000] {processor.py:156} INFO - Started process (PID=5196) to work on /home/airflow/.local/lib/python3.7/site-packages/airflow/example_dags/example_short_circuit_operator.py
[2023-05-06T21:06:11.475+0000] {processor.py:799} INFO - Processing file /home/airflow/.local/lib/python3.7/site-packages/airflow/example_dags/example_short_circuit_operator.py for tasks to queue
[2023-05-06T21:06:11.479+0000] {logging_mixin.py:149} INFO - [2023-05-06T21:06:11.479+0000] {dagbag.py:541} INFO - Filling up the DagBag from /home/airflow/.local/lib/python3.7/site-packages/airflow/example_dags/example_short_circuit_operator.py
[2023-05-06T21:06:11.502+0000] {processor.py:809} INFO - DAG(s) dict_keys(['example_short_circuit_operator']) retrieved from /home/airflow/.local/lib/python3.7/site-packages/airflow/example_dags/example_short_circuit_operator.py
[2023-05-06T21:06:11.553+0000] {logging_mixin.py:149} INFO - [2023-05-06T21:06:11.553+0000] {dag.py:2726} INFO - Sync 1 DAGs
[2023-05-06T21:06:11.599+0000] {logging_mixin.py:149} INFO - [2023-05-06T21:06:11.599+0000] {dag.py:3490} INFO - Setting next_dagrun for example_short_circuit_operator to 2023-05-05T21:06:11.598994+00:00, run_after=2023-05-06T21:06:11.598994+00:00
[2023-05-06T21:06:11.641+0000] {processor.py:178} INFO - Processing /home/airflow/.local/lib/python3.7/site-packages/airflow/example_dags/example_short_circuit_operator.py took 0.181 seconds
[2023-05-06T21:06:42.142+0000] {processor.py:156} INFO - Started process (PID=5430) to work on /home/airflow/.local/lib/python3.7/site-packages/airflow/example_dags/example_short_circuit_operator.py
[2023-05-06T21:06:42.145+0000] {processor.py:799} INFO - Processing file /home/airflow/.local/lib/python3.7/site-packages/airflow/example_dags/example_short_circuit_operator.py for tasks to queue
[2023-05-06T21:06:42.147+0000] {logging_mixin.py:149} INFO - [2023-05-06T21:06:42.147+0000] {dagbag.py:541} INFO - Filling up the DagBag from /home/airflow/.local/lib/python3.7/site-packages/airflow/example_dags/example_short_circuit_operator.py
[2023-05-06T21:06:42.158+0000] {processor.py:809} INFO - DAG(s) dict_keys(['example_short_circuit_operator']) retrieved from /home/airflow/.local/lib/python3.7/site-packages/airflow/example_dags/example_short_circuit_operator.py
[2023-05-06T21:06:42.178+0000] {logging_mixin.py:149} INFO - [2023-05-06T21:06:42.178+0000] {dag.py:2726} INFO - Sync 1 DAGs
[2023-05-06T21:06:42.226+0000] {logging_mixin.py:149} INFO - [2023-05-06T21:06:42.226+0000] {dag.py:3490} INFO - Setting next_dagrun for example_short_circuit_operator to 2023-05-05T21:06:42.226054+00:00, run_after=2023-05-06T21:06:42.226054+00:00
[2023-05-06T21:06:42.261+0000] {processor.py:178} INFO - Processing /home/airflow/.local/lib/python3.7/site-packages/airflow/example_dags/example_short_circuit_operator.py took 0.122 seconds
[2023-05-06T21:07:12.724+0000] {processor.py:156} INFO - Started process (PID=5668) to work on /home/airflow/.local/lib/python3.7/site-packages/airflow/example_dags/example_short_circuit_operator.py
[2023-05-06T21:07:12.726+0000] {processor.py:799} INFO - Processing file /home/airflow/.local/lib/python3.7/site-packages/airflow/example_dags/example_short_circuit_operator.py for tasks to queue
[2023-05-06T21:07:12.728+0000] {logging_mixin.py:149} INFO - [2023-05-06T21:07:12.727+0000] {dagbag.py:541} INFO - Filling up the DagBag from /home/airflow/.local/lib/python3.7/site-packages/airflow/example_dags/example_short_circuit_operator.py
[2023-05-06T21:07:12.738+0000] {processor.py:809} INFO - DAG(s) dict_keys(['example_short_circuit_operator']) retrieved from /home/airflow/.local/lib/python3.7/site-packages/airflow/example_dags/example_short_circuit_operator.py
[2023-05-06T21:07:12.778+0000] {logging_mixin.py:149} INFO - [2023-05-06T21:07:12.778+0000] {dag.py:2726} INFO - Sync 1 DAGs
[2023-05-06T21:07:12.814+0000] {logging_mixin.py:149} INFO - [2023-05-06T21:07:12.814+0000] {dag.py:3490} INFO - Setting next_dagrun for example_short_circuit_operator to 2023-05-05T21:07:12.814056+00:00, run_after=2023-05-06T21:07:12.814056+00:00
[2023-05-06T21:07:12.849+0000] {processor.py:178} INFO - Processing /home/airflow/.local/lib/python3.7/site-packages/airflow/example_dags/example_short_circuit_operator.py took 0.129 seconds
