[2023-05-06T20:55:31.847+0000] {processor.py:156} INFO - Started process (PID=322) to work on /home/airflow/.local/lib/python3.7/site-packages/airflow/example_dags/example_short_circuit_decorator.py
[2023-05-06T20:55:31.849+0000] {processor.py:799} INFO - Processing file /home/airflow/.local/lib/python3.7/site-packages/airflow/example_dags/example_short_circuit_decorator.py for tasks to queue
[2023-05-06T20:55:31.850+0000] {logging_mixin.py:149} INFO - [2023-05-06T20:55:31.850+0000] {dagbag.py:541} INFO - Filling up the DagBag from /home/airflow/.local/lib/python3.7/site-packages/airflow/example_dags/example_short_circuit_decorator.py
[2023-05-06T20:55:31.866+0000] {processor.py:809} INFO - DAG(s) dict_keys(['example_short_circuit_decorator']) retrieved from /home/airflow/.local/lib/python3.7/site-packages/airflow/example_dags/example_short_circuit_decorator.py
[2023-05-06T20:55:31.892+0000] {logging_mixin.py:149} INFO - [2023-05-06T20:55:31.892+0000] {dag.py:2726} INFO - Sync 1 DAGs
[2023-05-06T20:55:31.935+0000] {logging_mixin.py:149} INFO - [2023-05-06T20:55:31.935+0000] {dag.py:3490} INFO - Setting next_dagrun for example_short_circuit_decorator to 2023-05-05T20:55:31.934864+00:00, run_after=2023-05-06T20:55:31.934864+00:00
[2023-05-06T20:55:31.985+0000] {processor.py:178} INFO - Processing /home/airflow/.local/lib/python3.7/site-packages/airflow/example_dags/example_short_circuit_decorator.py took 0.143 seconds
[2023-05-06T20:56:04.726+0000] {processor.py:156} INFO - Started process (PID=562) to work on /home/airflow/.local/lib/python3.7/site-packages/airflow/example_dags/example_short_circuit_decorator.py
[2023-05-06T20:56:04.727+0000] {processor.py:799} INFO - Processing file /home/airflow/.local/lib/python3.7/site-packages/airflow/example_dags/example_short_circuit_decorator.py for tasks to queue
[2023-05-06T20:56:04.729+0000] {logging_mixin.py:149} INFO - [2023-05-06T20:56:04.728+0000] {dagbag.py:541} INFO - Filling up the DagBag from /home/airflow/.local/lib/python3.7/site-packages/airflow/example_dags/example_short_circuit_decorator.py
[2023-05-06T20:56:04.741+0000] {processor.py:809} INFO - DAG(s) dict_keys(['example_short_circuit_decorator']) retrieved from /home/airflow/.local/lib/python3.7/site-packages/airflow/example_dags/example_short_circuit_decorator.py
[2023-05-06T20:56:04.778+0000] {logging_mixin.py:149} INFO - [2023-05-06T20:56:04.778+0000] {dag.py:2726} INFO - Sync 1 DAGs
[2023-05-06T20:56:04.950+0000] {logging_mixin.py:149} INFO - [2023-05-06T20:56:04.950+0000] {dag.py:3490} INFO - Setting next_dagrun for example_short_circuit_decorator to 2023-05-05T20:56:04.949904+00:00, run_after=2023-05-06T20:56:04.949904+00:00
[2023-05-06T20:56:04.976+0000] {processor.py:178} INFO - Processing /home/airflow/.local/lib/python3.7/site-packages/airflow/example_dags/example_short_circuit_decorator.py took 0.254 seconds
[2023-05-06T20:56:36.012+0000] {processor.py:156} INFO - Started process (PID=798) to work on /home/airflow/.local/lib/python3.7/site-packages/airflow/example_dags/example_short_circuit_decorator.py
[2023-05-06T20:56:36.014+0000] {processor.py:799} INFO - Processing file /home/airflow/.local/lib/python3.7/site-packages/airflow/example_dags/example_short_circuit_decorator.py for tasks to queue
[2023-05-06T20:56:36.017+0000] {logging_mixin.py:149} INFO - [2023-05-06T20:56:36.017+0000] {dagbag.py:541} INFO - Filling up the DagBag from /home/airflow/.local/lib/python3.7/site-packages/airflow/example_dags/example_short_circuit_decorator.py
[2023-05-06T20:56:36.303+0000] {processor.py:809} INFO - DAG(s) dict_keys(['example_short_circuit_decorator']) retrieved from /home/airflow/.local/lib/python3.7/site-packages/airflow/example_dags/example_short_circuit_decorator.py
[2023-05-06T20:56:36.334+0000] {logging_mixin.py:149} INFO - [2023-05-06T20:56:36.334+0000] {dag.py:2726} INFO - Sync 1 DAGs
[2023-05-06T20:56:36.371+0000] {logging_mixin.py:149} INFO - [2023-05-06T20:56:36.370+0000] {dag.py:3490} INFO - Setting next_dagrun for example_short_circuit_decorator to 2023-05-05T20:56:36.370617+00:00, run_after=2023-05-06T20:56:36.370617+00:00
[2023-05-06T20:56:36.406+0000] {processor.py:178} INFO - Processing /home/airflow/.local/lib/python3.7/site-packages/airflow/example_dags/example_short_circuit_decorator.py took 0.399 seconds
[2023-05-06T20:57:06.779+0000] {processor.py:156} INFO - Started process (PID=1038) to work on /home/airflow/.local/lib/python3.7/site-packages/airflow/example_dags/example_short_circuit_decorator.py
[2023-05-06T20:57:06.781+0000] {processor.py:799} INFO - Processing file /home/airflow/.local/lib/python3.7/site-packages/airflow/example_dags/example_short_circuit_decorator.py for tasks to queue
[2023-05-06T20:57:06.783+0000] {logging_mixin.py:149} INFO - [2023-05-06T20:57:06.783+0000] {dagbag.py:541} INFO - Filling up the DagBag from /home/airflow/.local/lib/python3.7/site-packages/airflow/example_dags/example_short_circuit_decorator.py
[2023-05-06T20:57:06.793+0000] {processor.py:809} INFO - DAG(s) dict_keys(['example_short_circuit_decorator']) retrieved from /home/airflow/.local/lib/python3.7/site-packages/airflow/example_dags/example_short_circuit_decorator.py
[2023-05-06T20:57:06.830+0000] {logging_mixin.py:149} INFO - [2023-05-06T20:57:06.829+0000] {dag.py:2726} INFO - Sync 1 DAGs
[2023-05-06T20:57:06.865+0000] {logging_mixin.py:149} INFO - [2023-05-06T20:57:06.864+0000] {dag.py:3490} INFO - Setting next_dagrun for example_short_circuit_decorator to 2023-05-05T20:57:06.864613+00:00, run_after=2023-05-06T20:57:06.864613+00:00
[2023-05-06T20:57:06.891+0000] {processor.py:178} INFO - Processing /home/airflow/.local/lib/python3.7/site-packages/airflow/example_dags/example_short_circuit_decorator.py took 0.115 seconds
[2023-05-06T20:57:37.396+0000] {processor.py:156} INFO - Started process (PID=1276) to work on /home/airflow/.local/lib/python3.7/site-packages/airflow/example_dags/example_short_circuit_decorator.py
[2023-05-06T20:57:37.398+0000] {processor.py:799} INFO - Processing file /home/airflow/.local/lib/python3.7/site-packages/airflow/example_dags/example_short_circuit_decorator.py for tasks to queue
[2023-05-06T20:57:37.400+0000] {logging_mixin.py:149} INFO - [2023-05-06T20:57:37.400+0000] {dagbag.py:541} INFO - Filling up the DagBag from /home/airflow/.local/lib/python3.7/site-packages/airflow/example_dags/example_short_circuit_decorator.py
[2023-05-06T20:57:37.415+0000] {processor.py:809} INFO - DAG(s) dict_keys(['example_short_circuit_decorator']) retrieved from /home/airflow/.local/lib/python3.7/site-packages/airflow/example_dags/example_short_circuit_decorator.py
[2023-05-06T20:57:37.435+0000] {logging_mixin.py:149} INFO - [2023-05-06T20:57:37.434+0000] {dag.py:2726} INFO - Sync 1 DAGs
[2023-05-06T20:57:37.491+0000] {logging_mixin.py:149} INFO - [2023-05-06T20:57:37.491+0000] {dag.py:3490} INFO - Setting next_dagrun for example_short_circuit_decorator to 2023-05-05T20:57:37.491007+00:00, run_after=2023-05-06T20:57:37.491007+00:00
[2023-05-06T20:57:37.533+0000] {processor.py:178} INFO - Processing /home/airflow/.local/lib/python3.7/site-packages/airflow/example_dags/example_short_circuit_decorator.py took 0.143 seconds
[2023-05-06T20:58:07.897+0000] {processor.py:156} INFO - Started process (PID=1512) to work on /home/airflow/.local/lib/python3.7/site-packages/airflow/example_dags/example_short_circuit_decorator.py
[2023-05-06T20:58:07.899+0000] {processor.py:799} INFO - Processing file /home/airflow/.local/lib/python3.7/site-packages/airflow/example_dags/example_short_circuit_decorator.py for tasks to queue
[2023-05-06T20:58:07.901+0000] {logging_mixin.py:149} INFO - [2023-05-06T20:58:07.900+0000] {dagbag.py:541} INFO - Filling up the DagBag from /home/airflow/.local/lib/python3.7/site-packages/airflow/example_dags/example_short_circuit_decorator.py
[2023-05-06T20:58:07.921+0000] {processor.py:809} INFO - DAG(s) dict_keys(['example_short_circuit_decorator']) retrieved from /home/airflow/.local/lib/python3.7/site-packages/airflow/example_dags/example_short_circuit_decorator.py
[2023-05-06T20:58:07.984+0000] {logging_mixin.py:149} INFO - [2023-05-06T20:58:07.983+0000] {dag.py:2726} INFO - Sync 1 DAGs
[2023-05-06T20:58:08.031+0000] {logging_mixin.py:149} INFO - [2023-05-06T20:58:08.031+0000] {dag.py:3490} INFO - Setting next_dagrun for example_short_circuit_decorator to 2023-05-05T20:58:08.030999+00:00, run_after=2023-05-06T20:58:08.030999+00:00
[2023-05-06T20:58:08.062+0000] {processor.py:178} INFO - Processing /home/airflow/.local/lib/python3.7/site-packages/airflow/example_dags/example_short_circuit_decorator.py took 0.168 seconds
[2023-05-06T20:58:38.888+0000] {processor.py:156} INFO - Started process (PID=1751) to work on /home/airflow/.local/lib/python3.7/site-packages/airflow/example_dags/example_short_circuit_decorator.py
[2023-05-06T20:58:38.890+0000] {processor.py:799} INFO - Processing file /home/airflow/.local/lib/python3.7/site-packages/airflow/example_dags/example_short_circuit_decorator.py for tasks to queue
[2023-05-06T20:58:38.893+0000] {logging_mixin.py:149} INFO - [2023-05-06T20:58:38.893+0000] {dagbag.py:541} INFO - Filling up the DagBag from /home/airflow/.local/lib/python3.7/site-packages/airflow/example_dags/example_short_circuit_decorator.py
[2023-05-06T20:58:38.912+0000] {processor.py:809} INFO - DAG(s) dict_keys(['example_short_circuit_decorator']) retrieved from /home/airflow/.local/lib/python3.7/site-packages/airflow/example_dags/example_short_circuit_decorator.py
[2023-05-06T20:58:38.952+0000] {logging_mixin.py:149} INFO - [2023-05-06T20:58:38.952+0000] {dag.py:2726} INFO - Sync 1 DAGs
[2023-05-06T20:58:39.003+0000] {logging_mixin.py:149} INFO - [2023-05-06T20:58:39.003+0000] {dag.py:3490} INFO - Setting next_dagrun for example_short_circuit_decorator to 2023-05-05T20:58:39.003196+00:00, run_after=2023-05-06T20:58:39.003196+00:00
[2023-05-06T20:58:39.072+0000] {processor.py:178} INFO - Processing /home/airflow/.local/lib/python3.7/site-packages/airflow/example_dags/example_short_circuit_decorator.py took 0.189 seconds
[2023-05-06T20:59:10.072+0000] {processor.py:156} INFO - Started process (PID=1991) to work on /home/airflow/.local/lib/python3.7/site-packages/airflow/example_dags/example_short_circuit_decorator.py
[2023-05-06T20:59:10.074+0000] {processor.py:799} INFO - Processing file /home/airflow/.local/lib/python3.7/site-packages/airflow/example_dags/example_short_circuit_decorator.py for tasks to queue
[2023-05-06T20:59:10.075+0000] {logging_mixin.py:149} INFO - [2023-05-06T20:59:10.075+0000] {dagbag.py:541} INFO - Filling up the DagBag from /home/airflow/.local/lib/python3.7/site-packages/airflow/example_dags/example_short_circuit_decorator.py
[2023-05-06T20:59:10.087+0000] {processor.py:809} INFO - DAG(s) dict_keys(['example_short_circuit_decorator']) retrieved from /home/airflow/.local/lib/python3.7/site-packages/airflow/example_dags/example_short_circuit_decorator.py
[2023-05-06T20:59:10.121+0000] {logging_mixin.py:149} INFO - [2023-05-06T20:59:10.121+0000] {dag.py:2726} INFO - Sync 1 DAGs
[2023-05-06T20:59:10.158+0000] {logging_mixin.py:149} INFO - [2023-05-06T20:59:10.158+0000] {dag.py:3490} INFO - Setting next_dagrun for example_short_circuit_decorator to 2023-05-05T20:59:10.157725+00:00, run_after=2023-05-06T20:59:10.157725+00:00
[2023-05-06T20:59:10.185+0000] {processor.py:178} INFO - Processing /home/airflow/.local/lib/python3.7/site-packages/airflow/example_dags/example_short_circuit_decorator.py took 0.117 seconds
[2023-05-06T20:59:40.884+0000] {processor.py:156} INFO - Started process (PID=2227) to work on /home/airflow/.local/lib/python3.7/site-packages/airflow/example_dags/example_short_circuit_decorator.py
[2023-05-06T20:59:40.886+0000] {processor.py:799} INFO - Processing file /home/airflow/.local/lib/python3.7/site-packages/airflow/example_dags/example_short_circuit_decorator.py for tasks to queue
[2023-05-06T20:59:40.888+0000] {logging_mixin.py:149} INFO - [2023-05-06T20:59:40.887+0000] {dagbag.py:541} INFO - Filling up the DagBag from /home/airflow/.local/lib/python3.7/site-packages/airflow/example_dags/example_short_circuit_decorator.py
[2023-05-06T20:59:40.905+0000] {processor.py:809} INFO - DAG(s) dict_keys(['example_short_circuit_decorator']) retrieved from /home/airflow/.local/lib/python3.7/site-packages/airflow/example_dags/example_short_circuit_decorator.py
[2023-05-06T20:59:40.951+0000] {logging_mixin.py:149} INFO - [2023-05-06T20:59:40.951+0000] {dag.py:2726} INFO - Sync 1 DAGs
[2023-05-06T20:59:40.993+0000] {logging_mixin.py:149} INFO - [2023-05-06T20:59:40.993+0000] {dag.py:3490} INFO - Setting next_dagrun for example_short_circuit_decorator to 2023-05-05T20:59:40.993134+00:00, run_after=2023-05-06T20:59:40.993134+00:00
[2023-05-06T20:59:41.025+0000] {processor.py:178} INFO - Processing /home/airflow/.local/lib/python3.7/site-packages/airflow/example_dags/example_short_circuit_decorator.py took 0.145 seconds
[2023-05-06T21:00:11.189+0000] {processor.py:156} INFO - Started process (PID=2467) to work on /home/airflow/.local/lib/python3.7/site-packages/airflow/example_dags/example_short_circuit_decorator.py
[2023-05-06T21:00:11.191+0000] {processor.py:799} INFO - Processing file /home/airflow/.local/lib/python3.7/site-packages/airflow/example_dags/example_short_circuit_decorator.py for tasks to queue
[2023-05-06T21:00:11.193+0000] {logging_mixin.py:149} INFO - [2023-05-06T21:00:11.192+0000] {dagbag.py:541} INFO - Filling up the DagBag from /home/airflow/.local/lib/python3.7/site-packages/airflow/example_dags/example_short_circuit_decorator.py
[2023-05-06T21:00:11.204+0000] {processor.py:809} INFO - DAG(s) dict_keys(['example_short_circuit_decorator']) retrieved from /home/airflow/.local/lib/python3.7/site-packages/airflow/example_dags/example_short_circuit_decorator.py
[2023-05-06T21:00:11.221+0000] {logging_mixin.py:149} INFO - [2023-05-06T21:00:11.221+0000] {dag.py:2726} INFO - Sync 1 DAGs
[2023-05-06T21:00:11.257+0000] {logging_mixin.py:149} INFO - [2023-05-06T21:00:11.256+0000] {dag.py:3490} INFO - Setting next_dagrun for example_short_circuit_decorator to 2023-05-05T21:00:11.256291+00:00, run_after=2023-05-06T21:00:11.256291+00:00
[2023-05-06T21:00:11.287+0000] {processor.py:178} INFO - Processing /home/airflow/.local/lib/python3.7/site-packages/airflow/example_dags/example_short_circuit_decorator.py took 0.101 seconds
[2023-05-06T21:00:41.758+0000] {processor.py:156} INFO - Started process (PID=2703) to work on /home/airflow/.local/lib/python3.7/site-packages/airflow/example_dags/example_short_circuit_decorator.py
[2023-05-06T21:00:41.760+0000] {processor.py:799} INFO - Processing file /home/airflow/.local/lib/python3.7/site-packages/airflow/example_dags/example_short_circuit_decorator.py for tasks to queue
[2023-05-06T21:00:41.762+0000] {logging_mixin.py:149} INFO - [2023-05-06T21:00:41.762+0000] {dagbag.py:541} INFO - Filling up the DagBag from /home/airflow/.local/lib/python3.7/site-packages/airflow/example_dags/example_short_circuit_decorator.py
[2023-05-06T21:00:41.778+0000] {processor.py:809} INFO - DAG(s) dict_keys(['example_short_circuit_decorator']) retrieved from /home/airflow/.local/lib/python3.7/site-packages/airflow/example_dags/example_short_circuit_decorator.py
[2023-05-06T21:00:41.824+0000] {logging_mixin.py:149} INFO - [2023-05-06T21:00:41.824+0000] {dag.py:2726} INFO - Sync 1 DAGs
[2023-05-06T21:00:41.879+0000] {logging_mixin.py:149} INFO - [2023-05-06T21:00:41.879+0000] {dag.py:3490} INFO - Setting next_dagrun for example_short_circuit_decorator to 2023-05-05T21:00:41.879068+00:00, run_after=2023-05-06T21:00:41.879068+00:00
[2023-05-06T21:00:41.929+0000] {processor.py:178} INFO - Processing /home/airflow/.local/lib/python3.7/site-packages/airflow/example_dags/example_short_circuit_decorator.py took 0.176 seconds
[2023-05-06T21:01:12.282+0000] {processor.py:156} INFO - Started process (PID=2943) to work on /home/airflow/.local/lib/python3.7/site-packages/airflow/example_dags/example_short_circuit_decorator.py
[2023-05-06T21:01:12.284+0000] {processor.py:799} INFO - Processing file /home/airflow/.local/lib/python3.7/site-packages/airflow/example_dags/example_short_circuit_decorator.py for tasks to queue
[2023-05-06T21:01:12.286+0000] {logging_mixin.py:149} INFO - [2023-05-06T21:01:12.285+0000] {dagbag.py:541} INFO - Filling up the DagBag from /home/airflow/.local/lib/python3.7/site-packages/airflow/example_dags/example_short_circuit_decorator.py
[2023-05-06T21:01:12.300+0000] {processor.py:809} INFO - DAG(s) dict_keys(['example_short_circuit_decorator']) retrieved from /home/airflow/.local/lib/python3.7/site-packages/airflow/example_dags/example_short_circuit_decorator.py
[2023-05-06T21:01:12.337+0000] {logging_mixin.py:149} INFO - [2023-05-06T21:01:12.337+0000] {dag.py:2726} INFO - Sync 1 DAGs
[2023-05-06T21:01:12.379+0000] {logging_mixin.py:149} INFO - [2023-05-06T21:01:12.379+0000] {dag.py:3490} INFO - Setting next_dagrun for example_short_circuit_decorator to 2023-05-05T21:01:12.379125+00:00, run_after=2023-05-06T21:01:12.379125+00:00
[2023-05-06T21:01:12.410+0000] {processor.py:178} INFO - Processing /home/airflow/.local/lib/python3.7/site-packages/airflow/example_dags/example_short_circuit_decorator.py took 0.133 seconds
[2023-05-06T21:01:42.564+0000] {processor.py:156} INFO - Started process (PID=3179) to work on /home/airflow/.local/lib/python3.7/site-packages/airflow/example_dags/example_short_circuit_decorator.py
[2023-05-06T21:01:42.565+0000] {processor.py:799} INFO - Processing file /home/airflow/.local/lib/python3.7/site-packages/airflow/example_dags/example_short_circuit_decorator.py for tasks to queue
[2023-05-06T21:01:42.568+0000] {logging_mixin.py:149} INFO - [2023-05-06T21:01:42.568+0000] {dagbag.py:541} INFO - Filling up the DagBag from /home/airflow/.local/lib/python3.7/site-packages/airflow/example_dags/example_short_circuit_decorator.py
[2023-05-06T21:01:42.582+0000] {processor.py:809} INFO - DAG(s) dict_keys(['example_short_circuit_decorator']) retrieved from /home/airflow/.local/lib/python3.7/site-packages/airflow/example_dags/example_short_circuit_decorator.py
[2023-05-06T21:01:42.619+0000] {logging_mixin.py:149} INFO - [2023-05-06T21:01:42.618+0000] {dag.py:2726} INFO - Sync 1 DAGs
[2023-05-06T21:01:42.664+0000] {logging_mixin.py:149} INFO - [2023-05-06T21:01:42.664+0000] {dag.py:3490} INFO - Setting next_dagrun for example_short_circuit_decorator to 2023-05-05T21:01:42.664430+00:00, run_after=2023-05-06T21:01:42.664430+00:00
[2023-05-06T21:01:42.696+0000] {processor.py:178} INFO - Processing /home/airflow/.local/lib/python3.7/site-packages/airflow/example_dags/example_short_circuit_decorator.py took 0.136 seconds
[2023-05-06T21:02:13.072+0000] {processor.py:156} INFO - Started process (PID=3419) to work on /home/airflow/.local/lib/python3.7/site-packages/airflow/example_dags/example_short_circuit_decorator.py
[2023-05-06T21:02:13.074+0000] {processor.py:799} INFO - Processing file /home/airflow/.local/lib/python3.7/site-packages/airflow/example_dags/example_short_circuit_decorator.py for tasks to queue
[2023-05-06T21:02:13.075+0000] {logging_mixin.py:149} INFO - [2023-05-06T21:02:13.075+0000] {dagbag.py:541} INFO - Filling up the DagBag from /home/airflow/.local/lib/python3.7/site-packages/airflow/example_dags/example_short_circuit_decorator.py
[2023-05-06T21:02:13.087+0000] {processor.py:809} INFO - DAG(s) dict_keys(['example_short_circuit_decorator']) retrieved from /home/airflow/.local/lib/python3.7/site-packages/airflow/example_dags/example_short_circuit_decorator.py
[2023-05-06T21:02:13.128+0000] {logging_mixin.py:149} INFO - [2023-05-06T21:02:13.127+0000] {dag.py:2726} INFO - Sync 1 DAGs
[2023-05-06T21:02:13.162+0000] {logging_mixin.py:149} INFO - [2023-05-06T21:02:13.162+0000] {dag.py:3490} INFO - Setting next_dagrun for example_short_circuit_decorator to 2023-05-05T21:02:13.162296+00:00, run_after=2023-05-06T21:02:13.162296+00:00
[2023-05-06T21:02:13.186+0000] {processor.py:178} INFO - Processing /home/airflow/.local/lib/python3.7/site-packages/airflow/example_dags/example_short_circuit_decorator.py took 0.119 seconds
[2023-05-06T21:02:43.563+0000] {processor.py:156} INFO - Started process (PID=3657) to work on /home/airflow/.local/lib/python3.7/site-packages/airflow/example_dags/example_short_circuit_decorator.py
[2023-05-06T21:02:43.565+0000] {processor.py:799} INFO - Processing file /home/airflow/.local/lib/python3.7/site-packages/airflow/example_dags/example_short_circuit_decorator.py for tasks to queue
[2023-05-06T21:02:43.568+0000] {logging_mixin.py:149} INFO - [2023-05-06T21:02:43.568+0000] {dagbag.py:541} INFO - Filling up the DagBag from /home/airflow/.local/lib/python3.7/site-packages/airflow/example_dags/example_short_circuit_decorator.py
[2023-05-06T21:02:43.581+0000] {processor.py:809} INFO - DAG(s) dict_keys(['example_short_circuit_decorator']) retrieved from /home/airflow/.local/lib/python3.7/site-packages/airflow/example_dags/example_short_circuit_decorator.py
[2023-05-06T21:02:43.616+0000] {logging_mixin.py:149} INFO - [2023-05-06T21:02:43.615+0000] {dag.py:2726} INFO - Sync 1 DAGs
[2023-05-06T21:02:43.656+0000] {logging_mixin.py:149} INFO - [2023-05-06T21:02:43.656+0000] {dag.py:3490} INFO - Setting next_dagrun for example_short_circuit_decorator to 2023-05-05T21:02:43.656097+00:00, run_after=2023-05-06T21:02:43.656097+00:00
[2023-05-06T21:02:43.696+0000] {processor.py:178} INFO - Processing /home/airflow/.local/lib/python3.7/site-packages/airflow/example_dags/example_short_circuit_decorator.py took 0.136 seconds
[2023-05-06T21:03:14.422+0000] {processor.py:156} INFO - Started process (PID=3895) to work on /home/airflow/.local/lib/python3.7/site-packages/airflow/example_dags/example_short_circuit_decorator.py
[2023-05-06T21:03:14.423+0000] {processor.py:799} INFO - Processing file /home/airflow/.local/lib/python3.7/site-packages/airflow/example_dags/example_short_circuit_decorator.py for tasks to queue
[2023-05-06T21:03:14.425+0000] {logging_mixin.py:149} INFO - [2023-05-06T21:03:14.425+0000] {dagbag.py:541} INFO - Filling up the DagBag from /home/airflow/.local/lib/python3.7/site-packages/airflow/example_dags/example_short_circuit_decorator.py
[2023-05-06T21:03:14.440+0000] {processor.py:809} INFO - DAG(s) dict_keys(['example_short_circuit_decorator']) retrieved from /home/airflow/.local/lib/python3.7/site-packages/airflow/example_dags/example_short_circuit_decorator.py
[2023-05-06T21:03:14.483+0000] {logging_mixin.py:149} INFO - [2023-05-06T21:03:14.482+0000] {dag.py:2726} INFO - Sync 1 DAGs
[2023-05-06T21:03:14.522+0000] {logging_mixin.py:149} INFO - [2023-05-06T21:03:14.522+0000] {dag.py:3490} INFO - Setting next_dagrun for example_short_circuit_decorator to 2023-05-05T21:03:14.521989+00:00, run_after=2023-05-06T21:03:14.521989+00:00
[2023-05-06T21:03:14.552+0000] {processor.py:178} INFO - Processing /home/airflow/.local/lib/python3.7/site-packages/airflow/example_dags/example_short_circuit_decorator.py took 0.133 seconds
[2023-05-06T21:03:45.144+0000] {processor.py:156} INFO - Started process (PID=4133) to work on /home/airflow/.local/lib/python3.7/site-packages/airflow/example_dags/example_short_circuit_decorator.py
[2023-05-06T21:03:45.146+0000] {processor.py:799} INFO - Processing file /home/airflow/.local/lib/python3.7/site-packages/airflow/example_dags/example_short_circuit_decorator.py for tasks to queue
[2023-05-06T21:03:45.147+0000] {logging_mixin.py:149} INFO - [2023-05-06T21:03:45.147+0000] {dagbag.py:541} INFO - Filling up the DagBag from /home/airflow/.local/lib/python3.7/site-packages/airflow/example_dags/example_short_circuit_decorator.py
[2023-05-06T21:03:45.161+0000] {processor.py:809} INFO - DAG(s) dict_keys(['example_short_circuit_decorator']) retrieved from /home/airflow/.local/lib/python3.7/site-packages/airflow/example_dags/example_short_circuit_decorator.py
[2023-05-06T21:03:45.201+0000] {logging_mixin.py:149} INFO - [2023-05-06T21:03:45.201+0000] {dag.py:2726} INFO - Sync 1 DAGs
[2023-05-06T21:03:45.242+0000] {logging_mixin.py:149} INFO - [2023-05-06T21:03:45.241+0000] {dag.py:3490} INFO - Setting next_dagrun for example_short_circuit_decorator to 2023-05-05T21:03:45.241575+00:00, run_after=2023-05-06T21:03:45.241575+00:00
[2023-05-06T21:03:45.273+0000] {processor.py:178} INFO - Processing /home/airflow/.local/lib/python3.7/site-packages/airflow/example_dags/example_short_circuit_decorator.py took 0.132 seconds
[2023-05-06T21:04:16.024+0000] {processor.py:156} INFO - Started process (PID=4371) to work on /home/airflow/.local/lib/python3.7/site-packages/airflow/example_dags/example_short_circuit_decorator.py
[2023-05-06T21:04:16.026+0000] {processor.py:799} INFO - Processing file /home/airflow/.local/lib/python3.7/site-packages/airflow/example_dags/example_short_circuit_decorator.py for tasks to queue
[2023-05-06T21:04:16.028+0000] {logging_mixin.py:149} INFO - [2023-05-06T21:04:16.028+0000] {dagbag.py:541} INFO - Filling up the DagBag from /home/airflow/.local/lib/python3.7/site-packages/airflow/example_dags/example_short_circuit_decorator.py
[2023-05-06T21:04:16.042+0000] {processor.py:809} INFO - DAG(s) dict_keys(['example_short_circuit_decorator']) retrieved from /home/airflow/.local/lib/python3.7/site-packages/airflow/example_dags/example_short_circuit_decorator.py
[2023-05-06T21:04:16.081+0000] {logging_mixin.py:149} INFO - [2023-05-06T21:04:16.080+0000] {dag.py:2726} INFO - Sync 1 DAGs
[2023-05-06T21:04:16.120+0000] {logging_mixin.py:149} INFO - [2023-05-06T21:04:16.120+0000] {dag.py:3490} INFO - Setting next_dagrun for example_short_circuit_decorator to 2023-05-05T21:04:16.119954+00:00, run_after=2023-05-06T21:04:16.119954+00:00
[2023-05-06T21:04:16.150+0000] {processor.py:178} INFO - Processing /home/airflow/.local/lib/python3.7/site-packages/airflow/example_dags/example_short_circuit_decorator.py took 0.131 seconds
[2023-05-06T21:04:46.816+0000] {processor.py:156} INFO - Started process (PID=4609) to work on /home/airflow/.local/lib/python3.7/site-packages/airflow/example_dags/example_short_circuit_decorator.py
[2023-05-06T21:04:46.818+0000] {processor.py:799} INFO - Processing file /home/airflow/.local/lib/python3.7/site-packages/airflow/example_dags/example_short_circuit_decorator.py for tasks to queue
[2023-05-06T21:04:46.820+0000] {logging_mixin.py:149} INFO - [2023-05-06T21:04:46.820+0000] {dagbag.py:541} INFO - Filling up the DagBag from /home/airflow/.local/lib/python3.7/site-packages/airflow/example_dags/example_short_circuit_decorator.py
[2023-05-06T21:04:46.835+0000] {processor.py:809} INFO - DAG(s) dict_keys(['example_short_circuit_decorator']) retrieved from /home/airflow/.local/lib/python3.7/site-packages/airflow/example_dags/example_short_circuit_decorator.py
[2023-05-06T21:04:46.872+0000] {logging_mixin.py:149} INFO - [2023-05-06T21:04:46.872+0000] {dag.py:2726} INFO - Sync 1 DAGs
[2023-05-06T21:04:46.914+0000] {logging_mixin.py:149} INFO - [2023-05-06T21:04:46.914+0000] {dag.py:3490} INFO - Setting next_dagrun for example_short_circuit_decorator to 2023-05-05T21:04:46.913691+00:00, run_after=2023-05-06T21:04:46.913691+00:00
[2023-05-06T21:04:46.944+0000] {processor.py:178} INFO - Processing /home/airflow/.local/lib/python3.7/site-packages/airflow/example_dags/example_short_circuit_decorator.py took 0.133 seconds
[2023-05-06T21:05:17.176+0000] {processor.py:156} INFO - Started process (PID=4847) to work on /home/airflow/.local/lib/python3.7/site-packages/airflow/example_dags/example_short_circuit_decorator.py
[2023-05-06T21:05:17.177+0000] {processor.py:799} INFO - Processing file /home/airflow/.local/lib/python3.7/site-packages/airflow/example_dags/example_short_circuit_decorator.py for tasks to queue
[2023-05-06T21:05:17.179+0000] {logging_mixin.py:149} INFO - [2023-05-06T21:05:17.179+0000] {dagbag.py:541} INFO - Filling up the DagBag from /home/airflow/.local/lib/python3.7/site-packages/airflow/example_dags/example_short_circuit_decorator.py
[2023-05-06T21:05:17.195+0000] {processor.py:809} INFO - DAG(s) dict_keys(['example_short_circuit_decorator']) retrieved from /home/airflow/.local/lib/python3.7/site-packages/airflow/example_dags/example_short_circuit_decorator.py
[2023-05-06T21:05:17.237+0000] {logging_mixin.py:149} INFO - [2023-05-06T21:05:17.237+0000] {dag.py:2726} INFO - Sync 1 DAGs
[2023-05-06T21:05:17.271+0000] {logging_mixin.py:149} INFO - [2023-05-06T21:05:17.271+0000] {dag.py:3490} INFO - Setting next_dagrun for example_short_circuit_decorator to 2023-05-05T21:05:17.271523+00:00, run_after=2023-05-06T21:05:17.271523+00:00
[2023-05-06T21:05:17.297+0000] {processor.py:178} INFO - Processing /home/airflow/.local/lib/python3.7/site-packages/airflow/example_dags/example_short_circuit_decorator.py took 0.125 seconds
[2023-05-06T21:05:47.865+0000] {processor.py:156} INFO - Started process (PID=5085) to work on /home/airflow/.local/lib/python3.7/site-packages/airflow/example_dags/example_short_circuit_decorator.py
[2023-05-06T21:05:47.867+0000] {processor.py:799} INFO - Processing file /home/airflow/.local/lib/python3.7/site-packages/airflow/example_dags/example_short_circuit_decorator.py for tasks to queue
[2023-05-06T21:05:47.869+0000] {logging_mixin.py:149} INFO - [2023-05-06T21:05:47.868+0000] {dagbag.py:541} INFO - Filling up the DagBag from /home/airflow/.local/lib/python3.7/site-packages/airflow/example_dags/example_short_circuit_decorator.py
[2023-05-06T21:05:47.880+0000] {processor.py:809} INFO - DAG(s) dict_keys(['example_short_circuit_decorator']) retrieved from /home/airflow/.local/lib/python3.7/site-packages/airflow/example_dags/example_short_circuit_decorator.py
[2023-05-06T21:05:47.916+0000] {logging_mixin.py:149} INFO - [2023-05-06T21:05:47.916+0000] {dag.py:2726} INFO - Sync 1 DAGs
[2023-05-06T21:05:47.954+0000] {logging_mixin.py:149} INFO - [2023-05-06T21:05:47.954+0000] {dag.py:3490} INFO - Setting next_dagrun for example_short_circuit_decorator to 2023-05-05T21:05:47.954084+00:00, run_after=2023-05-06T21:05:47.954084+00:00
[2023-05-06T21:05:47.982+0000] {processor.py:178} INFO - Processing /home/airflow/.local/lib/python3.7/site-packages/airflow/example_dags/example_short_circuit_decorator.py took 0.121 seconds
[2023-05-06T21:06:18.267+0000] {processor.py:156} INFO - Started process (PID=5321) to work on /home/airflow/.local/lib/python3.7/site-packages/airflow/example_dags/example_short_circuit_decorator.py
[2023-05-06T21:06:18.269+0000] {processor.py:799} INFO - Processing file /home/airflow/.local/lib/python3.7/site-packages/airflow/example_dags/example_short_circuit_decorator.py for tasks to queue
[2023-05-06T21:06:18.271+0000] {logging_mixin.py:149} INFO - [2023-05-06T21:06:18.271+0000] {dagbag.py:541} INFO - Filling up the DagBag from /home/airflow/.local/lib/python3.7/site-packages/airflow/example_dags/example_short_circuit_decorator.py
[2023-05-06T21:06:18.292+0000] {processor.py:809} INFO - DAG(s) dict_keys(['example_short_circuit_decorator']) retrieved from /home/airflow/.local/lib/python3.7/site-packages/airflow/example_dags/example_short_circuit_decorator.py
[2023-05-06T21:06:18.312+0000] {logging_mixin.py:149} INFO - [2023-05-06T21:06:18.312+0000] {dag.py:2726} INFO - Sync 1 DAGs
[2023-05-06T21:06:18.356+0000] {logging_mixin.py:149} INFO - [2023-05-06T21:06:18.356+0000] {dag.py:3490} INFO - Setting next_dagrun for example_short_circuit_decorator to 2023-05-05T21:06:18.355960+00:00, run_after=2023-05-06T21:06:18.355960+00:00
[2023-05-06T21:06:18.396+0000] {processor.py:178} INFO - Processing /home/airflow/.local/lib/python3.7/site-packages/airflow/example_dags/example_short_circuit_decorator.py took 0.134 seconds
[2023-05-06T21:06:49.065+0000] {processor.py:156} INFO - Started process (PID=5560) to work on /home/airflow/.local/lib/python3.7/site-packages/airflow/example_dags/example_short_circuit_decorator.py
[2023-05-06T21:06:49.069+0000] {processor.py:799} INFO - Processing file /home/airflow/.local/lib/python3.7/site-packages/airflow/example_dags/example_short_circuit_decorator.py for tasks to queue
[2023-05-06T21:06:49.070+0000] {logging_mixin.py:149} INFO - [2023-05-06T21:06:49.070+0000] {dagbag.py:541} INFO - Filling up the DagBag from /home/airflow/.local/lib/python3.7/site-packages/airflow/example_dags/example_short_circuit_decorator.py
[2023-05-06T21:06:49.087+0000] {processor.py:809} INFO - DAG(s) dict_keys(['example_short_circuit_decorator']) retrieved from /home/airflow/.local/lib/python3.7/site-packages/airflow/example_dags/example_short_circuit_decorator.py
[2023-05-06T21:06:49.137+0000] {logging_mixin.py:149} INFO - [2023-05-06T21:06:49.137+0000] {dag.py:2726} INFO - Sync 1 DAGs
[2023-05-06T21:06:49.192+0000] {logging_mixin.py:149} INFO - [2023-05-06T21:06:49.192+0000] {dag.py:3490} INFO - Setting next_dagrun for example_short_circuit_decorator to 2023-05-05T21:06:49.191867+00:00, run_after=2023-05-06T21:06:49.191867+00:00
[2023-05-06T21:06:49.236+0000] {processor.py:178} INFO - Processing /home/airflow/.local/lib/python3.7/site-packages/airflow/example_dags/example_short_circuit_decorator.py took 0.176 seconds
[2023-05-06T21:07:19.444+0000] {processor.py:156} INFO - Started process (PID=5800) to work on /home/airflow/.local/lib/python3.7/site-packages/airflow/example_dags/example_short_circuit_decorator.py
[2023-05-06T21:07:19.447+0000] {processor.py:799} INFO - Processing file /home/airflow/.local/lib/python3.7/site-packages/airflow/example_dags/example_short_circuit_decorator.py for tasks to queue
[2023-05-06T21:07:19.448+0000] {logging_mixin.py:149} INFO - [2023-05-06T21:07:19.448+0000] {dagbag.py:541} INFO - Filling up the DagBag from /home/airflow/.local/lib/python3.7/site-packages/airflow/example_dags/example_short_circuit_decorator.py
[2023-05-06T21:07:19.462+0000] {processor.py:809} INFO - DAG(s) dict_keys(['example_short_circuit_decorator']) retrieved from /home/airflow/.local/lib/python3.7/site-packages/airflow/example_dags/example_short_circuit_decorator.py
[2023-05-06T21:07:19.496+0000] {logging_mixin.py:149} INFO - [2023-05-06T21:07:19.495+0000] {dag.py:2726} INFO - Sync 1 DAGs
[2023-05-06T21:07:19.531+0000] {logging_mixin.py:149} INFO - [2023-05-06T21:07:19.531+0000] {dag.py:3490} INFO - Setting next_dagrun for example_short_circuit_decorator to 2023-05-05T21:07:19.531475+00:00, run_after=2023-05-06T21:07:19.531475+00:00
[2023-05-06T21:07:19.561+0000] {processor.py:178} INFO - Processing /home/airflow/.local/lib/python3.7/site-packages/airflow/example_dags/example_short_circuit_decorator.py took 0.120 seconds
