[2023-05-06T20:55:30.278+0000] {processor.py:156} INFO - Started process (PID=242) to work on /home/airflow/.local/lib/python3.7/site-packages/airflow/example_dags/tutorial.py
[2023-05-06T20:55:30.280+0000] {processor.py:799} INFO - Processing file /home/airflow/.local/lib/python3.7/site-packages/airflow/example_dags/tutorial.py for tasks to queue
[2023-05-06T20:55:30.281+0000] {logging_mixin.py:149} INFO - [2023-05-06T20:55:30.281+0000] {dagbag.py:541} INFO - Filling up the DagBag from /home/airflow/.local/lib/python3.7/site-packages/airflow/example_dags/tutorial.py
[2023-05-06T20:55:30.292+0000] {processor.py:809} INFO - DAG(s) dict_keys(['tutorial']) retrieved from /home/airflow/.local/lib/python3.7/site-packages/airflow/example_dags/tutorial.py
[2023-05-06T20:55:30.312+0000] {logging_mixin.py:149} INFO - [2023-05-06T20:55:30.312+0000] {dag.py:2726} INFO - Sync 1 DAGs
[2023-05-06T20:55:30.352+0000] {logging_mixin.py:149} INFO - [2023-05-06T20:55:30.352+0000] {dag.py:3490} INFO - Setting next_dagrun for tutorial to 2023-05-05T20:55:30.352196+00:00, run_after=2023-05-06T20:55:30.352196+00:00
[2023-05-06T20:55:30.392+0000] {processor.py:178} INFO - Processing /home/airflow/.local/lib/python3.7/site-packages/airflow/example_dags/tutorial.py took 0.119 seconds
[2023-05-06T20:56:01.503+0000] {processor.py:156} INFO - Started process (PID=480) to work on /home/airflow/.local/lib/python3.7/site-packages/airflow/example_dags/tutorial.py
[2023-05-06T20:56:01.505+0000] {processor.py:799} INFO - Processing file /home/airflow/.local/lib/python3.7/site-packages/airflow/example_dags/tutorial.py for tasks to queue
[2023-05-06T20:56:01.507+0000] {logging_mixin.py:149} INFO - [2023-05-06T20:56:01.507+0000] {dagbag.py:541} INFO - Filling up the DagBag from /home/airflow/.local/lib/python3.7/site-packages/airflow/example_dags/tutorial.py
[2023-05-06T20:56:01.515+0000] {processor.py:809} INFO - DAG(s) dict_keys(['tutorial']) retrieved from /home/airflow/.local/lib/python3.7/site-packages/airflow/example_dags/tutorial.py
[2023-05-06T20:56:01.549+0000] {logging_mixin.py:149} INFO - [2023-05-06T20:56:01.548+0000] {dag.py:2726} INFO - Sync 1 DAGs
[2023-05-06T20:56:01.739+0000] {logging_mixin.py:149} INFO - [2023-05-06T20:56:01.739+0000] {dag.py:3490} INFO - Setting next_dagrun for tutorial to 2023-05-05T20:56:01.738836+00:00, run_after=2023-05-06T20:56:01.738836+00:00
[2023-05-06T20:56:01.783+0000] {processor.py:178} INFO - Processing /home/airflow/.local/lib/python3.7/site-packages/airflow/example_dags/tutorial.py took 0.284 seconds
[2023-05-06T20:56:32.478+0000] {processor.py:156} INFO - Started process (PID=718) to work on /home/airflow/.local/lib/python3.7/site-packages/airflow/example_dags/tutorial.py
[2023-05-06T20:56:32.480+0000] {processor.py:799} INFO - Processing file /home/airflow/.local/lib/python3.7/site-packages/airflow/example_dags/tutorial.py for tasks to queue
[2023-05-06T20:56:32.483+0000] {logging_mixin.py:149} INFO - [2023-05-06T20:56:32.483+0000] {dagbag.py:541} INFO - Filling up the DagBag from /home/airflow/.local/lib/python3.7/site-packages/airflow/example_dags/tutorial.py
[2023-05-06T20:56:32.492+0000] {processor.py:809} INFO - DAG(s) dict_keys(['tutorial']) retrieved from /home/airflow/.local/lib/python3.7/site-packages/airflow/example_dags/tutorial.py
[2023-05-06T20:56:32.692+0000] {logging_mixin.py:149} INFO - [2023-05-06T20:56:32.692+0000] {dag.py:2726} INFO - Sync 1 DAGs
[2023-05-06T20:56:32.732+0000] {logging_mixin.py:149} INFO - [2023-05-06T20:56:32.732+0000] {dag.py:3490} INFO - Setting next_dagrun for tutorial to 2023-05-05T20:56:32.732138+00:00, run_after=2023-05-06T20:56:32.732138+00:00
[2023-05-06T20:56:32.765+0000] {processor.py:178} INFO - Processing /home/airflow/.local/lib/python3.7/site-packages/airflow/example_dags/tutorial.py took 0.290 seconds
[2023-05-06T20:57:02.984+0000] {processor.py:156} INFO - Started process (PID=956) to work on /home/airflow/.local/lib/python3.7/site-packages/airflow/example_dags/tutorial.py
[2023-05-06T20:57:02.986+0000] {processor.py:799} INFO - Processing file /home/airflow/.local/lib/python3.7/site-packages/airflow/example_dags/tutorial.py for tasks to queue
[2023-05-06T20:57:02.988+0000] {logging_mixin.py:149} INFO - [2023-05-06T20:57:02.988+0000] {dagbag.py:541} INFO - Filling up the DagBag from /home/airflow/.local/lib/python3.7/site-packages/airflow/example_dags/tutorial.py
[2023-05-06T20:57:02.998+0000] {processor.py:809} INFO - DAG(s) dict_keys(['tutorial']) retrieved from /home/airflow/.local/lib/python3.7/site-packages/airflow/example_dags/tutorial.py
[2023-05-06T20:57:03.035+0000] {logging_mixin.py:149} INFO - [2023-05-06T20:57:03.035+0000] {dag.py:2726} INFO - Sync 1 DAGs
[2023-05-06T20:57:03.078+0000] {logging_mixin.py:149} INFO - [2023-05-06T20:57:03.077+0000] {dag.py:3490} INFO - Setting next_dagrun for tutorial to 2023-05-05T20:57:03.077348+00:00, run_after=2023-05-06T20:57:03.077348+00:00
[2023-05-06T20:57:03.110+0000] {processor.py:178} INFO - Processing /home/airflow/.local/lib/python3.7/site-packages/airflow/example_dags/tutorial.py took 0.132 seconds
[2023-05-06T20:57:33.509+0000] {processor.py:156} INFO - Started process (PID=1194) to work on /home/airflow/.local/lib/python3.7/site-packages/airflow/example_dags/tutorial.py
[2023-05-06T20:57:33.512+0000] {processor.py:799} INFO - Processing file /home/airflow/.local/lib/python3.7/site-packages/airflow/example_dags/tutorial.py for tasks to queue
[2023-05-06T20:57:33.514+0000] {logging_mixin.py:149} INFO - [2023-05-06T20:57:33.514+0000] {dagbag.py:541} INFO - Filling up the DagBag from /home/airflow/.local/lib/python3.7/site-packages/airflow/example_dags/tutorial.py
[2023-05-06T20:57:33.526+0000] {processor.py:809} INFO - DAG(s) dict_keys(['tutorial']) retrieved from /home/airflow/.local/lib/python3.7/site-packages/airflow/example_dags/tutorial.py
[2023-05-06T20:57:33.556+0000] {logging_mixin.py:149} INFO - [2023-05-06T20:57:33.555+0000] {dag.py:2726} INFO - Sync 1 DAGs
[2023-05-06T20:57:33.599+0000] {logging_mixin.py:149} INFO - [2023-05-06T20:57:33.599+0000] {dag.py:3490} INFO - Setting next_dagrun for tutorial to 2023-05-05T20:57:33.598937+00:00, run_after=2023-05-06T20:57:33.598937+00:00
[2023-05-06T20:57:33.635+0000] {processor.py:178} INFO - Processing /home/airflow/.local/lib/python3.7/site-packages/airflow/example_dags/tutorial.py took 0.132 seconds
[2023-05-06T20:58:04.115+0000] {processor.py:156} INFO - Started process (PID=1432) to work on /home/airflow/.local/lib/python3.7/site-packages/airflow/example_dags/tutorial.py
[2023-05-06T20:58:04.118+0000] {processor.py:799} INFO - Processing file /home/airflow/.local/lib/python3.7/site-packages/airflow/example_dags/tutorial.py for tasks to queue
[2023-05-06T20:58:04.120+0000] {logging_mixin.py:149} INFO - [2023-05-06T20:58:04.120+0000] {dagbag.py:541} INFO - Filling up the DagBag from /home/airflow/.local/lib/python3.7/site-packages/airflow/example_dags/tutorial.py
[2023-05-06T20:58:04.135+0000] {processor.py:809} INFO - DAG(s) dict_keys(['tutorial']) retrieved from /home/airflow/.local/lib/python3.7/site-packages/airflow/example_dags/tutorial.py
[2023-05-06T20:58:04.174+0000] {logging_mixin.py:149} INFO - [2023-05-06T20:58:04.174+0000] {dag.py:2726} INFO - Sync 1 DAGs
[2023-05-06T20:58:04.214+0000] {logging_mixin.py:149} INFO - [2023-05-06T20:58:04.213+0000] {dag.py:3490} INFO - Setting next_dagrun for tutorial to 2023-05-05T20:58:04.213524+00:00, run_after=2023-05-06T20:58:04.213524+00:00
[2023-05-06T20:58:04.246+0000] {processor.py:178} INFO - Processing /home/airflow/.local/lib/python3.7/site-packages/airflow/example_dags/tutorial.py took 0.137 seconds
[2023-05-06T20:58:34.888+0000] {processor.py:156} INFO - Started process (PID=1668) to work on /home/airflow/.local/lib/python3.7/site-packages/airflow/example_dags/tutorial.py
[2023-05-06T20:58:34.891+0000] {processor.py:799} INFO - Processing file /home/airflow/.local/lib/python3.7/site-packages/airflow/example_dags/tutorial.py for tasks to queue
[2023-05-06T20:58:34.893+0000] {logging_mixin.py:149} INFO - [2023-05-06T20:58:34.893+0000] {dagbag.py:541} INFO - Filling up the DagBag from /home/airflow/.local/lib/python3.7/site-packages/airflow/example_dags/tutorial.py
[2023-05-06T20:58:34.901+0000] {processor.py:809} INFO - DAG(s) dict_keys(['tutorial']) retrieved from /home/airflow/.local/lib/python3.7/site-packages/airflow/example_dags/tutorial.py
[2023-05-06T20:58:34.933+0000] {logging_mixin.py:149} INFO - [2023-05-06T20:58:34.933+0000] {dag.py:2726} INFO - Sync 1 DAGs
[2023-05-06T20:58:34.967+0000] {logging_mixin.py:149} INFO - [2023-05-06T20:58:34.967+0000] {dag.py:3490} INFO - Setting next_dagrun for tutorial to 2023-05-05T20:58:34.967342+00:00, run_after=2023-05-06T20:58:34.967342+00:00
[2023-05-06T20:58:34.995+0000] {processor.py:178} INFO - Processing /home/airflow/.local/lib/python3.7/site-packages/airflow/example_dags/tutorial.py took 0.110 seconds
[2023-05-06T20:59:05.319+0000] {processor.py:156} INFO - Started process (PID=1906) to work on /home/airflow/.local/lib/python3.7/site-packages/airflow/example_dags/tutorial.py
[2023-05-06T20:59:05.321+0000] {processor.py:799} INFO - Processing file /home/airflow/.local/lib/python3.7/site-packages/airflow/example_dags/tutorial.py for tasks to queue
[2023-05-06T20:59:05.322+0000] {logging_mixin.py:149} INFO - [2023-05-06T20:59:05.322+0000] {dagbag.py:541} INFO - Filling up the DagBag from /home/airflow/.local/lib/python3.7/site-packages/airflow/example_dags/tutorial.py
[2023-05-06T20:59:05.331+0000] {processor.py:809} INFO - DAG(s) dict_keys(['tutorial']) retrieved from /home/airflow/.local/lib/python3.7/site-packages/airflow/example_dags/tutorial.py
[2023-05-06T20:59:05.362+0000] {logging_mixin.py:149} INFO - [2023-05-06T20:59:05.362+0000] {dag.py:2726} INFO - Sync 1 DAGs
[2023-05-06T20:59:05.398+0000] {logging_mixin.py:149} INFO - [2023-05-06T20:59:05.398+0000] {dag.py:3490} INFO - Setting next_dagrun for tutorial to 2023-05-05T20:59:05.398071+00:00, run_after=2023-05-06T20:59:05.398071+00:00
[2023-05-06T20:59:05.428+0000] {processor.py:178} INFO - Processing /home/airflow/.local/lib/python3.7/site-packages/airflow/example_dags/tutorial.py took 0.112 seconds
[2023-05-06T20:59:35.697+0000] {processor.py:156} INFO - Started process (PID=2144) to work on /home/airflow/.local/lib/python3.7/site-packages/airflow/example_dags/tutorial.py
[2023-05-06T20:59:35.699+0000] {processor.py:799} INFO - Processing file /home/airflow/.local/lib/python3.7/site-packages/airflow/example_dags/tutorial.py for tasks to queue
[2023-05-06T20:59:35.700+0000] {logging_mixin.py:149} INFO - [2023-05-06T20:59:35.700+0000] {dagbag.py:541} INFO - Filling up the DagBag from /home/airflow/.local/lib/python3.7/site-packages/airflow/example_dags/tutorial.py
[2023-05-06T20:59:35.711+0000] {processor.py:809} INFO - DAG(s) dict_keys(['tutorial']) retrieved from /home/airflow/.local/lib/python3.7/site-packages/airflow/example_dags/tutorial.py
[2023-05-06T20:59:35.747+0000] {logging_mixin.py:149} INFO - [2023-05-06T20:59:35.747+0000] {dag.py:2726} INFO - Sync 1 DAGs
[2023-05-06T20:59:35.798+0000] {logging_mixin.py:149} INFO - [2023-05-06T20:59:35.797+0000] {dag.py:3490} INFO - Setting next_dagrun for tutorial to 2023-05-05T20:59:35.796980+00:00, run_after=2023-05-06T20:59:35.796980+00:00
[2023-05-06T20:59:35.831+0000] {processor.py:178} INFO - Processing /home/airflow/.local/lib/python3.7/site-packages/airflow/example_dags/tutorial.py took 0.137 seconds
[2023-05-06T21:00:06.655+0000] {processor.py:156} INFO - Started process (PID=2382) to work on /home/airflow/.local/lib/python3.7/site-packages/airflow/example_dags/tutorial.py
[2023-05-06T21:00:06.657+0000] {processor.py:799} INFO - Processing file /home/airflow/.local/lib/python3.7/site-packages/airflow/example_dags/tutorial.py for tasks to queue
[2023-05-06T21:00:06.658+0000] {logging_mixin.py:149} INFO - [2023-05-06T21:00:06.658+0000] {dagbag.py:541} INFO - Filling up the DagBag from /home/airflow/.local/lib/python3.7/site-packages/airflow/example_dags/tutorial.py
[2023-05-06T21:00:06.666+0000] {processor.py:809} INFO - DAG(s) dict_keys(['tutorial']) retrieved from /home/airflow/.local/lib/python3.7/site-packages/airflow/example_dags/tutorial.py
[2023-05-06T21:00:06.685+0000] {logging_mixin.py:149} INFO - [2023-05-06T21:00:06.685+0000] {dag.py:2726} INFO - Sync 1 DAGs
[2023-05-06T21:00:06.721+0000] {logging_mixin.py:149} INFO - [2023-05-06T21:00:06.720+0000] {dag.py:3490} INFO - Setting next_dagrun for tutorial to 2023-05-05T21:00:06.720499+00:00, run_after=2023-05-06T21:00:06.720499+00:00
[2023-05-06T21:00:06.755+0000] {processor.py:178} INFO - Processing /home/airflow/.local/lib/python3.7/site-packages/airflow/example_dags/tutorial.py took 0.104 seconds
[2023-05-06T21:00:36.886+0000] {processor.py:156} INFO - Started process (PID=2618) to work on /home/airflow/.local/lib/python3.7/site-packages/airflow/example_dags/tutorial.py
[2023-05-06T21:00:36.887+0000] {processor.py:799} INFO - Processing file /home/airflow/.local/lib/python3.7/site-packages/airflow/example_dags/tutorial.py for tasks to queue
[2023-05-06T21:00:36.890+0000] {logging_mixin.py:149} INFO - [2023-05-06T21:00:36.889+0000] {dagbag.py:541} INFO - Filling up the DagBag from /home/airflow/.local/lib/python3.7/site-packages/airflow/example_dags/tutorial.py
[2023-05-06T21:00:36.898+0000] {processor.py:809} INFO - DAG(s) dict_keys(['tutorial']) retrieved from /home/airflow/.local/lib/python3.7/site-packages/airflow/example_dags/tutorial.py
[2023-05-06T21:00:36.931+0000] {logging_mixin.py:149} INFO - [2023-05-06T21:00:36.931+0000] {dag.py:2726} INFO - Sync 1 DAGs
[2023-05-06T21:00:36.976+0000] {logging_mixin.py:149} INFO - [2023-05-06T21:00:36.975+0000] {dag.py:3490} INFO - Setting next_dagrun for tutorial to 2023-05-05T21:00:36.975654+00:00, run_after=2023-05-06T21:00:36.975654+00:00
[2023-05-06T21:00:37.010+0000] {processor.py:178} INFO - Processing /home/airflow/.local/lib/python3.7/site-packages/airflow/example_dags/tutorial.py took 0.128 seconds
[2023-05-06T21:01:07.441+0000] {processor.py:156} INFO - Started process (PID=2858) to work on /home/airflow/.local/lib/python3.7/site-packages/airflow/example_dags/tutorial.py
[2023-05-06T21:01:07.443+0000] {processor.py:799} INFO - Processing file /home/airflow/.local/lib/python3.7/site-packages/airflow/example_dags/tutorial.py for tasks to queue
[2023-05-06T21:01:07.444+0000] {logging_mixin.py:149} INFO - [2023-05-06T21:01:07.444+0000] {dagbag.py:541} INFO - Filling up the DagBag from /home/airflow/.local/lib/python3.7/site-packages/airflow/example_dags/tutorial.py
[2023-05-06T21:01:07.451+0000] {processor.py:809} INFO - DAG(s) dict_keys(['tutorial']) retrieved from /home/airflow/.local/lib/python3.7/site-packages/airflow/example_dags/tutorial.py
[2023-05-06T21:01:07.482+0000] {logging_mixin.py:149} INFO - [2023-05-06T21:01:07.482+0000] {dag.py:2726} INFO - Sync 1 DAGs
[2023-05-06T21:01:07.515+0000] {logging_mixin.py:149} INFO - [2023-05-06T21:01:07.514+0000] {dag.py:3490} INFO - Setting next_dagrun for tutorial to 2023-05-05T21:01:07.514566+00:00, run_after=2023-05-06T21:01:07.514566+00:00
[2023-05-06T21:01:07.540+0000] {processor.py:178} INFO - Processing /home/airflow/.local/lib/python3.7/site-packages/airflow/example_dags/tutorial.py took 0.103 seconds
[2023-05-06T21:01:38.286+0000] {processor.py:156} INFO - Started process (PID=3094) to work on /home/airflow/.local/lib/python3.7/site-packages/airflow/example_dags/tutorial.py
[2023-05-06T21:01:38.289+0000] {processor.py:799} INFO - Processing file /home/airflow/.local/lib/python3.7/site-packages/airflow/example_dags/tutorial.py for tasks to queue
[2023-05-06T21:01:38.291+0000] {logging_mixin.py:149} INFO - [2023-05-06T21:01:38.290+0000] {dagbag.py:541} INFO - Filling up the DagBag from /home/airflow/.local/lib/python3.7/site-packages/airflow/example_dags/tutorial.py
[2023-05-06T21:01:38.299+0000] {processor.py:809} INFO - DAG(s) dict_keys(['tutorial']) retrieved from /home/airflow/.local/lib/python3.7/site-packages/airflow/example_dags/tutorial.py
[2023-05-06T21:01:38.334+0000] {logging_mixin.py:149} INFO - [2023-05-06T21:01:38.334+0000] {dag.py:2726} INFO - Sync 1 DAGs
[2023-05-06T21:01:38.374+0000] {logging_mixin.py:149} INFO - [2023-05-06T21:01:38.374+0000] {dag.py:3490} INFO - Setting next_dagrun for tutorial to 2023-05-05T21:01:38.374153+00:00, run_after=2023-05-06T21:01:38.374153+00:00
[2023-05-06T21:01:38.409+0000] {processor.py:178} INFO - Processing /home/airflow/.local/lib/python3.7/site-packages/airflow/example_dags/tutorial.py took 0.128 seconds
[2023-05-06T21:02:08.946+0000] {processor.py:156} INFO - Started process (PID=3334) to work on /home/airflow/.local/lib/python3.7/site-packages/airflow/example_dags/tutorial.py
[2023-05-06T21:02:08.948+0000] {processor.py:799} INFO - Processing file /home/airflow/.local/lib/python3.7/site-packages/airflow/example_dags/tutorial.py for tasks to queue
[2023-05-06T21:02:08.949+0000] {logging_mixin.py:149} INFO - [2023-05-06T21:02:08.949+0000] {dagbag.py:541} INFO - Filling up the DagBag from /home/airflow/.local/lib/python3.7/site-packages/airflow/example_dags/tutorial.py
[2023-05-06T21:02:08.958+0000] {processor.py:809} INFO - DAG(s) dict_keys(['tutorial']) retrieved from /home/airflow/.local/lib/python3.7/site-packages/airflow/example_dags/tutorial.py
[2023-05-06T21:02:08.989+0000] {logging_mixin.py:149} INFO - [2023-05-06T21:02:08.988+0000] {dag.py:2726} INFO - Sync 1 DAGs
[2023-05-06T21:02:09.024+0000] {logging_mixin.py:149} INFO - [2023-05-06T21:02:09.024+0000] {dag.py:3490} INFO - Setting next_dagrun for tutorial to 2023-05-05T21:02:09.024389+00:00, run_after=2023-05-06T21:02:09.024389+00:00
[2023-05-06T21:02:09.052+0000] {processor.py:178} INFO - Processing /home/airflow/.local/lib/python3.7/site-packages/airflow/example_dags/tutorial.py took 0.110 seconds
[2023-05-06T21:02:39.173+0000] {processor.py:156} INFO - Started process (PID=3572) to work on /home/airflow/.local/lib/python3.7/site-packages/airflow/example_dags/tutorial.py
[2023-05-06T21:02:39.175+0000] {processor.py:799} INFO - Processing file /home/airflow/.local/lib/python3.7/site-packages/airflow/example_dags/tutorial.py for tasks to queue
[2023-05-06T21:02:39.176+0000] {logging_mixin.py:149} INFO - [2023-05-06T21:02:39.176+0000] {dagbag.py:541} INFO - Filling up the DagBag from /home/airflow/.local/lib/python3.7/site-packages/airflow/example_dags/tutorial.py
[2023-05-06T21:02:39.186+0000] {processor.py:809} INFO - DAG(s) dict_keys(['tutorial']) retrieved from /home/airflow/.local/lib/python3.7/site-packages/airflow/example_dags/tutorial.py
[2023-05-06T21:02:39.217+0000] {logging_mixin.py:149} INFO - [2023-05-06T21:02:39.217+0000] {dag.py:2726} INFO - Sync 1 DAGs
[2023-05-06T21:02:39.253+0000] {logging_mixin.py:149} INFO - [2023-05-06T21:02:39.253+0000] {dag.py:3490} INFO - Setting next_dagrun for tutorial to 2023-05-05T21:02:39.253176+00:00, run_after=2023-05-06T21:02:39.253176+00:00
[2023-05-06T21:02:39.281+0000] {processor.py:178} INFO - Processing /home/airflow/.local/lib/python3.7/site-packages/airflow/example_dags/tutorial.py took 0.112 seconds
[2023-05-06T21:03:09.471+0000] {processor.py:156} INFO - Started process (PID=3810) to work on /home/airflow/.local/lib/python3.7/site-packages/airflow/example_dags/tutorial.py
[2023-05-06T21:03:09.473+0000] {processor.py:799} INFO - Processing file /home/airflow/.local/lib/python3.7/site-packages/airflow/example_dags/tutorial.py for tasks to queue
[2023-05-06T21:03:09.475+0000] {logging_mixin.py:149} INFO - [2023-05-06T21:03:09.475+0000] {dagbag.py:541} INFO - Filling up the DagBag from /home/airflow/.local/lib/python3.7/site-packages/airflow/example_dags/tutorial.py
[2023-05-06T21:03:09.487+0000] {processor.py:809} INFO - DAG(s) dict_keys(['tutorial']) retrieved from /home/airflow/.local/lib/python3.7/site-packages/airflow/example_dags/tutorial.py
[2023-05-06T21:03:09.522+0000] {logging_mixin.py:149} INFO - [2023-05-06T21:03:09.522+0000] {dag.py:2726} INFO - Sync 1 DAGs
[2023-05-06T21:03:09.559+0000] {logging_mixin.py:149} INFO - [2023-05-06T21:03:09.559+0000] {dag.py:3490} INFO - Setting next_dagrun for tutorial to 2023-05-05T21:03:09.558852+00:00, run_after=2023-05-06T21:03:09.558852+00:00
[2023-05-06T21:03:09.586+0000] {processor.py:178} INFO - Processing /home/airflow/.local/lib/python3.7/site-packages/airflow/example_dags/tutorial.py took 0.120 seconds
[2023-05-06T21:03:40.199+0000] {processor.py:156} INFO - Started process (PID=4046) to work on /home/airflow/.local/lib/python3.7/site-packages/airflow/example_dags/tutorial.py
[2023-05-06T21:03:40.201+0000] {processor.py:799} INFO - Processing file /home/airflow/.local/lib/python3.7/site-packages/airflow/example_dags/tutorial.py for tasks to queue
[2023-05-06T21:03:40.204+0000] {logging_mixin.py:149} INFO - [2023-05-06T21:03:40.203+0000] {dagbag.py:541} INFO - Filling up the DagBag from /home/airflow/.local/lib/python3.7/site-packages/airflow/example_dags/tutorial.py
[2023-05-06T21:03:40.212+0000] {processor.py:809} INFO - DAG(s) dict_keys(['tutorial']) retrieved from /home/airflow/.local/lib/python3.7/site-packages/airflow/example_dags/tutorial.py
[2023-05-06T21:03:40.248+0000] {logging_mixin.py:149} INFO - [2023-05-06T21:03:40.247+0000] {dag.py:2726} INFO - Sync 1 DAGs
[2023-05-06T21:03:40.288+0000] {logging_mixin.py:149} INFO - [2023-05-06T21:03:40.288+0000] {dag.py:3490} INFO - Setting next_dagrun for tutorial to 2023-05-05T21:03:40.287916+00:00, run_after=2023-05-06T21:03:40.287916+00:00
[2023-05-06T21:03:40.324+0000] {processor.py:178} INFO - Processing /home/airflow/.local/lib/python3.7/site-packages/airflow/example_dags/tutorial.py took 0.129 seconds
[2023-05-06T21:04:11.235+0000] {processor.py:156} INFO - Started process (PID=4286) to work on /home/airflow/.local/lib/python3.7/site-packages/airflow/example_dags/tutorial.py
[2023-05-06T21:04:11.237+0000] {processor.py:799} INFO - Processing file /home/airflow/.local/lib/python3.7/site-packages/airflow/example_dags/tutorial.py for tasks to queue
[2023-05-06T21:04:11.239+0000] {logging_mixin.py:149} INFO - [2023-05-06T21:04:11.239+0000] {dagbag.py:541} INFO - Filling up the DagBag from /home/airflow/.local/lib/python3.7/site-packages/airflow/example_dags/tutorial.py
[2023-05-06T21:04:11.248+0000] {processor.py:809} INFO - DAG(s) dict_keys(['tutorial']) retrieved from /home/airflow/.local/lib/python3.7/site-packages/airflow/example_dags/tutorial.py
[2023-05-06T21:04:11.283+0000] {logging_mixin.py:149} INFO - [2023-05-06T21:04:11.283+0000] {dag.py:2726} INFO - Sync 1 DAGs
[2023-05-06T21:04:11.325+0000] {logging_mixin.py:149} INFO - [2023-05-06T21:04:11.325+0000] {dag.py:3490} INFO - Setting next_dagrun for tutorial to 2023-05-05T21:04:11.324868+00:00, run_after=2023-05-06T21:04:11.324868+00:00
[2023-05-06T21:04:11.358+0000] {processor.py:178} INFO - Processing /home/airflow/.local/lib/python3.7/site-packages/airflow/example_dags/tutorial.py took 0.127 seconds
[2023-05-06T21:04:41.807+0000] {processor.py:156} INFO - Started process (PID=4524) to work on /home/airflow/.local/lib/python3.7/site-packages/airflow/example_dags/tutorial.py
[2023-05-06T21:04:41.808+0000] {processor.py:799} INFO - Processing file /home/airflow/.local/lib/python3.7/site-packages/airflow/example_dags/tutorial.py for tasks to queue
[2023-05-06T21:04:41.810+0000] {logging_mixin.py:149} INFO - [2023-05-06T21:04:41.810+0000] {dagbag.py:541} INFO - Filling up the DagBag from /home/airflow/.local/lib/python3.7/site-packages/airflow/example_dags/tutorial.py
[2023-05-06T21:04:41.821+0000] {processor.py:809} INFO - DAG(s) dict_keys(['tutorial']) retrieved from /home/airflow/.local/lib/python3.7/site-packages/airflow/example_dags/tutorial.py
[2023-05-06T21:04:41.860+0000] {logging_mixin.py:149} INFO - [2023-05-06T21:04:41.860+0000] {dag.py:2726} INFO - Sync 1 DAGs
[2023-05-06T21:04:41.906+0000] {logging_mixin.py:149} INFO - [2023-05-06T21:04:41.906+0000] {dag.py:3490} INFO - Setting next_dagrun for tutorial to 2023-05-05T21:04:41.906043+00:00, run_after=2023-05-06T21:04:41.906043+00:00
[2023-05-06T21:04:41.946+0000] {processor.py:178} INFO - Processing /home/airflow/.local/lib/python3.7/site-packages/airflow/example_dags/tutorial.py took 0.144 seconds
[2023-05-06T21:05:12.455+0000] {processor.py:156} INFO - Started process (PID=4762) to work on /home/airflow/.local/lib/python3.7/site-packages/airflow/example_dags/tutorial.py
[2023-05-06T21:05:12.456+0000] {processor.py:799} INFO - Processing file /home/airflow/.local/lib/python3.7/site-packages/airflow/example_dags/tutorial.py for tasks to queue
[2023-05-06T21:05:12.458+0000] {logging_mixin.py:149} INFO - [2023-05-06T21:05:12.458+0000] {dagbag.py:541} INFO - Filling up the DagBag from /home/airflow/.local/lib/python3.7/site-packages/airflow/example_dags/tutorial.py
[2023-05-06T21:05:12.467+0000] {processor.py:809} INFO - DAG(s) dict_keys(['tutorial']) retrieved from /home/airflow/.local/lib/python3.7/site-packages/airflow/example_dags/tutorial.py
[2023-05-06T21:05:12.497+0000] {logging_mixin.py:149} INFO - [2023-05-06T21:05:12.497+0000] {dag.py:2726} INFO - Sync 1 DAGs
[2023-05-06T21:05:12.532+0000] {logging_mixin.py:149} INFO - [2023-05-06T21:05:12.532+0000] {dag.py:3490} INFO - Setting next_dagrun for tutorial to 2023-05-05T21:05:12.532264+00:00, run_after=2023-05-06T21:05:12.532264+00:00
[2023-05-06T21:05:12.559+0000] {processor.py:178} INFO - Processing /home/airflow/.local/lib/python3.7/site-packages/airflow/example_dags/tutorial.py took 0.108 seconds
[2023-05-06T21:05:42.993+0000] {processor.py:156} INFO - Started process (PID=5000) to work on /home/airflow/.local/lib/python3.7/site-packages/airflow/example_dags/tutorial.py
[2023-05-06T21:05:42.995+0000] {processor.py:799} INFO - Processing file /home/airflow/.local/lib/python3.7/site-packages/airflow/example_dags/tutorial.py for tasks to queue
[2023-05-06T21:05:42.997+0000] {logging_mixin.py:149} INFO - [2023-05-06T21:05:42.996+0000] {dagbag.py:541} INFO - Filling up the DagBag from /home/airflow/.local/lib/python3.7/site-packages/airflow/example_dags/tutorial.py
[2023-05-06T21:05:43.008+0000] {processor.py:809} INFO - DAG(s) dict_keys(['tutorial']) retrieved from /home/airflow/.local/lib/python3.7/site-packages/airflow/example_dags/tutorial.py
[2023-05-06T21:05:43.044+0000] {logging_mixin.py:149} INFO - [2023-05-06T21:05:43.044+0000] {dag.py:2726} INFO - Sync 1 DAGs
[2023-05-06T21:05:43.089+0000] {logging_mixin.py:149} INFO - [2023-05-06T21:05:43.089+0000] {dag.py:3490} INFO - Setting next_dagrun for tutorial to 2023-05-05T21:05:43.089044+00:00, run_after=2023-05-06T21:05:43.089044+00:00
[2023-05-06T21:05:43.123+0000] {processor.py:178} INFO - Processing /home/airflow/.local/lib/python3.7/site-packages/airflow/example_dags/tutorial.py took 0.134 seconds
[2023-05-06T21:06:13.314+0000] {processor.py:156} INFO - Started process (PID=5238) to work on /home/airflow/.local/lib/python3.7/site-packages/airflow/example_dags/tutorial.py
[2023-05-06T21:06:13.316+0000] {processor.py:799} INFO - Processing file /home/airflow/.local/lib/python3.7/site-packages/airflow/example_dags/tutorial.py for tasks to queue
[2023-05-06T21:06:13.318+0000] {logging_mixin.py:149} INFO - [2023-05-06T21:06:13.317+0000] {dagbag.py:541} INFO - Filling up the DagBag from /home/airflow/.local/lib/python3.7/site-packages/airflow/example_dags/tutorial.py
[2023-05-06T21:06:13.327+0000] {processor.py:809} INFO - DAG(s) dict_keys(['tutorial']) retrieved from /home/airflow/.local/lib/python3.7/site-packages/airflow/example_dags/tutorial.py
[2023-05-06T21:06:13.363+0000] {logging_mixin.py:149} INFO - [2023-05-06T21:06:13.363+0000] {dag.py:2726} INFO - Sync 1 DAGs
[2023-05-06T21:06:13.411+0000] {logging_mixin.py:149} INFO - [2023-05-06T21:06:13.411+0000] {dag.py:3490} INFO - Setting next_dagrun for tutorial to 2023-05-05T21:06:13.411500+00:00, run_after=2023-05-06T21:06:13.411500+00:00
[2023-05-06T21:06:13.452+0000] {processor.py:178} INFO - Processing /home/airflow/.local/lib/python3.7/site-packages/airflow/example_dags/tutorial.py took 0.142 seconds
[2023-05-06T21:06:43.877+0000] {processor.py:156} INFO - Started process (PID=5475) to work on /home/airflow/.local/lib/python3.7/site-packages/airflow/example_dags/tutorial.py
[2023-05-06T21:06:43.879+0000] {processor.py:799} INFO - Processing file /home/airflow/.local/lib/python3.7/site-packages/airflow/example_dags/tutorial.py for tasks to queue
[2023-05-06T21:06:43.881+0000] {logging_mixin.py:149} INFO - [2023-05-06T21:06:43.881+0000] {dagbag.py:541} INFO - Filling up the DagBag from /home/airflow/.local/lib/python3.7/site-packages/airflow/example_dags/tutorial.py
[2023-05-06T21:06:43.889+0000] {processor.py:809} INFO - DAG(s) dict_keys(['tutorial']) retrieved from /home/airflow/.local/lib/python3.7/site-packages/airflow/example_dags/tutorial.py
[2023-05-06T21:06:43.921+0000] {logging_mixin.py:149} INFO - [2023-05-06T21:06:43.921+0000] {dag.py:2726} INFO - Sync 1 DAGs
[2023-05-06T21:06:43.963+0000] {logging_mixin.py:149} INFO - [2023-05-06T21:06:43.963+0000] {dag.py:3490} INFO - Setting next_dagrun for tutorial to 2023-05-05T21:06:43.962437+00:00, run_after=2023-05-06T21:06:43.962437+00:00
[2023-05-06T21:06:43.997+0000] {processor.py:178} INFO - Processing /home/airflow/.local/lib/python3.7/site-packages/airflow/example_dags/tutorial.py took 0.124 seconds
[2023-05-06T21:07:14.647+0000] {processor.py:156} INFO - Started process (PID=5715) to work on /home/airflow/.local/lib/python3.7/site-packages/airflow/example_dags/tutorial.py
[2023-05-06T21:07:14.649+0000] {processor.py:799} INFO - Processing file /home/airflow/.local/lib/python3.7/site-packages/airflow/example_dags/tutorial.py for tasks to queue
[2023-05-06T21:07:14.651+0000] {logging_mixin.py:149} INFO - [2023-05-06T21:07:14.651+0000] {dagbag.py:541} INFO - Filling up the DagBag from /home/airflow/.local/lib/python3.7/site-packages/airflow/example_dags/tutorial.py
[2023-05-06T21:07:14.660+0000] {processor.py:809} INFO - DAG(s) dict_keys(['tutorial']) retrieved from /home/airflow/.local/lib/python3.7/site-packages/airflow/example_dags/tutorial.py
[2023-05-06T21:07:14.694+0000] {logging_mixin.py:149} INFO - [2023-05-06T21:07:14.694+0000] {dag.py:2726} INFO - Sync 1 DAGs
[2023-05-06T21:07:14.731+0000] {logging_mixin.py:149} INFO - [2023-05-06T21:07:14.730+0000] {dag.py:3490} INFO - Setting next_dagrun for tutorial to 2023-05-05T21:07:14.730518+00:00, run_after=2023-05-06T21:07:14.730518+00:00
[2023-05-06T21:07:14.763+0000] {processor.py:178} INFO - Processing /home/airflow/.local/lib/python3.7/site-packages/airflow/example_dags/tutorial.py took 0.122 seconds
