[2023-05-06T20:55:31.485+0000] {processor.py:156} INFO - Started process (PID=302) to work on /home/airflow/.local/lib/python3.7/site-packages/airflow/example_dags/tutorial_dag.py
[2023-05-06T20:55:31.487+0000] {processor.py:799} INFO - Processing file /home/airflow/.local/lib/python3.7/site-packages/airflow/example_dags/tutorial_dag.py for tasks to queue
[2023-05-06T20:55:31.489+0000] {logging_mixin.py:149} INFO - [2023-05-06T20:55:31.489+0000] {dagbag.py:541} INFO - Filling up the DagBag from /home/airflow/.local/lib/python3.7/site-packages/airflow/example_dags/tutorial_dag.py
[2023-05-06T20:55:31.495+0000] {processor.py:809} INFO - DAG(s) dict_keys(['tutorial_dag']) retrieved from /home/airflow/.local/lib/python3.7/site-packages/airflow/example_dags/tutorial_dag.py
[2023-05-06T20:55:31.515+0000] {logging_mixin.py:149} INFO - [2023-05-06T20:55:31.515+0000] {dag.py:2726} INFO - Sync 1 DAGs
[2023-05-06T20:55:31.553+0000] {logging_mixin.py:149} INFO - [2023-05-06T20:55:31.553+0000] {dag.py:3490} INFO - Setting next_dagrun for tutorial_dag to None, run_after=None
[2023-05-06T20:55:31.593+0000] {processor.py:178} INFO - Processing /home/airflow/.local/lib/python3.7/site-packages/airflow/example_dags/tutorial_dag.py took 0.113 seconds
[2023-05-06T20:56:03.865+0000] {processor.py:156} INFO - Started process (PID=540) to work on /home/airflow/.local/lib/python3.7/site-packages/airflow/example_dags/tutorial_dag.py
[2023-05-06T20:56:03.867+0000] {processor.py:799} INFO - Processing file /home/airflow/.local/lib/python3.7/site-packages/airflow/example_dags/tutorial_dag.py for tasks to queue
[2023-05-06T20:56:03.869+0000] {logging_mixin.py:149} INFO - [2023-05-06T20:56:03.868+0000] {dagbag.py:541} INFO - Filling up the DagBag from /home/airflow/.local/lib/python3.7/site-packages/airflow/example_dags/tutorial_dag.py
[2023-05-06T20:56:03.880+0000] {processor.py:809} INFO - DAG(s) dict_keys(['tutorial_dag']) retrieved from /home/airflow/.local/lib/python3.7/site-packages/airflow/example_dags/tutorial_dag.py
[2023-05-06T20:56:03.920+0000] {logging_mixin.py:149} INFO - [2023-05-06T20:56:03.920+0000] {dag.py:2726} INFO - Sync 1 DAGs
[2023-05-06T20:56:04.128+0000] {logging_mixin.py:149} INFO - [2023-05-06T20:56:04.128+0000] {dag.py:3490} INFO - Setting next_dagrun for tutorial_dag to None, run_after=None
[2023-05-06T20:56:04.155+0000] {processor.py:178} INFO - Processing /home/airflow/.local/lib/python3.7/site-packages/airflow/example_dags/tutorial_dag.py took 0.295 seconds
[2023-05-06T20:56:35.097+0000] {processor.py:156} INFO - Started process (PID=780) to work on /home/airflow/.local/lib/python3.7/site-packages/airflow/example_dags/tutorial_dag.py
[2023-05-06T20:56:35.099+0000] {processor.py:799} INFO - Processing file /home/airflow/.local/lib/python3.7/site-packages/airflow/example_dags/tutorial_dag.py for tasks to queue
[2023-05-06T20:56:35.100+0000] {logging_mixin.py:149} INFO - [2023-05-06T20:56:35.100+0000] {dagbag.py:541} INFO - Filling up the DagBag from /home/airflow/.local/lib/python3.7/site-packages/airflow/example_dags/tutorial_dag.py
[2023-05-06T20:56:35.109+0000] {processor.py:809} INFO - DAG(s) dict_keys(['tutorial_dag']) retrieved from /home/airflow/.local/lib/python3.7/site-packages/airflow/example_dags/tutorial_dag.py
[2023-05-06T20:56:35.276+0000] {logging_mixin.py:149} INFO - [2023-05-06T20:56:35.276+0000] {dag.py:2726} INFO - Sync 1 DAGs
[2023-05-06T20:56:35.309+0000] {logging_mixin.py:149} INFO - [2023-05-06T20:56:35.309+0000] {dag.py:3490} INFO - Setting next_dagrun for tutorial_dag to None, run_after=None
[2023-05-06T20:56:35.346+0000] {processor.py:178} INFO - Processing /home/airflow/.local/lib/python3.7/site-packages/airflow/example_dags/tutorial_dag.py took 0.253 seconds
[2023-05-06T20:57:06.188+0000] {processor.py:156} INFO - Started process (PID=1018) to work on /home/airflow/.local/lib/python3.7/site-packages/airflow/example_dags/tutorial_dag.py
[2023-05-06T20:57:06.189+0000] {processor.py:799} INFO - Processing file /home/airflow/.local/lib/python3.7/site-packages/airflow/example_dags/tutorial_dag.py for tasks to queue
[2023-05-06T20:57:06.191+0000] {logging_mixin.py:149} INFO - [2023-05-06T20:57:06.191+0000] {dagbag.py:541} INFO - Filling up the DagBag from /home/airflow/.local/lib/python3.7/site-packages/airflow/example_dags/tutorial_dag.py
[2023-05-06T20:57:06.199+0000] {processor.py:809} INFO - DAG(s) dict_keys(['tutorial_dag']) retrieved from /home/airflow/.local/lib/python3.7/site-packages/airflow/example_dags/tutorial_dag.py
[2023-05-06T20:57:06.230+0000] {logging_mixin.py:149} INFO - [2023-05-06T20:57:06.230+0000] {dag.py:2726} INFO - Sync 1 DAGs
[2023-05-06T20:57:06.267+0000] {logging_mixin.py:149} INFO - [2023-05-06T20:57:06.267+0000] {dag.py:3490} INFO - Setting next_dagrun for tutorial_dag to None, run_after=None
[2023-05-06T20:57:06.299+0000] {processor.py:178} INFO - Processing /home/airflow/.local/lib/python3.7/site-packages/airflow/example_dags/tutorial_dag.py took 0.115 seconds
[2023-05-06T20:57:36.765+0000] {processor.py:156} INFO - Started process (PID=1256) to work on /home/airflow/.local/lib/python3.7/site-packages/airflow/example_dags/tutorial_dag.py
[2023-05-06T20:57:36.767+0000] {processor.py:799} INFO - Processing file /home/airflow/.local/lib/python3.7/site-packages/airflow/example_dags/tutorial_dag.py for tasks to queue
[2023-05-06T20:57:36.770+0000] {logging_mixin.py:149} INFO - [2023-05-06T20:57:36.770+0000] {dagbag.py:541} INFO - Filling up the DagBag from /home/airflow/.local/lib/python3.7/site-packages/airflow/example_dags/tutorial_dag.py
[2023-05-06T20:57:36.780+0000] {processor.py:809} INFO - DAG(s) dict_keys(['tutorial_dag']) retrieved from /home/airflow/.local/lib/python3.7/site-packages/airflow/example_dags/tutorial_dag.py
[2023-05-06T20:57:36.802+0000] {logging_mixin.py:149} INFO - [2023-05-06T20:57:36.801+0000] {dag.py:2726} INFO - Sync 1 DAGs
[2023-05-06T20:57:36.854+0000] {logging_mixin.py:149} INFO - [2023-05-06T20:57:36.853+0000] {dag.py:3490} INFO - Setting next_dagrun for tutorial_dag to None, run_after=None
[2023-05-06T20:57:36.899+0000] {processor.py:178} INFO - Processing /home/airflow/.local/lib/python3.7/site-packages/airflow/example_dags/tutorial_dag.py took 0.140 seconds
[2023-05-06T20:58:07.496+0000] {processor.py:156} INFO - Started process (PID=1494) to work on /home/airflow/.local/lib/python3.7/site-packages/airflow/example_dags/tutorial_dag.py
[2023-05-06T20:58:07.497+0000] {processor.py:799} INFO - Processing file /home/airflow/.local/lib/python3.7/site-packages/airflow/example_dags/tutorial_dag.py for tasks to queue
[2023-05-06T20:58:07.499+0000] {logging_mixin.py:149} INFO - [2023-05-06T20:58:07.498+0000] {dagbag.py:541} INFO - Filling up the DagBag from /home/airflow/.local/lib/python3.7/site-packages/airflow/example_dags/tutorial_dag.py
[2023-05-06T20:58:07.505+0000] {processor.py:809} INFO - DAG(s) dict_keys(['tutorial_dag']) retrieved from /home/airflow/.local/lib/python3.7/site-packages/airflow/example_dags/tutorial_dag.py
[2023-05-06T20:58:07.534+0000] {logging_mixin.py:149} INFO - [2023-05-06T20:58:07.534+0000] {dag.py:2726} INFO - Sync 1 DAGs
[2023-05-06T20:58:07.566+0000] {logging_mixin.py:149} INFO - [2023-05-06T20:58:07.565+0000] {dag.py:3490} INFO - Setting next_dagrun for tutorial_dag to None, run_after=None
[2023-05-06T20:58:07.590+0000] {processor.py:178} INFO - Processing /home/airflow/.local/lib/python3.7/site-packages/airflow/example_dags/tutorial_dag.py took 0.098 seconds
[2023-05-06T20:58:38.461+0000] {processor.py:156} INFO - Started process (PID=1733) to work on /home/airflow/.local/lib/python3.7/site-packages/airflow/example_dags/tutorial_dag.py
[2023-05-06T20:58:38.462+0000] {processor.py:799} INFO - Processing file /home/airflow/.local/lib/python3.7/site-packages/airflow/example_dags/tutorial_dag.py for tasks to queue
[2023-05-06T20:58:38.464+0000] {logging_mixin.py:149} INFO - [2023-05-06T20:58:38.463+0000] {dagbag.py:541} INFO - Filling up the DagBag from /home/airflow/.local/lib/python3.7/site-packages/airflow/example_dags/tutorial_dag.py
[2023-05-06T20:58:38.471+0000] {processor.py:809} INFO - DAG(s) dict_keys(['tutorial_dag']) retrieved from /home/airflow/.local/lib/python3.7/site-packages/airflow/example_dags/tutorial_dag.py
[2023-05-06T20:58:38.511+0000] {logging_mixin.py:149} INFO - [2023-05-06T20:58:38.510+0000] {dag.py:2726} INFO - Sync 1 DAGs
[2023-05-06T20:58:38.551+0000] {logging_mixin.py:149} INFO - [2023-05-06T20:58:38.551+0000] {dag.py:3490} INFO - Setting next_dagrun for tutorial_dag to None, run_after=None
[2023-05-06T20:58:38.588+0000] {processor.py:178} INFO - Processing /home/airflow/.local/lib/python3.7/site-packages/airflow/example_dags/tutorial_dag.py took 0.131 seconds
[2023-05-06T20:59:09.549+0000] {processor.py:156} INFO - Started process (PID=1971) to work on /home/airflow/.local/lib/python3.7/site-packages/airflow/example_dags/tutorial_dag.py
[2023-05-06T20:59:09.551+0000] {processor.py:799} INFO - Processing file /home/airflow/.local/lib/python3.7/site-packages/airflow/example_dags/tutorial_dag.py for tasks to queue
[2023-05-06T20:59:09.553+0000] {logging_mixin.py:149} INFO - [2023-05-06T20:59:09.553+0000] {dagbag.py:541} INFO - Filling up the DagBag from /home/airflow/.local/lib/python3.7/site-packages/airflow/example_dags/tutorial_dag.py
[2023-05-06T20:59:09.559+0000] {processor.py:809} INFO - DAG(s) dict_keys(['tutorial_dag']) retrieved from /home/airflow/.local/lib/python3.7/site-packages/airflow/example_dags/tutorial_dag.py
[2023-05-06T20:59:09.589+0000] {logging_mixin.py:149} INFO - [2023-05-06T20:59:09.589+0000] {dag.py:2726} INFO - Sync 1 DAGs
[2023-05-06T20:59:09.623+0000] {logging_mixin.py:149} INFO - [2023-05-06T20:59:09.623+0000] {dag.py:3490} INFO - Setting next_dagrun for tutorial_dag to None, run_after=None
[2023-05-06T20:59:09.652+0000] {processor.py:178} INFO - Processing /home/airflow/.local/lib/python3.7/site-packages/airflow/example_dags/tutorial_dag.py took 0.106 seconds
[2023-05-06T20:59:40.485+0000] {processor.py:156} INFO - Started process (PID=2209) to work on /home/airflow/.local/lib/python3.7/site-packages/airflow/example_dags/tutorial_dag.py
[2023-05-06T20:59:40.487+0000] {processor.py:799} INFO - Processing file /home/airflow/.local/lib/python3.7/site-packages/airflow/example_dags/tutorial_dag.py for tasks to queue
[2023-05-06T20:59:40.489+0000] {logging_mixin.py:149} INFO - [2023-05-06T20:59:40.489+0000] {dagbag.py:541} INFO - Filling up the DagBag from /home/airflow/.local/lib/python3.7/site-packages/airflow/example_dags/tutorial_dag.py
[2023-05-06T20:59:40.497+0000] {processor.py:809} INFO - DAG(s) dict_keys(['tutorial_dag']) retrieved from /home/airflow/.local/lib/python3.7/site-packages/airflow/example_dags/tutorial_dag.py
[2023-05-06T20:59:40.535+0000] {logging_mixin.py:149} INFO - [2023-05-06T20:59:40.535+0000] {dag.py:2726} INFO - Sync 1 DAGs
[2023-05-06T20:59:40.577+0000] {logging_mixin.py:149} INFO - [2023-05-06T20:59:40.577+0000] {dag.py:3490} INFO - Setting next_dagrun for tutorial_dag to None, run_after=None
[2023-05-06T20:59:40.615+0000] {processor.py:178} INFO - Processing /home/airflow/.local/lib/python3.7/site-packages/airflow/example_dags/tutorial_dag.py took 0.134 seconds
[2023-05-06T21:00:10.715+0000] {processor.py:156} INFO - Started process (PID=2447) to work on /home/airflow/.local/lib/python3.7/site-packages/airflow/example_dags/tutorial_dag.py
[2023-05-06T21:00:10.716+0000] {processor.py:799} INFO - Processing file /home/airflow/.local/lib/python3.7/site-packages/airflow/example_dags/tutorial_dag.py for tasks to queue
[2023-05-06T21:00:10.718+0000] {logging_mixin.py:149} INFO - [2023-05-06T21:00:10.718+0000] {dagbag.py:541} INFO - Filling up the DagBag from /home/airflow/.local/lib/python3.7/site-packages/airflow/example_dags/tutorial_dag.py
[2023-05-06T21:00:10.724+0000] {processor.py:809} INFO - DAG(s) dict_keys(['tutorial_dag']) retrieved from /home/airflow/.local/lib/python3.7/site-packages/airflow/example_dags/tutorial_dag.py
[2023-05-06T21:00:10.741+0000] {logging_mixin.py:149} INFO - [2023-05-06T21:00:10.741+0000] {dag.py:2726} INFO - Sync 1 DAGs
[2023-05-06T21:00:10.779+0000] {logging_mixin.py:149} INFO - [2023-05-06T21:00:10.779+0000] {dag.py:3490} INFO - Setting next_dagrun for tutorial_dag to None, run_after=None
[2023-05-06T21:00:10.805+0000] {processor.py:178} INFO - Processing /home/airflow/.local/lib/python3.7/site-packages/airflow/example_dags/tutorial_dag.py took 0.095 seconds
[2023-05-06T21:00:41.153+0000] {processor.py:156} INFO - Started process (PID=2685) to work on /home/airflow/.local/lib/python3.7/site-packages/airflow/example_dags/tutorial_dag.py
[2023-05-06T21:00:41.155+0000] {processor.py:799} INFO - Processing file /home/airflow/.local/lib/python3.7/site-packages/airflow/example_dags/tutorial_dag.py for tasks to queue
[2023-05-06T21:00:41.157+0000] {logging_mixin.py:149} INFO - [2023-05-06T21:00:41.157+0000] {dagbag.py:541} INFO - Filling up the DagBag from /home/airflow/.local/lib/python3.7/site-packages/airflow/example_dags/tutorial_dag.py
[2023-05-06T21:00:41.163+0000] {processor.py:809} INFO - DAG(s) dict_keys(['tutorial_dag']) retrieved from /home/airflow/.local/lib/python3.7/site-packages/airflow/example_dags/tutorial_dag.py
[2023-05-06T21:00:41.209+0000] {logging_mixin.py:149} INFO - [2023-05-06T21:00:41.209+0000] {dag.py:2726} INFO - Sync 1 DAGs
[2023-05-06T21:00:41.264+0000] {logging_mixin.py:149} INFO - [2023-05-06T21:00:41.264+0000] {dag.py:3490} INFO - Setting next_dagrun for tutorial_dag to None, run_after=None
[2023-05-06T21:00:41.319+0000] {processor.py:178} INFO - Processing /home/airflow/.local/lib/python3.7/site-packages/airflow/example_dags/tutorial_dag.py took 0.170 seconds
[2023-05-06T21:01:11.767+0000] {processor.py:156} INFO - Started process (PID=2923) to work on /home/airflow/.local/lib/python3.7/site-packages/airflow/example_dags/tutorial_dag.py
[2023-05-06T21:01:11.768+0000] {processor.py:799} INFO - Processing file /home/airflow/.local/lib/python3.7/site-packages/airflow/example_dags/tutorial_dag.py for tasks to queue
[2023-05-06T21:01:11.769+0000] {logging_mixin.py:149} INFO - [2023-05-06T21:01:11.769+0000] {dagbag.py:541} INFO - Filling up the DagBag from /home/airflow/.local/lib/python3.7/site-packages/airflow/example_dags/tutorial_dag.py
[2023-05-06T21:01:11.775+0000] {processor.py:809} INFO - DAG(s) dict_keys(['tutorial_dag']) retrieved from /home/airflow/.local/lib/python3.7/site-packages/airflow/example_dags/tutorial_dag.py
[2023-05-06T21:01:11.805+0000] {logging_mixin.py:149} INFO - [2023-05-06T21:01:11.805+0000] {dag.py:2726} INFO - Sync 1 DAGs
[2023-05-06T21:01:11.840+0000] {logging_mixin.py:149} INFO - [2023-05-06T21:01:11.840+0000] {dag.py:3490} INFO - Setting next_dagrun for tutorial_dag to None, run_after=None
[2023-05-06T21:01:11.865+0000] {processor.py:178} INFO - Processing /home/airflow/.local/lib/python3.7/site-packages/airflow/example_dags/tutorial_dag.py took 0.102 seconds
[2023-05-06T21:01:42.000+0000] {processor.py:156} INFO - Started process (PID=3159) to work on /home/airflow/.local/lib/python3.7/site-packages/airflow/example_dags/tutorial_dag.py
[2023-05-06T21:01:42.002+0000] {processor.py:799} INFO - Processing file /home/airflow/.local/lib/python3.7/site-packages/airflow/example_dags/tutorial_dag.py for tasks to queue
[2023-05-06T21:01:42.003+0000] {logging_mixin.py:149} INFO - [2023-05-06T21:01:42.003+0000] {dagbag.py:541} INFO - Filling up the DagBag from /home/airflow/.local/lib/python3.7/site-packages/airflow/example_dags/tutorial_dag.py
[2023-05-06T21:01:42.011+0000] {processor.py:809} INFO - DAG(s) dict_keys(['tutorial_dag']) retrieved from /home/airflow/.local/lib/python3.7/site-packages/airflow/example_dags/tutorial_dag.py
[2023-05-06T21:01:42.045+0000] {logging_mixin.py:149} INFO - [2023-05-06T21:01:42.044+0000] {dag.py:2726} INFO - Sync 1 DAGs
[2023-05-06T21:01:42.082+0000] {logging_mixin.py:149} INFO - [2023-05-06T21:01:42.082+0000] {dag.py:3490} INFO - Setting next_dagrun for tutorial_dag to None, run_after=None
[2023-05-06T21:01:42.113+0000] {processor.py:178} INFO - Processing /home/airflow/.local/lib/python3.7/site-packages/airflow/example_dags/tutorial_dag.py took 0.116 seconds
[2023-05-06T21:02:12.569+0000] {processor.py:156} INFO - Started process (PID=3399) to work on /home/airflow/.local/lib/python3.7/site-packages/airflow/example_dags/tutorial_dag.py
[2023-05-06T21:02:12.571+0000] {processor.py:799} INFO - Processing file /home/airflow/.local/lib/python3.7/site-packages/airflow/example_dags/tutorial_dag.py for tasks to queue
[2023-05-06T21:02:12.572+0000] {logging_mixin.py:149} INFO - [2023-05-06T21:02:12.572+0000] {dagbag.py:541} INFO - Filling up the DagBag from /home/airflow/.local/lib/python3.7/site-packages/airflow/example_dags/tutorial_dag.py
[2023-05-06T21:02:12.579+0000] {processor.py:809} INFO - DAG(s) dict_keys(['tutorial_dag']) retrieved from /home/airflow/.local/lib/python3.7/site-packages/airflow/example_dags/tutorial_dag.py
[2023-05-06T21:02:12.610+0000] {logging_mixin.py:149} INFO - [2023-05-06T21:02:12.610+0000] {dag.py:2726} INFO - Sync 1 DAGs
[2023-05-06T21:02:12.643+0000] {logging_mixin.py:149} INFO - [2023-05-06T21:02:12.643+0000] {dag.py:3490} INFO - Setting next_dagrun for tutorial_dag to None, run_after=None
[2023-05-06T21:02:12.673+0000] {processor.py:178} INFO - Processing /home/airflow/.local/lib/python3.7/site-packages/airflow/example_dags/tutorial_dag.py took 0.107 seconds
[2023-05-06T21:02:42.990+0000] {processor.py:156} INFO - Started process (PID=3637) to work on /home/airflow/.local/lib/python3.7/site-packages/airflow/example_dags/tutorial_dag.py
[2023-05-06T21:02:42.991+0000] {processor.py:799} INFO - Processing file /home/airflow/.local/lib/python3.7/site-packages/airflow/example_dags/tutorial_dag.py for tasks to queue
[2023-05-06T21:02:42.993+0000] {logging_mixin.py:149} INFO - [2023-05-06T21:02:42.993+0000] {dagbag.py:541} INFO - Filling up the DagBag from /home/airflow/.local/lib/python3.7/site-packages/airflow/example_dags/tutorial_dag.py
[2023-05-06T21:02:42.999+0000] {processor.py:809} INFO - DAG(s) dict_keys(['tutorial_dag']) retrieved from /home/airflow/.local/lib/python3.7/site-packages/airflow/example_dags/tutorial_dag.py
[2023-05-06T21:02:43.034+0000] {logging_mixin.py:149} INFO - [2023-05-06T21:02:43.034+0000] {dag.py:2726} INFO - Sync 1 DAGs
[2023-05-06T21:02:43.071+0000] {logging_mixin.py:149} INFO - [2023-05-06T21:02:43.070+0000] {dag.py:3490} INFO - Setting next_dagrun for tutorial_dag to None, run_after=None
[2023-05-06T21:02:43.096+0000] {processor.py:178} INFO - Processing /home/airflow/.local/lib/python3.7/site-packages/airflow/example_dags/tutorial_dag.py took 0.109 seconds
[2023-05-06T21:03:13.906+0000] {processor.py:156} INFO - Started process (PID=3875) to work on /home/airflow/.local/lib/python3.7/site-packages/airflow/example_dags/tutorial_dag.py
[2023-05-06T21:03:13.908+0000] {processor.py:799} INFO - Processing file /home/airflow/.local/lib/python3.7/site-packages/airflow/example_dags/tutorial_dag.py for tasks to queue
[2023-05-06T21:03:13.910+0000] {logging_mixin.py:149} INFO - [2023-05-06T21:03:13.909+0000] {dagbag.py:541} INFO - Filling up the DagBag from /home/airflow/.local/lib/python3.7/site-packages/airflow/example_dags/tutorial_dag.py
[2023-05-06T21:03:13.916+0000] {processor.py:809} INFO - DAG(s) dict_keys(['tutorial_dag']) retrieved from /home/airflow/.local/lib/python3.7/site-packages/airflow/example_dags/tutorial_dag.py
[2023-05-06T21:03:13.952+0000] {logging_mixin.py:149} INFO - [2023-05-06T21:03:13.952+0000] {dag.py:2726} INFO - Sync 1 DAGs
[2023-05-06T21:03:13.986+0000] {logging_mixin.py:149} INFO - [2023-05-06T21:03:13.986+0000] {dag.py:3490} INFO - Setting next_dagrun for tutorial_dag to None, run_after=None
[2023-05-06T21:03:14.009+0000] {processor.py:178} INFO - Processing /home/airflow/.local/lib/python3.7/site-packages/airflow/example_dags/tutorial_dag.py took 0.107 seconds
[2023-05-06T21:03:44.598+0000] {processor.py:156} INFO - Started process (PID=4113) to work on /home/airflow/.local/lib/python3.7/site-packages/airflow/example_dags/tutorial_dag.py
[2023-05-06T21:03:44.600+0000] {processor.py:799} INFO - Processing file /home/airflow/.local/lib/python3.7/site-packages/airflow/example_dags/tutorial_dag.py for tasks to queue
[2023-05-06T21:03:44.602+0000] {logging_mixin.py:149} INFO - [2023-05-06T21:03:44.602+0000] {dagbag.py:541} INFO - Filling up the DagBag from /home/airflow/.local/lib/python3.7/site-packages/airflow/example_dags/tutorial_dag.py
[2023-05-06T21:03:44.610+0000] {processor.py:809} INFO - DAG(s) dict_keys(['tutorial_dag']) retrieved from /home/airflow/.local/lib/python3.7/site-packages/airflow/example_dags/tutorial_dag.py
[2023-05-06T21:03:44.643+0000] {logging_mixin.py:149} INFO - [2023-05-06T21:03:44.642+0000] {dag.py:2726} INFO - Sync 1 DAGs
[2023-05-06T21:03:44.680+0000] {logging_mixin.py:149} INFO - [2023-05-06T21:03:44.680+0000] {dag.py:3490} INFO - Setting next_dagrun for tutorial_dag to None, run_after=None
[2023-05-06T21:03:44.709+0000] {processor.py:178} INFO - Processing /home/airflow/.local/lib/python3.7/site-packages/airflow/example_dags/tutorial_dag.py took 0.114 seconds
[2023-05-06T21:04:15.477+0000] {processor.py:156} INFO - Started process (PID=4351) to work on /home/airflow/.local/lib/python3.7/site-packages/airflow/example_dags/tutorial_dag.py
[2023-05-06T21:04:15.479+0000] {processor.py:799} INFO - Processing file /home/airflow/.local/lib/python3.7/site-packages/airflow/example_dags/tutorial_dag.py for tasks to queue
[2023-05-06T21:04:15.481+0000] {logging_mixin.py:149} INFO - [2023-05-06T21:04:15.480+0000] {dagbag.py:541} INFO - Filling up the DagBag from /home/airflow/.local/lib/python3.7/site-packages/airflow/example_dags/tutorial_dag.py
[2023-05-06T21:04:15.488+0000] {processor.py:809} INFO - DAG(s) dict_keys(['tutorial_dag']) retrieved from /home/airflow/.local/lib/python3.7/site-packages/airflow/example_dags/tutorial_dag.py
[2023-05-06T21:04:15.523+0000] {logging_mixin.py:149} INFO - [2023-05-06T21:04:15.522+0000] {dag.py:2726} INFO - Sync 1 DAGs
[2023-05-06T21:04:15.558+0000] {logging_mixin.py:149} INFO - [2023-05-06T21:04:15.558+0000] {dag.py:3490} INFO - Setting next_dagrun for tutorial_dag to None, run_after=None
[2023-05-06T21:04:15.586+0000] {processor.py:178} INFO - Processing /home/airflow/.local/lib/python3.7/site-packages/airflow/example_dags/tutorial_dag.py took 0.114 seconds
[2023-05-06T21:04:46.282+0000] {processor.py:156} INFO - Started process (PID=4589) to work on /home/airflow/.local/lib/python3.7/site-packages/airflow/example_dags/tutorial_dag.py
[2023-05-06T21:04:46.284+0000] {processor.py:799} INFO - Processing file /home/airflow/.local/lib/python3.7/site-packages/airflow/example_dags/tutorial_dag.py for tasks to queue
[2023-05-06T21:04:46.285+0000] {logging_mixin.py:149} INFO - [2023-05-06T21:04:46.285+0000] {dagbag.py:541} INFO - Filling up the DagBag from /home/airflow/.local/lib/python3.7/site-packages/airflow/example_dags/tutorial_dag.py
[2023-05-06T21:04:46.291+0000] {processor.py:809} INFO - DAG(s) dict_keys(['tutorial_dag']) retrieved from /home/airflow/.local/lib/python3.7/site-packages/airflow/example_dags/tutorial_dag.py
[2023-05-06T21:04:46.324+0000] {logging_mixin.py:149} INFO - [2023-05-06T21:04:46.323+0000] {dag.py:2726} INFO - Sync 1 DAGs
[2023-05-06T21:04:46.360+0000] {logging_mixin.py:149} INFO - [2023-05-06T21:04:46.360+0000] {dag.py:3490} INFO - Setting next_dagrun for tutorial_dag to None, run_after=None
[2023-05-06T21:04:46.386+0000] {processor.py:178} INFO - Processing /home/airflow/.local/lib/python3.7/site-packages/airflow/example_dags/tutorial_dag.py took 0.108 seconds
[2023-05-06T21:05:16.678+0000] {processor.py:156} INFO - Started process (PID=4827) to work on /home/airflow/.local/lib/python3.7/site-packages/airflow/example_dags/tutorial_dag.py
[2023-05-06T21:05:16.679+0000] {processor.py:799} INFO - Processing file /home/airflow/.local/lib/python3.7/site-packages/airflow/example_dags/tutorial_dag.py for tasks to queue
[2023-05-06T21:05:16.681+0000] {logging_mixin.py:149} INFO - [2023-05-06T21:05:16.680+0000] {dagbag.py:541} INFO - Filling up the DagBag from /home/airflow/.local/lib/python3.7/site-packages/airflow/example_dags/tutorial_dag.py
[2023-05-06T21:05:16.687+0000] {processor.py:809} INFO - DAG(s) dict_keys(['tutorial_dag']) retrieved from /home/airflow/.local/lib/python3.7/site-packages/airflow/example_dags/tutorial_dag.py
[2023-05-06T21:05:16.717+0000] {logging_mixin.py:149} INFO - [2023-05-06T21:05:16.717+0000] {dag.py:2726} INFO - Sync 1 DAGs
[2023-05-06T21:05:16.750+0000] {logging_mixin.py:149} INFO - [2023-05-06T21:05:16.750+0000] {dag.py:3490} INFO - Setting next_dagrun for tutorial_dag to None, run_after=None
[2023-05-06T21:05:16.777+0000] {processor.py:178} INFO - Processing /home/airflow/.local/lib/python3.7/site-packages/airflow/example_dags/tutorial_dag.py took 0.103 seconds
[2023-05-06T21:05:47.333+0000] {processor.py:156} INFO - Started process (PID=5065) to work on /home/airflow/.local/lib/python3.7/site-packages/airflow/example_dags/tutorial_dag.py
[2023-05-06T21:05:47.335+0000] {processor.py:799} INFO - Processing file /home/airflow/.local/lib/python3.7/site-packages/airflow/example_dags/tutorial_dag.py for tasks to queue
[2023-05-06T21:05:47.337+0000] {logging_mixin.py:149} INFO - [2023-05-06T21:05:47.337+0000] {dagbag.py:541} INFO - Filling up the DagBag from /home/airflow/.local/lib/python3.7/site-packages/airflow/example_dags/tutorial_dag.py
[2023-05-06T21:05:47.342+0000] {processor.py:809} INFO - DAG(s) dict_keys(['tutorial_dag']) retrieved from /home/airflow/.local/lib/python3.7/site-packages/airflow/example_dags/tutorial_dag.py
[2023-05-06T21:05:47.372+0000] {logging_mixin.py:149} INFO - [2023-05-06T21:05:47.372+0000] {dag.py:2726} INFO - Sync 1 DAGs
[2023-05-06T21:05:47.405+0000] {logging_mixin.py:149} INFO - [2023-05-06T21:05:47.405+0000] {dag.py:3490} INFO - Setting next_dagrun for tutorial_dag to None, run_after=None
[2023-05-06T21:05:47.468+0000] {processor.py:178} INFO - Processing /home/airflow/.local/lib/python3.7/site-packages/airflow/example_dags/tutorial_dag.py took 0.139 seconds
[2023-05-06T21:06:17.857+0000] {processor.py:156} INFO - Started process (PID=5303) to work on /home/airflow/.local/lib/python3.7/site-packages/airflow/example_dags/tutorial_dag.py
[2023-05-06T21:06:17.859+0000] {processor.py:799} INFO - Processing file /home/airflow/.local/lib/python3.7/site-packages/airflow/example_dags/tutorial_dag.py for tasks to queue
[2023-05-06T21:06:17.861+0000] {logging_mixin.py:149} INFO - [2023-05-06T21:06:17.861+0000] {dagbag.py:541} INFO - Filling up the DagBag from /home/airflow/.local/lib/python3.7/site-packages/airflow/example_dags/tutorial_dag.py
[2023-05-06T21:06:17.869+0000] {processor.py:809} INFO - DAG(s) dict_keys(['tutorial_dag']) retrieved from /home/airflow/.local/lib/python3.7/site-packages/airflow/example_dags/tutorial_dag.py
[2023-05-06T21:06:17.891+0000] {logging_mixin.py:149} INFO - [2023-05-06T21:06:17.891+0000] {dag.py:2726} INFO - Sync 1 DAGs
[2023-05-06T21:06:17.936+0000] {logging_mixin.py:149} INFO - [2023-05-06T21:06:17.936+0000] {dag.py:3490} INFO - Setting next_dagrun for tutorial_dag to None, run_after=None
[2023-05-06T21:06:17.994+0000] {processor.py:178} INFO - Processing /home/airflow/.local/lib/python3.7/site-packages/airflow/example_dags/tutorial_dag.py took 0.142 seconds
[2023-05-06T21:06:48.499+0000] {processor.py:156} INFO - Started process (PID=5542) to work on /home/airflow/.local/lib/python3.7/site-packages/airflow/example_dags/tutorial_dag.py
[2023-05-06T21:06:48.500+0000] {processor.py:799} INFO - Processing file /home/airflow/.local/lib/python3.7/site-packages/airflow/example_dags/tutorial_dag.py for tasks to queue
[2023-05-06T21:06:48.502+0000] {logging_mixin.py:149} INFO - [2023-05-06T21:06:48.502+0000] {dagbag.py:541} INFO - Filling up the DagBag from /home/airflow/.local/lib/python3.7/site-packages/airflow/example_dags/tutorial_dag.py
[2023-05-06T21:06:48.511+0000] {processor.py:809} INFO - DAG(s) dict_keys(['tutorial_dag']) retrieved from /home/airflow/.local/lib/python3.7/site-packages/airflow/example_dags/tutorial_dag.py
[2023-05-06T21:06:48.564+0000] {logging_mixin.py:149} INFO - [2023-05-06T21:06:48.563+0000] {dag.py:2726} INFO - Sync 1 DAGs
[2023-05-06T21:06:48.607+0000] {logging_mixin.py:149} INFO - [2023-05-06T21:06:48.607+0000] {dag.py:3490} INFO - Setting next_dagrun for tutorial_dag to None, run_after=None
[2023-05-06T21:06:48.647+0000] {processor.py:178} INFO - Processing /home/airflow/.local/lib/python3.7/site-packages/airflow/example_dags/tutorial_dag.py took 0.152 seconds
[2023-05-06T21:07:18.921+0000] {processor.py:156} INFO - Started process (PID=5780) to work on /home/airflow/.local/lib/python3.7/site-packages/airflow/example_dags/tutorial_dag.py
[2023-05-06T21:07:18.922+0000] {processor.py:799} INFO - Processing file /home/airflow/.local/lib/python3.7/site-packages/airflow/example_dags/tutorial_dag.py for tasks to queue
[2023-05-06T21:07:18.924+0000] {logging_mixin.py:149} INFO - [2023-05-06T21:07:18.924+0000] {dagbag.py:541} INFO - Filling up the DagBag from /home/airflow/.local/lib/python3.7/site-packages/airflow/example_dags/tutorial_dag.py
[2023-05-06T21:07:18.931+0000] {processor.py:809} INFO - DAG(s) dict_keys(['tutorial_dag']) retrieved from /home/airflow/.local/lib/python3.7/site-packages/airflow/example_dags/tutorial_dag.py
[2023-05-06T21:07:18.962+0000] {logging_mixin.py:149} INFO - [2023-05-06T21:07:18.962+0000] {dag.py:2726} INFO - Sync 1 DAGs
[2023-05-06T21:07:18.997+0000] {logging_mixin.py:149} INFO - [2023-05-06T21:07:18.997+0000] {dag.py:3490} INFO - Setting next_dagrun for tutorial_dag to None, run_after=None
[2023-05-06T21:07:19.025+0000] {processor.py:178} INFO - Processing /home/airflow/.local/lib/python3.7/site-packages/airflow/example_dags/tutorial_dag.py took 0.108 seconds
